CRITICAL - 2023-07-23 19:04:11 --> Invalid file: "_admin/error/404.php"
in SYSTEMPATH\Exceptions\FrameworkException.php on line 33.
 1 SYSTEMPATH\View\View.php(201): CodeIgniter\Exceptions\FrameworkException::forInvalidFile('_admin/error/404.php')
 2 SYSTEMPATH\Common.php(1184): CodeIgniter\View\View->render('_admin/error/404', [], true)
 3 APPPATH\Controllers\ControllerPreProcessor.php(142): view('_admin/error/404', [...])
 4 APPPATH\Controllers\Admin\AdminController.php(95): App\Controllers\ControllerPreProcessor->view('error/404')
 5 SYSTEMPATH\CodeIgniter.php(934): App\Controllers\Admin\AdminController->error404()
 6 SYSTEMPATH\CodeIgniter.php(499): CodeIgniter\CodeIgniter->runController(Object(App\Controllers\Admin\AdminController))
 7 SYSTEMPATH\CodeIgniter.php(368): CodeIgniter\CodeIgniter->handleRequest(null, Object(Config\Cache), false)
 8 FCPATH\index.php(70): CodeIgniter\CodeIgniter->run()
 9 SYSTEMPATH\Commands\Server\rewrite.php(47): require_once('D:\\Projects\\KPS\\PHP\\MyUMKM\\Sub\\DapurFirdaus\\public\\index.php')
CRITICAL - 2023-07-23 19:05:22 --> Invalid file: "_admincomponents/footer.php"
in SYSTEMPATH\Exceptions\FrameworkException.php on line 33.
 1 SYSTEMPATH\View\View.php(201): CodeIgniter\Exceptions\FrameworkException::forInvalidFile('_admincomponents/footer.php')
 2 SYSTEMPATH\View\View.php(431): CodeIgniter\View\View->render('_admincomponents/footer.php', null, true)
 3 APPPATH\Views\_admin\error\404.php(32): CodeIgniter\View\View->include('_admincomponents/footer.php')
 4 SYSTEMPATH\View\View.php(213): include('D:\\Projects\\KPS\\PHP\\MyUMKM\\Sub\\DapurFirdaus\\app\\Views\\_admin\\error\\404.php')
 5 SYSTEMPATH\View\View.php(216): CodeIgniter\View\View->CodeIgniter\View\{closure}()
 6 SYSTEMPATH\Common.php(1184): CodeIgniter\View\View->render('_admin/error/404', [], true)
 7 APPPATH\Controllers\ControllerPreProcessor.php(142): view('_admin/error/404', [...])
 8 APPPATH\Controllers\Admin\AdminController.php(95): App\Controllers\ControllerPreProcessor->view('error/404')
 9 SYSTEMPATH\CodeIgniter.php(934): App\Controllers\Admin\AdminController->error404()
10 SYSTEMPATH\CodeIgniter.php(499): CodeIgniter\CodeIgniter->runController(Object(App\Controllers\Admin\AdminController))
11 SYSTEMPATH\CodeIgniter.php(368): CodeIgniter\CodeIgniter->handleRequest(null, Object(Config\Cache), false)
12 FCPATH\index.php(70): CodeIgniter\CodeIgniter->run()
13 SYSTEMPATH\Commands\Server\rewrite.php(47): require_once('D:\\Projects\\KPS\\PHP\\MyUMKM\\Sub\\DapurFirdaus\\public\\index.php')
CRITICAL - 2023-07-23 19:05:53 --> Undefined array key "username"
in APPPATH\Controllers\Admin\Control\Dashboard.php on line 49.
 1 APPPATH\Controllers\Admin\Control\Dashboard.php(49): CodeIgniter\Debug\Exceptions->errorHandler(2, 'Undefined array key "username"', 'D:\\Projects\\KPS\\PHP\\MyUMKM\\Sub\\DapurFirdaus\\app\\Controllers\\Admin\\Control\\Dashboard.php', 49)
 2 SYSTEMPATH\CodeIgniter.php(934): App\Controllers\Admin\Control\Dashboard->index()
 3 SYSTEMPATH\CodeIgniter.php(499): CodeIgniter\CodeIgniter->runController(Object(App\Controllers\Admin\Control\Dashboard))
 4 SYSTEMPATH\CodeIgniter.php(368): CodeIgniter\CodeIgniter->handleRequest(null, Object(Config\Cache), false)
 5 FCPATH\index.php(70): CodeIgniter\CodeIgniter->run()
 6 SYSTEMPATH\Commands\Server\rewrite.php(47): require_once('D:\\Projects\\KPS\\PHP\\MyUMKM\\Sub\\DapurFirdaus\\public\\index.php')
