CRITICAL - 2023-05-17 19:50:57 --> file_get_contents(D:\Projects\KPS\PHP\MyUMKM\Sub\DapurFirdaus\writable\uploads/image): failed to open stream: Permission denied
in APPPATH\Controllers\CDN\Files.php on line 50.
 1 [internal function]: CodeIgniter\Debug\Exceptions->errorHandler(2, 'file_get_contents(D:\\Projects\\KPS\\PHP\\MyUMKM\\Sub\\DapurFirdaus\\writable\\uploads/image): failed to open stream: Permission denied', 'APPPATH\\Controllers\\CDN\\Files.php', 50, [...])
 2 APPPATH\Controllers\CDN\Files.php(50): file_get_contents('ROOTPATH\\writable\\uploads\\image')
 3 SYSTEMPATH\CodeIgniter.php(934): App\Controllers\CDN\Files->index('image')
 4 SYSTEMPATH\CodeIgniter.php(499): CodeIgniter\CodeIgniter->runController(Object(App\Controllers\CDN\Files))
 5 SYSTEMPATH\CodeIgniter.php(368): CodeIgniter\CodeIgniter->handleRequest(null, Object(Config\Cache), false)
 6 FCPATH\index.php(67): CodeIgniter\CodeIgniter->run()
 7 SYSTEMPATH\Commands\Server\rewrite.php(47): require_once('FCPATH\\index.php')
CRITICAL - 2023-05-17 19:52:08 --> file_get_contents(D:\Projects\KPS\PHP\MyUMKM\Sub\DapurFirdaus\writable\uploads/image): failed to open stream: Permission denied
in APPPATH\Controllers\CDN\Files.php on line 50.
 1 [internal function]: CodeIgniter\Debug\Exceptions->errorHandler(2, 'file_get_contents(D:\\Projects\\KPS\\PHP\\MyUMKM\\Sub\\DapurFirdaus\\writable\\uploads/image): failed to open stream: Permission denied', 'APPPATH\\Controllers\\CDN\\Files.php', 50, [...])
 2 APPPATH\Controllers\CDN\Files.php(50): file_get_contents('ROOTPATH\\writable\\uploads\\image')
 3 SYSTEMPATH\CodeIgniter.php(934): App\Controllers\CDN\Files->index('image')
 4 SYSTEMPATH\CodeIgniter.php(499): CodeIgniter\CodeIgniter->runController(Object(App\Controllers\CDN\Files))
 5 SYSTEMPATH\CodeIgniter.php(368): CodeIgniter\CodeIgniter->handleRequest(null, Object(Config\Cache), false)
 6 FCPATH\index.php(67): CodeIgniter\CodeIgniter->run()
 7 SYSTEMPATH\Commands\Server\rewrite.php(47): require_once('FCPATH\\index.php')
CRITICAL - 2023-05-17 19:52:25 --> file_get_contents(D:\Projects\KPS\PHP\MyUMKM\Sub\DapurFirdaus\writable\uploads/image): failed to open stream: Permission denied
in APPPATH\Controllers\CDN\Files.php on line 50.
 1 [internal function]: CodeIgniter\Debug\Exceptions->errorHandler(2, 'file_get_contents(D:\\Projects\\KPS\\PHP\\MyUMKM\\Sub\\DapurFirdaus\\writable\\uploads/image): failed to open stream: Permission denied', 'APPPATH\\Controllers\\CDN\\Files.php', 50, [...])
 2 APPPATH\Controllers\CDN\Files.php(50): file_get_contents('ROOTPATH\\writable\\uploads\\image')
 3 SYSTEMPATH\CodeIgniter.php(934): App\Controllers\CDN\Files->index('image')
 4 SYSTEMPATH\CodeIgniter.php(499): CodeIgniter\CodeIgniter->runController(Object(App\Controllers\CDN\Files))
 5 SYSTEMPATH\CodeIgniter.php(368): CodeIgniter\CodeIgniter->handleRequest(null, Object(Config\Cache), false)
 6 FCPATH\index.php(67): CodeIgniter\CodeIgniter->run()
 7 SYSTEMPATH\Commands\Server\rewrite.php(47): require_once('FCPATH\\index.php')
CRITICAL - 2023-05-17 19:52:47 --> file_get_contents(D:\Projects\KPS\PHP\MyUMKM\Sub\DapurFirdaus\writable\uploads/image): failed to open stream: Permission denied
in APPPATH\Controllers\CDN\Files.php on line 50.
 1 [internal function]: CodeIgniter\Debug\Exceptions->errorHandler(2, 'file_get_contents(D:\\Projects\\KPS\\PHP\\MyUMKM\\Sub\\DapurFirdaus\\writable\\uploads/image): failed to open stream: Permission denied', 'APPPATH\\Controllers\\CDN\\Files.php', 50, [...])
 2 APPPATH\Controllers\CDN\Files.php(50): file_get_contents('ROOTPATH\\writable\\uploads\\image')
 3 SYSTEMPATH\CodeIgniter.php(934): App\Controllers\CDN\Files->index('image')
 4 SYSTEMPATH\CodeIgniter.php(499): CodeIgniter\CodeIgniter->runController(Object(App\Controllers\CDN\Files))
 5 SYSTEMPATH\CodeIgniter.php(368): CodeIgniter\CodeIgniter->handleRequest(null, Object(Config\Cache), false)
 6 FCPATH\index.php(67): CodeIgniter\CodeIgniter->run()
 7 SYSTEMPATH\Commands\Server\rewrite.php(47): require_once('FCPATH\\index.php')
CRITICAL - 2023-05-17 19:53:03 --> file_get_contents(D:\Projects\KPS\PHP\MyUMKM\Sub\DapurFirdaus\writable\uploads/image): failed to open stream: Permission denied
in APPPATH\Controllers\CDN\Files.php on line 50.
 1 [internal function]: CodeIgniter\Debug\Exceptions->errorHandler(2, 'file_get_contents(D:\\Projects\\KPS\\PHP\\MyUMKM\\Sub\\DapurFirdaus\\writable\\uploads/image): failed to open stream: Permission denied', 'APPPATH\\Controllers\\CDN\\Files.php', 50, [...])
 2 APPPATH\Controllers\CDN\Files.php(50): file_get_contents('ROOTPATH\\writable\\uploads\\image')
 3 SYSTEMPATH\CodeIgniter.php(934): App\Controllers\CDN\Files->index('image')
 4 SYSTEMPATH\CodeIgniter.php(499): CodeIgniter\CodeIgniter->runController(Object(App\Controllers\CDN\Files))
 5 SYSTEMPATH\CodeIgniter.php(368): CodeIgniter\CodeIgniter->handleRequest(null, Object(Config\Cache), false)
 6 FCPATH\index.php(67): CodeIgniter\CodeIgniter->run()
 7 SYSTEMPATH\Commands\Server\rewrite.php(47): require_once('FCPATH\\index.php')
CRITICAL - 2023-05-17 19:53:13 --> file_get_contents(D:\Projects\KPS\PHP\MyUMKM\Sub\DapurFirdaus\writable\uploads/image): failed to open stream: Permission denied
in APPPATH\Controllers\CDN\Files.php on line 50.
 1 [internal function]: CodeIgniter\Debug\Exceptions->errorHandler(2, 'file_get_contents(D:\\Projects\\KPS\\PHP\\MyUMKM\\Sub\\DapurFirdaus\\writable\\uploads/image): failed to open stream: Permission denied', 'APPPATH\\Controllers\\CDN\\Files.php', 50, [...])
 2 APPPATH\Controllers\CDN\Files.php(50): file_get_contents('ROOTPATH\\writable\\uploads\\image')
 3 SYSTEMPATH\CodeIgniter.php(934): App\Controllers\CDN\Files->index('image')
 4 SYSTEMPATH\CodeIgniter.php(499): CodeIgniter\CodeIgniter->runController(Object(App\Controllers\CDN\Files))
 5 SYSTEMPATH\CodeIgniter.php(368): CodeIgniter\CodeIgniter->handleRequest(null, Object(Config\Cache), false)
 6 FCPATH\index.php(67): CodeIgniter\CodeIgniter->run()
 7 SYSTEMPATH\Commands\Server\rewrite.php(47): require_once('FCPATH\\index.php')
CRITICAL - 2023-05-17 19:53:56 --> file_get_contents(D:\Projects\KPS\PHP\MyUMKM\Sub\DapurFirdaus\writable\uploads/image): failed to open stream: Permission denied
in APPPATH\Controllers\CDN\Files.php on line 50.
 1 [internal function]: CodeIgniter\Debug\Exceptions->errorHandler(2, 'file_get_contents(D:\\Projects\\KPS\\PHP\\MyUMKM\\Sub\\DapurFirdaus\\writable\\uploads/image): failed to open stream: Permission denied', 'APPPATH\\Controllers\\CDN\\Files.php', 50, [...])
 2 APPPATH\Controllers\CDN\Files.php(50): file_get_contents('ROOTPATH\\writable\\uploads\\image')
 3 SYSTEMPATH\CodeIgniter.php(934): App\Controllers\CDN\Files->index('image')
 4 SYSTEMPATH\CodeIgniter.php(499): CodeIgniter\CodeIgniter->runController(Object(App\Controllers\CDN\Files))
 5 SYSTEMPATH\CodeIgniter.php(368): CodeIgniter\CodeIgniter->handleRequest(null, Object(Config\Cache), false)
 6 FCPATH\index.php(67): CodeIgniter\CodeIgniter->run()
 7 SYSTEMPATH\Commands\Server\rewrite.php(47): require_once('FCPATH\\index.php')
CRITICAL - 2023-05-17 19:54:26 --> file_get_contents(D:\Projects\KPS\PHP\MyUMKM\Sub\DapurFirdaus\writable\uploads/image): failed to open stream: Permission denied
in APPPATH\Controllers\CDN\Files.php on line 50.
 1 [internal function]: CodeIgniter\Debug\Exceptions->errorHandler(2, 'file_get_contents(D:\\Projects\\KPS\\PHP\\MyUMKM\\Sub\\DapurFirdaus\\writable\\uploads/image): failed to open stream: Permission denied', 'APPPATH\\Controllers\\CDN\\Files.php', 50, [...])
 2 APPPATH\Controllers\CDN\Files.php(50): file_get_contents('ROOTPATH\\writable\\uploads\\image')
 3 SYSTEMPATH\CodeIgniter.php(934): App\Controllers\CDN\Files->index('image')
 4 SYSTEMPATH\CodeIgniter.php(499): CodeIgniter\CodeIgniter->runController(Object(App\Controllers\CDN\Files))
 5 SYSTEMPATH\CodeIgniter.php(368): CodeIgniter\CodeIgniter->handleRequest(null, Object(Config\Cache), false)
 6 FCPATH\index.php(67): CodeIgniter\CodeIgniter->run()
 7 SYSTEMPATH\Commands\Server\rewrite.php(47): require_once('FCPATH\\index.php')
CRITICAL - 2023-05-17 19:54:40 --> file_get_contents(D:\Projects\KPS\PHP\MyUMKM\Sub\DapurFirdaus\writable\uploads/image): failed to open stream: Permission denied
in APPPATH\Controllers\CDN\Files.php on line 50.
 1 [internal function]: CodeIgniter\Debug\Exceptions->errorHandler(2, 'file_get_contents(D:\\Projects\\KPS\\PHP\\MyUMKM\\Sub\\DapurFirdaus\\writable\\uploads/image): failed to open stream: Permission denied', 'APPPATH\\Controllers\\CDN\\Files.php', 50, [...])
 2 APPPATH\Controllers\CDN\Files.php(50): file_get_contents('ROOTPATH\\writable\\uploads\\image')
 3 SYSTEMPATH\CodeIgniter.php(934): App\Controllers\CDN\Files->index('image')
 4 SYSTEMPATH\CodeIgniter.php(499): CodeIgniter\CodeIgniter->runController(Object(App\Controllers\CDN\Files))
 5 SYSTEMPATH\CodeIgniter.php(368): CodeIgniter\CodeIgniter->handleRequest(null, Object(Config\Cache), false)
 6 FCPATH\index.php(67): CodeIgniter\CodeIgniter->run()
 7 SYSTEMPATH\Commands\Server\rewrite.php(47): require_once('FCPATH\\index.php')
CRITICAL - 2023-05-17 19:54:47 --> file_get_contents(D:\Projects\KPS\PHP\MyUMKM\Sub\DapurFirdaus\writable\uploads/image): failed to open stream: Permission denied
in APPPATH\Controllers\CDN\Files.php on line 50.
 1 [internal function]: CodeIgniter\Debug\Exceptions->errorHandler(2, 'file_get_contents(D:\\Projects\\KPS\\PHP\\MyUMKM\\Sub\\DapurFirdaus\\writable\\uploads/image): failed to open stream: Permission denied', 'APPPATH\\Controllers\\CDN\\Files.php', 50, [...])
 2 APPPATH\Controllers\CDN\Files.php(50): file_get_contents('ROOTPATH\\writable\\uploads\\image')
 3 SYSTEMPATH\CodeIgniter.php(934): App\Controllers\CDN\Files->index('image')
 4 SYSTEMPATH\CodeIgniter.php(499): CodeIgniter\CodeIgniter->runController(Object(App\Controllers\CDN\Files))
 5 SYSTEMPATH\CodeIgniter.php(368): CodeIgniter\CodeIgniter->handleRequest(null, Object(Config\Cache), false)
 6 FCPATH\index.php(67): CodeIgniter\CodeIgniter->run()
 7 SYSTEMPATH\Commands\Server\rewrite.php(47): require_once('FCPATH\\index.php')
CRITICAL - 2023-05-17 19:55:05 --> file_get_contents(D:\Projects\KPS\PHP\MyUMKM\Sub\DapurFirdaus\writable\uploads/image): failed to open stream: Permission denied
in APPPATH\Controllers\CDN\Files.php on line 50.
 1 [internal function]: CodeIgniter\Debug\Exceptions->errorHandler(2, 'file_get_contents(D:\\Projects\\KPS\\PHP\\MyUMKM\\Sub\\DapurFirdaus\\writable\\uploads/image): failed to open stream: Permission denied', 'APPPATH\\Controllers\\CDN\\Files.php', 50, [...])
 2 APPPATH\Controllers\CDN\Files.php(50): file_get_contents('ROOTPATH\\writable\\uploads\\image')
 3 SYSTEMPATH\CodeIgniter.php(934): App\Controllers\CDN\Files->index('image')
 4 SYSTEMPATH\CodeIgniter.php(499): CodeIgniter\CodeIgniter->runController(Object(App\Controllers\CDN\Files))
 5 SYSTEMPATH\CodeIgniter.php(368): CodeIgniter\CodeIgniter->handleRequest(null, Object(Config\Cache), false)
 6 FCPATH\index.php(67): CodeIgniter\CodeIgniter->run()
 7 SYSTEMPATH\Commands\Server\rewrite.php(47): require_once('FCPATH\\index.php')
CRITICAL - 2023-05-17 19:55:14 --> file_get_contents(D:\Projects\KPS\PHP\MyUMKM\Sub\DapurFirdaus\writable\uploads/image): failed to open stream: Permission denied
in APPPATH\Controllers\CDN\Files.php on line 50.
 1 [internal function]: CodeIgniter\Debug\Exceptions->errorHandler(2, 'file_get_contents(D:\\Projects\\KPS\\PHP\\MyUMKM\\Sub\\DapurFirdaus\\writable\\uploads/image): failed to open stream: Permission denied', 'APPPATH\\Controllers\\CDN\\Files.php', 50, [...])
 2 APPPATH\Controllers\CDN\Files.php(50): file_get_contents('ROOTPATH\\writable\\uploads\\image')
 3 SYSTEMPATH\CodeIgniter.php(934): App\Controllers\CDN\Files->index('image')
 4 SYSTEMPATH\CodeIgniter.php(499): CodeIgniter\CodeIgniter->runController(Object(App\Controllers\CDN\Files))
 5 SYSTEMPATH\CodeIgniter.php(368): CodeIgniter\CodeIgniter->handleRequest(null, Object(Config\Cache), false)
 6 FCPATH\index.php(67): CodeIgniter\CodeIgniter->run()
 7 SYSTEMPATH\Commands\Server\rewrite.php(47): require_once('FCPATH\\index.php')
CRITICAL - 2023-05-17 19:55:22 --> file_get_contents(D:\Projects\KPS\PHP\MyUMKM\Sub\DapurFirdaus\writable\uploads/image): failed to open stream: Permission denied
in APPPATH\Controllers\CDN\Files.php on line 50.
 1 [internal function]: CodeIgniter\Debug\Exceptions->errorHandler(2, 'file_get_contents(D:\\Projects\\KPS\\PHP\\MyUMKM\\Sub\\DapurFirdaus\\writable\\uploads/image): failed to open stream: Permission denied', 'APPPATH\\Controllers\\CDN\\Files.php', 50, [...])
 2 APPPATH\Controllers\CDN\Files.php(50): file_get_contents('ROOTPATH\\writable\\uploads\\image')
 3 SYSTEMPATH\CodeIgniter.php(934): App\Controllers\CDN\Files->index('image')
 4 SYSTEMPATH\CodeIgniter.php(499): CodeIgniter\CodeIgniter->runController(Object(App\Controllers\CDN\Files))
 5 SYSTEMPATH\CodeIgniter.php(368): CodeIgniter\CodeIgniter->handleRequest(null, Object(Config\Cache), false)
 6 FCPATH\index.php(67): CodeIgniter\CodeIgniter->run()
 7 SYSTEMPATH\Commands\Server\rewrite.php(47): require_once('FCPATH\\index.php')
CRITICAL - 2023-05-17 19:57:51 --> file_get_contents(D:\Projects\KPS\PHP\MyUMKM\Sub\DapurFirdaus\writable\uploads/image): failed to open stream: Permission denied
in APPPATH\Controllers\CDN\Files.php on line 50.
 1 [internal function]: CodeIgniter\Debug\Exceptions->errorHandler(2, 'file_get_contents(D:\\Projects\\KPS\\PHP\\MyUMKM\\Sub\\DapurFirdaus\\writable\\uploads/image): failed to open stream: Permission denied', 'APPPATH\\Controllers\\CDN\\Files.php', 50, [...])
 2 APPPATH\Controllers\CDN\Files.php(50): file_get_contents('ROOTPATH\\writable\\uploads\\image')
 3 SYSTEMPATH\CodeIgniter.php(934): App\Controllers\CDN\Files->index('image')
 4 SYSTEMPATH\CodeIgniter.php(499): CodeIgniter\CodeIgniter->runController(Object(App\Controllers\CDN\Files))
 5 SYSTEMPATH\CodeIgniter.php(368): CodeIgniter\CodeIgniter->handleRequest(null, Object(Config\Cache), false)
 6 FCPATH\index.php(67): CodeIgniter\CodeIgniter->run()
 7 SYSTEMPATH\Commands\Server\rewrite.php(47): require_once('FCPATH\\index.php')
CRITICAL - 2023-05-17 19:58:38 --> file_get_contents(D:\Projects\KPS\PHP\MyUMKM\Sub\DapurFirdaus\writable\uploads/image): failed to open stream: Permission denied
in APPPATH\Controllers\CDN\Files.php on line 50.
 1 [internal function]: CodeIgniter\Debug\Exceptions->errorHandler(2, 'file_get_contents(D:\\Projects\\KPS\\PHP\\MyUMKM\\Sub\\DapurFirdaus\\writable\\uploads/image): failed to open stream: Permission denied', 'APPPATH\\Controllers\\CDN\\Files.php', 50, [...])
 2 APPPATH\Controllers\CDN\Files.php(50): file_get_contents('ROOTPATH\\writable\\uploads\\image')
 3 SYSTEMPATH\CodeIgniter.php(934): App\Controllers\CDN\Files->index('image')
 4 SYSTEMPATH\CodeIgniter.php(499): CodeIgniter\CodeIgniter->runController(Object(App\Controllers\CDN\Files))
 5 SYSTEMPATH\CodeIgniter.php(368): CodeIgniter\CodeIgniter->handleRequest(null, Object(Config\Cache), false)
 6 FCPATH\index.php(67): CodeIgniter\CodeIgniter->run()
 7 SYSTEMPATH\Commands\Server\rewrite.php(47): require_once('FCPATH\\index.php')
