WARNING - 2023-08-10 11:37:38 --> [DEPRECATED] Optional parameter $payload declared before required parameter $return is implicitly treated as a required parameter in APPPATH\API\V1\APIV1Controller.php on line 76.
 1 SYSTEMPATH\Autoloader\Autoloader.php(312): include_once('D:\\Projects\\KPS\\PHP\\MyUMKM\\Sub\\Regular\\CI4_Cores\\vendor\\codeigniter4\\framework\\system\\Debug\\Exceptions.php')
 2 SYSTEMPATH\Autoloader\Autoloader.php(289): CodeIgniter\Autoloader\Autoloader->includeFile('D:\\Projects\\KPS\\PHP\\MyUMKM\\Sub\\Regular\\DapurFirdaus\\app\\API\\V1\\APIV1Controller.php')
 3 SYSTEMPATH\Autoloader\Autoloader.php(267): CodeIgniter\Autoloader\Autoloader->loadInNamespace('App\\API\\V1\\APIV1Controller')
 4 APPPATH\API\V1\Catalog\Product\Category\Update.php(12): CodeIgniter\Autoloader\Autoloader->loadClass('App\\API\\V1\\APIV1Controller')
 5 SYSTEMPATH\Autoloader\Autoloader.php(312): include_once('D:\\Projects\\KPS\\PHP\\MyUMKM\\Sub\\Regular\\DapurFirdaus\\app\\API\\V1\\Catalog\\Product\\Category\\Update.php')
 6 SYSTEMPATH\Autoloader\Autoloader.php(289): CodeIgniter\Autoloader\Autoloader->includeFile('D:\\Projects\\KPS\\PHP\\MyUMKM\\Sub\\Regular\\DapurFirdaus\\app\\API\\V1\\Catalog\\Product\\Category\\Update.php')
 7 SYSTEMPATH\Autoloader\Autoloader.php(267): CodeIgniter\Autoloader\Autoloader->loadInNamespace('App\\API\\V1\\Catalog\\Product\\Category\\Update')
 8 [internal function]: CodeIgniter\Autoloader\Autoloader->loadClass('App\\API\\V1\\Catalog\\Product\\Category\\Update')
 9 SYSTEMPATH\CodeIgniter.php(892): class_exists('\\App\\API\\V1\\Catalog\\Product\\Category\\Update', true)
10 SYSTEMPATH\CodeIgniter.php(486): CodeIgniter\CodeIgniter->startController()
11 SYSTEMPATH\CodeIgniter.php(368): CodeIgniter\CodeIgniter->handleRequest(null, Object(Config\Cache), false)
12 FCPATH\index.php(70): CodeIgniter\CodeIgniter->run()
13 SYSTEMPATH\Commands\Server\rewrite.php(47): require_once('D:\\Projects\\KPS\\PHP\\MyUMKM\\Sub\\Regular\\DapurFirdaus\\public\\index.php')
WARNING - 2023-08-10 11:37:38 --> [DEPRECATED] Optional parameter $addon declared before required parameter $return is implicitly treated as a required parameter in APPPATH\API\V1\APIV1Controller.php on line 0.
 1 SYSTEMPATH\Autoloader\Autoloader.php(312): include_once('D:\\Projects\\KPS\\PHP\\MyUMKM\\Sub\\Regular\\CI4_Cores\\vendor\\codeigniter4\\framework\\system\\Debug\\Exceptions.php')
 2 SYSTEMPATH\Autoloader\Autoloader.php(289): CodeIgniter\Autoloader\Autoloader->includeFile('D:\\Projects\\KPS\\PHP\\MyUMKM\\Sub\\Regular\\DapurFirdaus\\app\\API\\V1\\APIV1Controller.php')
 3 SYSTEMPATH\Autoloader\Autoloader.php(267): CodeIgniter\Autoloader\Autoloader->loadInNamespace('App\\API\\V1\\APIV1Controller')
 4 APPPATH\API\V1\Catalog\Product\Category\Update.php(12): CodeIgniter\Autoloader\Autoloader->loadClass('App\\API\\V1\\APIV1Controller')
 5 SYSTEMPATH\Autoloader\Autoloader.php(312): include_once('D:\\Projects\\KPS\\PHP\\MyUMKM\\Sub\\Regular\\DapurFirdaus\\app\\API\\V1\\Catalog\\Product\\Category\\Update.php')
 6 SYSTEMPATH\Autoloader\Autoloader.php(289): CodeIgniter\Autoloader\Autoloader->includeFile('D:\\Projects\\KPS\\PHP\\MyUMKM\\Sub\\Regular\\DapurFirdaus\\app\\API\\V1\\Catalog\\Product\\Category\\Update.php')
 7 SYSTEMPATH\Autoloader\Autoloader.php(267): CodeIgniter\Autoloader\Autoloader->loadInNamespace('App\\API\\V1\\Catalog\\Product\\Category\\Update')
 8 [internal function]: CodeIgniter\Autoloader\Autoloader->loadClass('App\\API\\V1\\Catalog\\Product\\Category\\Update')
 9 SYSTEMPATH\CodeIgniter.php(892): class_exists('\\App\\API\\V1\\Catalog\\Product\\Category\\Update', true)
10 SYSTEMPATH\CodeIgniter.php(486): CodeIgniter\CodeIgniter->startController()
11 SYSTEMPATH\CodeIgniter.php(368): CodeIgniter\CodeIgniter->handleRequest(null, Object(Config\Cache), false)
12 FCPATH\index.php(70): CodeIgniter\CodeIgniter->run()
13 SYSTEMPATH\Commands\Server\rewrite.php(47): require_once('D:\\Projects\\KPS\\PHP\\MyUMKM\\Sub\\Regular\\DapurFirdaus\\public\\index.php')
WARNING - 2023-08-10 11:49:41 --> [DEPRECATED] Optional parameter $payload declared before required parameter $return is implicitly treated as a required parameter in APPPATH\API\V1\APIV1Controller.php on line 76.
 1 SYSTEMPATH\Autoloader\Autoloader.php(312): include_once('D:\\Projects\\KPS\\PHP\\MyUMKM\\Sub\\Regular\\CI4_Cores\\vendor\\codeigniter4\\framework\\system\\Debug\\Exceptions.php')
 2 SYSTEMPATH\Autoloader\Autoloader.php(289): CodeIgniter\Autoloader\Autoloader->includeFile('D:\\Projects\\KPS\\PHP\\MyUMKM\\Sub\\Regular\\DapurFirdaus\\app\\API\\V1\\APIV1Controller.php')
 3 SYSTEMPATH\Autoloader\Autoloader.php(267): CodeIgniter\Autoloader\Autoloader->loadInNamespace('App\\API\\V1\\APIV1Controller')
 4 APPPATH\API\V1\Catalog\Product\Category\Update.php(12): CodeIgniter\Autoloader\Autoloader->loadClass('App\\API\\V1\\APIV1Controller')
 5 SYSTEMPATH\Autoloader\Autoloader.php(312): include_once('D:\\Projects\\KPS\\PHP\\MyUMKM\\Sub\\Regular\\DapurFirdaus\\app\\API\\V1\\Catalog\\Product\\Category\\Update.php')
 6 SYSTEMPATH\Autoloader\Autoloader.php(289): CodeIgniter\Autoloader\Autoloader->includeFile('D:\\Projects\\KPS\\PHP\\MyUMKM\\Sub\\Regular\\DapurFirdaus\\app\\API\\V1\\Catalog\\Product\\Category\\Update.php')
 7 SYSTEMPATH\Autoloader\Autoloader.php(267): CodeIgniter\Autoloader\Autoloader->loadInNamespace('App\\API\\V1\\Catalog\\Product\\Category\\Update')
 8 [internal function]: CodeIgniter\Autoloader\Autoloader->loadClass('App\\API\\V1\\Catalog\\Product\\Category\\Update')
 9 SYSTEMPATH\CodeIgniter.php(892): class_exists('\\App\\API\\V1\\Catalog\\Product\\Category\\Update', true)
10 SYSTEMPATH\CodeIgniter.php(486): CodeIgniter\CodeIgniter->startController()
11 SYSTEMPATH\CodeIgniter.php(368): CodeIgniter\CodeIgniter->handleRequest(null, Object(Config\Cache), false)
12 FCPATH\index.php(70): CodeIgniter\CodeIgniter->run()
13 SYSTEMPATH\Commands\Server\rewrite.php(47): require_once('D:\\Projects\\KPS\\PHP\\MyUMKM\\Sub\\Regular\\DapurFirdaus\\public\\index.php')
WARNING - 2023-08-10 11:49:41 --> [DEPRECATED] Optional parameter $addon declared before required parameter $return is implicitly treated as a required parameter in APPPATH\API\V1\APIV1Controller.php on line 0.
 1 SYSTEMPATH\Autoloader\Autoloader.php(312): include_once('D:\\Projects\\KPS\\PHP\\MyUMKM\\Sub\\Regular\\CI4_Cores\\vendor\\codeigniter4\\framework\\system\\Debug\\Exceptions.php')
 2 SYSTEMPATH\Autoloader\Autoloader.php(289): CodeIgniter\Autoloader\Autoloader->includeFile('D:\\Projects\\KPS\\PHP\\MyUMKM\\Sub\\Regular\\DapurFirdaus\\app\\API\\V1\\APIV1Controller.php')
 3 SYSTEMPATH\Autoloader\Autoloader.php(267): CodeIgniter\Autoloader\Autoloader->loadInNamespace('App\\API\\V1\\APIV1Controller')
 4 APPPATH\API\V1\Catalog\Product\Category\Update.php(12): CodeIgniter\Autoloader\Autoloader->loadClass('App\\API\\V1\\APIV1Controller')
 5 SYSTEMPATH\Autoloader\Autoloader.php(312): include_once('D:\\Projects\\KPS\\PHP\\MyUMKM\\Sub\\Regular\\DapurFirdaus\\app\\API\\V1\\Catalog\\Product\\Category\\Update.php')
 6 SYSTEMPATH\Autoloader\Autoloader.php(289): CodeIgniter\Autoloader\Autoloader->includeFile('D:\\Projects\\KPS\\PHP\\MyUMKM\\Sub\\Regular\\DapurFirdaus\\app\\API\\V1\\Catalog\\Product\\Category\\Update.php')
 7 SYSTEMPATH\Autoloader\Autoloader.php(267): CodeIgniter\Autoloader\Autoloader->loadInNamespace('App\\API\\V1\\Catalog\\Product\\Category\\Update')
 8 [internal function]: CodeIgniter\Autoloader\Autoloader->loadClass('App\\API\\V1\\Catalog\\Product\\Category\\Update')
 9 SYSTEMPATH\CodeIgniter.php(892): class_exists('\\App\\API\\V1\\Catalog\\Product\\Category\\Update', true)
10 SYSTEMPATH\CodeIgniter.php(486): CodeIgniter\CodeIgniter->startController()
11 SYSTEMPATH\CodeIgniter.php(368): CodeIgniter\CodeIgniter->handleRequest(null, Object(Config\Cache), false)
12 FCPATH\index.php(70): CodeIgniter\CodeIgniter->run()
13 SYSTEMPATH\Commands\Server\rewrite.php(47): require_once('D:\\Projects\\KPS\\PHP\\MyUMKM\\Sub\\Regular\\DapurFirdaus\\public\\index.php')
WARNING - 2023-08-10 11:51:23 --> [DEPRECATED] Optional parameter $payload declared before required parameter $return is implicitly treated as a required parameter in APPPATH\API\V1\APIV1Controller.php on line 76.
 1 SYSTEMPATH\Autoloader\Autoloader.php(312): include_once('D:\\Projects\\KPS\\PHP\\MyUMKM\\Sub\\Regular\\CI4_Cores\\vendor\\codeigniter4\\framework\\system\\Debug\\Exceptions.php')
 2 SYSTEMPATH\Autoloader\Autoloader.php(289): CodeIgniter\Autoloader\Autoloader->includeFile('D:\\Projects\\KPS\\PHP\\MyUMKM\\Sub\\Regular\\DapurFirdaus\\app\\API\\V1\\APIV1Controller.php')
 3 SYSTEMPATH\Autoloader\Autoloader.php(267): CodeIgniter\Autoloader\Autoloader->loadInNamespace('App\\API\\V1\\APIV1Controller')
 4 APPPATH\API\V1\Catalog\Product\Category\Update.php(12): CodeIgniter\Autoloader\Autoloader->loadClass('App\\API\\V1\\APIV1Controller')
 5 SYSTEMPATH\Autoloader\Autoloader.php(312): include_once('D:\\Projects\\KPS\\PHP\\MyUMKM\\Sub\\Regular\\DapurFirdaus\\app\\API\\V1\\Catalog\\Product\\Category\\Update.php')
 6 SYSTEMPATH\Autoloader\Autoloader.php(289): CodeIgniter\Autoloader\Autoloader->includeFile('D:\\Projects\\KPS\\PHP\\MyUMKM\\Sub\\Regular\\DapurFirdaus\\app\\API\\V1\\Catalog\\Product\\Category\\Update.php')
 7 SYSTEMPATH\Autoloader\Autoloader.php(267): CodeIgniter\Autoloader\Autoloader->loadInNamespace('App\\API\\V1\\Catalog\\Product\\Category\\Update')
 8 [internal function]: CodeIgniter\Autoloader\Autoloader->loadClass('App\\API\\V1\\Catalog\\Product\\Category\\Update')
 9 SYSTEMPATH\CodeIgniter.php(892): class_exists('\\App\\API\\V1\\Catalog\\Product\\Category\\Update', true)
10 SYSTEMPATH\CodeIgniter.php(486): CodeIgniter\CodeIgniter->startController()
11 SYSTEMPATH\CodeIgniter.php(368): CodeIgniter\CodeIgniter->handleRequest(null, Object(Config\Cache), false)
12 FCPATH\index.php(70): CodeIgniter\CodeIgniter->run()
13 SYSTEMPATH\Commands\Server\rewrite.php(47): require_once('D:\\Projects\\KPS\\PHP\\MyUMKM\\Sub\\Regular\\DapurFirdaus\\public\\index.php')
WARNING - 2023-08-10 11:51:23 --> [DEPRECATED] Optional parameter $addon declared before required parameter $return is implicitly treated as a required parameter in APPPATH\API\V1\APIV1Controller.php on line 0.
 1 SYSTEMPATH\Autoloader\Autoloader.php(312): include_once('D:\\Projects\\KPS\\PHP\\MyUMKM\\Sub\\Regular\\CI4_Cores\\vendor\\codeigniter4\\framework\\system\\Debug\\Exceptions.php')
 2 SYSTEMPATH\Autoloader\Autoloader.php(289): CodeIgniter\Autoloader\Autoloader->includeFile('D:\\Projects\\KPS\\PHP\\MyUMKM\\Sub\\Regular\\DapurFirdaus\\app\\API\\V1\\APIV1Controller.php')
 3 SYSTEMPATH\Autoloader\Autoloader.php(267): CodeIgniter\Autoloader\Autoloader->loadInNamespace('App\\API\\V1\\APIV1Controller')
 4 APPPATH\API\V1\Catalog\Product\Category\Update.php(12): CodeIgniter\Autoloader\Autoloader->loadClass('App\\API\\V1\\APIV1Controller')
 5 SYSTEMPATH\Autoloader\Autoloader.php(312): include_once('D:\\Projects\\KPS\\PHP\\MyUMKM\\Sub\\Regular\\DapurFirdaus\\app\\API\\V1\\Catalog\\Product\\Category\\Update.php')
 6 SYSTEMPATH\Autoloader\Autoloader.php(289): CodeIgniter\Autoloader\Autoloader->includeFile('D:\\Projects\\KPS\\PHP\\MyUMKM\\Sub\\Regular\\DapurFirdaus\\app\\API\\V1\\Catalog\\Product\\Category\\Update.php')
 7 SYSTEMPATH\Autoloader\Autoloader.php(267): CodeIgniter\Autoloader\Autoloader->loadInNamespace('App\\API\\V1\\Catalog\\Product\\Category\\Update')
 8 [internal function]: CodeIgniter\Autoloader\Autoloader->loadClass('App\\API\\V1\\Catalog\\Product\\Category\\Update')
 9 SYSTEMPATH\CodeIgniter.php(892): class_exists('\\App\\API\\V1\\Catalog\\Product\\Category\\Update', true)
10 SYSTEMPATH\CodeIgniter.php(486): CodeIgniter\CodeIgniter->startController()
11 SYSTEMPATH\CodeIgniter.php(368): CodeIgniter\CodeIgniter->handleRequest(null, Object(Config\Cache), false)
12 FCPATH\index.php(70): CodeIgniter\CodeIgniter->run()
13 SYSTEMPATH\Commands\Server\rewrite.php(47): require_once('D:\\Projects\\KPS\\PHP\\MyUMKM\\Sub\\Regular\\DapurFirdaus\\public\\index.php')
WARNING - 2023-08-10 12:04:55 --> [DEPRECATED] Optional parameter $payload declared before required parameter $return is implicitly treated as a required parameter in APPPATH\API\V1\APIV1Controller.php on line 76.
 1 SYSTEMPATH\Autoloader\Autoloader.php(312): include_once('D:\\Projects\\KPS\\PHP\\MyUMKM\\Sub\\Regular\\CI4_Cores\\vendor\\codeigniter4\\framework\\system\\Debug\\Exceptions.php')
 2 SYSTEMPATH\Autoloader\Autoloader.php(289): CodeIgniter\Autoloader\Autoloader->includeFile('D:\\Projects\\KPS\\PHP\\MyUMKM\\Sub\\Regular\\DapurFirdaus\\app\\API\\V1\\APIV1Controller.php')
 3 SYSTEMPATH\Autoloader\Autoloader.php(267): CodeIgniter\Autoloader\Autoloader->loadInNamespace('App\\API\\V1\\APIV1Controller')
 4 APPPATH\API\V1\Catalog\Product\Category\Update.php(12): CodeIgniter\Autoloader\Autoloader->loadClass('App\\API\\V1\\APIV1Controller')
 5 SYSTEMPATH\Autoloader\Autoloader.php(312): include_once('D:\\Projects\\KPS\\PHP\\MyUMKM\\Sub\\Regular\\DapurFirdaus\\app\\API\\V1\\Catalog\\Product\\Category\\Update.php')
 6 SYSTEMPATH\Autoloader\Autoloader.php(289): CodeIgniter\Autoloader\Autoloader->includeFile('D:\\Projects\\KPS\\PHP\\MyUMKM\\Sub\\Regular\\DapurFirdaus\\app\\API\\V1\\Catalog\\Product\\Category\\Update.php')
 7 SYSTEMPATH\Autoloader\Autoloader.php(267): CodeIgniter\Autoloader\Autoloader->loadInNamespace('App\\API\\V1\\Catalog\\Product\\Category\\Update')
 8 [internal function]: CodeIgniter\Autoloader\Autoloader->loadClass('App\\API\\V1\\Catalog\\Product\\Category\\Update')
 9 SYSTEMPATH\CodeIgniter.php(892): class_exists('\\App\\API\\V1\\Catalog\\Product\\Category\\Update', true)
10 SYSTEMPATH\CodeIgniter.php(486): CodeIgniter\CodeIgniter->startController()
11 SYSTEMPATH\CodeIgniter.php(368): CodeIgniter\CodeIgniter->handleRequest(null, Object(Config\Cache), false)
12 FCPATH\index.php(70): CodeIgniter\CodeIgniter->run()
13 SYSTEMPATH\Commands\Server\rewrite.php(47): require_once('D:\\Projects\\KPS\\PHP\\MyUMKM\\Sub\\Regular\\DapurFirdaus\\public\\index.php')
WARNING - 2023-08-10 12:04:55 --> [DEPRECATED] Optional parameter $addon declared before required parameter $return is implicitly treated as a required parameter in APPPATH\API\V1\APIV1Controller.php on line 0.
 1 SYSTEMPATH\Autoloader\Autoloader.php(312): include_once('D:\\Projects\\KPS\\PHP\\MyUMKM\\Sub\\Regular\\CI4_Cores\\vendor\\codeigniter4\\framework\\system\\Debug\\Exceptions.php')
 2 SYSTEMPATH\Autoloader\Autoloader.php(289): CodeIgniter\Autoloader\Autoloader->includeFile('D:\\Projects\\KPS\\PHP\\MyUMKM\\Sub\\Regular\\DapurFirdaus\\app\\API\\V1\\APIV1Controller.php')
 3 SYSTEMPATH\Autoloader\Autoloader.php(267): CodeIgniter\Autoloader\Autoloader->loadInNamespace('App\\API\\V1\\APIV1Controller')
 4 APPPATH\API\V1\Catalog\Product\Category\Update.php(12): CodeIgniter\Autoloader\Autoloader->loadClass('App\\API\\V1\\APIV1Controller')
 5 SYSTEMPATH\Autoloader\Autoloader.php(312): include_once('D:\\Projects\\KPS\\PHP\\MyUMKM\\Sub\\Regular\\DapurFirdaus\\app\\API\\V1\\Catalog\\Product\\Category\\Update.php')
 6 SYSTEMPATH\Autoloader\Autoloader.php(289): CodeIgniter\Autoloader\Autoloader->includeFile('D:\\Projects\\KPS\\PHP\\MyUMKM\\Sub\\Regular\\DapurFirdaus\\app\\API\\V1\\Catalog\\Product\\Category\\Update.php')
 7 SYSTEMPATH\Autoloader\Autoloader.php(267): CodeIgniter\Autoloader\Autoloader->loadInNamespace('App\\API\\V1\\Catalog\\Product\\Category\\Update')
 8 [internal function]: CodeIgniter\Autoloader\Autoloader->loadClass('App\\API\\V1\\Catalog\\Product\\Category\\Update')
 9 SYSTEMPATH\CodeIgniter.php(892): class_exists('\\App\\API\\V1\\Catalog\\Product\\Category\\Update', true)
10 SYSTEMPATH\CodeIgniter.php(486): CodeIgniter\CodeIgniter->startController()
11 SYSTEMPATH\CodeIgniter.php(368): CodeIgniter\CodeIgniter->handleRequest(null, Object(Config\Cache), false)
12 FCPATH\index.php(70): CodeIgniter\CodeIgniter->run()
13 SYSTEMPATH\Commands\Server\rewrite.php(47): require_once('D:\\Projects\\KPS\\PHP\\MyUMKM\\Sub\\Regular\\DapurFirdaus\\public\\index.php')
WARNING - 2023-08-10 12:05:16 --> [DEPRECATED] Optional parameter $payload declared before required parameter $return is implicitly treated as a required parameter in APPPATH\API\V1\APIV1Controller.php on line 76.
 1 SYSTEMPATH\Autoloader\Autoloader.php(312): include_once('D:\\Projects\\KPS\\PHP\\MyUMKM\\Sub\\Regular\\CI4_Cores\\vendor\\codeigniter4\\framework\\system\\Debug\\Exceptions.php')
 2 SYSTEMPATH\Autoloader\Autoloader.php(289): CodeIgniter\Autoloader\Autoloader->includeFile('D:\\Projects\\KPS\\PHP\\MyUMKM\\Sub\\Regular\\DapurFirdaus\\app\\API\\V1\\APIV1Controller.php')
 3 SYSTEMPATH\Autoloader\Autoloader.php(267): CodeIgniter\Autoloader\Autoloader->loadInNamespace('App\\API\\V1\\APIV1Controller')
 4 APPPATH\API\V1\Catalog\Product\Category\Update.php(12): CodeIgniter\Autoloader\Autoloader->loadClass('App\\API\\V1\\APIV1Controller')
 5 SYSTEMPATH\Autoloader\Autoloader.php(312): include_once('D:\\Projects\\KPS\\PHP\\MyUMKM\\Sub\\Regular\\DapurFirdaus\\app\\API\\V1\\Catalog\\Product\\Category\\Update.php')
 6 SYSTEMPATH\Autoloader\Autoloader.php(289): CodeIgniter\Autoloader\Autoloader->includeFile('D:\\Projects\\KPS\\PHP\\MyUMKM\\Sub\\Regular\\DapurFirdaus\\app\\API\\V1\\Catalog\\Product\\Category\\Update.php')
 7 SYSTEMPATH\Autoloader\Autoloader.php(267): CodeIgniter\Autoloader\Autoloader->loadInNamespace('App\\API\\V1\\Catalog\\Product\\Category\\Update')
 8 [internal function]: CodeIgniter\Autoloader\Autoloader->loadClass('App\\API\\V1\\Catalog\\Product\\Category\\Update')
 9 SYSTEMPATH\CodeIgniter.php(892): class_exists('\\App\\API\\V1\\Catalog\\Product\\Category\\Update', true)
10 SYSTEMPATH\CodeIgniter.php(486): CodeIgniter\CodeIgniter->startController()
11 SYSTEMPATH\CodeIgniter.php(368): CodeIgniter\CodeIgniter->handleRequest(null, Object(Config\Cache), false)
12 FCPATH\index.php(70): CodeIgniter\CodeIgniter->run()
13 SYSTEMPATH\Commands\Server\rewrite.php(47): require_once('D:\\Projects\\KPS\\PHP\\MyUMKM\\Sub\\Regular\\DapurFirdaus\\public\\index.php')
WARNING - 2023-08-10 12:05:16 --> [DEPRECATED] Optional parameter $addon declared before required parameter $return is implicitly treated as a required parameter in APPPATH\API\V1\APIV1Controller.php on line 0.
 1 SYSTEMPATH\Autoloader\Autoloader.php(312): include_once('D:\\Projects\\KPS\\PHP\\MyUMKM\\Sub\\Regular\\CI4_Cores\\vendor\\codeigniter4\\framework\\system\\Debug\\Exceptions.php')
 2 SYSTEMPATH\Autoloader\Autoloader.php(289): CodeIgniter\Autoloader\Autoloader->includeFile('D:\\Projects\\KPS\\PHP\\MyUMKM\\Sub\\Regular\\DapurFirdaus\\app\\API\\V1\\APIV1Controller.php')
 3 SYSTEMPATH\Autoloader\Autoloader.php(267): CodeIgniter\Autoloader\Autoloader->loadInNamespace('App\\API\\V1\\APIV1Controller')
 4 APPPATH\API\V1\Catalog\Product\Category\Update.php(12): CodeIgniter\Autoloader\Autoloader->loadClass('App\\API\\V1\\APIV1Controller')
 5 SYSTEMPATH\Autoloader\Autoloader.php(312): include_once('D:\\Projects\\KPS\\PHP\\MyUMKM\\Sub\\Regular\\DapurFirdaus\\app\\API\\V1\\Catalog\\Product\\Category\\Update.php')
 6 SYSTEMPATH\Autoloader\Autoloader.php(289): CodeIgniter\Autoloader\Autoloader->includeFile('D:\\Projects\\KPS\\PHP\\MyUMKM\\Sub\\Regular\\DapurFirdaus\\app\\API\\V1\\Catalog\\Product\\Category\\Update.php')
 7 SYSTEMPATH\Autoloader\Autoloader.php(267): CodeIgniter\Autoloader\Autoloader->loadInNamespace('App\\API\\V1\\Catalog\\Product\\Category\\Update')
 8 [internal function]: CodeIgniter\Autoloader\Autoloader->loadClass('App\\API\\V1\\Catalog\\Product\\Category\\Update')
 9 SYSTEMPATH\CodeIgniter.php(892): class_exists('\\App\\API\\V1\\Catalog\\Product\\Category\\Update', true)
10 SYSTEMPATH\CodeIgniter.php(486): CodeIgniter\CodeIgniter->startController()
11 SYSTEMPATH\CodeIgniter.php(368): CodeIgniter\CodeIgniter->handleRequest(null, Object(Config\Cache), false)
12 FCPATH\index.php(70): CodeIgniter\CodeIgniter->run()
13 SYSTEMPATH\Commands\Server\rewrite.php(47): require_once('D:\\Projects\\KPS\\PHP\\MyUMKM\\Sub\\Regular\\DapurFirdaus\\public\\index.php')
WARNING - 2023-08-10 12:07:07 --> [DEPRECATED] Optional parameter $payload declared before required parameter $return is implicitly treated as a required parameter in APPPATH\API\V1\APIV1Controller.php on line 76.
 1 SYSTEMPATH\Autoloader\Autoloader.php(312): include_once('D:\\Projects\\KPS\\PHP\\MyUMKM\\Sub\\Regular\\CI4_Cores\\vendor\\codeigniter4\\framework\\system\\Debug\\Exceptions.php')
 2 SYSTEMPATH\Autoloader\Autoloader.php(289): CodeIgniter\Autoloader\Autoloader->includeFile('D:\\Projects\\KPS\\PHP\\MyUMKM\\Sub\\Regular\\DapurFirdaus\\app\\API\\V1\\APIV1Controller.php')
 3 SYSTEMPATH\Autoloader\Autoloader.php(267): CodeIgniter\Autoloader\Autoloader->loadInNamespace('App\\API\\V1\\APIV1Controller')
 4 APPPATH\API\V1\Catalog\Product\Category\Update.php(12): CodeIgniter\Autoloader\Autoloader->loadClass('App\\API\\V1\\APIV1Controller')
 5 SYSTEMPATH\Autoloader\Autoloader.php(312): include_once('D:\\Projects\\KPS\\PHP\\MyUMKM\\Sub\\Regular\\DapurFirdaus\\app\\API\\V1\\Catalog\\Product\\Category\\Update.php')
 6 SYSTEMPATH\Autoloader\Autoloader.php(289): CodeIgniter\Autoloader\Autoloader->includeFile('D:\\Projects\\KPS\\PHP\\MyUMKM\\Sub\\Regular\\DapurFirdaus\\app\\API\\V1\\Catalog\\Product\\Category\\Update.php')
 7 SYSTEMPATH\Autoloader\Autoloader.php(267): CodeIgniter\Autoloader\Autoloader->loadInNamespace('App\\API\\V1\\Catalog\\Product\\Category\\Update')
 8 [internal function]: CodeIgniter\Autoloader\Autoloader->loadClass('App\\API\\V1\\Catalog\\Product\\Category\\Update')
 9 SYSTEMPATH\CodeIgniter.php(892): class_exists('\\App\\API\\V1\\Catalog\\Product\\Category\\Update', true)
10 SYSTEMPATH\CodeIgniter.php(486): CodeIgniter\CodeIgniter->startController()
11 SYSTEMPATH\CodeIgniter.php(368): CodeIgniter\CodeIgniter->handleRequest(null, Object(Config\Cache), false)
12 FCPATH\index.php(70): CodeIgniter\CodeIgniter->run()
13 SYSTEMPATH\Commands\Server\rewrite.php(47): require_once('D:\\Projects\\KPS\\PHP\\MyUMKM\\Sub\\Regular\\DapurFirdaus\\public\\index.php')
WARNING - 2023-08-10 12:07:07 --> [DEPRECATED] Optional parameter $addon declared before required parameter $return is implicitly treated as a required parameter in APPPATH\API\V1\APIV1Controller.php on line 0.
 1 SYSTEMPATH\Autoloader\Autoloader.php(312): include_once('D:\\Projects\\KPS\\PHP\\MyUMKM\\Sub\\Regular\\CI4_Cores\\vendor\\codeigniter4\\framework\\system\\Debug\\Exceptions.php')
 2 SYSTEMPATH\Autoloader\Autoloader.php(289): CodeIgniter\Autoloader\Autoloader->includeFile('D:\\Projects\\KPS\\PHP\\MyUMKM\\Sub\\Regular\\DapurFirdaus\\app\\API\\V1\\APIV1Controller.php')
 3 SYSTEMPATH\Autoloader\Autoloader.php(267): CodeIgniter\Autoloader\Autoloader->loadInNamespace('App\\API\\V1\\APIV1Controller')
 4 APPPATH\API\V1\Catalog\Product\Category\Update.php(12): CodeIgniter\Autoloader\Autoloader->loadClass('App\\API\\V1\\APIV1Controller')
 5 SYSTEMPATH\Autoloader\Autoloader.php(312): include_once('D:\\Projects\\KPS\\PHP\\MyUMKM\\Sub\\Regular\\DapurFirdaus\\app\\API\\V1\\Catalog\\Product\\Category\\Update.php')
 6 SYSTEMPATH\Autoloader\Autoloader.php(289): CodeIgniter\Autoloader\Autoloader->includeFile('D:\\Projects\\KPS\\PHP\\MyUMKM\\Sub\\Regular\\DapurFirdaus\\app\\API\\V1\\Catalog\\Product\\Category\\Update.php')
 7 SYSTEMPATH\Autoloader\Autoloader.php(267): CodeIgniter\Autoloader\Autoloader->loadInNamespace('App\\API\\V1\\Catalog\\Product\\Category\\Update')
 8 [internal function]: CodeIgniter\Autoloader\Autoloader->loadClass('App\\API\\V1\\Catalog\\Product\\Category\\Update')
 9 SYSTEMPATH\CodeIgniter.php(892): class_exists('\\App\\API\\V1\\Catalog\\Product\\Category\\Update', true)
10 SYSTEMPATH\CodeIgniter.php(486): CodeIgniter\CodeIgniter->startController()
11 SYSTEMPATH\CodeIgniter.php(368): CodeIgniter\CodeIgniter->handleRequest(null, Object(Config\Cache), false)
12 FCPATH\index.php(70): CodeIgniter\CodeIgniter->run()
13 SYSTEMPATH\Commands\Server\rewrite.php(47): require_once('D:\\Projects\\KPS\\PHP\\MyUMKM\\Sub\\Regular\\DapurFirdaus\\public\\index.php')
WARNING - 2023-08-10 12:07:16 --> [DEPRECATED] Optional parameter $payload declared before required parameter $return is implicitly treated as a required parameter in APPPATH\API\V1\APIV1Controller.php on line 76.
 1 SYSTEMPATH\Autoloader\Autoloader.php(312): include_once('D:\\Projects\\KPS\\PHP\\MyUMKM\\Sub\\Regular\\CI4_Cores\\vendor\\codeigniter4\\framework\\system\\Debug\\Exceptions.php')
 2 SYSTEMPATH\Autoloader\Autoloader.php(289): CodeIgniter\Autoloader\Autoloader->includeFile('D:\\Projects\\KPS\\PHP\\MyUMKM\\Sub\\Regular\\DapurFirdaus\\app\\API\\V1\\APIV1Controller.php')
 3 SYSTEMPATH\Autoloader\Autoloader.php(267): CodeIgniter\Autoloader\Autoloader->loadInNamespace('App\\API\\V1\\APIV1Controller')
 4 APPPATH\API\V1\Catalog\Product\Category\Update.php(12): CodeIgniter\Autoloader\Autoloader->loadClass('App\\API\\V1\\APIV1Controller')
 5 SYSTEMPATH\Autoloader\Autoloader.php(312): include_once('D:\\Projects\\KPS\\PHP\\MyUMKM\\Sub\\Regular\\DapurFirdaus\\app\\API\\V1\\Catalog\\Product\\Category\\Update.php')
 6 SYSTEMPATH\Autoloader\Autoloader.php(289): CodeIgniter\Autoloader\Autoloader->includeFile('D:\\Projects\\KPS\\PHP\\MyUMKM\\Sub\\Regular\\DapurFirdaus\\app\\API\\V1\\Catalog\\Product\\Category\\Update.php')
 7 SYSTEMPATH\Autoloader\Autoloader.php(267): CodeIgniter\Autoloader\Autoloader->loadInNamespace('App\\API\\V1\\Catalog\\Product\\Category\\Update')
 8 [internal function]: CodeIgniter\Autoloader\Autoloader->loadClass('App\\API\\V1\\Catalog\\Product\\Category\\Update')
 9 SYSTEMPATH\CodeIgniter.php(892): class_exists('\\App\\API\\V1\\Catalog\\Product\\Category\\Update', true)
10 SYSTEMPATH\CodeIgniter.php(486): CodeIgniter\CodeIgniter->startController()
11 SYSTEMPATH\CodeIgniter.php(368): CodeIgniter\CodeIgniter->handleRequest(null, Object(Config\Cache), false)
12 FCPATH\index.php(70): CodeIgniter\CodeIgniter->run()
13 SYSTEMPATH\Commands\Server\rewrite.php(47): require_once('D:\\Projects\\KPS\\PHP\\MyUMKM\\Sub\\Regular\\DapurFirdaus\\public\\index.php')
WARNING - 2023-08-10 12:07:16 --> [DEPRECATED] Optional parameter $addon declared before required parameter $return is implicitly treated as a required parameter in APPPATH\API\V1\APIV1Controller.php on line 0.
 1 SYSTEMPATH\Autoloader\Autoloader.php(312): include_once('D:\\Projects\\KPS\\PHP\\MyUMKM\\Sub\\Regular\\CI4_Cores\\vendor\\codeigniter4\\framework\\system\\Debug\\Exceptions.php')
 2 SYSTEMPATH\Autoloader\Autoloader.php(289): CodeIgniter\Autoloader\Autoloader->includeFile('D:\\Projects\\KPS\\PHP\\MyUMKM\\Sub\\Regular\\DapurFirdaus\\app\\API\\V1\\APIV1Controller.php')
 3 SYSTEMPATH\Autoloader\Autoloader.php(267): CodeIgniter\Autoloader\Autoloader->loadInNamespace('App\\API\\V1\\APIV1Controller')
 4 APPPATH\API\V1\Catalog\Product\Category\Update.php(12): CodeIgniter\Autoloader\Autoloader->loadClass('App\\API\\V1\\APIV1Controller')
 5 SYSTEMPATH\Autoloader\Autoloader.php(312): include_once('D:\\Projects\\KPS\\PHP\\MyUMKM\\Sub\\Regular\\DapurFirdaus\\app\\API\\V1\\Catalog\\Product\\Category\\Update.php')
 6 SYSTEMPATH\Autoloader\Autoloader.php(289): CodeIgniter\Autoloader\Autoloader->includeFile('D:\\Projects\\KPS\\PHP\\MyUMKM\\Sub\\Regular\\DapurFirdaus\\app\\API\\V1\\Catalog\\Product\\Category\\Update.php')
 7 SYSTEMPATH\Autoloader\Autoloader.php(267): CodeIgniter\Autoloader\Autoloader->loadInNamespace('App\\API\\V1\\Catalog\\Product\\Category\\Update')
 8 [internal function]: CodeIgniter\Autoloader\Autoloader->loadClass('App\\API\\V1\\Catalog\\Product\\Category\\Update')
 9 SYSTEMPATH\CodeIgniter.php(892): class_exists('\\App\\API\\V1\\Catalog\\Product\\Category\\Update', true)
10 SYSTEMPATH\CodeIgniter.php(486): CodeIgniter\CodeIgniter->startController()
11 SYSTEMPATH\CodeIgniter.php(368): CodeIgniter\CodeIgniter->handleRequest(null, Object(Config\Cache), false)
12 FCPATH\index.php(70): CodeIgniter\CodeIgniter->run()
13 SYSTEMPATH\Commands\Server\rewrite.php(47): require_once('D:\\Projects\\KPS\\PHP\\MyUMKM\\Sub\\Regular\\DapurFirdaus\\public\\index.php')
WARNING - 2023-08-10 12:07:40 --> [DEPRECATED] Optional parameter $payload declared before required parameter $return is implicitly treated as a required parameter in APPPATH\API\V1\APIV1Controller.php on line 76.
 1 SYSTEMPATH\Autoloader\Autoloader.php(312): include_once('D:\\Projects\\KPS\\PHP\\MyUMKM\\Sub\\Regular\\CI4_Cores\\vendor\\codeigniter4\\framework\\system\\Debug\\Exceptions.php')
 2 SYSTEMPATH\Autoloader\Autoloader.php(289): CodeIgniter\Autoloader\Autoloader->includeFile('D:\\Projects\\KPS\\PHP\\MyUMKM\\Sub\\Regular\\DapurFirdaus\\app\\API\\V1\\APIV1Controller.php')
 3 SYSTEMPATH\Autoloader\Autoloader.php(267): CodeIgniter\Autoloader\Autoloader->loadInNamespace('App\\API\\V1\\APIV1Controller')
 4 APPPATH\API\V1\Catalog\Product\Category\Update.php(12): CodeIgniter\Autoloader\Autoloader->loadClass('App\\API\\V1\\APIV1Controller')
 5 SYSTEMPATH\Autoloader\Autoloader.php(312): include_once('D:\\Projects\\KPS\\PHP\\MyUMKM\\Sub\\Regular\\DapurFirdaus\\app\\API\\V1\\Catalog\\Product\\Category\\Update.php')
 6 SYSTEMPATH\Autoloader\Autoloader.php(289): CodeIgniter\Autoloader\Autoloader->includeFile('D:\\Projects\\KPS\\PHP\\MyUMKM\\Sub\\Regular\\DapurFirdaus\\app\\API\\V1\\Catalog\\Product\\Category\\Update.php')
 7 SYSTEMPATH\Autoloader\Autoloader.php(267): CodeIgniter\Autoloader\Autoloader->loadInNamespace('App\\API\\V1\\Catalog\\Product\\Category\\Update')
 8 [internal function]: CodeIgniter\Autoloader\Autoloader->loadClass('App\\API\\V1\\Catalog\\Product\\Category\\Update')
 9 SYSTEMPATH\CodeIgniter.php(892): class_exists('\\App\\API\\V1\\Catalog\\Product\\Category\\Update', true)
10 SYSTEMPATH\CodeIgniter.php(486): CodeIgniter\CodeIgniter->startController()
11 SYSTEMPATH\CodeIgniter.php(368): CodeIgniter\CodeIgniter->handleRequest(null, Object(Config\Cache), false)
12 FCPATH\index.php(70): CodeIgniter\CodeIgniter->run()
13 SYSTEMPATH\Commands\Server\rewrite.php(47): require_once('D:\\Projects\\KPS\\PHP\\MyUMKM\\Sub\\Regular\\DapurFirdaus\\public\\index.php')
WARNING - 2023-08-10 12:07:40 --> [DEPRECATED] Optional parameter $addon declared before required parameter $return is implicitly treated as a required parameter in APPPATH\API\V1\APIV1Controller.php on line 0.
 1 SYSTEMPATH\Autoloader\Autoloader.php(312): include_once('D:\\Projects\\KPS\\PHP\\MyUMKM\\Sub\\Regular\\CI4_Cores\\vendor\\codeigniter4\\framework\\system\\Debug\\Exceptions.php')
 2 SYSTEMPATH\Autoloader\Autoloader.php(289): CodeIgniter\Autoloader\Autoloader->includeFile('D:\\Projects\\KPS\\PHP\\MyUMKM\\Sub\\Regular\\DapurFirdaus\\app\\API\\V1\\APIV1Controller.php')
 3 SYSTEMPATH\Autoloader\Autoloader.php(267): CodeIgniter\Autoloader\Autoloader->loadInNamespace('App\\API\\V1\\APIV1Controller')
 4 APPPATH\API\V1\Catalog\Product\Category\Update.php(12): CodeIgniter\Autoloader\Autoloader->loadClass('App\\API\\V1\\APIV1Controller')
 5 SYSTEMPATH\Autoloader\Autoloader.php(312): include_once('D:\\Projects\\KPS\\PHP\\MyUMKM\\Sub\\Regular\\DapurFirdaus\\app\\API\\V1\\Catalog\\Product\\Category\\Update.php')
 6 SYSTEMPATH\Autoloader\Autoloader.php(289): CodeIgniter\Autoloader\Autoloader->includeFile('D:\\Projects\\KPS\\PHP\\MyUMKM\\Sub\\Regular\\DapurFirdaus\\app\\API\\V1\\Catalog\\Product\\Category\\Update.php')
 7 SYSTEMPATH\Autoloader\Autoloader.php(267): CodeIgniter\Autoloader\Autoloader->loadInNamespace('App\\API\\V1\\Catalog\\Product\\Category\\Update')
 8 [internal function]: CodeIgniter\Autoloader\Autoloader->loadClass('App\\API\\V1\\Catalog\\Product\\Category\\Update')
 9 SYSTEMPATH\CodeIgniter.php(892): class_exists('\\App\\API\\V1\\Catalog\\Product\\Category\\Update', true)
10 SYSTEMPATH\CodeIgniter.php(486): CodeIgniter\CodeIgniter->startController()
11 SYSTEMPATH\CodeIgniter.php(368): CodeIgniter\CodeIgniter->handleRequest(null, Object(Config\Cache), false)
12 FCPATH\index.php(70): CodeIgniter\CodeIgniter->run()
13 SYSTEMPATH\Commands\Server\rewrite.php(47): require_once('D:\\Projects\\KPS\\PHP\\MyUMKM\\Sub\\Regular\\DapurFirdaus\\public\\index.php')
WARNING - 2023-08-10 12:07:46 --> [DEPRECATED] Optional parameter $payload declared before required parameter $return is implicitly treated as a required parameter in APPPATH\API\V1\APIV1Controller.php on line 76.
 1 SYSTEMPATH\Autoloader\Autoloader.php(312): include_once('D:\\Projects\\KPS\\PHP\\MyUMKM\\Sub\\Regular\\CI4_Cores\\vendor\\codeigniter4\\framework\\system\\Debug\\Exceptions.php')
 2 SYSTEMPATH\Autoloader\Autoloader.php(289): CodeIgniter\Autoloader\Autoloader->includeFile('D:\\Projects\\KPS\\PHP\\MyUMKM\\Sub\\Regular\\DapurFirdaus\\app\\API\\V1\\APIV1Controller.php')
 3 SYSTEMPATH\Autoloader\Autoloader.php(267): CodeIgniter\Autoloader\Autoloader->loadInNamespace('App\\API\\V1\\APIV1Controller')
 4 APPPATH\API\V1\Catalog\Product\Category\Update.php(12): CodeIgniter\Autoloader\Autoloader->loadClass('App\\API\\V1\\APIV1Controller')
 5 SYSTEMPATH\Autoloader\Autoloader.php(312): include_once('D:\\Projects\\KPS\\PHP\\MyUMKM\\Sub\\Regular\\DapurFirdaus\\app\\API\\V1\\Catalog\\Product\\Category\\Update.php')
 6 SYSTEMPATH\Autoloader\Autoloader.php(289): CodeIgniter\Autoloader\Autoloader->includeFile('D:\\Projects\\KPS\\PHP\\MyUMKM\\Sub\\Regular\\DapurFirdaus\\app\\API\\V1\\Catalog\\Product\\Category\\Update.php')
 7 SYSTEMPATH\Autoloader\Autoloader.php(267): CodeIgniter\Autoloader\Autoloader->loadInNamespace('App\\API\\V1\\Catalog\\Product\\Category\\Update')
 8 [internal function]: CodeIgniter\Autoloader\Autoloader->loadClass('App\\API\\V1\\Catalog\\Product\\Category\\Update')
 9 SYSTEMPATH\CodeIgniter.php(892): class_exists('\\App\\API\\V1\\Catalog\\Product\\Category\\Update', true)
10 SYSTEMPATH\CodeIgniter.php(486): CodeIgniter\CodeIgniter->startController()
11 SYSTEMPATH\CodeIgniter.php(368): CodeIgniter\CodeIgniter->handleRequest(null, Object(Config\Cache), false)
12 FCPATH\index.php(70): CodeIgniter\CodeIgniter->run()
13 SYSTEMPATH\Commands\Server\rewrite.php(47): require_once('D:\\Projects\\KPS\\PHP\\MyUMKM\\Sub\\Regular\\DapurFirdaus\\public\\index.php')
WARNING - 2023-08-10 12:07:46 --> [DEPRECATED] Optional parameter $addon declared before required parameter $return is implicitly treated as a required parameter in APPPATH\API\V1\APIV1Controller.php on line 0.
 1 SYSTEMPATH\Autoloader\Autoloader.php(312): include_once('D:\\Projects\\KPS\\PHP\\MyUMKM\\Sub\\Regular\\CI4_Cores\\vendor\\codeigniter4\\framework\\system\\Debug\\Exceptions.php')
 2 SYSTEMPATH\Autoloader\Autoloader.php(289): CodeIgniter\Autoloader\Autoloader->includeFile('D:\\Projects\\KPS\\PHP\\MyUMKM\\Sub\\Regular\\DapurFirdaus\\app\\API\\V1\\APIV1Controller.php')
 3 SYSTEMPATH\Autoloader\Autoloader.php(267): CodeIgniter\Autoloader\Autoloader->loadInNamespace('App\\API\\V1\\APIV1Controller')
 4 APPPATH\API\V1\Catalog\Product\Category\Update.php(12): CodeIgniter\Autoloader\Autoloader->loadClass('App\\API\\V1\\APIV1Controller')
 5 SYSTEMPATH\Autoloader\Autoloader.php(312): include_once('D:\\Projects\\KPS\\PHP\\MyUMKM\\Sub\\Regular\\DapurFirdaus\\app\\API\\V1\\Catalog\\Product\\Category\\Update.php')
 6 SYSTEMPATH\Autoloader\Autoloader.php(289): CodeIgniter\Autoloader\Autoloader->includeFile('D:\\Projects\\KPS\\PHP\\MyUMKM\\Sub\\Regular\\DapurFirdaus\\app\\API\\V1\\Catalog\\Product\\Category\\Update.php')
 7 SYSTEMPATH\Autoloader\Autoloader.php(267): CodeIgniter\Autoloader\Autoloader->loadInNamespace('App\\API\\V1\\Catalog\\Product\\Category\\Update')
 8 [internal function]: CodeIgniter\Autoloader\Autoloader->loadClass('App\\API\\V1\\Catalog\\Product\\Category\\Update')
 9 SYSTEMPATH\CodeIgniter.php(892): class_exists('\\App\\API\\V1\\Catalog\\Product\\Category\\Update', true)
10 SYSTEMPATH\CodeIgniter.php(486): CodeIgniter\CodeIgniter->startController()
11 SYSTEMPATH\CodeIgniter.php(368): CodeIgniter\CodeIgniter->handleRequest(null, Object(Config\Cache), false)
12 FCPATH\index.php(70): CodeIgniter\CodeIgniter->run()
13 SYSTEMPATH\Commands\Server\rewrite.php(47): require_once('D:\\Projects\\KPS\\PHP\\MyUMKM\\Sub\\Regular\\DapurFirdaus\\public\\index.php')
WARNING - 2023-08-10 12:07:52 --> [DEPRECATED] Optional parameter $payload declared before required parameter $return is implicitly treated as a required parameter in APPPATH\API\V1\APIV1Controller.php on line 76.
 1 SYSTEMPATH\Autoloader\Autoloader.php(312): include_once('D:\\Projects\\KPS\\PHP\\MyUMKM\\Sub\\Regular\\CI4_Cores\\vendor\\codeigniter4\\framework\\system\\Debug\\Exceptions.php')
 2 SYSTEMPATH\Autoloader\Autoloader.php(289): CodeIgniter\Autoloader\Autoloader->includeFile('D:\\Projects\\KPS\\PHP\\MyUMKM\\Sub\\Regular\\DapurFirdaus\\app\\API\\V1\\APIV1Controller.php')
 3 SYSTEMPATH\Autoloader\Autoloader.php(267): CodeIgniter\Autoloader\Autoloader->loadInNamespace('App\\API\\V1\\APIV1Controller')
 4 APPPATH\API\V1\Catalog\Product\Category\Update.php(12): CodeIgniter\Autoloader\Autoloader->loadClass('App\\API\\V1\\APIV1Controller')
 5 SYSTEMPATH\Autoloader\Autoloader.php(312): include_once('D:\\Projects\\KPS\\PHP\\MyUMKM\\Sub\\Regular\\DapurFirdaus\\app\\API\\V1\\Catalog\\Product\\Category\\Update.php')
 6 SYSTEMPATH\Autoloader\Autoloader.php(289): CodeIgniter\Autoloader\Autoloader->includeFile('D:\\Projects\\KPS\\PHP\\MyUMKM\\Sub\\Regular\\DapurFirdaus\\app\\API\\V1\\Catalog\\Product\\Category\\Update.php')
 7 SYSTEMPATH\Autoloader\Autoloader.php(267): CodeIgniter\Autoloader\Autoloader->loadInNamespace('App\\API\\V1\\Catalog\\Product\\Category\\Update')
 8 [internal function]: CodeIgniter\Autoloader\Autoloader->loadClass('App\\API\\V1\\Catalog\\Product\\Category\\Update')
 9 SYSTEMPATH\CodeIgniter.php(892): class_exists('\\App\\API\\V1\\Catalog\\Product\\Category\\Update', true)
10 SYSTEMPATH\CodeIgniter.php(486): CodeIgniter\CodeIgniter->startController()
11 SYSTEMPATH\CodeIgniter.php(368): CodeIgniter\CodeIgniter->handleRequest(null, Object(Config\Cache), false)
12 FCPATH\index.php(70): CodeIgniter\CodeIgniter->run()
13 SYSTEMPATH\Commands\Server\rewrite.php(47): require_once('D:\\Projects\\KPS\\PHP\\MyUMKM\\Sub\\Regular\\DapurFirdaus\\public\\index.php')
WARNING - 2023-08-10 12:07:52 --> [DEPRECATED] Optional parameter $addon declared before required parameter $return is implicitly treated as a required parameter in APPPATH\API\V1\APIV1Controller.php on line 0.
 1 SYSTEMPATH\Autoloader\Autoloader.php(312): include_once('D:\\Projects\\KPS\\PHP\\MyUMKM\\Sub\\Regular\\CI4_Cores\\vendor\\codeigniter4\\framework\\system\\Debug\\Exceptions.php')
 2 SYSTEMPATH\Autoloader\Autoloader.php(289): CodeIgniter\Autoloader\Autoloader->includeFile('D:\\Projects\\KPS\\PHP\\MyUMKM\\Sub\\Regular\\DapurFirdaus\\app\\API\\V1\\APIV1Controller.php')
 3 SYSTEMPATH\Autoloader\Autoloader.php(267): CodeIgniter\Autoloader\Autoloader->loadInNamespace('App\\API\\V1\\APIV1Controller')
 4 APPPATH\API\V1\Catalog\Product\Category\Update.php(12): CodeIgniter\Autoloader\Autoloader->loadClass('App\\API\\V1\\APIV1Controller')
 5 SYSTEMPATH\Autoloader\Autoloader.php(312): include_once('D:\\Projects\\KPS\\PHP\\MyUMKM\\Sub\\Regular\\DapurFirdaus\\app\\API\\V1\\Catalog\\Product\\Category\\Update.php')
 6 SYSTEMPATH\Autoloader\Autoloader.php(289): CodeIgniter\Autoloader\Autoloader->includeFile('D:\\Projects\\KPS\\PHP\\MyUMKM\\Sub\\Regular\\DapurFirdaus\\app\\API\\V1\\Catalog\\Product\\Category\\Update.php')
 7 SYSTEMPATH\Autoloader\Autoloader.php(267): CodeIgniter\Autoloader\Autoloader->loadInNamespace('App\\API\\V1\\Catalog\\Product\\Category\\Update')
 8 [internal function]: CodeIgniter\Autoloader\Autoloader->loadClass('App\\API\\V1\\Catalog\\Product\\Category\\Update')
 9 SYSTEMPATH\CodeIgniter.php(892): class_exists('\\App\\API\\V1\\Catalog\\Product\\Category\\Update', true)
10 SYSTEMPATH\CodeIgniter.php(486): CodeIgniter\CodeIgniter->startController()
11 SYSTEMPATH\CodeIgniter.php(368): CodeIgniter\CodeIgniter->handleRequest(null, Object(Config\Cache), false)
12 FCPATH\index.php(70): CodeIgniter\CodeIgniter->run()
13 SYSTEMPATH\Commands\Server\rewrite.php(47): require_once('D:\\Projects\\KPS\\PHP\\MyUMKM\\Sub\\Regular\\DapurFirdaus\\public\\index.php')
WARNING - 2023-08-10 12:07:58 --> [DEPRECATED] Optional parameter $payload declared before required parameter $return is implicitly treated as a required parameter in APPPATH\API\V1\APIV1Controller.php on line 76.
 1 SYSTEMPATH\Autoloader\Autoloader.php(312): include_once('D:\\Projects\\KPS\\PHP\\MyUMKM\\Sub\\Regular\\CI4_Cores\\vendor\\codeigniter4\\framework\\system\\Debug\\Exceptions.php')
 2 SYSTEMPATH\Autoloader\Autoloader.php(289): CodeIgniter\Autoloader\Autoloader->includeFile('D:\\Projects\\KPS\\PHP\\MyUMKM\\Sub\\Regular\\DapurFirdaus\\app\\API\\V1\\APIV1Controller.php')
 3 SYSTEMPATH\Autoloader\Autoloader.php(267): CodeIgniter\Autoloader\Autoloader->loadInNamespace('App\\API\\V1\\APIV1Controller')
 4 APPPATH\API\V1\Catalog\Product\Category\Update.php(12): CodeIgniter\Autoloader\Autoloader->loadClass('App\\API\\V1\\APIV1Controller')
 5 SYSTEMPATH\Autoloader\Autoloader.php(312): include_once('D:\\Projects\\KPS\\PHP\\MyUMKM\\Sub\\Regular\\DapurFirdaus\\app\\API\\V1\\Catalog\\Product\\Category\\Update.php')
 6 SYSTEMPATH\Autoloader\Autoloader.php(289): CodeIgniter\Autoloader\Autoloader->includeFile('D:\\Projects\\KPS\\PHP\\MyUMKM\\Sub\\Regular\\DapurFirdaus\\app\\API\\V1\\Catalog\\Product\\Category\\Update.php')
 7 SYSTEMPATH\Autoloader\Autoloader.php(267): CodeIgniter\Autoloader\Autoloader->loadInNamespace('App\\API\\V1\\Catalog\\Product\\Category\\Update')
 8 [internal function]: CodeIgniter\Autoloader\Autoloader->loadClass('App\\API\\V1\\Catalog\\Product\\Category\\Update')
 9 SYSTEMPATH\CodeIgniter.php(892): class_exists('\\App\\API\\V1\\Catalog\\Product\\Category\\Update', true)
10 SYSTEMPATH\CodeIgniter.php(486): CodeIgniter\CodeIgniter->startController()
11 SYSTEMPATH\CodeIgniter.php(368): CodeIgniter\CodeIgniter->handleRequest(null, Object(Config\Cache), false)
12 FCPATH\index.php(70): CodeIgniter\CodeIgniter->run()
13 SYSTEMPATH\Commands\Server\rewrite.php(47): require_once('D:\\Projects\\KPS\\PHP\\MyUMKM\\Sub\\Regular\\DapurFirdaus\\public\\index.php')
WARNING - 2023-08-10 12:07:58 --> [DEPRECATED] Optional parameter $addon declared before required parameter $return is implicitly treated as a required parameter in APPPATH\API\V1\APIV1Controller.php on line 0.
 1 SYSTEMPATH\Autoloader\Autoloader.php(312): include_once('D:\\Projects\\KPS\\PHP\\MyUMKM\\Sub\\Regular\\CI4_Cores\\vendor\\codeigniter4\\framework\\system\\Debug\\Exceptions.php')
 2 SYSTEMPATH\Autoloader\Autoloader.php(289): CodeIgniter\Autoloader\Autoloader->includeFile('D:\\Projects\\KPS\\PHP\\MyUMKM\\Sub\\Regular\\DapurFirdaus\\app\\API\\V1\\APIV1Controller.php')
 3 SYSTEMPATH\Autoloader\Autoloader.php(267): CodeIgniter\Autoloader\Autoloader->loadInNamespace('App\\API\\V1\\APIV1Controller')
 4 APPPATH\API\V1\Catalog\Product\Category\Update.php(12): CodeIgniter\Autoloader\Autoloader->loadClass('App\\API\\V1\\APIV1Controller')
 5 SYSTEMPATH\Autoloader\Autoloader.php(312): include_once('D:\\Projects\\KPS\\PHP\\MyUMKM\\Sub\\Regular\\DapurFirdaus\\app\\API\\V1\\Catalog\\Product\\Category\\Update.php')
 6 SYSTEMPATH\Autoloader\Autoloader.php(289): CodeIgniter\Autoloader\Autoloader->includeFile('D:\\Projects\\KPS\\PHP\\MyUMKM\\Sub\\Regular\\DapurFirdaus\\app\\API\\V1\\Catalog\\Product\\Category\\Update.php')
 7 SYSTEMPATH\Autoloader\Autoloader.php(267): CodeIgniter\Autoloader\Autoloader->loadInNamespace('App\\API\\V1\\Catalog\\Product\\Category\\Update')
 8 [internal function]: CodeIgniter\Autoloader\Autoloader->loadClass('App\\API\\V1\\Catalog\\Product\\Category\\Update')
 9 SYSTEMPATH\CodeIgniter.php(892): class_exists('\\App\\API\\V1\\Catalog\\Product\\Category\\Update', true)
10 SYSTEMPATH\CodeIgniter.php(486): CodeIgniter\CodeIgniter->startController()
11 SYSTEMPATH\CodeIgniter.php(368): CodeIgniter\CodeIgniter->handleRequest(null, Object(Config\Cache), false)
12 FCPATH\index.php(70): CodeIgniter\CodeIgniter->run()
13 SYSTEMPATH\Commands\Server\rewrite.php(47): require_once('D:\\Projects\\KPS\\PHP\\MyUMKM\\Sub\\Regular\\DapurFirdaus\\public\\index.php')
WARNING - 2023-08-10 12:08:03 --> [DEPRECATED] Optional parameter $payload declared before required parameter $return is implicitly treated as a required parameter in APPPATH\API\V1\APIV1Controller.php on line 76.
 1 SYSTEMPATH\Autoloader\Autoloader.php(312): include_once('D:\\Projects\\KPS\\PHP\\MyUMKM\\Sub\\Regular\\CI4_Cores\\vendor\\codeigniter4\\framework\\system\\Debug\\Exceptions.php')
 2 SYSTEMPATH\Autoloader\Autoloader.php(289): CodeIgniter\Autoloader\Autoloader->includeFile('D:\\Projects\\KPS\\PHP\\MyUMKM\\Sub\\Regular\\DapurFirdaus\\app\\API\\V1\\APIV1Controller.php')
 3 SYSTEMPATH\Autoloader\Autoloader.php(267): CodeIgniter\Autoloader\Autoloader->loadInNamespace('App\\API\\V1\\APIV1Controller')
 4 APPPATH\API\V1\Catalog\Product\Category\Update.php(12): CodeIgniter\Autoloader\Autoloader->loadClass('App\\API\\V1\\APIV1Controller')
 5 SYSTEMPATH\Autoloader\Autoloader.php(312): include_once('D:\\Projects\\KPS\\PHP\\MyUMKM\\Sub\\Regular\\DapurFirdaus\\app\\API\\V1\\Catalog\\Product\\Category\\Update.php')
 6 SYSTEMPATH\Autoloader\Autoloader.php(289): CodeIgniter\Autoloader\Autoloader->includeFile('D:\\Projects\\KPS\\PHP\\MyUMKM\\Sub\\Regular\\DapurFirdaus\\app\\API\\V1\\Catalog\\Product\\Category\\Update.php')
 7 SYSTEMPATH\Autoloader\Autoloader.php(267): CodeIgniter\Autoloader\Autoloader->loadInNamespace('App\\API\\V1\\Catalog\\Product\\Category\\Update')
 8 [internal function]: CodeIgniter\Autoloader\Autoloader->loadClass('App\\API\\V1\\Catalog\\Product\\Category\\Update')
 9 SYSTEMPATH\CodeIgniter.php(892): class_exists('\\App\\API\\V1\\Catalog\\Product\\Category\\Update', true)
10 SYSTEMPATH\CodeIgniter.php(486): CodeIgniter\CodeIgniter->startController()
11 SYSTEMPATH\CodeIgniter.php(368): CodeIgniter\CodeIgniter->handleRequest(null, Object(Config\Cache), false)
12 FCPATH\index.php(70): CodeIgniter\CodeIgniter->run()
13 SYSTEMPATH\Commands\Server\rewrite.php(47): require_once('D:\\Projects\\KPS\\PHP\\MyUMKM\\Sub\\Regular\\DapurFirdaus\\public\\index.php')
WARNING - 2023-08-10 12:08:03 --> [DEPRECATED] Optional parameter $addon declared before required parameter $return is implicitly treated as a required parameter in APPPATH\API\V1\APIV1Controller.php on line 0.
 1 SYSTEMPATH\Autoloader\Autoloader.php(312): include_once('D:\\Projects\\KPS\\PHP\\MyUMKM\\Sub\\Regular\\CI4_Cores\\vendor\\codeigniter4\\framework\\system\\Debug\\Exceptions.php')
 2 SYSTEMPATH\Autoloader\Autoloader.php(289): CodeIgniter\Autoloader\Autoloader->includeFile('D:\\Projects\\KPS\\PHP\\MyUMKM\\Sub\\Regular\\DapurFirdaus\\app\\API\\V1\\APIV1Controller.php')
 3 SYSTEMPATH\Autoloader\Autoloader.php(267): CodeIgniter\Autoloader\Autoloader->loadInNamespace('App\\API\\V1\\APIV1Controller')
 4 APPPATH\API\V1\Catalog\Product\Category\Update.php(12): CodeIgniter\Autoloader\Autoloader->loadClass('App\\API\\V1\\APIV1Controller')
 5 SYSTEMPATH\Autoloader\Autoloader.php(312): include_once('D:\\Projects\\KPS\\PHP\\MyUMKM\\Sub\\Regular\\DapurFirdaus\\app\\API\\V1\\Catalog\\Product\\Category\\Update.php')
 6 SYSTEMPATH\Autoloader\Autoloader.php(289): CodeIgniter\Autoloader\Autoloader->includeFile('D:\\Projects\\KPS\\PHP\\MyUMKM\\Sub\\Regular\\DapurFirdaus\\app\\API\\V1\\Catalog\\Product\\Category\\Update.php')
 7 SYSTEMPATH\Autoloader\Autoloader.php(267): CodeIgniter\Autoloader\Autoloader->loadInNamespace('App\\API\\V1\\Catalog\\Product\\Category\\Update')
 8 [internal function]: CodeIgniter\Autoloader\Autoloader->loadClass('App\\API\\V1\\Catalog\\Product\\Category\\Update')
 9 SYSTEMPATH\CodeIgniter.php(892): class_exists('\\App\\API\\V1\\Catalog\\Product\\Category\\Update', true)
10 SYSTEMPATH\CodeIgniter.php(486): CodeIgniter\CodeIgniter->startController()
11 SYSTEMPATH\CodeIgniter.php(368): CodeIgniter\CodeIgniter->handleRequest(null, Object(Config\Cache), false)
12 FCPATH\index.php(70): CodeIgniter\CodeIgniter->run()
13 SYSTEMPATH\Commands\Server\rewrite.php(47): require_once('D:\\Projects\\KPS\\PHP\\MyUMKM\\Sub\\Regular\\DapurFirdaus\\public\\index.php')
WARNING - 2023-08-10 12:08:11 --> [DEPRECATED] Optional parameter $payload declared before required parameter $return is implicitly treated as a required parameter in APPPATH\API\V1\APIV1Controller.php on line 76.
 1 SYSTEMPATH\Autoloader\Autoloader.php(312): include_once('D:\\Projects\\KPS\\PHP\\MyUMKM\\Sub\\Regular\\CI4_Cores\\vendor\\codeigniter4\\framework\\system\\Debug\\Exceptions.php')
 2 SYSTEMPATH\Autoloader\Autoloader.php(289): CodeIgniter\Autoloader\Autoloader->includeFile('D:\\Projects\\KPS\\PHP\\MyUMKM\\Sub\\Regular\\DapurFirdaus\\app\\API\\V1\\APIV1Controller.php')
 3 SYSTEMPATH\Autoloader\Autoloader.php(267): CodeIgniter\Autoloader\Autoloader->loadInNamespace('App\\API\\V1\\APIV1Controller')
 4 APPPATH\API\V1\Catalog\Product\Category\Update.php(12): CodeIgniter\Autoloader\Autoloader->loadClass('App\\API\\V1\\APIV1Controller')
 5 SYSTEMPATH\Autoloader\Autoloader.php(312): include_once('D:\\Projects\\KPS\\PHP\\MyUMKM\\Sub\\Regular\\DapurFirdaus\\app\\API\\V1\\Catalog\\Product\\Category\\Update.php')
 6 SYSTEMPATH\Autoloader\Autoloader.php(289): CodeIgniter\Autoloader\Autoloader->includeFile('D:\\Projects\\KPS\\PHP\\MyUMKM\\Sub\\Regular\\DapurFirdaus\\app\\API\\V1\\Catalog\\Product\\Category\\Update.php')
 7 SYSTEMPATH\Autoloader\Autoloader.php(267): CodeIgniter\Autoloader\Autoloader->loadInNamespace('App\\API\\V1\\Catalog\\Product\\Category\\Update')
 8 [internal function]: CodeIgniter\Autoloader\Autoloader->loadClass('App\\API\\V1\\Catalog\\Product\\Category\\Update')
 9 SYSTEMPATH\CodeIgniter.php(892): class_exists('\\App\\API\\V1\\Catalog\\Product\\Category\\Update', true)
10 SYSTEMPATH\CodeIgniter.php(486): CodeIgniter\CodeIgniter->startController()
11 SYSTEMPATH\CodeIgniter.php(368): CodeIgniter\CodeIgniter->handleRequest(null, Object(Config\Cache), false)
12 FCPATH\index.php(70): CodeIgniter\CodeIgniter->run()
13 SYSTEMPATH\Commands\Server\rewrite.php(47): require_once('D:\\Projects\\KPS\\PHP\\MyUMKM\\Sub\\Regular\\DapurFirdaus\\public\\index.php')
WARNING - 2023-08-10 12:08:11 --> [DEPRECATED] Optional parameter $addon declared before required parameter $return is implicitly treated as a required parameter in APPPATH\API\V1\APIV1Controller.php on line 0.
 1 SYSTEMPATH\Autoloader\Autoloader.php(312): include_once('D:\\Projects\\KPS\\PHP\\MyUMKM\\Sub\\Regular\\CI4_Cores\\vendor\\codeigniter4\\framework\\system\\Debug\\Exceptions.php')
 2 SYSTEMPATH\Autoloader\Autoloader.php(289): CodeIgniter\Autoloader\Autoloader->includeFile('D:\\Projects\\KPS\\PHP\\MyUMKM\\Sub\\Regular\\DapurFirdaus\\app\\API\\V1\\APIV1Controller.php')
 3 SYSTEMPATH\Autoloader\Autoloader.php(267): CodeIgniter\Autoloader\Autoloader->loadInNamespace('App\\API\\V1\\APIV1Controller')
 4 APPPATH\API\V1\Catalog\Product\Category\Update.php(12): CodeIgniter\Autoloader\Autoloader->loadClass('App\\API\\V1\\APIV1Controller')
 5 SYSTEMPATH\Autoloader\Autoloader.php(312): include_once('D:\\Projects\\KPS\\PHP\\MyUMKM\\Sub\\Regular\\DapurFirdaus\\app\\API\\V1\\Catalog\\Product\\Category\\Update.php')
 6 SYSTEMPATH\Autoloader\Autoloader.php(289): CodeIgniter\Autoloader\Autoloader->includeFile('D:\\Projects\\KPS\\PHP\\MyUMKM\\Sub\\Regular\\DapurFirdaus\\app\\API\\V1\\Catalog\\Product\\Category\\Update.php')
 7 SYSTEMPATH\Autoloader\Autoloader.php(267): CodeIgniter\Autoloader\Autoloader->loadInNamespace('App\\API\\V1\\Catalog\\Product\\Category\\Update')
 8 [internal function]: CodeIgniter\Autoloader\Autoloader->loadClass('App\\API\\V1\\Catalog\\Product\\Category\\Update')
 9 SYSTEMPATH\CodeIgniter.php(892): class_exists('\\App\\API\\V1\\Catalog\\Product\\Category\\Update', true)
10 SYSTEMPATH\CodeIgniter.php(486): CodeIgniter\CodeIgniter->startController()
11 SYSTEMPATH\CodeIgniter.php(368): CodeIgniter\CodeIgniter->handleRequest(null, Object(Config\Cache), false)
12 FCPATH\index.php(70): CodeIgniter\CodeIgniter->run()
13 SYSTEMPATH\Commands\Server\rewrite.php(47): require_once('D:\\Projects\\KPS\\PHP\\MyUMKM\\Sub\\Regular\\DapurFirdaus\\public\\index.php')
WARNING - 2023-08-10 12:08:28 --> [DEPRECATED] Optional parameter $payload declared before required parameter $return is implicitly treated as a required parameter in APPPATH\API\V1\APIV1Controller.php on line 76.
 1 SYSTEMPATH\Autoloader\Autoloader.php(312): include_once('D:\\Projects\\KPS\\PHP\\MyUMKM\\Sub\\Regular\\CI4_Cores\\vendor\\codeigniter4\\framework\\system\\Debug\\Exceptions.php')
 2 SYSTEMPATH\Autoloader\Autoloader.php(289): CodeIgniter\Autoloader\Autoloader->includeFile('D:\\Projects\\KPS\\PHP\\MyUMKM\\Sub\\Regular\\DapurFirdaus\\app\\API\\V1\\APIV1Controller.php')
 3 SYSTEMPATH\Autoloader\Autoloader.php(267): CodeIgniter\Autoloader\Autoloader->loadInNamespace('App\\API\\V1\\APIV1Controller')
 4 APPPATH\API\V1\Catalog\Product\Category\Update.php(12): CodeIgniter\Autoloader\Autoloader->loadClass('App\\API\\V1\\APIV1Controller')
 5 SYSTEMPATH\Autoloader\Autoloader.php(312): include_once('D:\\Projects\\KPS\\PHP\\MyUMKM\\Sub\\Regular\\DapurFirdaus\\app\\API\\V1\\Catalog\\Product\\Category\\Update.php')
 6 SYSTEMPATH\Autoloader\Autoloader.php(289): CodeIgniter\Autoloader\Autoloader->includeFile('D:\\Projects\\KPS\\PHP\\MyUMKM\\Sub\\Regular\\DapurFirdaus\\app\\API\\V1\\Catalog\\Product\\Category\\Update.php')
 7 SYSTEMPATH\Autoloader\Autoloader.php(267): CodeIgniter\Autoloader\Autoloader->loadInNamespace('App\\API\\V1\\Catalog\\Product\\Category\\Update')
 8 [internal function]: CodeIgniter\Autoloader\Autoloader->loadClass('App\\API\\V1\\Catalog\\Product\\Category\\Update')
 9 SYSTEMPATH\CodeIgniter.php(892): class_exists('\\App\\API\\V1\\Catalog\\Product\\Category\\Update', true)
10 SYSTEMPATH\CodeIgniter.php(486): CodeIgniter\CodeIgniter->startController()
11 SYSTEMPATH\CodeIgniter.php(368): CodeIgniter\CodeIgniter->handleRequest(null, Object(Config\Cache), false)
12 FCPATH\index.php(70): CodeIgniter\CodeIgniter->run()
13 SYSTEMPATH\Commands\Server\rewrite.php(47): require_once('D:\\Projects\\KPS\\PHP\\MyUMKM\\Sub\\Regular\\DapurFirdaus\\public\\index.php')
WARNING - 2023-08-10 12:08:28 --> [DEPRECATED] Optional parameter $addon declared before required parameter $return is implicitly treated as a required parameter in APPPATH\API\V1\APIV1Controller.php on line 0.
 1 SYSTEMPATH\Autoloader\Autoloader.php(312): include_once('D:\\Projects\\KPS\\PHP\\MyUMKM\\Sub\\Regular\\CI4_Cores\\vendor\\codeigniter4\\framework\\system\\Debug\\Exceptions.php')
 2 SYSTEMPATH\Autoloader\Autoloader.php(289): CodeIgniter\Autoloader\Autoloader->includeFile('D:\\Projects\\KPS\\PHP\\MyUMKM\\Sub\\Regular\\DapurFirdaus\\app\\API\\V1\\APIV1Controller.php')
 3 SYSTEMPATH\Autoloader\Autoloader.php(267): CodeIgniter\Autoloader\Autoloader->loadInNamespace('App\\API\\V1\\APIV1Controller')
 4 APPPATH\API\V1\Catalog\Product\Category\Update.php(12): CodeIgniter\Autoloader\Autoloader->loadClass('App\\API\\V1\\APIV1Controller')
 5 SYSTEMPATH\Autoloader\Autoloader.php(312): include_once('D:\\Projects\\KPS\\PHP\\MyUMKM\\Sub\\Regular\\DapurFirdaus\\app\\API\\V1\\Catalog\\Product\\Category\\Update.php')
 6 SYSTEMPATH\Autoloader\Autoloader.php(289): CodeIgniter\Autoloader\Autoloader->includeFile('D:\\Projects\\KPS\\PHP\\MyUMKM\\Sub\\Regular\\DapurFirdaus\\app\\API\\V1\\Catalog\\Product\\Category\\Update.php')
 7 SYSTEMPATH\Autoloader\Autoloader.php(267): CodeIgniter\Autoloader\Autoloader->loadInNamespace('App\\API\\V1\\Catalog\\Product\\Category\\Update')
 8 [internal function]: CodeIgniter\Autoloader\Autoloader->loadClass('App\\API\\V1\\Catalog\\Product\\Category\\Update')
 9 SYSTEMPATH\CodeIgniter.php(892): class_exists('\\App\\API\\V1\\Catalog\\Product\\Category\\Update', true)
10 SYSTEMPATH\CodeIgniter.php(486): CodeIgniter\CodeIgniter->startController()
11 SYSTEMPATH\CodeIgniter.php(368): CodeIgniter\CodeIgniter->handleRequest(null, Object(Config\Cache), false)
12 FCPATH\index.php(70): CodeIgniter\CodeIgniter->run()
13 SYSTEMPATH\Commands\Server\rewrite.php(47): require_once('D:\\Projects\\KPS\\PHP\\MyUMKM\\Sub\\Regular\\DapurFirdaus\\public\\index.php')
CRITICAL - 2023-08-10 12:08:28 --> syntax error, unexpected token "{"
in APPPATH\API\Library\Image.php on line 293.
 1 SYSTEMPATH\Autoloader\Autoloader.php(289): CodeIgniter\Autoloader\Autoloader->includeFile('D:\\Projects\\KPS\\PHP\\MyUMKM\\Sub\\Regular\\DapurFirdaus\\app\\API\\Library\\Image.php')
 2 SYSTEMPATH\Autoloader\Autoloader.php(267): CodeIgniter\Autoloader\Autoloader->loadInNamespace('App\\API\\Library\\Image')
 3 APPPATH\API\V1\Catalog\Product\Category\Update.php(104): CodeIgniter\Autoloader\Autoloader->loadClass('App\\API\\Library\\Image')
 4 APPPATH\API\V1\Catalog\Product\Category\Update.php(73): App\API\V1\Catalog\Product\Category\Update->update()
 5 APPPATH\API\V1\Catalog\Product\Category\Update.php(61): App\API\V1\Catalog\Product\Category\Update->core()
 6 [internal function]: App\API\V1\Catalog\Product\Category\Update->App\API\V1\Catalog\Product\Category\{closure}([...], [...])
 7 APPPATH\API\V1\APIV1Controller.php(44): call_user_func(Object(Closure), [...], [...])
 8 [internal function]: App\API\V1\APIV1Controller->App\API\V1\{closure}()
 9 APPPATH\API\Library\Payload.php(137): call_user_func(Object(Closure))
10 APPPATH\API\V1\APIV1Controller.php(51): App\API\Library\Payload->validate()
11 APPPATH\API\V1\APIV1Controller.php(105): App\API\V1\APIV1Controller->payloadChecker()
12 APPPATH\Controllers\ControllerPreProcessor.php(204): App\API\V1\APIV1Controller->App\API\V1\{closure}([...])
13 APPPATH\API\V1\APIV1Controller.php(107): App\Controllers\ControllerPreProcessor->authHandler(Object(Closure), Object(Closure))
14 APPPATH\API\V1\APIV1Controller.php(65): App\API\V1\APIV1Controller->run()
15 APPPATH\API\V1\Catalog\Product\Category\Update.php(62): App\API\V1\APIV1Controller->setup([...], [...], Object(Closure))
16 SYSTEMPATH\CodeIgniter.php(934): App\API\V1\Catalog\Product\Category\Update->index('MQ==', 'MQ==')
17 SYSTEMPATH\CodeIgniter.php(499): CodeIgniter\CodeIgniter->runController(Object(App\API\V1\Catalog\Product\Category\Update))
18 SYSTEMPATH\CodeIgniter.php(368): CodeIgniter\CodeIgniter->handleRequest(null, Object(Config\Cache), false)
19 FCPATH\index.php(70): CodeIgniter\CodeIgniter->run()
20 SYSTEMPATH\Commands\Server\rewrite.php(47): require_once('D:\\Projects\\KPS\\PHP\\MyUMKM\\Sub\\Regular\\DapurFirdaus\\public\\index.php')
WARNING - 2023-08-10 12:08:33 --> [DEPRECATED] Optional parameter $payload declared before required parameter $return is implicitly treated as a required parameter in APPPATH\API\V1\APIV1Controller.php on line 76.
 1 SYSTEMPATH\Autoloader\Autoloader.php(312): include_once('D:\\Projects\\KPS\\PHP\\MyUMKM\\Sub\\Regular\\CI4_Cores\\vendor\\codeigniter4\\framework\\system\\Debug\\Exceptions.php')
 2 SYSTEMPATH\Autoloader\Autoloader.php(289): CodeIgniter\Autoloader\Autoloader->includeFile('D:\\Projects\\KPS\\PHP\\MyUMKM\\Sub\\Regular\\DapurFirdaus\\app\\API\\V1\\APIV1Controller.php')
 3 SYSTEMPATH\Autoloader\Autoloader.php(267): CodeIgniter\Autoloader\Autoloader->loadInNamespace('App\\API\\V1\\APIV1Controller')
 4 APPPATH\API\V1\Catalog\Product\Category\Update.php(12): CodeIgniter\Autoloader\Autoloader->loadClass('App\\API\\V1\\APIV1Controller')
 5 SYSTEMPATH\Autoloader\Autoloader.php(312): include_once('D:\\Projects\\KPS\\PHP\\MyUMKM\\Sub\\Regular\\DapurFirdaus\\app\\API\\V1\\Catalog\\Product\\Category\\Update.php')
 6 SYSTEMPATH\Autoloader\Autoloader.php(289): CodeIgniter\Autoloader\Autoloader->includeFile('D:\\Projects\\KPS\\PHP\\MyUMKM\\Sub\\Regular\\DapurFirdaus\\app\\API\\V1\\Catalog\\Product\\Category\\Update.php')
 7 SYSTEMPATH\Autoloader\Autoloader.php(267): CodeIgniter\Autoloader\Autoloader->loadInNamespace('App\\API\\V1\\Catalog\\Product\\Category\\Update')
 8 [internal function]: CodeIgniter\Autoloader\Autoloader->loadClass('App\\API\\V1\\Catalog\\Product\\Category\\Update')
 9 SYSTEMPATH\CodeIgniter.php(892): class_exists('\\App\\API\\V1\\Catalog\\Product\\Category\\Update', true)
10 SYSTEMPATH\CodeIgniter.php(486): CodeIgniter\CodeIgniter->startController()
11 SYSTEMPATH\CodeIgniter.php(368): CodeIgniter\CodeIgniter->handleRequest(null, Object(Config\Cache), false)
12 FCPATH\index.php(70): CodeIgniter\CodeIgniter->run()
13 SYSTEMPATH\Commands\Server\rewrite.php(47): require_once('D:\\Projects\\KPS\\PHP\\MyUMKM\\Sub\\Regular\\DapurFirdaus\\public\\index.php')
WARNING - 2023-08-10 12:08:33 --> [DEPRECATED] Optional parameter $addon declared before required parameter $return is implicitly treated as a required parameter in APPPATH\API\V1\APIV1Controller.php on line 0.
 1 SYSTEMPATH\Autoloader\Autoloader.php(312): include_once('D:\\Projects\\KPS\\PHP\\MyUMKM\\Sub\\Regular\\CI4_Cores\\vendor\\codeigniter4\\framework\\system\\Debug\\Exceptions.php')
 2 SYSTEMPATH\Autoloader\Autoloader.php(289): CodeIgniter\Autoloader\Autoloader->includeFile('D:\\Projects\\KPS\\PHP\\MyUMKM\\Sub\\Regular\\DapurFirdaus\\app\\API\\V1\\APIV1Controller.php')
 3 SYSTEMPATH\Autoloader\Autoloader.php(267): CodeIgniter\Autoloader\Autoloader->loadInNamespace('App\\API\\V1\\APIV1Controller')
 4 APPPATH\API\V1\Catalog\Product\Category\Update.php(12): CodeIgniter\Autoloader\Autoloader->loadClass('App\\API\\V1\\APIV1Controller')
 5 SYSTEMPATH\Autoloader\Autoloader.php(312): include_once('D:\\Projects\\KPS\\PHP\\MyUMKM\\Sub\\Regular\\DapurFirdaus\\app\\API\\V1\\Catalog\\Product\\Category\\Update.php')
 6 SYSTEMPATH\Autoloader\Autoloader.php(289): CodeIgniter\Autoloader\Autoloader->includeFile('D:\\Projects\\KPS\\PHP\\MyUMKM\\Sub\\Regular\\DapurFirdaus\\app\\API\\V1\\Catalog\\Product\\Category\\Update.php')
 7 SYSTEMPATH\Autoloader\Autoloader.php(267): CodeIgniter\Autoloader\Autoloader->loadInNamespace('App\\API\\V1\\Catalog\\Product\\Category\\Update')
 8 [internal function]: CodeIgniter\Autoloader\Autoloader->loadClass('App\\API\\V1\\Catalog\\Product\\Category\\Update')
 9 SYSTEMPATH\CodeIgniter.php(892): class_exists('\\App\\API\\V1\\Catalog\\Product\\Category\\Update', true)
10 SYSTEMPATH\CodeIgniter.php(486): CodeIgniter\CodeIgniter->startController()
11 SYSTEMPATH\CodeIgniter.php(368): CodeIgniter\CodeIgniter->handleRequest(null, Object(Config\Cache), false)
12 FCPATH\index.php(70): CodeIgniter\CodeIgniter->run()
13 SYSTEMPATH\Commands\Server\rewrite.php(47): require_once('D:\\Projects\\KPS\\PHP\\MyUMKM\\Sub\\Regular\\DapurFirdaus\\public\\index.php')
WARNING - 2023-08-10 12:10:10 --> [DEPRECATED] Optional parameter $payload declared before required parameter $return is implicitly treated as a required parameter in APPPATH\API\V1\APIV1Controller.php on line 76.
 1 SYSTEMPATH\Autoloader\Autoloader.php(312): include_once('D:\\Projects\\KPS\\PHP\\MyUMKM\\Sub\\Regular\\CI4_Cores\\vendor\\codeigniter4\\framework\\system\\Debug\\Exceptions.php')
 2 SYSTEMPATH\Autoloader\Autoloader.php(289): CodeIgniter\Autoloader\Autoloader->includeFile('D:\\Projects\\KPS\\PHP\\MyUMKM\\Sub\\Regular\\DapurFirdaus\\app\\API\\V1\\APIV1Controller.php')
 3 SYSTEMPATH\Autoloader\Autoloader.php(267): CodeIgniter\Autoloader\Autoloader->loadInNamespace('App\\API\\V1\\APIV1Controller')
 4 APPPATH\API\V1\Catalog\Product\Category\Update.php(12): CodeIgniter\Autoloader\Autoloader->loadClass('App\\API\\V1\\APIV1Controller')
 5 SYSTEMPATH\Autoloader\Autoloader.php(312): include_once('D:\\Projects\\KPS\\PHP\\MyUMKM\\Sub\\Regular\\DapurFirdaus\\app\\API\\V1\\Catalog\\Product\\Category\\Update.php')
 6 SYSTEMPATH\Autoloader\Autoloader.php(289): CodeIgniter\Autoloader\Autoloader->includeFile('D:\\Projects\\KPS\\PHP\\MyUMKM\\Sub\\Regular\\DapurFirdaus\\app\\API\\V1\\Catalog\\Product\\Category\\Update.php')
 7 SYSTEMPATH\Autoloader\Autoloader.php(267): CodeIgniter\Autoloader\Autoloader->loadInNamespace('App\\API\\V1\\Catalog\\Product\\Category\\Update')
 8 [internal function]: CodeIgniter\Autoloader\Autoloader->loadClass('App\\API\\V1\\Catalog\\Product\\Category\\Update')
 9 SYSTEMPATH\CodeIgniter.php(892): class_exists('\\App\\API\\V1\\Catalog\\Product\\Category\\Update', true)
10 SYSTEMPATH\CodeIgniter.php(486): CodeIgniter\CodeIgniter->startController()
11 SYSTEMPATH\CodeIgniter.php(368): CodeIgniter\CodeIgniter->handleRequest(null, Object(Config\Cache), false)
12 FCPATH\index.php(70): CodeIgniter\CodeIgniter->run()
13 SYSTEMPATH\Commands\Server\rewrite.php(47): require_once('D:\\Projects\\KPS\\PHP\\MyUMKM\\Sub\\Regular\\DapurFirdaus\\public\\index.php')
WARNING - 2023-08-10 12:10:10 --> [DEPRECATED] Optional parameter $addon declared before required parameter $return is implicitly treated as a required parameter in APPPATH\API\V1\APIV1Controller.php on line 0.
 1 SYSTEMPATH\Autoloader\Autoloader.php(312): include_once('D:\\Projects\\KPS\\PHP\\MyUMKM\\Sub\\Regular\\CI4_Cores\\vendor\\codeigniter4\\framework\\system\\Debug\\Exceptions.php')
 2 SYSTEMPATH\Autoloader\Autoloader.php(289): CodeIgniter\Autoloader\Autoloader->includeFile('D:\\Projects\\KPS\\PHP\\MyUMKM\\Sub\\Regular\\DapurFirdaus\\app\\API\\V1\\APIV1Controller.php')
 3 SYSTEMPATH\Autoloader\Autoloader.php(267): CodeIgniter\Autoloader\Autoloader->loadInNamespace('App\\API\\V1\\APIV1Controller')
 4 APPPATH\API\V1\Catalog\Product\Category\Update.php(12): CodeIgniter\Autoloader\Autoloader->loadClass('App\\API\\V1\\APIV1Controller')
 5 SYSTEMPATH\Autoloader\Autoloader.php(312): include_once('D:\\Projects\\KPS\\PHP\\MyUMKM\\Sub\\Regular\\DapurFirdaus\\app\\API\\V1\\Catalog\\Product\\Category\\Update.php')
 6 SYSTEMPATH\Autoloader\Autoloader.php(289): CodeIgniter\Autoloader\Autoloader->includeFile('D:\\Projects\\KPS\\PHP\\MyUMKM\\Sub\\Regular\\DapurFirdaus\\app\\API\\V1\\Catalog\\Product\\Category\\Update.php')
 7 SYSTEMPATH\Autoloader\Autoloader.php(267): CodeIgniter\Autoloader\Autoloader->loadInNamespace('App\\API\\V1\\Catalog\\Product\\Category\\Update')
 8 [internal function]: CodeIgniter\Autoloader\Autoloader->loadClass('App\\API\\V1\\Catalog\\Product\\Category\\Update')
 9 SYSTEMPATH\CodeIgniter.php(892): class_exists('\\App\\API\\V1\\Catalog\\Product\\Category\\Update', true)
10 SYSTEMPATH\CodeIgniter.php(486): CodeIgniter\CodeIgniter->startController()
11 SYSTEMPATH\CodeIgniter.php(368): CodeIgniter\CodeIgniter->handleRequest(null, Object(Config\Cache), false)
12 FCPATH\index.php(70): CodeIgniter\CodeIgniter->run()
13 SYSTEMPATH\Commands\Server\rewrite.php(47): require_once('D:\\Projects\\KPS\\PHP\\MyUMKM\\Sub\\Regular\\DapurFirdaus\\public\\index.php')
CRITICAL - 2023-08-10 12:10:10 --> Failed to create directory "230810" in 
in APPPATH\API\Library\Image.php on line 119.
 1 APPPATH\API\V1\Catalog\Product\Category\Update.php(106): App\API\Library\Image->directoryTarget('230810')
 2 APPPATH\API\V1\Catalog\Product\Category\Update.php(73): App\API\V1\Catalog\Product\Category\Update->update()
 3 APPPATH\API\V1\Catalog\Product\Category\Update.php(61): App\API\V1\Catalog\Product\Category\Update->core()
 4 [internal function]: App\API\V1\Catalog\Product\Category\Update->App\API\V1\Catalog\Product\Category\{closure}([...], [...])
 5 APPPATH\API\V1\APIV1Controller.php(44): call_user_func(Object(Closure), [...], [...])
 6 [internal function]: App\API\V1\APIV1Controller->App\API\V1\{closure}()
 7 APPPATH\API\Library\Payload.php(137): call_user_func(Object(Closure))
 8 APPPATH\API\V1\APIV1Controller.php(51): App\API\Library\Payload->validate()
 9 APPPATH\API\V1\APIV1Controller.php(105): App\API\V1\APIV1Controller->payloadChecker()
10 APPPATH\Controllers\ControllerPreProcessor.php(204): App\API\V1\APIV1Controller->App\API\V1\{closure}([...])
11 APPPATH\API\V1\APIV1Controller.php(107): App\Controllers\ControllerPreProcessor->authHandler(Object(Closure), Object(Closure))
12 APPPATH\API\V1\APIV1Controller.php(65): App\API\V1\APIV1Controller->run()
13 APPPATH\API\V1\Catalog\Product\Category\Update.php(62): App\API\V1\APIV1Controller->setup([...], [...], Object(Closure))
14 SYSTEMPATH\CodeIgniter.php(934): App\API\V1\Catalog\Product\Category\Update->index('MQ==', 'MQ==')
15 SYSTEMPATH\CodeIgniter.php(499): CodeIgniter\CodeIgniter->runController(Object(App\API\V1\Catalog\Product\Category\Update))
16 SYSTEMPATH\CodeIgniter.php(368): CodeIgniter\CodeIgniter->handleRequest(null, Object(Config\Cache), false)
17 FCPATH\index.php(70): CodeIgniter\CodeIgniter->run()
18 SYSTEMPATH\Commands\Server\rewrite.php(47): require_once('D:\\Projects\\KPS\\PHP\\MyUMKM\\Sub\\Regular\\DapurFirdaus\\public\\index.php')
WARNING - 2023-08-10 12:11:31 --> [DEPRECATED] Optional parameter $payload declared before required parameter $return is implicitly treated as a required parameter in APPPATH\API\V1\APIV1Controller.php on line 76.
 1 SYSTEMPATH\Autoloader\Autoloader.php(312): include_once('D:\\Projects\\KPS\\PHP\\MyUMKM\\Sub\\Regular\\CI4_Cores\\vendor\\codeigniter4\\framework\\system\\Debug\\Exceptions.php')
 2 SYSTEMPATH\Autoloader\Autoloader.php(289): CodeIgniter\Autoloader\Autoloader->includeFile('D:\\Projects\\KPS\\PHP\\MyUMKM\\Sub\\Regular\\DapurFirdaus\\app\\API\\V1\\APIV1Controller.php')
 3 SYSTEMPATH\Autoloader\Autoloader.php(267): CodeIgniter\Autoloader\Autoloader->loadInNamespace('App\\API\\V1\\APIV1Controller')
 4 APPPATH\API\V1\Catalog\Product\Category\Update.php(12): CodeIgniter\Autoloader\Autoloader->loadClass('App\\API\\V1\\APIV1Controller')
 5 SYSTEMPATH\Autoloader\Autoloader.php(312): include_once('D:\\Projects\\KPS\\PHP\\MyUMKM\\Sub\\Regular\\DapurFirdaus\\app\\API\\V1\\Catalog\\Product\\Category\\Update.php')
 6 SYSTEMPATH\Autoloader\Autoloader.php(289): CodeIgniter\Autoloader\Autoloader->includeFile('D:\\Projects\\KPS\\PHP\\MyUMKM\\Sub\\Regular\\DapurFirdaus\\app\\API\\V1\\Catalog\\Product\\Category\\Update.php')
 7 SYSTEMPATH\Autoloader\Autoloader.php(267): CodeIgniter\Autoloader\Autoloader->loadInNamespace('App\\API\\V1\\Catalog\\Product\\Category\\Update')
 8 [internal function]: CodeIgniter\Autoloader\Autoloader->loadClass('App\\API\\V1\\Catalog\\Product\\Category\\Update')
 9 SYSTEMPATH\CodeIgniter.php(892): class_exists('\\App\\API\\V1\\Catalog\\Product\\Category\\Update', true)
10 SYSTEMPATH\CodeIgniter.php(486): CodeIgniter\CodeIgniter->startController()
11 SYSTEMPATH\CodeIgniter.php(368): CodeIgniter\CodeIgniter->handleRequest(null, Object(Config\Cache), false)
12 FCPATH\index.php(70): CodeIgniter\CodeIgniter->run()
13 SYSTEMPATH\Commands\Server\rewrite.php(47): require_once('D:\\Projects\\KPS\\PHP\\MyUMKM\\Sub\\Regular\\DapurFirdaus\\public\\index.php')
WARNING - 2023-08-10 12:11:31 --> [DEPRECATED] Optional parameter $addon declared before required parameter $return is implicitly treated as a required parameter in APPPATH\API\V1\APIV1Controller.php on line 0.
 1 SYSTEMPATH\Autoloader\Autoloader.php(312): include_once('D:\\Projects\\KPS\\PHP\\MyUMKM\\Sub\\Regular\\CI4_Cores\\vendor\\codeigniter4\\framework\\system\\Debug\\Exceptions.php')
 2 SYSTEMPATH\Autoloader\Autoloader.php(289): CodeIgniter\Autoloader\Autoloader->includeFile('D:\\Projects\\KPS\\PHP\\MyUMKM\\Sub\\Regular\\DapurFirdaus\\app\\API\\V1\\APIV1Controller.php')
 3 SYSTEMPATH\Autoloader\Autoloader.php(267): CodeIgniter\Autoloader\Autoloader->loadInNamespace('App\\API\\V1\\APIV1Controller')
 4 APPPATH\API\V1\Catalog\Product\Category\Update.php(12): CodeIgniter\Autoloader\Autoloader->loadClass('App\\API\\V1\\APIV1Controller')
 5 SYSTEMPATH\Autoloader\Autoloader.php(312): include_once('D:\\Projects\\KPS\\PHP\\MyUMKM\\Sub\\Regular\\DapurFirdaus\\app\\API\\V1\\Catalog\\Product\\Category\\Update.php')
 6 SYSTEMPATH\Autoloader\Autoloader.php(289): CodeIgniter\Autoloader\Autoloader->includeFile('D:\\Projects\\KPS\\PHP\\MyUMKM\\Sub\\Regular\\DapurFirdaus\\app\\API\\V1\\Catalog\\Product\\Category\\Update.php')
 7 SYSTEMPATH\Autoloader\Autoloader.php(267): CodeIgniter\Autoloader\Autoloader->loadInNamespace('App\\API\\V1\\Catalog\\Product\\Category\\Update')
 8 [internal function]: CodeIgniter\Autoloader\Autoloader->loadClass('App\\API\\V1\\Catalog\\Product\\Category\\Update')
 9 SYSTEMPATH\CodeIgniter.php(892): class_exists('\\App\\API\\V1\\Catalog\\Product\\Category\\Update', true)
10 SYSTEMPATH\CodeIgniter.php(486): CodeIgniter\CodeIgniter->startController()
11 SYSTEMPATH\CodeIgniter.php(368): CodeIgniter\CodeIgniter->handleRequest(null, Object(Config\Cache), false)
12 FCPATH\index.php(70): CodeIgniter\CodeIgniter->run()
13 SYSTEMPATH\Commands\Server\rewrite.php(47): require_once('D:\\Projects\\KPS\\PHP\\MyUMKM\\Sub\\Regular\\DapurFirdaus\\public\\index.php')
