CRITICAL - 2023-07-22 19:04:28 --> Undefined property: CodeIgniter\HTTP\Response::$auth
in APPPATH\Controllers\Admin\Control\Dashboard.php on line 49.
 1 APPPATH\Controllers\Admin\Control\Dashboard.php(49): CodeIgniter\Debug\Exceptions->errorHandler(2, 'Undefined property: CodeIgniter\\HTTP\\Response::$auth', 'D:\\Projects\\KPS\\PHP\\MyUMKM\\Sub\\DapurFirdaus\\app\\Controllers\\Admin\\Control\\Dashboard.php', 49)
 2 SYSTEMPATH\CodeIgniter.php(934): App\Controllers\Admin\Control\Dashboard->index()
 3 SYSTEMPATH\CodeIgniter.php(499): CodeIgniter\CodeIgniter->runController(Object(App\Controllers\Admin\Control\Dashboard))
 4 SYSTEMPATH\CodeIgniter.php(368): CodeIgniter\CodeIgniter->handleRequest(null, Object(Config\Cache), false)
 5 FCPATH\index.php(70): CodeIgniter\CodeIgniter->run()
 6 SYSTEMPATH\Commands\Server\rewrite.php(47): require_once('D:\\Projects\\KPS\\PHP\\MyUMKM\\Sub\\DapurFirdaus\\public\\index.php')
CRITICAL - 2023-07-22 19:04:38 --> Undefined variable $data
in APPPATH\Controllers\Admin\Control\Dashboard.php on line 52.
 1 APPPATH\Controllers\Admin\Control\Dashboard.php(52): CodeIgniter\Debug\Exceptions->errorHandler(2, 'Undefined variable $data', 'D:\\Projects\\KPS\\PHP\\MyUMKM\\Sub\\DapurFirdaus\\app\\Controllers\\Admin\\Control\\Dashboard.php', 52)
 2 SYSTEMPATH\CodeIgniter.php(934): App\Controllers\Admin\Control\Dashboard->index()
 3 SYSTEMPATH\CodeIgniter.php(499): CodeIgniter\CodeIgniter->runController(Object(App\Controllers\Admin\Control\Dashboard))
 4 SYSTEMPATH\CodeIgniter.php(368): CodeIgniter\CodeIgniter->handleRequest(null, Object(Config\Cache), false)
 5 FCPATH\index.php(70): CodeIgniter\CodeIgniter->run()
 6 SYSTEMPATH\Commands\Server\rewrite.php(47): require_once('D:\\Projects\\KPS\\PHP\\MyUMKM\\Sub\\DapurFirdaus\\public\\index.php')
CRITICAL - 2023-07-22 19:06:13 --> Object of class stdClass could not be converted to string
in APPPATH\Views\_admin\control\dashboard\body.php on line 3.
 1 APPPATH\Views\_admin\control\dashboard\index.php(22): include()
 2 SYSTEMPATH\View\View.php(213): include('D:\\Projects\\KPS\\PHP\\MyUMKM\\Sub\\DapurFirdaus\\app\\Views\\_admin\\control\\dashboard\\index.php')
 3 SYSTEMPATH\View\View.php(216): CodeIgniter\View\View->CodeIgniter\View\{closure}()
 4 SYSTEMPATH\Common.php(1184): CodeIgniter\View\View->render('_admin/control/dashboard/index', [], true)
 5 APPPATH\Controllers\ControllerPreProcessor.php(142): view('_admin/control/dashboard/index', [...])
 6 APPPATH\Controllers\Admin\AdminController.php(75): App\Controllers\ControllerPreProcessor->view('control/dashboard/index')
 7 APPPATH\Controllers\ControllerPreProcessor.php(207): App\Controllers\Admin\AdminController->App\Controllers\Admin\{closure}([...])
 8 APPPATH\Controllers\Admin\AdminController.php(82): App\Controllers\ControllerPreProcessor->authHandler(Object(Closure), Object(Closure), [...], [...])
 9 APPPATH\Controllers\Admin\Control\Dashboard.php(52): App\Controllers\Admin\AdminController->viewPage('control/dashboard/index', [...])
10 SYSTEMPATH\CodeIgniter.php(934): App\Controllers\Admin\Control\Dashboard->index()
11 SYSTEMPATH\CodeIgniter.php(499): CodeIgniter\CodeIgniter->runController(Object(App\Controllers\Admin\Control\Dashboard))
12 SYSTEMPATH\CodeIgniter.php(368): CodeIgniter\CodeIgniter->handleRequest(null, Object(Config\Cache), false)
13 FCPATH\index.php(70): CodeIgniter\CodeIgniter->run()
14 SYSTEMPATH\Commands\Server\rewrite.php(47): require_once('D:\\Projects\\KPS\\PHP\\MyUMKM\\Sub\\DapurFirdaus\\public\\index.php')
CRITICAL - 2023-07-22 19:08:04 --> Object of class stdClass could not be converted to string
in APPPATH\Views\_admin\control\dashboard\body.php on line 3.
 1 APPPATH\Views\_admin\control\dashboard\index.php(22): include()
 2 SYSTEMPATH\View\View.php(213): include('D:\\Projects\\KPS\\PHP\\MyUMKM\\Sub\\DapurFirdaus\\app\\Views\\_admin\\control\\dashboard\\index.php')
 3 SYSTEMPATH\View\View.php(216): CodeIgniter\View\View->CodeIgniter\View\{closure}()
 4 SYSTEMPATH\Common.php(1184): CodeIgniter\View\View->render('_admin/control/dashboard/index', [], true)
 5 APPPATH\Controllers\ControllerPreProcessor.php(144): view('_admin/control/dashboard/index', [...])
 6 APPPATH\Controllers\Admin\AdminController.php(75): App\Controllers\ControllerPreProcessor->view('control/dashboard/index')
 7 APPPATH\Controllers\ControllerPreProcessor.php(209): App\Controllers\Admin\AdminController->App\Controllers\Admin\{closure}([...])
 8 APPPATH\Controllers\Admin\AdminController.php(82): App\Controllers\ControllerPreProcessor->authHandler(Object(Closure), Object(Closure), [...], [...])
 9 APPPATH\Controllers\Admin\Control\Dashboard.php(52): App\Controllers\Admin\AdminController->viewPage('control/dashboard/index', [...])
10 SYSTEMPATH\CodeIgniter.php(934): App\Controllers\Admin\Control\Dashboard->index()
11 SYSTEMPATH\CodeIgniter.php(499): CodeIgniter\CodeIgniter->runController(Object(App\Controllers\Admin\Control\Dashboard))
12 SYSTEMPATH\CodeIgniter.php(368): CodeIgniter\CodeIgniter->handleRequest(null, Object(Config\Cache), false)
13 FCPATH\index.php(70): CodeIgniter\CodeIgniter->run()
14 SYSTEMPATH\Commands\Server\rewrite.php(47): require_once('D:\\Projects\\KPS\\PHP\\MyUMKM\\Sub\\DapurFirdaus\\public\\index.php')
CRITICAL - 2023-07-22 19:08:32 --> Cannot use object of type stdClass as array
in APPPATH\Controllers\Admin\Control\Dashboard.php on line 49.
 1 SYSTEMPATH\CodeIgniter.php(934): App\Controllers\Admin\Control\Dashboard->index()
 2 SYSTEMPATH\CodeIgniter.php(499): CodeIgniter\CodeIgniter->runController(Object(App\Controllers\Admin\Control\Dashboard))
 3 SYSTEMPATH\CodeIgniter.php(368): CodeIgniter\CodeIgniter->handleRequest(null, Object(Config\Cache), false)
 4 FCPATH\index.php(70): CodeIgniter\CodeIgniter->run()
 5 SYSTEMPATH\Commands\Server\rewrite.php(47): require_once('D:\\Projects\\KPS\\PHP\\MyUMKM\\Sub\\DapurFirdaus\\public\\index.php')
CRITICAL - 2023-07-22 19:08:43 --> Cannot use object of type stdClass as array
in APPPATH\Controllers\Admin\Control\Dashboard.php on line 49.
 1 SYSTEMPATH\CodeIgniter.php(934): App\Controllers\Admin\Control\Dashboard->index()
 2 SYSTEMPATH\CodeIgniter.php(499): CodeIgniter\CodeIgniter->runController(Object(App\Controllers\Admin\Control\Dashboard))
 3 SYSTEMPATH\CodeIgniter.php(368): CodeIgniter\CodeIgniter->handleRequest(null, Object(Config\Cache), false)
 4 FCPATH\index.php(70): CodeIgniter\CodeIgniter->run()
 5 SYSTEMPATH\Commands\Server\rewrite.php(47): require_once('D:\\Projects\\KPS\\PHP\\MyUMKM\\Sub\\DapurFirdaus\\public\\index.php')
CRITICAL - 2023-07-22 19:08:58 --> Undefined property: stdClass::$username
in APPPATH\Controllers\Admin\Control\Dashboard.php on line 49.
 1 APPPATH\Controllers\Admin\Control\Dashboard.php(49): CodeIgniter\Debug\Exceptions->errorHandler(2, 'Undefined property: stdClass::$username', 'D:\\Projects\\KPS\\PHP\\MyUMKM\\Sub\\DapurFirdaus\\app\\Controllers\\Admin\\Control\\Dashboard.php', 49)
 2 SYSTEMPATH\CodeIgniter.php(934): App\Controllers\Admin\Control\Dashboard->index()
 3 SYSTEMPATH\CodeIgniter.php(499): CodeIgniter\CodeIgniter->runController(Object(App\Controllers\Admin\Control\Dashboard))
 4 SYSTEMPATH\CodeIgniter.php(368): CodeIgniter\CodeIgniter->handleRequest(null, Object(Config\Cache), false)
 5 FCPATH\index.php(70): CodeIgniter\CodeIgniter->run()
 6 SYSTEMPATH\Commands\Server\rewrite.php(47): require_once('D:\\Projects\\KPS\\PHP\\MyUMKM\\Sub\\DapurFirdaus\\public\\index.php')
CRITICAL - 2023-07-22 19:09:04 --> Undefined property: stdClass::$username
in APPPATH\Controllers\Admin\Control\Dashboard.php on line 51.
 1 APPPATH\Controllers\Admin\Control\Dashboard.php(51): CodeIgniter\Debug\Exceptions->errorHandler(2, 'Undefined property: stdClass::$username', 'D:\\Projects\\KPS\\PHP\\MyUMKM\\Sub\\DapurFirdaus\\app\\Controllers\\Admin\\Control\\Dashboard.php', 51)
 2 SYSTEMPATH\CodeIgniter.php(934): App\Controllers\Admin\Control\Dashboard->index()
 3 SYSTEMPATH\CodeIgniter.php(499): CodeIgniter\CodeIgniter->runController(Object(App\Controllers\Admin\Control\Dashboard))
 4 SYSTEMPATH\CodeIgniter.php(368): CodeIgniter\CodeIgniter->handleRequest(null, Object(Config\Cache), false)
 5 FCPATH\index.php(70): CodeIgniter\CodeIgniter->run()
 6 SYSTEMPATH\Commands\Server\rewrite.php(47): require_once('D:\\Projects\\KPS\\PHP\\MyUMKM\\Sub\\DapurFirdaus\\public\\index.php')
CRITICAL - 2023-07-22 19:09:20 --> Undefined variable $data
in APPPATH\Controllers\Admin\Control\Dashboard.php on line 54.
 1 APPPATH\Controllers\Admin\Control\Dashboard.php(54): CodeIgniter\Debug\Exceptions->errorHandler(2, 'Undefined variable $data', 'D:\\Projects\\KPS\\PHP\\MyUMKM\\Sub\\DapurFirdaus\\app\\Controllers\\Admin\\Control\\Dashboard.php', 54)
 2 SYSTEMPATH\CodeIgniter.php(934): App\Controllers\Admin\Control\Dashboard->index()
 3 SYSTEMPATH\CodeIgniter.php(499): CodeIgniter\CodeIgniter->runController(Object(App\Controllers\Admin\Control\Dashboard))
 4 SYSTEMPATH\CodeIgniter.php(368): CodeIgniter\CodeIgniter->handleRequest(null, Object(Config\Cache), false)
 5 FCPATH\index.php(70): CodeIgniter\CodeIgniter->run()
 6 SYSTEMPATH\Commands\Server\rewrite.php(47): require_once('D:\\Projects\\KPS\\PHP\\MyUMKM\\Sub\\DapurFirdaus\\public\\index.php')
CRITICAL - 2023-07-22 19:09:21 --> Undefined variable $data
in APPPATH\Controllers\Admin\Control\Dashboard.php on line 54.
 1 APPPATH\Controllers\Admin\Control\Dashboard.php(54): CodeIgniter\Debug\Exceptions->errorHandler(2, 'Undefined variable $data', 'D:\\Projects\\KPS\\PHP\\MyUMKM\\Sub\\DapurFirdaus\\app\\Controllers\\Admin\\Control\\Dashboard.php', 54)
 2 SYSTEMPATH\CodeIgniter.php(934): App\Controllers\Admin\Control\Dashboard->index()
 3 SYSTEMPATH\CodeIgniter.php(499): CodeIgniter\CodeIgniter->runController(Object(App\Controllers\Admin\Control\Dashboard))
 4 SYSTEMPATH\CodeIgniter.php(368): CodeIgniter\CodeIgniter->handleRequest(null, Object(Config\Cache), false)
 5 FCPATH\index.php(70): CodeIgniter\CodeIgniter->run()
 6 SYSTEMPATH\Commands\Server\rewrite.php(47): require_once('D:\\Projects\\KPS\\PHP\\MyUMKM\\Sub\\DapurFirdaus\\public\\index.php')
CRITICAL - 2023-07-22 19:09:22 --> Undefined variable $data
in APPPATH\Controllers\Admin\Control\Dashboard.php on line 54.
 1 APPPATH\Controllers\Admin\Control\Dashboard.php(54): CodeIgniter\Debug\Exceptions->errorHandler(2, 'Undefined variable $data', 'D:\\Projects\\KPS\\PHP\\MyUMKM\\Sub\\DapurFirdaus\\app\\Controllers\\Admin\\Control\\Dashboard.php', 54)
 2 SYSTEMPATH\CodeIgniter.php(934): App\Controllers\Admin\Control\Dashboard->index()
 3 SYSTEMPATH\CodeIgniter.php(499): CodeIgniter\CodeIgniter->runController(Object(App\Controllers\Admin\Control\Dashboard))
 4 SYSTEMPATH\CodeIgniter.php(368): CodeIgniter\CodeIgniter->handleRequest(null, Object(Config\Cache), false)
 5 FCPATH\index.php(70): CodeIgniter\CodeIgniter->run()
 6 SYSTEMPATH\Commands\Server\rewrite.php(47): require_once('D:\\Projects\\KPS\\PHP\\MyUMKM\\Sub\\DapurFirdaus\\public\\index.php')
CRITICAL - 2023-07-22 19:09:43 --> Undefined constant "App\Controllers\Admin\Control\decode"
in APPPATH\Controllers\Admin\Control\Dashboard.php on line 49.
 1 SYSTEMPATH\CodeIgniter.php(934): App\Controllers\Admin\Control\Dashboard->index()
 2 SYSTEMPATH\CodeIgniter.php(499): CodeIgniter\CodeIgniter->runController(Object(App\Controllers\Admin\Control\Dashboard))
 3 SYSTEMPATH\CodeIgniter.php(368): CodeIgniter\CodeIgniter->handleRequest(null, Object(Config\Cache), false)
 4 FCPATH\index.php(70): CodeIgniter\CodeIgniter->run()
 5 SYSTEMPATH\Commands\Server\rewrite.php(47): require_once('D:\\Projects\\KPS\\PHP\\MyUMKM\\Sub\\DapurFirdaus\\public\\index.php')
CRITICAL - 2023-07-22 19:10:56 --> Undefined variable $data
in APPPATH\Controllers\Admin\Control\Dashboard.php on line 54.
 1 APPPATH\Controllers\Admin\Control\Dashboard.php(54): CodeIgniter\Debug\Exceptions->errorHandler(2, 'Undefined variable $data', 'D:\\Projects\\KPS\\PHP\\MyUMKM\\Sub\\DapurFirdaus\\app\\Controllers\\Admin\\Control\\Dashboard.php', 54)
 2 SYSTEMPATH\CodeIgniter.php(934): App\Controllers\Admin\Control\Dashboard->index()
 3 SYSTEMPATH\CodeIgniter.php(499): CodeIgniter\CodeIgniter->runController(Object(App\Controllers\Admin\Control\Dashboard))
 4 SYSTEMPATH\CodeIgniter.php(368): CodeIgniter\CodeIgniter->handleRequest(null, Object(Config\Cache), false)
 5 FCPATH\index.php(70): CodeIgniter\CodeIgniter->run()
 6 SYSTEMPATH\Commands\Server\rewrite.php(47): require_once('D:\\Projects\\KPS\\PHP\\MyUMKM\\Sub\\DapurFirdaus\\public\\index.php')
CRITICAL - 2023-07-22 19:11:23 --> Undefined variable $data
in APPPATH\Controllers\Admin\Control\Dashboard.php on line 54.
 1 APPPATH\Controllers\Admin\Control\Dashboard.php(54): CodeIgniter\Debug\Exceptions->errorHandler(2, 'Undefined variable $data', 'D:\\Projects\\KPS\\PHP\\MyUMKM\\Sub\\DapurFirdaus\\app\\Controllers\\Admin\\Control\\Dashboard.php', 54)
 2 SYSTEMPATH\CodeIgniter.php(934): App\Controllers\Admin\Control\Dashboard->index()
 3 SYSTEMPATH\CodeIgniter.php(499): CodeIgniter\CodeIgniter->runController(Object(App\Controllers\Admin\Control\Dashboard))
 4 SYSTEMPATH\CodeIgniter.php(368): CodeIgniter\CodeIgniter->handleRequest(null, Object(Config\Cache), false)
 5 FCPATH\index.php(70): CodeIgniter\CodeIgniter->run()
 6 SYSTEMPATH\Commands\Server\rewrite.php(47): require_once('D:\\Projects\\KPS\\PHP\\MyUMKM\\Sub\\DapurFirdaus\\public\\index.php')
CRITICAL - 2023-07-22 19:11:32 --> Undefined array key "username"
in APPPATH\Controllers\Admin\Control\Dashboard.php on line 49.
 1 APPPATH\Controllers\Admin\Control\Dashboard.php(49): CodeIgniter\Debug\Exceptions->errorHandler(2, 'Undefined array key "username"', 'D:\\Projects\\KPS\\PHP\\MyUMKM\\Sub\\DapurFirdaus\\app\\Controllers\\Admin\\Control\\Dashboard.php', 49)
 2 SYSTEMPATH\CodeIgniter.php(934): App\Controllers\Admin\Control\Dashboard->index()
 3 SYSTEMPATH\CodeIgniter.php(499): CodeIgniter\CodeIgniter->runController(Object(App\Controllers\Admin\Control\Dashboard))
 4 SYSTEMPATH\CodeIgniter.php(368): CodeIgniter\CodeIgniter->handleRequest(null, Object(Config\Cache), false)
 5 FCPATH\index.php(70): CodeIgniter\CodeIgniter->run()
 6 SYSTEMPATH\Commands\Server\rewrite.php(47): require_once('D:\\Projects\\KPS\\PHP\\MyUMKM\\Sub\\DapurFirdaus\\public\\index.php')
CRITICAL - 2023-07-22 19:11:51 --> Undefined array key "username"
in APPPATH\Controllers\Admin\Control\Dashboard.php on line 49.
 1 APPPATH\Controllers\Admin\Control\Dashboard.php(49): CodeIgniter\Debug\Exceptions->errorHandler(2, 'Undefined array key "username"', 'D:\\Projects\\KPS\\PHP\\MyUMKM\\Sub\\DapurFirdaus\\app\\Controllers\\Admin\\Control\\Dashboard.php', 49)
 2 SYSTEMPATH\CodeIgniter.php(934): App\Controllers\Admin\Control\Dashboard->index()
 3 SYSTEMPATH\CodeIgniter.php(499): CodeIgniter\CodeIgniter->runController(Object(App\Controllers\Admin\Control\Dashboard))
 4 SYSTEMPATH\CodeIgniter.php(368): CodeIgniter\CodeIgniter->handleRequest(null, Object(Config\Cache), false)
 5 FCPATH\index.php(70): CodeIgniter\CodeIgniter->run()
 6 SYSTEMPATH\Commands\Server\rewrite.php(47): require_once('D:\\Projects\\KPS\\PHP\\MyUMKM\\Sub\\DapurFirdaus\\public\\index.php')
CRITICAL - 2023-07-22 19:12:05 --> Undefined array key "username"
in APPPATH\Controllers\Admin\Control\Dashboard.php on line 49.
 1 APPPATH\Controllers\Admin\Control\Dashboard.php(49): CodeIgniter\Debug\Exceptions->errorHandler(2, 'Undefined array key "username"', 'D:\\Projects\\KPS\\PHP\\MyUMKM\\Sub\\DapurFirdaus\\app\\Controllers\\Admin\\Control\\Dashboard.php', 49)
 2 SYSTEMPATH\CodeIgniter.php(934): App\Controllers\Admin\Control\Dashboard->index()
 3 SYSTEMPATH\CodeIgniter.php(499): CodeIgniter\CodeIgniter->runController(Object(App\Controllers\Admin\Control\Dashboard))
 4 SYSTEMPATH\CodeIgniter.php(368): CodeIgniter\CodeIgniter->handleRequest(null, Object(Config\Cache), false)
 5 FCPATH\index.php(70): CodeIgniter\CodeIgniter->run()
 6 SYSTEMPATH\Commands\Server\rewrite.php(47): require_once('D:\\Projects\\KPS\\PHP\\MyUMKM\\Sub\\DapurFirdaus\\public\\index.php')
CRITICAL - 2023-07-22 19:12:14 --> Undefined variable $data
in APPPATH\Controllers\Admin\Control\Dashboard.php on line 54.
 1 APPPATH\Controllers\Admin\Control\Dashboard.php(54): CodeIgniter\Debug\Exceptions->errorHandler(2, 'Undefined variable $data', 'D:\\Projects\\KPS\\PHP\\MyUMKM\\Sub\\DapurFirdaus\\app\\Controllers\\Admin\\Control\\Dashboard.php', 54)
 2 SYSTEMPATH\CodeIgniter.php(934): App\Controllers\Admin\Control\Dashboard->index()
 3 SYSTEMPATH\CodeIgniter.php(499): CodeIgniter\CodeIgniter->runController(Object(App\Controllers\Admin\Control\Dashboard))
 4 SYSTEMPATH\CodeIgniter.php(368): CodeIgniter\CodeIgniter->handleRequest(null, Object(Config\Cache), false)
 5 FCPATH\index.php(70): CodeIgniter\CodeIgniter->run()
 6 SYSTEMPATH\Commands\Server\rewrite.php(47): require_once('D:\\Projects\\KPS\\PHP\\MyUMKM\\Sub\\DapurFirdaus\\public\\index.php')
CRITICAL - 2023-07-22 19:12:39 --> Undefined property: stdClass::$username
in APPPATH\Controllers\Admin\Control\Dashboard.php on line 49.
 1 APPPATH\Controllers\Admin\Control\Dashboard.php(49): CodeIgniter\Debug\Exceptions->errorHandler(2, 'Undefined property: stdClass::$username', 'D:\\Projects\\KPS\\PHP\\MyUMKM\\Sub\\DapurFirdaus\\app\\Controllers\\Admin\\Control\\Dashboard.php', 49)
 2 SYSTEMPATH\CodeIgniter.php(934): App\Controllers\Admin\Control\Dashboard->index()
 3 SYSTEMPATH\CodeIgniter.php(499): CodeIgniter\CodeIgniter->runController(Object(App\Controllers\Admin\Control\Dashboard))
 4 SYSTEMPATH\CodeIgniter.php(368): CodeIgniter\CodeIgniter->handleRequest(null, Object(Config\Cache), false)
 5 FCPATH\index.php(70): CodeIgniter\CodeIgniter->run()
 6 SYSTEMPATH\Commands\Server\rewrite.php(47): require_once('D:\\Projects\\KPS\\PHP\\MyUMKM\\Sub\\DapurFirdaus\\public\\index.php')
CRITICAL - 2023-07-22 19:13:20 --> Undefined variable $data
in APPPATH\Controllers\Admin\Control\Dashboard.php on line 54.
 1 APPPATH\Controllers\Admin\Control\Dashboard.php(54): CodeIgniter\Debug\Exceptions->errorHandler(2, 'Undefined variable $data', 'D:\\Projects\\KPS\\PHP\\MyUMKM\\Sub\\DapurFirdaus\\app\\Controllers\\Admin\\Control\\Dashboard.php', 54)
 2 SYSTEMPATH\CodeIgniter.php(934): App\Controllers\Admin\Control\Dashboard->index()
 3 SYSTEMPATH\CodeIgniter.php(499): CodeIgniter\CodeIgniter->runController(Object(App\Controllers\Admin\Control\Dashboard))
 4 SYSTEMPATH\CodeIgniter.php(368): CodeIgniter\CodeIgniter->handleRequest(null, Object(Config\Cache), false)
 5 FCPATH\index.php(70): CodeIgniter\CodeIgniter->run()
 6 SYSTEMPATH\Commands\Server\rewrite.php(47): require_once('D:\\Projects\\KPS\\PHP\\MyUMKM\\Sub\\DapurFirdaus\\public\\index.php')
CRITICAL - 2023-07-22 19:23:52 --> Invalid file: "_admin/error/404.php"
in SYSTEMPATH\Exceptions\FrameworkException.php on line 33.
 1 SYSTEMPATH\View\View.php(201): CodeIgniter\Exceptions\FrameworkException::forInvalidFile('_admin/error/404.php')
 2 SYSTEMPATH\Common.php(1184): CodeIgniter\View\View->render('_admin/error/404', [], true)
 3 APPPATH\Controllers\ControllerPreProcessor.php(142): view('_admin/error/404', [...])
 4 APPPATH\Controllers\Admin\AdminController.php(95): App\Controllers\ControllerPreProcessor->view('error/404')
 5 SYSTEMPATH\CodeIgniter.php(934): App\Controllers\Admin\AdminController->error404()
 6 SYSTEMPATH\CodeIgniter.php(499): CodeIgniter\CodeIgniter->runController(Object(App\Controllers\Admin\AdminController))
 7 SYSTEMPATH\CodeIgniter.php(368): CodeIgniter\CodeIgniter->handleRequest(null, Object(Config\Cache), false)
 8 FCPATH\index.php(70): CodeIgniter\CodeIgniter->run()
 9 SYSTEMPATH\Commands\Server\rewrite.php(47): require_once('D:\\Projects\\KPS\\PHP\\MyUMKM\\Sub\\DapurFirdaus\\public\\index.php')
