ERROR - 2023-07-20 09:12:39 --> Error connecting to the database: mysqli_sql_exception: No connection could be made because the target machine actively refused it in D:\Projects\KPS\PHP\CI4_Cores\vendor\codeigniter4\framework\system\Database\MySQLi\Connection.php:174
Stack trace:
#0 D:\Projects\KPS\PHP\CI4_Cores\vendor\codeigniter4\framework\system\Database\MySQLi\Connection.php(174): mysqli->real_connect('localhost', 'root', '', 'submyu_dpfir', 3306, '', 0)
#1 D:\Projects\KPS\PHP\CI4_Cores\vendor\codeigniter4\framework\system\Database\BaseConnection.php(391): CodeIgniter\Database\MySQLi\Connection->connect(false)
#2 D:\Projects\KPS\PHP\CI4_Cores\vendor\codeigniter4\framework\system\Database\BaseConnection.php(574): CodeIgniter\Database\BaseConnection->initialize()
#3 D:\Projects\KPS\PHP\CI4_Cores\vendor\codeigniter4\framework\system\Database\BaseBuilder.php(1616): CodeIgniter\Database\BaseConnection->query('SELECT CONCAT('...', Array, false)
#4 D:\Projects\KPS\PHP\CI4_Cores\vendor\codeigniter4\framework\system\Model.php(203): CodeIgniter\Database\BaseBuilder->get()
#5 D:\Projects\KPS\PHP\CI4_Cores\vendor\codeigniter4\framework\system\BaseModel.php(557): CodeIgniter\Model->doFind(false, NULL)
#6 D:\Projects\KPS\PHP\MyUMKM\Sub\DapurFirdaus\app\Models\Catalog\CatalogCategory.php(85): CodeIgniter\BaseModel->find()
#7 D:\Projects\KPS\PHP\MyUMKM\Sub\DapurFirdaus\app\Controllers\Commercial\CommercialController.php(115): App\Models\Catalog\CatalogCategory->all(Array)
#8 D:\Projects\KPS\PHP\MyUMKM\Sub\DapurFirdaus\app\Controllers\Commercial\CommercialController.php(73): App\Controllers\Commercial\CommercialController->catCategory(1)
#9 D:\Projects\KPS\PHP\MyUMKM\Sub\DapurFirdaus\app\Controllers\Commercial\HomePage.php(47): App\Controllers\Commercial\CommercialController->viewPage('home/index')
#10 D:\Projects\KPS\PHP\CI4_Cores\vendor\codeigniter4\framework\system\CodeIgniter.php(934): App\Controllers\Commercial\HomePage->index()
#11 D:\Projects\KPS\PHP\CI4_Cores\vendor\codeigniter4\framework\system\CodeIgniter.php(499): CodeIgniter\CodeIgniter->runController(Object(App\Controllers\Commercial\HomePage))
#12 D:\Projects\KPS\PHP\CI4_Cores\vendor\codeigniter4\framework\system\CodeIgniter.php(368): CodeIgniter\CodeIgniter->handleRequest(NULL, Object(Config\Cache), false)
#13 D:\Projects\KPS\PHP\MyUMKM\Sub\DapurFirdaus\public\index.php(70): CodeIgniter\CodeIgniter->run()
#14 D:\Projects\KPS\PHP\CI4_Cores\vendor\codeigniter4\framework\system\Commands\Server\rewrite.php(47): require_once('D:\\Projects\\KPS...')
#15 {main}

Next CodeIgniter\Database\Exceptions\DatabaseException: No connection could be made because the target machine actively refused it in D:\Projects\KPS\PHP\CI4_Cores\vendor\codeigniter4\framework\system\Database\MySQLi\Connection.php:218
Stack trace:
#0 D:\Projects\KPS\PHP\CI4_Cores\vendor\codeigniter4\framework\system\Database\BaseConnection.php(391): CodeIgniter\Database\MySQLi\Connection->connect(false)
#1 D:\Projects\KPS\PHP\CI4_Cores\vendor\codeigniter4\framework\system\Database\BaseConnection.php(574): CodeIgniter\Database\BaseConnection->initialize()
#2 D:\Projects\KPS\PHP\CI4_Cores\vendor\codeigniter4\framework\system\Database\BaseBuilder.php(1616): CodeIgniter\Database\BaseConnection->query('SELECT CONCAT('...', Array, false)
#3 D:\Projects\KPS\PHP\CI4_Cores\vendor\codeigniter4\framework\system\Model.php(203): CodeIgniter\Database\BaseBuilder->get()
#4 D:\Projects\KPS\PHP\CI4_Cores\vendor\codeigniter4\framework\system\BaseModel.php(557): CodeIgniter\Model->doFind(false, NULL)
#5 D:\Projects\KPS\PHP\MyUMKM\Sub\DapurFirdaus\app\Models\Catalog\CatalogCategory.php(85): CodeIgniter\BaseModel->find()
#6 D:\Projects\KPS\PHP\MyUMKM\Sub\DapurFirdaus\app\Controllers\Commercial\CommercialController.php(115): App\Models\Catalog\CatalogCategory->all(Array)
#7 D:\Projects\KPS\PHP\MyUMKM\Sub\DapurFirdaus\app\Controllers\Commercial\CommercialController.php(73): App\Controllers\Commercial\CommercialController->catCategory(1)
#8 D:\Projects\KPS\PHP\MyUMKM\Sub\DapurFirdaus\app\Controllers\Commercial\HomePage.php(47): App\Controllers\Commercial\CommercialController->viewPage('home/index')
#9 D:\Projects\KPS\PHP\CI4_Cores\vendor\codeigniter4\framework\system\CodeIgniter.php(934): App\Controllers\Commercial\HomePage->index()
#10 D:\Projects\KPS\PHP\CI4_Cores\vendor\codeigniter4\framework\system\CodeIgniter.php(499): CodeIgniter\CodeIgniter->runController(Object(App\Controllers\Commercial\HomePage))
#11 D:\Projects\KPS\PHP\CI4_Cores\vendor\codeigniter4\framework\system\CodeIgniter.php(368): CodeIgniter\CodeIgniter->handleRequest(NULL, Object(Config\Cache), false)
#12 D:\Projects\KPS\PHP\MyUMKM\Sub\DapurFirdaus\public\index.php(70): CodeIgniter\CodeIgniter->run()
#13 D:\Projects\KPS\PHP\CI4_Cores\vendor\codeigniter4\framework\system\Commands\Server\rewrite.php(47): require_once('D:\\Projects\\KPS...')
#14 {main}
CRITICAL - 2023-07-20 09:12:39 --> Unable to connect to the database.
Main connection [MySQLi]: No connection could be made because the target machine actively refused it
in SYSTEMPATH\Database\BaseConnection.php on line 427.
 1 SYSTEMPATH\Database\BaseConnection.php(574): CodeIgniter\Database\BaseConnection->initialize()
 2 SYSTEMPATH\Database\BaseBuilder.php(1616): CodeIgniter\Database\BaseConnection->query('SELECT CONCAT(\'[\', GROUP_CONCAT(JSON_OBJECT(
                    \'category_id\', `myu_catalog_category`.`id`, \'category_name\', `myu_catalog_category`.`category_name`, \'slug\', `myu_catalog_category`.`slug`, \'description\', `myu_catalog_category`.`description`, \'image_path\', myu_catalog_category.image_path
                )), \']\') AS list, `myu_catalog_category`.`type` AS `catalog_type`
FROM `myu_catalog_category`
WHERE `myu_catalog_category`.`status` IN :myu_catalog_category.status:
GROUP BY `myu_catalog_category`.`type`', [...], false)
 3 SYSTEMPATH\Model.php(203): CodeIgniter\Database\BaseBuilder->get()
 4 SYSTEMPATH\BaseModel.php(557): CodeIgniter\Model->doFind(false, null)
 5 APPPATH\Models\Catalog\CatalogCategory.php(85): CodeIgniter\BaseModel->find()
 6 APPPATH\Controllers\Commercial\CommercialController.php(115): App\Models\Catalog\CatalogCategory->all([...])
 7 APPPATH\Controllers\Commercial\CommercialController.php(73): App\Controllers\Commercial\CommercialController->catCategory(1)
 8 APPPATH\Controllers\Commercial\HomePage.php(47): App\Controllers\Commercial\CommercialController->viewPage('home/index')
 9 SYSTEMPATH\CodeIgniter.php(934): App\Controllers\Commercial\HomePage->index()
10 SYSTEMPATH\CodeIgniter.php(499): CodeIgniter\CodeIgniter->runController(Object(App\Controllers\Commercial\HomePage))
11 SYSTEMPATH\CodeIgniter.php(368): CodeIgniter\CodeIgniter->handleRequest(null, Object(Config\Cache), false)
12 FCPATH\index.php(70): CodeIgniter\CodeIgniter->run()
13 SYSTEMPATH\Commands\Server\rewrite.php(47): require_once('D:\\Projects\\KPS\\PHP\\MyUMKM\\Sub\\DapurFirdaus\\public\\index.php')
CRITICAL - 2023-07-20 10:33:17 --> Invalid file: "_admin/control/dashboard/dashboard.php"
in SYSTEMPATH\Exceptions\FrameworkException.php on line 33.
 1 SYSTEMPATH\View\View.php(201): CodeIgniter\Exceptions\FrameworkException::forInvalidFile('_admin/control/dashboard/dashboard.php')
 2 SYSTEMPATH\Common.php(1184): CodeIgniter\View\View->render('_admin/control/dashboard/dashboard', [], true)
 3 APPPATH\Controllers\ControllerPreProcessor.php(142): view('_admin/control/dashboard/dashboard', [...])
 4 APPPATH\Controllers\Admin\AdminController.php(75): App\Controllers\ControllerPreProcessor->view('control/dashboard/dashboard')
 5 APPPATH\Controllers\ControllerPreProcessor.php(207): App\Controllers\Admin\AdminController->App\Controllers\Admin\{closure}([...])
 6 APPPATH\Controllers\Admin\AdminController.php(82): App\Controllers\ControllerPreProcessor->authHandler(Object(Closure), Object(Closure), [...], [...])
 7 APPPATH\Controllers\Admin\Control\Dashboard.php(49): App\Controllers\Admin\AdminController->viewPage('control/dashboard/dashboard')
 8 SYSTEMPATH\CodeIgniter.php(934): App\Controllers\Admin\Control\Dashboard->index()
 9 SYSTEMPATH\CodeIgniter.php(499): CodeIgniter\CodeIgniter->runController(Object(App\Controllers\Admin\Control\Dashboard))
10 SYSTEMPATH\CodeIgniter.php(368): CodeIgniter\CodeIgniter->handleRequest(null, Object(Config\Cache), false)
11 FCPATH\index.php(70): CodeIgniter\CodeIgniter->run()
12 SYSTEMPATH\Commands\Server\rewrite.php(47): require_once('D:\\Projects\\KPS\\PHP\\MyUMKM\\Sub\\DapurFirdaus\\public\\index.php')
CRITICAL - 2023-07-20 10:36:36 --> Invalid file: "_admin/error/404.php"
in SYSTEMPATH\Exceptions\FrameworkException.php on line 33.
 1 SYSTEMPATH\View\View.php(201): CodeIgniter\Exceptions\FrameworkException::forInvalidFile('_admin/error/404.php')
 2 SYSTEMPATH\Common.php(1184): CodeIgniter\View\View->render('_admin/error/404', [], true)
 3 APPPATH\Controllers\ControllerPreProcessor.php(142): view('_admin/error/404', [...])
 4 APPPATH\Controllers\Admin\AdminController.php(95): App\Controllers\ControllerPreProcessor->view('error/404')
 5 SYSTEMPATH\CodeIgniter.php(934): App\Controllers\Admin\AdminController->error404()
 6 SYSTEMPATH\CodeIgniter.php(499): CodeIgniter\CodeIgniter->runController(Object(App\Controllers\Admin\AdminController))
 7 SYSTEMPATH\CodeIgniter.php(368): CodeIgniter\CodeIgniter->handleRequest(null, Object(Config\Cache), false)
 8 FCPATH\index.php(70): CodeIgniter\CodeIgniter->run()
 9 SYSTEMPATH\Commands\Server\rewrite.php(47): require_once('D:\\Projects\\KPS\\PHP\\MyUMKM\\Sub\\DapurFirdaus\\public\\index.php')
CRITICAL - 2023-07-20 10:42:12 --> CodeIgniter\Router\RouteCollection::get(): Argument #1 ($from) must be of type string, array given, called in D:\Projects\KPS\PHP\MyUMKM\Sub\DapurFirdaus\app\Config\Routes.php on line 107
in SYSTEMPATH\Router\RouteCollection.php on line 915.
 1 APPPATH\Config\Routes.php(107): CodeIgniter\Router\RouteCollection->get([...], 'Control\\Dashboard::index')
 2 SYSTEMPATH\Router\RouteCollection.php(676): Config\{closure}(Object(CodeIgniter\Router\RouteCollection))
 3 APPPATH\Config\Routes.php(123): CodeIgniter\Router\RouteCollection->group('/', [...], Object(Closure))
 4 APPPATH\Config\Routes.php(426): Config\fcAdmin(Object(CodeIgniter\Router\RouteCollection))
 5 SYSTEMPATH\Router\RouteCollection.php(676): CodeIgniter\Router\RouteCollection::Config\{closure}(Object(CodeIgniter\Router\RouteCollection))
 6 APPPATH\Config\Routes.php(427): CodeIgniter\Router\RouteCollection->group('', [...], Object(Closure))
 7 SYSTEMPATH\Router\RouteCollection.php(267): require('D:\\Projects\\KPS\\PHP\\MyUMKM\\Sub\\DapurFirdaus\\app\\Config\\Routes.php')
 8 SYSTEMPATH\CodeIgniter.php(802): CodeIgniter\Router\RouteCollection->loadRoutes()
 9 SYSTEMPATH\CodeIgniter.php(449): CodeIgniter\CodeIgniter->tryToRouteIt(null)
10 SYSTEMPATH\CodeIgniter.php(368): CodeIgniter\CodeIgniter->handleRequest(null, Object(Config\Cache), false)
11 FCPATH\index.php(70): CodeIgniter\CodeIgniter->run()
12 SYSTEMPATH\Commands\Server\rewrite.php(47): require_once('D:\\Projects\\KPS\\PHP\\MyUMKM\\Sub\\DapurFirdaus\\public\\index.php')
CRITICAL - 2023-07-20 10:42:42 --> Invalid file: "_admin/error/404.php"
in SYSTEMPATH\Exceptions\FrameworkException.php on line 33.
 1 SYSTEMPATH\View\View.php(201): CodeIgniter\Exceptions\FrameworkException::forInvalidFile('_admin/error/404.php')
 2 SYSTEMPATH\Common.php(1184): CodeIgniter\View\View->render('_admin/error/404', [], true)
 3 APPPATH\Controllers\ControllerPreProcessor.php(142): view('_admin/error/404', [...])
 4 APPPATH\Controllers\Admin\AdminController.php(95): App\Controllers\ControllerPreProcessor->view('error/404')
 5 SYSTEMPATH\CodeIgniter.php(934): App\Controllers\Admin\AdminController->error404()
 6 SYSTEMPATH\CodeIgniter.php(499): CodeIgniter\CodeIgniter->runController(Object(App\Controllers\Admin\AdminController))
 7 SYSTEMPATH\CodeIgniter.php(368): CodeIgniter\CodeIgniter->handleRequest(null, Object(Config\Cache), false)
 8 FCPATH\index.php(70): CodeIgniter\CodeIgniter->run()
 9 SYSTEMPATH\Commands\Server\rewrite.php(47): require_once('D:\\Projects\\KPS\\PHP\\MyUMKM\\Sub\\DapurFirdaus\\public\\index.php')
CRITICAL - 2023-07-20 10:43:21 --> Invalid file: "_admin/error/404.php"
in SYSTEMPATH\Exceptions\FrameworkException.php on line 33.
 1 SYSTEMPATH\View\View.php(201): CodeIgniter\Exceptions\FrameworkException::forInvalidFile('_admin/error/404.php')
 2 SYSTEMPATH\Common.php(1184): CodeIgniter\View\View->render('_admin/error/404', [], true)
 3 APPPATH\Controllers\ControllerPreProcessor.php(142): view('_admin/error/404', [...])
 4 APPPATH\Controllers\Admin\AdminController.php(95): App\Controllers\ControllerPreProcessor->view('error/404')
 5 SYSTEMPATH\CodeIgniter.php(934): App\Controllers\Admin\AdminController->error404()
 6 SYSTEMPATH\CodeIgniter.php(499): CodeIgniter\CodeIgniter->runController(Object(App\Controllers\Admin\AdminController))
 7 SYSTEMPATH\CodeIgniter.php(368): CodeIgniter\CodeIgniter->handleRequest(null, Object(Config\Cache), false)
 8 FCPATH\index.php(70): CodeIgniter\CodeIgniter->run()
 9 SYSTEMPATH\Commands\Server\rewrite.php(47): require_once('D:\\Projects\\KPS\\PHP\\MyUMKM\\Sub\\DapurFirdaus\\public\\index.php')
CRITICAL - 2023-07-20 10:59:16 --> Invalid file: "D:\Projects\KPS\PHP\MyUMKM\Sub\DapurFirdaus\app\Views\_admin\control\layout/components/panel_head.php"
in SYSTEMPATH\Exceptions\FrameworkException.php on line 33.
 1 SYSTEMPATH\View\View.php(201): CodeIgniter\Exceptions\FrameworkException::forInvalidFile('D:\\Projects\\KPS\\PHP\\MyUMKM\\Sub\\DapurFirdaus\\app\\Views\\_admin\\control\\layout/components/panel_head.php')
 2 SYSTEMPATH\View\View.php(431): CodeIgniter\View\View->render('D:\\Projects\\KPS\\PHP\\MyUMKM\\Sub\\DapurFirdaus\\app\\Views\\_admin\\control\\layout/components/panel_head', null, true)
 3 APPPATH\Views\_admin\control\layout\layout.php(7): CodeIgniter\View\View->include('D:\\Projects\\KPS\\PHP\\MyUMKM\\Sub\\DapurFirdaus\\app\\Views\\_admin\\control\\layout/components/panel_head')
 4 SYSTEMPATH\View\View.php(213): include('D:\\Projects\\KPS\\PHP\\MyUMKM\\Sub\\DapurFirdaus\\app\\Views\\_admin\\control\\layout\\layout.php')
 5 SYSTEMPATH\View\View.php(216): CodeIgniter\View\View->CodeIgniter\View\{closure}()
 6 SYSTEMPATH\View\View.php(229): CodeIgniter\View\View->render('_admin/control/layout/layout.php', [], true)
 7 SYSTEMPATH\Common.php(1184): CodeIgniter\View\View->render('_admin/control/dashboard/index', [], true)
 8 APPPATH\Controllers\ControllerPreProcessor.php(142): view('_admin/control/dashboard/index', [...])
 9 APPPATH\Controllers\Admin\AdminController.php(75): App\Controllers\ControllerPreProcessor->view('control/dashboard/index')
10 APPPATH\Controllers\ControllerPreProcessor.php(207): App\Controllers\Admin\AdminController->App\Controllers\Admin\{closure}([...])
11 APPPATH\Controllers\Admin\AdminController.php(82): App\Controllers\ControllerPreProcessor->authHandler(Object(Closure), Object(Closure), [...], [...])
12 APPPATH\Controllers\Admin\Control\Dashboard.php(49): App\Controllers\Admin\AdminController->viewPage('control/dashboard/index')
13 SYSTEMPATH\CodeIgniter.php(934): App\Controllers\Admin\Control\Dashboard->index()
14 SYSTEMPATH\CodeIgniter.php(499): CodeIgniter\CodeIgniter->runController(Object(App\Controllers\Admin\Control\Dashboard))
15 SYSTEMPATH\CodeIgniter.php(368): CodeIgniter\CodeIgniter->handleRequest(null, Object(Config\Cache), false)
16 FCPATH\index.php(70): CodeIgniter\CodeIgniter->run()
17 SYSTEMPATH\Commands\Server\rewrite.php(47): require_once('D:\\Projects\\KPS\\PHP\\MyUMKM\\Sub\\DapurFirdaus\\public\\index.php')
CRITICAL - 2023-07-20 10:59:29 --> Invalid file: "D:\Projects\KPS\PHP\MyUMKM\Sub\DapurFirdaus\app\Views\_admin\control\layout\components\panel_head.php"
in SYSTEMPATH\Exceptions\FrameworkException.php on line 33.
 1 SYSTEMPATH\View\View.php(201): CodeIgniter\Exceptions\FrameworkException::forInvalidFile('D:\\Projects\\KPS\\PHP\\MyUMKM\\Sub\\DapurFirdaus\\app\\Views\\_admin\\control\\layout\\components\\panel_head.php')
 2 SYSTEMPATH\View\View.php(431): CodeIgniter\View\View->render('D:\\Projects\\KPS\\PHP\\MyUMKM\\Sub\\DapurFirdaus\\app\\Views\\_admin\\control\\layout\\components\\panel_head', null, true)
 3 APPPATH\Views\_admin\control\layout\layout.php(7): CodeIgniter\View\View->include('D:\\Projects\\KPS\\PHP\\MyUMKM\\Sub\\DapurFirdaus\\app\\Views\\_admin\\control\\layout\\components\\panel_head')
 4 SYSTEMPATH\View\View.php(213): include('D:\\Projects\\KPS\\PHP\\MyUMKM\\Sub\\DapurFirdaus\\app\\Views\\_admin\\control\\layout\\layout.php')
 5 SYSTEMPATH\View\View.php(216): CodeIgniter\View\View->CodeIgniter\View\{closure}()
 6 SYSTEMPATH\View\View.php(229): CodeIgniter\View\View->render('_admin/control/layout/layout.php', [], true)
 7 SYSTEMPATH\Common.php(1184): CodeIgniter\View\View->render('_admin/control/dashboard/index', [], true)
 8 APPPATH\Controllers\ControllerPreProcessor.php(142): view('_admin/control/dashboard/index', [...])
 9 APPPATH\Controllers\Admin\AdminController.php(75): App\Controllers\ControllerPreProcessor->view('control/dashboard/index')
10 APPPATH\Controllers\ControllerPreProcessor.php(207): App\Controllers\Admin\AdminController->App\Controllers\Admin\{closure}([...])
11 APPPATH\Controllers\Admin\AdminController.php(82): App\Controllers\ControllerPreProcessor->authHandler(Object(Closure), Object(Closure), [...], [...])
12 APPPATH\Controllers\Admin\Control\Dashboard.php(49): App\Controllers\Admin\AdminController->viewPage('control/dashboard/index')
13 SYSTEMPATH\CodeIgniter.php(934): App\Controllers\Admin\Control\Dashboard->index()
14 SYSTEMPATH\CodeIgniter.php(499): CodeIgniter\CodeIgniter->runController(Object(App\Controllers\Admin\Control\Dashboard))
15 SYSTEMPATH\CodeIgniter.php(368): CodeIgniter\CodeIgniter->handleRequest(null, Object(Config\Cache), false)
16 FCPATH\index.php(70): CodeIgniter\CodeIgniter->run()
17 SYSTEMPATH\Commands\Server\rewrite.php(47): require_once('D:\\Projects\\KPS\\PHP\\MyUMKM\\Sub\\DapurFirdaus\\public\\index.php')
CRITICAL - 2023-07-20 11:00:22 --> Invalid file: "D:\Projects\KPS\PHP\MyUMKM\Sub\DapurFirdaus\app\Views\_admin\control\layout\components\panel_head.php"
in SYSTEMPATH\Exceptions\FrameworkException.php on line 33.
 1 SYSTEMPATH\View\View.php(201): CodeIgniter\Exceptions\FrameworkException::forInvalidFile('D:\\Projects\\KPS\\PHP\\MyUMKM\\Sub\\DapurFirdaus\\app\\Views\\_admin\\control\\layout\\components\\panel_head.php')
 2 SYSTEMPATH\View\View.php(431): CodeIgniter\View\View->render('D:\\Projects\\KPS\\PHP\\MyUMKM\\Sub\\DapurFirdaus\\app\\Views\\_admin\\control\\layout\\components\\panel_head.php', null, true)
 3 APPPATH\Views\_admin\control\layout\layout.php(7): CodeIgniter\View\View->include('D:\\Projects\\KPS\\PHP\\MyUMKM\\Sub\\DapurFirdaus\\app\\Views\\_admin\\control\\layout\\components\\panel_head.php')
 4 SYSTEMPATH\View\View.php(213): include('D:\\Projects\\KPS\\PHP\\MyUMKM\\Sub\\DapurFirdaus\\app\\Views\\_admin\\control\\layout\\layout.php')
 5 SYSTEMPATH\View\View.php(216): CodeIgniter\View\View->CodeIgniter\View\{closure}()
 6 SYSTEMPATH\View\View.php(229): CodeIgniter\View\View->render('_admin/control/layout/layout.php', [], true)
 7 SYSTEMPATH\Common.php(1184): CodeIgniter\View\View->render('_admin/control/dashboard/index', [], true)
 8 APPPATH\Controllers\ControllerPreProcessor.php(142): view('_admin/control/dashboard/index', [...])
 9 APPPATH\Controllers\Admin\AdminController.php(75): App\Controllers\ControllerPreProcessor->view('control/dashboard/index')
10 APPPATH\Controllers\ControllerPreProcessor.php(207): App\Controllers\Admin\AdminController->App\Controllers\Admin\{closure}([...])
11 APPPATH\Controllers\Admin\AdminController.php(82): App\Controllers\ControllerPreProcessor->authHandler(Object(Closure), Object(Closure), [...], [...])
12 APPPATH\Controllers\Admin\Control\Dashboard.php(49): App\Controllers\Admin\AdminController->viewPage('control/dashboard/index')
13 SYSTEMPATH\CodeIgniter.php(934): App\Controllers\Admin\Control\Dashboard->index()
14 SYSTEMPATH\CodeIgniter.php(499): CodeIgniter\CodeIgniter->runController(Object(App\Controllers\Admin\Control\Dashboard))
15 SYSTEMPATH\CodeIgniter.php(368): CodeIgniter\CodeIgniter->handleRequest(null, Object(Config\Cache), false)
16 FCPATH\index.php(70): CodeIgniter\CodeIgniter->run()
17 SYSTEMPATH\Commands\Server\rewrite.php(47): require_once('D:\\Projects\\KPS\\PHP\\MyUMKM\\Sub\\DapurFirdaus\\public\\index.php')
CRITICAL - 2023-07-20 11:00:51 --> Invalid file: "D:\Projects\KPS\PHP\MyUMKM\Sub\DapurFirdaus\app\Views\_admin\control\layout../layout.php"
in SYSTEMPATH\Exceptions\FrameworkException.php on line 33.
 1 SYSTEMPATH\View\View.php(201): CodeIgniter\Exceptions\FrameworkException::forInvalidFile('D:\\Projects\\KPS\\PHP\\MyUMKM\\Sub\\DapurFirdaus\\app\\Views\\_admin\\control\\layout../layout.php')
 2 SYSTEMPATH\View\View.php(431): CodeIgniter\View\View->render('D:\\Projects\\KPS\\PHP\\MyUMKM\\Sub\\DapurFirdaus\\app\\Views\\_admin\\control\\layout../layout', null, true)
 3 APPPATH\Views\_admin\control\layout\layout.php(7): CodeIgniter\View\View->include('D:\\Projects\\KPS\\PHP\\MyUMKM\\Sub\\DapurFirdaus\\app\\Views\\_admin\\control\\layout../layout')
 4 SYSTEMPATH\View\View.php(213): include('D:\\Projects\\KPS\\PHP\\MyUMKM\\Sub\\DapurFirdaus\\app\\Views\\_admin\\control\\layout\\layout.php')
 5 SYSTEMPATH\View\View.php(216): CodeIgniter\View\View->CodeIgniter\View\{closure}()
 6 SYSTEMPATH\View\View.php(229): CodeIgniter\View\View->render('_admin/control/layout/layout.php', [], true)
 7 SYSTEMPATH\Common.php(1184): CodeIgniter\View\View->render('_admin/control/dashboard/index', [], true)
 8 APPPATH\Controllers\ControllerPreProcessor.php(142): view('_admin/control/dashboard/index', [...])
 9 APPPATH\Controllers\Admin\AdminController.php(75): App\Controllers\ControllerPreProcessor->view('control/dashboard/index')
10 APPPATH\Controllers\ControllerPreProcessor.php(207): App\Controllers\Admin\AdminController->App\Controllers\Admin\{closure}([...])
11 APPPATH\Controllers\Admin\AdminController.php(82): App\Controllers\ControllerPreProcessor->authHandler(Object(Closure), Object(Closure), [...], [...])
12 APPPATH\Controllers\Admin\Control\Dashboard.php(49): App\Controllers\Admin\AdminController->viewPage('control/dashboard/index')
13 SYSTEMPATH\CodeIgniter.php(934): App\Controllers\Admin\Control\Dashboard->index()
14 SYSTEMPATH\CodeIgniter.php(499): CodeIgniter\CodeIgniter->runController(Object(App\Controllers\Admin\Control\Dashboard))
15 SYSTEMPATH\CodeIgniter.php(368): CodeIgniter\CodeIgniter->handleRequest(null, Object(Config\Cache), false)
16 FCPATH\index.php(70): CodeIgniter\CodeIgniter->run()
17 SYSTEMPATH\Commands\Server\rewrite.php(47): require_once('D:\\Projects\\KPS\\PHP\\MyUMKM\\Sub\\DapurFirdaus\\public\\index.php')
CRITICAL - 2023-07-20 11:01:14 --> Invalid file: "D:\Projects\KPS\PHP\MyUMKM\Sub\DapurFirdaus\app\Views\_admin\control\layout.php"
in SYSTEMPATH\Exceptions\FrameworkException.php on line 33.
 1 SYSTEMPATH\View\View.php(201): CodeIgniter\Exceptions\FrameworkException::forInvalidFile('D:\\Projects\\KPS\\PHP\\MyUMKM\\Sub\\DapurFirdaus\\app\\Views\\_admin\\control\\layout.php')
 2 SYSTEMPATH\View\View.php(431): CodeIgniter\View\View->render('D:\\Projects\\KPS\\PHP\\MyUMKM\\Sub\\DapurFirdaus\\app\\Views\\_admin\\control\\layout', null, true)
 3 APPPATH\Views\_admin\control\layout\layout.php(7): CodeIgniter\View\View->include('D:\\Projects\\KPS\\PHP\\MyUMKM\\Sub\\DapurFirdaus\\app\\Views\\_admin\\control\\layout')
 4 SYSTEMPATH\View\View.php(213): include('D:\\Projects\\KPS\\PHP\\MyUMKM\\Sub\\DapurFirdaus\\app\\Views\\_admin\\control\\layout\\layout.php')
 5 SYSTEMPATH\View\View.php(216): CodeIgniter\View\View->CodeIgniter\View\{closure}()
 6 SYSTEMPATH\View\View.php(229): CodeIgniter\View\View->render('_admin/control/layout/layout.php', [], true)
 7 SYSTEMPATH\Common.php(1184): CodeIgniter\View\View->render('_admin/control/dashboard/index', [], true)
 8 APPPATH\Controllers\ControllerPreProcessor.php(142): view('_admin/control/dashboard/index', [...])
 9 APPPATH\Controllers\Admin\AdminController.php(75): App\Controllers\ControllerPreProcessor->view('control/dashboard/index')
10 APPPATH\Controllers\ControllerPreProcessor.php(207): App\Controllers\Admin\AdminController->App\Controllers\Admin\{closure}([...])
11 APPPATH\Controllers\Admin\AdminController.php(82): App\Controllers\ControllerPreProcessor->authHandler(Object(Closure), Object(Closure), [...], [...])
12 APPPATH\Controllers\Admin\Control\Dashboard.php(49): App\Controllers\Admin\AdminController->viewPage('control/dashboard/index')
13 SYSTEMPATH\CodeIgniter.php(934): App\Controllers\Admin\Control\Dashboard->index()
14 SYSTEMPATH\CodeIgniter.php(499): CodeIgniter\CodeIgniter->runController(Object(App\Controllers\Admin\Control\Dashboard))
15 SYSTEMPATH\CodeIgniter.php(368): CodeIgniter\CodeIgniter->handleRequest(null, Object(Config\Cache), false)
16 FCPATH\index.php(70): CodeIgniter\CodeIgniter->run()
17 SYSTEMPATH\Commands\Server\rewrite.php(47): require_once('D:\\Projects\\KPS\\PHP\\MyUMKM\\Sub\\DapurFirdaus\\public\\index.php')
CRITICAL - 2023-07-20 11:01:42 --> Invalid file: "D:\Projects\KPS\PHP\MyUMKM\Sub\DapurFirdaus\app\Views\_admin\control\layout\components\panel_head.php"
in SYSTEMPATH\Exceptions\FrameworkException.php on line 33.
 1 SYSTEMPATH\View\View.php(201): CodeIgniter\Exceptions\FrameworkException::forInvalidFile('D:\\Projects\\KPS\\PHP\\MyUMKM\\Sub\\DapurFirdaus\\app\\Views\\_admin\\control\\layout\\components\\panel_head.php')
 2 SYSTEMPATH\View\View.php(431): CodeIgniter\View\View->render('D:\\Projects\\KPS\\PHP\\MyUMKM\\Sub\\DapurFirdaus\\app\\Views\\_admin\\control\\layout\\components\\panel_head.php', null, true)
 3 APPPATH\Views\_admin\control\layout\layout.php(7): CodeIgniter\View\View->include('D:\\Projects\\KPS\\PHP\\MyUMKM\\Sub\\DapurFirdaus\\app\\Views\\_admin\\control\\layout\\components\\panel_head.php')
 4 SYSTEMPATH\View\View.php(213): include('D:\\Projects\\KPS\\PHP\\MyUMKM\\Sub\\DapurFirdaus\\app\\Views\\_admin\\control\\layout\\layout.php')
 5 SYSTEMPATH\View\View.php(216): CodeIgniter\View\View->CodeIgniter\View\{closure}()
 6 SYSTEMPATH\View\View.php(229): CodeIgniter\View\View->render('_admin/control/layout/layout.php', [], true)
 7 SYSTEMPATH\Common.php(1184): CodeIgniter\View\View->render('_admin/control/dashboard/index', [], true)
 8 APPPATH\Controllers\ControllerPreProcessor.php(142): view('_admin/control/dashboard/index', [...])
 9 APPPATH\Controllers\Admin\AdminController.php(75): App\Controllers\ControllerPreProcessor->view('control/dashboard/index')
10 APPPATH\Controllers\ControllerPreProcessor.php(207): App\Controllers\Admin\AdminController->App\Controllers\Admin\{closure}([...])
11 APPPATH\Controllers\Admin\AdminController.php(82): App\Controllers\ControllerPreProcessor->authHandler(Object(Closure), Object(Closure), [...], [...])
12 APPPATH\Controllers\Admin\Control\Dashboard.php(49): App\Controllers\Admin\AdminController->viewPage('control/dashboard/index')
13 SYSTEMPATH\CodeIgniter.php(934): App\Controllers\Admin\Control\Dashboard->index()
14 SYSTEMPATH\CodeIgniter.php(499): CodeIgniter\CodeIgniter->runController(Object(App\Controllers\Admin\Control\Dashboard))
15 SYSTEMPATH\CodeIgniter.php(368): CodeIgniter\CodeIgniter->handleRequest(null, Object(Config\Cache), false)
16 FCPATH\index.php(70): CodeIgniter\CodeIgniter->run()
17 SYSTEMPATH\Commands\Server\rewrite.php(47): require_once('D:\\Projects\\KPS\\PHP\\MyUMKM\\Sub\\DapurFirdaus\\public\\index.php')
CRITICAL - 2023-07-20 11:02:08 --> Invalid file: "D:\Projects\KPS\PHP\MyUMKM\Sub\DapurFirdaus\app\Views\_admin\control\layout./components/panel_head.php"
in SYSTEMPATH\Exceptions\FrameworkException.php on line 33.
 1 SYSTEMPATH\View\View.php(201): CodeIgniter\Exceptions\FrameworkException::forInvalidFile('D:\\Projects\\KPS\\PHP\\MyUMKM\\Sub\\DapurFirdaus\\app\\Views\\_admin\\control\\layout./components/panel_head.php')
 2 SYSTEMPATH\View\View.php(431): CodeIgniter\View\View->render('D:\\Projects\\KPS\\PHP\\MyUMKM\\Sub\\DapurFirdaus\\app\\Views\\_admin\\control\\layout./components/panel_head.php', null, true)
 3 APPPATH\Views\_admin\control\layout\layout.php(7): CodeIgniter\View\View->include('D:\\Projects\\KPS\\PHP\\MyUMKM\\Sub\\DapurFirdaus\\app\\Views\\_admin\\control\\layout./components/panel_head.php')
 4 SYSTEMPATH\View\View.php(213): include('D:\\Projects\\KPS\\PHP\\MyUMKM\\Sub\\DapurFirdaus\\app\\Views\\_admin\\control\\layout\\layout.php')
 5 SYSTEMPATH\View\View.php(216): CodeIgniter\View\View->CodeIgniter\View\{closure}()
 6 SYSTEMPATH\View\View.php(229): CodeIgniter\View\View->render('_admin/control/layout/layout.php', [], true)
 7 SYSTEMPATH\Common.php(1184): CodeIgniter\View\View->render('_admin/control/dashboard/index', [], true)
 8 APPPATH\Controllers\ControllerPreProcessor.php(142): view('_admin/control/dashboard/index', [...])
 9 APPPATH\Controllers\Admin\AdminController.php(75): App\Controllers\ControllerPreProcessor->view('control/dashboard/index')
10 APPPATH\Controllers\ControllerPreProcessor.php(207): App\Controllers\Admin\AdminController->App\Controllers\Admin\{closure}([...])
11 APPPATH\Controllers\Admin\AdminController.php(82): App\Controllers\ControllerPreProcessor->authHandler(Object(Closure), Object(Closure), [...], [...])
12 APPPATH\Controllers\Admin\Control\Dashboard.php(49): App\Controllers\Admin\AdminController->viewPage('control/dashboard/index')
13 SYSTEMPATH\CodeIgniter.php(934): App\Controllers\Admin\Control\Dashboard->index()
14 SYSTEMPATH\CodeIgniter.php(499): CodeIgniter\CodeIgniter->runController(Object(App\Controllers\Admin\Control\Dashboard))
15 SYSTEMPATH\CodeIgniter.php(368): CodeIgniter\CodeIgniter->handleRequest(null, Object(Config\Cache), false)
16 FCPATH\index.php(70): CodeIgniter\CodeIgniter->run()
17 SYSTEMPATH\Commands\Server\rewrite.php(47): require_once('D:\\Projects\\KPS\\PHP\\MyUMKM\\Sub\\DapurFirdaus\\public\\index.php')
CRITICAL - 2023-07-20 11:02:12 --> Invalid file: "D:\Projects\KPS\PHP\MyUMKM\Sub\DapurFirdaus\app\Views\_admin\control\layout../components/panel_head.php"
in SYSTEMPATH\Exceptions\FrameworkException.php on line 33.
 1 SYSTEMPATH\View\View.php(201): CodeIgniter\Exceptions\FrameworkException::forInvalidFile('D:\\Projects\\KPS\\PHP\\MyUMKM\\Sub\\DapurFirdaus\\app\\Views\\_admin\\control\\layout../components/panel_head.php')
 2 SYSTEMPATH\View\View.php(431): CodeIgniter\View\View->render('D:\\Projects\\KPS\\PHP\\MyUMKM\\Sub\\DapurFirdaus\\app\\Views\\_admin\\control\\layout../components/panel_head.php', null, true)
 3 APPPATH\Views\_admin\control\layout\layout.php(7): CodeIgniter\View\View->include('D:\\Projects\\KPS\\PHP\\MyUMKM\\Sub\\DapurFirdaus\\app\\Views\\_admin\\control\\layout../components/panel_head.php')
 4 SYSTEMPATH\View\View.php(213): include('D:\\Projects\\KPS\\PHP\\MyUMKM\\Sub\\DapurFirdaus\\app\\Views\\_admin\\control\\layout\\layout.php')
 5 SYSTEMPATH\View\View.php(216): CodeIgniter\View\View->CodeIgniter\View\{closure}()
 6 SYSTEMPATH\View\View.php(229): CodeIgniter\View\View->render('_admin/control/layout/layout.php', [], true)
 7 SYSTEMPATH\Common.php(1184): CodeIgniter\View\View->render('_admin/control/dashboard/index', [], true)
 8 APPPATH\Controllers\ControllerPreProcessor.php(142): view('_admin/control/dashboard/index', [...])
 9 APPPATH\Controllers\Admin\AdminController.php(75): App\Controllers\ControllerPreProcessor->view('control/dashboard/index')
10 APPPATH\Controllers\ControllerPreProcessor.php(207): App\Controllers\Admin\AdminController->App\Controllers\Admin\{closure}([...])
11 APPPATH\Controllers\Admin\AdminController.php(82): App\Controllers\ControllerPreProcessor->authHandler(Object(Closure), Object(Closure), [...], [...])
12 APPPATH\Controllers\Admin\Control\Dashboard.php(49): App\Controllers\Admin\AdminController->viewPage('control/dashboard/index')
13 SYSTEMPATH\CodeIgniter.php(934): App\Controllers\Admin\Control\Dashboard->index()
14 SYSTEMPATH\CodeIgniter.php(499): CodeIgniter\CodeIgniter->runController(Object(App\Controllers\Admin\Control\Dashboard))
15 SYSTEMPATH\CodeIgniter.php(368): CodeIgniter\CodeIgniter->handleRequest(null, Object(Config\Cache), false)
16 FCPATH\index.php(70): CodeIgniter\CodeIgniter->run()
17 SYSTEMPATH\Commands\Server\rewrite.php(47): require_once('D:\\Projects\\KPS\\PHP\\MyUMKM\\Sub\\DapurFirdaus\\public\\index.php')
CRITICAL - 2023-07-20 11:02:26 --> Invalid file: "{__DIR__}/components/panel_head.php"
in SYSTEMPATH\Exceptions\FrameworkException.php on line 33.
 1 SYSTEMPATH\View\View.php(201): CodeIgniter\Exceptions\FrameworkException::forInvalidFile('{__DIR__}/components/panel_head.php')
 2 SYSTEMPATH\View\View.php(431): CodeIgniter\View\View->render('{__DIR__}/components/panel_head.php', null, true)
 3 APPPATH\Views\_admin\control\layout\layout.php(7): CodeIgniter\View\View->include('{__DIR__}/components/panel_head.php')
 4 SYSTEMPATH\View\View.php(213): include('D:\\Projects\\KPS\\PHP\\MyUMKM\\Sub\\DapurFirdaus\\app\\Views\\_admin\\control\\layout\\layout.php')
 5 SYSTEMPATH\View\View.php(216): CodeIgniter\View\View->CodeIgniter\View\{closure}()
 6 SYSTEMPATH\View\View.php(229): CodeIgniter\View\View->render('_admin/control/layout/layout.php', [], true)
 7 SYSTEMPATH\Common.php(1184): CodeIgniter\View\View->render('_admin/control/dashboard/index', [], true)
 8 APPPATH\Controllers\ControllerPreProcessor.php(142): view('_admin/control/dashboard/index', [...])
 9 APPPATH\Controllers\Admin\AdminController.php(75): App\Controllers\ControllerPreProcessor->view('control/dashboard/index')
10 APPPATH\Controllers\ControllerPreProcessor.php(207): App\Controllers\Admin\AdminController->App\Controllers\Admin\{closure}([...])
11 APPPATH\Controllers\Admin\AdminController.php(82): App\Controllers\ControllerPreProcessor->authHandler(Object(Closure), Object(Closure), [...], [...])
12 APPPATH\Controllers\Admin\Control\Dashboard.php(49): App\Controllers\Admin\AdminController->viewPage('control/dashboard/index')
13 SYSTEMPATH\CodeIgniter.php(934): App\Controllers\Admin\Control\Dashboard->index()
14 SYSTEMPATH\CodeIgniter.php(499): CodeIgniter\CodeIgniter->runController(Object(App\Controllers\Admin\Control\Dashboard))
15 SYSTEMPATH\CodeIgniter.php(368): CodeIgniter\CodeIgniter->handleRequest(null, Object(Config\Cache), false)
16 FCPATH\index.php(70): CodeIgniter\CodeIgniter->run()
17 SYSTEMPATH\Commands\Server\rewrite.php(47): require_once('D:\\Projects\\KPS\\PHP\\MyUMKM\\Sub\\DapurFirdaus\\public\\index.php')
CRITICAL - 2023-07-20 11:02:32 --> Undefined variable $__DIR__
in APPPATH\Views\_admin\control\layout\layout.php on line 7.
 1 APPPATH\Views\_admin\control\layout\layout.php(7): CodeIgniter\Debug\Exceptions->errorHandler(2, 'Undefined variable $__DIR__', 'D:\\Projects\\KPS\\PHP\\MyUMKM\\Sub\\DapurFirdaus\\app\\Views\\_admin\\control\\layout\\layout.php', 7)
 2 SYSTEMPATH\View\View.php(213): include('D:\\Projects\\KPS\\PHP\\MyUMKM\\Sub\\DapurFirdaus\\app\\Views\\_admin\\control\\layout\\layout.php')
 3 SYSTEMPATH\View\View.php(216): CodeIgniter\View\View->CodeIgniter\View\{closure}()
 4 SYSTEMPATH\View\View.php(229): CodeIgniter\View\View->render('_admin/control/layout/layout.php', [], true)
 5 SYSTEMPATH\Common.php(1184): CodeIgniter\View\View->render('_admin/control/dashboard/index', [], true)
 6 APPPATH\Controllers\ControllerPreProcessor.php(142): view('_admin/control/dashboard/index', [...])
 7 APPPATH\Controllers\Admin\AdminController.php(75): App\Controllers\ControllerPreProcessor->view('control/dashboard/index')
 8 APPPATH\Controllers\ControllerPreProcessor.php(207): App\Controllers\Admin\AdminController->App\Controllers\Admin\{closure}([...])
 9 APPPATH\Controllers\Admin\AdminController.php(82): App\Controllers\ControllerPreProcessor->authHandler(Object(Closure), Object(Closure), [...], [...])
10 APPPATH\Controllers\Admin\Control\Dashboard.php(49): App\Controllers\Admin\AdminController->viewPage('control/dashboard/index')
11 SYSTEMPATH\CodeIgniter.php(934): App\Controllers\Admin\Control\Dashboard->index()
12 SYSTEMPATH\CodeIgniter.php(499): CodeIgniter\CodeIgniter->runController(Object(App\Controllers\Admin\Control\Dashboard))
13 SYSTEMPATH\CodeIgniter.php(368): CodeIgniter\CodeIgniter->handleRequest(null, Object(Config\Cache), false)
14 FCPATH\index.php(70): CodeIgniter\CodeIgniter->run()
15 SYSTEMPATH\Commands\Server\rewrite.php(47): require_once('D:\\Projects\\KPS\\PHP\\MyUMKM\\Sub\\DapurFirdaus\\public\\index.php')
CRITICAL - 2023-07-20 11:03:02 --> Invalid file: "D:\Projects\KPS\PHP\MyUMKM\Sub\DapurFirdaus\app\Views\_admin\control\layout/components/panel_head.php"
in SYSTEMPATH\Exceptions\FrameworkException.php on line 33.
 1 SYSTEMPATH\View\View.php(201): CodeIgniter\Exceptions\FrameworkException::forInvalidFile('D:\\Projects\\KPS\\PHP\\MyUMKM\\Sub\\DapurFirdaus\\app\\Views\\_admin\\control\\layout/components/panel_head.php')
 2 SYSTEMPATH\View\View.php(431): CodeIgniter\View\View->render('D:\\Projects\\KPS\\PHP\\MyUMKM\\Sub\\DapurFirdaus\\app\\Views\\_admin\\control\\layout/components/panel_head.php', null, true)
 3 APPPATH\Views\_admin\control\layout\layout.php(7): CodeIgniter\View\View->include('D:\\Projects\\KPS\\PHP\\MyUMKM\\Sub\\DapurFirdaus\\app\\Views\\_admin\\control\\layout/components/panel_head.php')
 4 SYSTEMPATH\View\View.php(213): include('D:\\Projects\\KPS\\PHP\\MyUMKM\\Sub\\DapurFirdaus\\app\\Views\\_admin\\control\\layout\\layout.php')
 5 SYSTEMPATH\View\View.php(216): CodeIgniter\View\View->CodeIgniter\View\{closure}()
 6 SYSTEMPATH\View\View.php(229): CodeIgniter\View\View->render('_admin/control/layout/layout.php', [], true)
 7 SYSTEMPATH\Common.php(1184): CodeIgniter\View\View->render('_admin/control/dashboard/index', [], true)
 8 APPPATH\Controllers\ControllerPreProcessor.php(142): view('_admin/control/dashboard/index', [...])
 9 APPPATH\Controllers\Admin\AdminController.php(75): App\Controllers\ControllerPreProcessor->view('control/dashboard/index')
10 APPPATH\Controllers\ControllerPreProcessor.php(207): App\Controllers\Admin\AdminController->App\Controllers\Admin\{closure}([...])
11 APPPATH\Controllers\Admin\AdminController.php(82): App\Controllers\ControllerPreProcessor->authHandler(Object(Closure), Object(Closure), [...], [...])
12 APPPATH\Controllers\Admin\Control\Dashboard.php(49): App\Controllers\Admin\AdminController->viewPage('control/dashboard/index')
13 SYSTEMPATH\CodeIgniter.php(934): App\Controllers\Admin\Control\Dashboard->index()
14 SYSTEMPATH\CodeIgniter.php(499): CodeIgniter\CodeIgniter->runController(Object(App\Controllers\Admin\Control\Dashboard))
15 SYSTEMPATH\CodeIgniter.php(368): CodeIgniter\CodeIgniter->handleRequest(null, Object(Config\Cache), false)
16 FCPATH\index.php(70): CodeIgniter\CodeIgniter->run()
17 SYSTEMPATH\Commands\Server\rewrite.php(47): require_once('D:\\Projects\\KPS\\PHP\\MyUMKM\\Sub\\DapurFirdaus\\public\\index.php')
CRITICAL - 2023-07-20 11:08:03 --> Invalid file: "_admin/control/dashboard/index/control/layout/components/panel_head.php"
in SYSTEMPATH\Exceptions\FrameworkException.php on line 33.
 1 SYSTEMPATH\View\View.php(201): CodeIgniter\Exceptions\FrameworkException::forInvalidFile('_admin/control/dashboard/index/control/layout/components/panel_head.php')
 2 SYSTEMPATH\View\View.php(431): CodeIgniter\View\View->render('_admin/control/dashboard/index/control/layout/components/panel_head', null, true)
 3 APPPATH\Views\_admin\control\layout\layout.php(10): CodeIgniter\View\View->include('_admin/control/dashboard/index/control/layout/components/panel_head')
 4 SYSTEMPATH\View\View.php(213): include('D:\\Projects\\KPS\\PHP\\MyUMKM\\Sub\\DapurFirdaus\\app\\Views\\_admin\\control\\layout\\layout.php')
 5 SYSTEMPATH\View\View.php(216): CodeIgniter\View\View->CodeIgniter\View\{closure}()
 6 SYSTEMPATH\View\View.php(229): CodeIgniter\View\View->render('_admin/control/layout/layout.php', [], true)
 7 SYSTEMPATH\Common.php(1184): CodeIgniter\View\View->render('_admin/control/dashboard/index', [], true)
 8 APPPATH\Controllers\ControllerPreProcessor.php(145): view('_admin/control/dashboard/index', [...])
 9 APPPATH\Controllers\Admin\AdminController.php(75): App\Controllers\ControllerPreProcessor->view('control/dashboard/index')
10 APPPATH\Controllers\ControllerPreProcessor.php(210): App\Controllers\Admin\AdminController->App\Controllers\Admin\{closure}([...])
11 APPPATH\Controllers\Admin\AdminController.php(82): App\Controllers\ControllerPreProcessor->authHandler(Object(Closure), Object(Closure), [...], [...])
12 APPPATH\Controllers\Admin\Control\Dashboard.php(49): App\Controllers\Admin\AdminController->viewPage('control/dashboard/index')
13 SYSTEMPATH\CodeIgniter.php(934): App\Controllers\Admin\Control\Dashboard->index()
14 SYSTEMPATH\CodeIgniter.php(499): CodeIgniter\CodeIgniter->runController(Object(App\Controllers\Admin\Control\Dashboard))
15 SYSTEMPATH\CodeIgniter.php(368): CodeIgniter\CodeIgniter->handleRequest(null, Object(Config\Cache), false)
16 FCPATH\index.php(70): CodeIgniter\CodeIgniter->run()
17 SYSTEMPATH\Commands\Server\rewrite.php(47): require_once('D:\\Projects\\KPS\\PHP\\MyUMKM\\Sub\\DapurFirdaus\\public\\index.php')
CRITICAL - 2023-07-20 11:13:02 --> Call to undefined method CodeIgniter\View\View::path()
in APPPATH\Views\_admin\control\dashboard\index.php on line 12.
 1 SYSTEMPATH\View\View.php(213): include()
 2 SYSTEMPATH\View\View.php(216): CodeIgniter\View\View->CodeIgniter\View\{closure}()
 3 SYSTEMPATH\Common.php(1184): CodeIgniter\View\View->render('_admin/control/dashboard/index', [], true)
 4 APPPATH\Controllers\ControllerPreProcessor.php(142): view('_admin/control/dashboard/index', [...])
 5 APPPATH\Controllers\Admin\AdminController.php(75): App\Controllers\ControllerPreProcessor->view('control/dashboard/index')
 6 APPPATH\Controllers\ControllerPreProcessor.php(207): App\Controllers\Admin\AdminController->App\Controllers\Admin\{closure}([...])
 7 APPPATH\Controllers\Admin\AdminController.php(82): App\Controllers\ControllerPreProcessor->authHandler(Object(Closure), Object(Closure), [...], [...])
 8 APPPATH\Controllers\Admin\Control\Dashboard.php(49): App\Controllers\Admin\AdminController->viewPage('control/dashboard/index')
 9 SYSTEMPATH\CodeIgniter.php(934): App\Controllers\Admin\Control\Dashboard->index()
10 SYSTEMPATH\CodeIgniter.php(499): CodeIgniter\CodeIgniter->runController(Object(App\Controllers\Admin\Control\Dashboard))
11 SYSTEMPATH\CodeIgniter.php(368): CodeIgniter\CodeIgniter->handleRequest(null, Object(Config\Cache), false)
12 FCPATH\index.php(70): CodeIgniter\CodeIgniter->run()
13 SYSTEMPATH\Commands\Server\rewrite.php(47): require_once('D:\\Projects\\KPS\\PHP\\MyUMKM\\Sub\\DapurFirdaus\\public\\index.php')
CRITICAL - 2023-07-20 11:15:54 --> Call to undefined method CodeIgniter\View\View::view()
in APPPATH\Views\_admin\control\dashboard\index.php on line 22.
 1 SYSTEMPATH\View\View.php(213): include()
 2 SYSTEMPATH\View\View.php(216): CodeIgniter\View\View->CodeIgniter\View\{closure}()
 3 SYSTEMPATH\Common.php(1184): CodeIgniter\View\View->render('_admin/control/dashboard/index', [], true)
 4 APPPATH\Controllers\ControllerPreProcessor.php(142): view('_admin/control/dashboard/index', [...])
 5 APPPATH\Controllers\Admin\AdminController.php(75): App\Controllers\ControllerPreProcessor->view('control/dashboard/index')
 6 APPPATH\Controllers\ControllerPreProcessor.php(207): App\Controllers\Admin\AdminController->App\Controllers\Admin\{closure}([...])
 7 APPPATH\Controllers\Admin\AdminController.php(82): App\Controllers\ControllerPreProcessor->authHandler(Object(Closure), Object(Closure), [...], [...])
 8 APPPATH\Controllers\Admin\Control\Dashboard.php(49): App\Controllers\Admin\AdminController->viewPage('control/dashboard/index')
 9 SYSTEMPATH\CodeIgniter.php(934): App\Controllers\Admin\Control\Dashboard->index()
10 SYSTEMPATH\CodeIgniter.php(499): CodeIgniter\CodeIgniter->runController(Object(App\Controllers\Admin\Control\Dashboard))
11 SYSTEMPATH\CodeIgniter.php(368): CodeIgniter\CodeIgniter->handleRequest(null, Object(Config\Cache), false)
12 FCPATH\index.php(70): CodeIgniter\CodeIgniter->run()
13 SYSTEMPATH\Commands\Server\rewrite.php(47): require_once('D:\\Projects\\KPS\\PHP\\MyUMKM\\Sub\\DapurFirdaus\\public\\index.php')
CRITICAL - 2023-07-20 11:16:10 --> Cannot use object of type CodeIgniter\View\View as array
in APPPATH\Views\_admin\control\dashboard\index.php on line 22.
 1 SYSTEMPATH\View\View.php(213): include()
 2 SYSTEMPATH\View\View.php(216): CodeIgniter\View\View->CodeIgniter\View\{closure}()
 3 SYSTEMPATH\Common.php(1184): CodeIgniter\View\View->render('_admin/control/dashboard/index', [], true)
 4 APPPATH\Controllers\ControllerPreProcessor.php(142): view('_admin/control/dashboard/index', [...])
 5 APPPATH\Controllers\Admin\AdminController.php(75): App\Controllers\ControllerPreProcessor->view('control/dashboard/index')
 6 APPPATH\Controllers\ControllerPreProcessor.php(207): App\Controllers\Admin\AdminController->App\Controllers\Admin\{closure}([...])
 7 APPPATH\Controllers\Admin\AdminController.php(82): App\Controllers\ControllerPreProcessor->authHandler(Object(Closure), Object(Closure), [...], [...])
 8 APPPATH\Controllers\Admin\Control\Dashboard.php(49): App\Controllers\Admin\AdminController->viewPage('control/dashboard/index')
 9 SYSTEMPATH\CodeIgniter.php(934): App\Controllers\Admin\Control\Dashboard->index()
10 SYSTEMPATH\CodeIgniter.php(499): CodeIgniter\CodeIgniter->runController(Object(App\Controllers\Admin\Control\Dashboard))
11 SYSTEMPATH\CodeIgniter.php(368): CodeIgniter\CodeIgniter->handleRequest(null, Object(Config\Cache), false)
12 FCPATH\index.php(70): CodeIgniter\CodeIgniter->run()
13 SYSTEMPATH\Commands\Server\rewrite.php(47): require_once('D:\\Projects\\KPS\\PHP\\MyUMKM\\Sub\\DapurFirdaus\\public\\index.php')
CRITICAL - 2023-07-20 11:45:25 --> json_decode(): Argument #1 ($json) must be of type string, CodeIgniter\View\View given
in APPPATH\Views\_admin\control\dashboard\index.php on line 22.
 1 APPPATH\Views\_admin\control\dashboard\index.php(22): json_decode(Object(CodeIgniter\View\View), 128)
 2 SYSTEMPATH\View\View.php(213): include('D:\\Projects\\KPS\\PHP\\MyUMKM\\Sub\\DapurFirdaus\\app\\Views\\_admin\\control\\dashboard\\index.php')
 3 SYSTEMPATH\View\View.php(216): CodeIgniter\View\View->CodeIgniter\View\{closure}()
 4 SYSTEMPATH\Common.php(1184): CodeIgniter\View\View->render('_admin/control/dashboard/index', [], true)
 5 APPPATH\Controllers\ControllerPreProcessor.php(142): view('_admin/control/dashboard/index', [...])
 6 APPPATH\Controllers\Admin\AdminController.php(75): App\Controllers\ControllerPreProcessor->view('control/dashboard/index')
 7 APPPATH\Controllers\ControllerPreProcessor.php(207): App\Controllers\Admin\AdminController->App\Controllers\Admin\{closure}([...])
 8 APPPATH\Controllers\Admin\AdminController.php(82): App\Controllers\ControllerPreProcessor->authHandler(Object(Closure), Object(Closure), [...], [...])
 9 APPPATH\Controllers\Admin\Control\Dashboard.php(49): App\Controllers\Admin\AdminController->viewPage('control/dashboard/index')
10 SYSTEMPATH\CodeIgniter.php(934): App\Controllers\Admin\Control\Dashboard->index()
11 SYSTEMPATH\CodeIgniter.php(499): CodeIgniter\CodeIgniter->runController(Object(App\Controllers\Admin\Control\Dashboard))
12 SYSTEMPATH\CodeIgniter.php(368): CodeIgniter\CodeIgniter->handleRequest(null, Object(Config\Cache), false)
13 FCPATH\index.php(70): CodeIgniter\CodeIgniter->run()
14 SYSTEMPATH\Commands\Server\rewrite.php(47): require_once('D:\\Projects\\KPS\\PHP\\MyUMKM\\Sub\\DapurFirdaus\\public\\index.php')
CRITICAL - 2023-07-20 11:46:42 --> include(body): Failed to open stream: No such file or directory
in APPPATH\Views\_admin\control\dashboard\index.php on line 22.
 1 APPPATH\Views\_admin\control\dashboard\index.php(22): CodeIgniter\Debug\Exceptions->errorHandler(2, 'include(body): Failed to open stream: No such file or directory', 'D:\\Projects\\KPS\\PHP\\MyUMKM\\Sub\\DapurFirdaus\\app\\Views\\_admin\\control\\dashboard\\index.php', 22)
 2 APPPATH\Views\_admin\control\dashboard\index.php(22): include()
 3 SYSTEMPATH\View\View.php(213): include('D:\\Projects\\KPS\\PHP\\MyUMKM\\Sub\\DapurFirdaus\\app\\Views\\_admin\\control\\dashboard\\index.php')
 4 SYSTEMPATH\View\View.php(216): CodeIgniter\View\View->CodeIgniter\View\{closure}()
 5 SYSTEMPATH\Common.php(1184): CodeIgniter\View\View->render('_admin/control/dashboard/index', [], true)
 6 APPPATH\Controllers\ControllerPreProcessor.php(142): view('_admin/control/dashboard/index', [...])
 7 APPPATH\Controllers\Admin\AdminController.php(75): App\Controllers\ControllerPreProcessor->view('control/dashboard/index')
 8 APPPATH\Controllers\ControllerPreProcessor.php(207): App\Controllers\Admin\AdminController->App\Controllers\Admin\{closure}([...])
 9 APPPATH\Controllers\Admin\AdminController.php(82): App\Controllers\ControllerPreProcessor->authHandler(Object(Closure), Object(Closure), [...], [...])
10 APPPATH\Controllers\Admin\Control\Dashboard.php(49): App\Controllers\Admin\AdminController->viewPage('control/dashboard/index')
11 SYSTEMPATH\CodeIgniter.php(934): App\Controllers\Admin\Control\Dashboard->index()
12 SYSTEMPATH\CodeIgniter.php(499): CodeIgniter\CodeIgniter->runController(Object(App\Controllers\Admin\Control\Dashboard))
13 SYSTEMPATH\CodeIgniter.php(368): CodeIgniter\CodeIgniter->handleRequest(null, Object(Config\Cache), false)
14 FCPATH\index.php(70): CodeIgniter\CodeIgniter->run()
15 SYSTEMPATH\Commands\Server\rewrite.php(47): require_once('D:\\Projects\\KPS\\PHP\\MyUMKM\\Sub\\DapurFirdaus\\public\\index.php')
CRITICAL - 2023-07-20 11:48:14 --> include(./components/panel_head.php): Failed to open stream: No such file or directory
in APPPATH\Views\_admin\control\layout\layout.php on line 7.
 1 APPPATH\Views\_admin\control\layout\layout.php(7): CodeIgniter\Debug\Exceptions->errorHandler(2, 'include(./components/panel_head.php): Failed to open stream: No such file or directory', 'D:\\Projects\\KPS\\PHP\\MyUMKM\\Sub\\DapurFirdaus\\app\\Views\\_admin\\control\\layout\\layout.php', 7)
 2 APPPATH\Views\_admin\control\layout\layout.php(7): include()
 3 SYSTEMPATH\View\View.php(213): include('D:\\Projects\\KPS\\PHP\\MyUMKM\\Sub\\DapurFirdaus\\app\\Views\\_admin\\control\\layout\\layout.php')
 4 SYSTEMPATH\View\View.php(216): CodeIgniter\View\View->CodeIgniter\View\{closure}()
 5 SYSTEMPATH\View\View.php(229): CodeIgniter\View\View->render('_admin/control/layout/layout.php', [], true)
 6 SYSTEMPATH\Common.php(1184): CodeIgniter\View\View->render('_admin/control/dashboard/index', [], true)
 7 APPPATH\Controllers\ControllerPreProcessor.php(142): view('_admin/control/dashboard/index', [...])
 8 APPPATH\Controllers\Admin\AdminController.php(75): App\Controllers\ControllerPreProcessor->view('control/dashboard/index')
 9 APPPATH\Controllers\ControllerPreProcessor.php(207): App\Controllers\Admin\AdminController->App\Controllers\Admin\{closure}([...])
10 APPPATH\Controllers\Admin\AdminController.php(82): App\Controllers\ControllerPreProcessor->authHandler(Object(Closure), Object(Closure), [...], [...])
11 APPPATH\Controllers\Admin\Control\Dashboard.php(49): App\Controllers\Admin\AdminController->viewPage('control/dashboard/index')
12 SYSTEMPATH\CodeIgniter.php(934): App\Controllers\Admin\Control\Dashboard->index()
13 SYSTEMPATH\CodeIgniter.php(499): CodeIgniter\CodeIgniter->runController(Object(App\Controllers\Admin\Control\Dashboard))
14 SYSTEMPATH\CodeIgniter.php(368): CodeIgniter\CodeIgniter->handleRequest(null, Object(Config\Cache), false)
15 FCPATH\index.php(70): CodeIgniter\CodeIgniter->run()
16 SYSTEMPATH\Commands\Server\rewrite.php(47): require_once('D:\\Projects\\KPS\\PHP\\MyUMKM\\Sub\\DapurFirdaus\\public\\index.php')
CRITICAL - 2023-07-20 11:48:21 --> include(/components/panel_head.php): Failed to open stream: No such file or directory
in APPPATH\Views\_admin\control\layout\layout.php on line 7.
 1 APPPATH\Views\_admin\control\layout\layout.php(7): CodeIgniter\Debug\Exceptions->errorHandler(2, 'include(/components/panel_head.php): Failed to open stream: No such file or directory', 'D:\\Projects\\KPS\\PHP\\MyUMKM\\Sub\\DapurFirdaus\\app\\Views\\_admin\\control\\layout\\layout.php', 7)
 2 APPPATH\Views\_admin\control\layout\layout.php(7): include()
 3 SYSTEMPATH\View\View.php(213): include('D:\\Projects\\KPS\\PHP\\MyUMKM\\Sub\\DapurFirdaus\\app\\Views\\_admin\\control\\layout\\layout.php')
 4 SYSTEMPATH\View\View.php(216): CodeIgniter\View\View->CodeIgniter\View\{closure}()
 5 SYSTEMPATH\View\View.php(229): CodeIgniter\View\View->render('_admin/control/layout/layout.php', [], true)
 6 SYSTEMPATH\Common.php(1184): CodeIgniter\View\View->render('_admin/control/dashboard/index', [], true)
 7 APPPATH\Controllers\ControllerPreProcessor.php(142): view('_admin/control/dashboard/index', [...])
 8 APPPATH\Controllers\Admin\AdminController.php(75): App\Controllers\ControllerPreProcessor->view('control/dashboard/index')
 9 APPPATH\Controllers\ControllerPreProcessor.php(207): App\Controllers\Admin\AdminController->App\Controllers\Admin\{closure}([...])
10 APPPATH\Controllers\Admin\AdminController.php(82): App\Controllers\ControllerPreProcessor->authHandler(Object(Closure), Object(Closure), [...], [...])
11 APPPATH\Controllers\Admin\Control\Dashboard.php(49): App\Controllers\Admin\AdminController->viewPage('control/dashboard/index')
12 SYSTEMPATH\CodeIgniter.php(934): App\Controllers\Admin\Control\Dashboard->index()
13 SYSTEMPATH\CodeIgniter.php(499): CodeIgniter\CodeIgniter->runController(Object(App\Controllers\Admin\Control\Dashboard))
14 SYSTEMPATH\CodeIgniter.php(368): CodeIgniter\CodeIgniter->handleRequest(null, Object(Config\Cache), false)
15 FCPATH\index.php(70): CodeIgniter\CodeIgniter->run()
16 SYSTEMPATH\Commands\Server\rewrite.php(47): require_once('D:\\Projects\\KPS\\PHP\\MyUMKM\\Sub\\DapurFirdaus\\public\\index.php')
