CRITICAL - 2023-07-09 12:17:26 --> Undefined array key "token"
in APPPATH\Controllers\Admin\Auth\Login.php on line 46.
 1 APPPATH\Controllers\Admin\Auth\Login.php(46): CodeIgniter\Debug\Exceptions->errorHandler(2, 'Undefined array key "token"', 'D:\\Projects\\KPS\\PHP\\MyUMKM\\Sub\\DapurFirdaus\\app\\Controllers\\Admin\\Auth\\Login.php', 46)
 2 SYSTEMPATH\CodeIgniter.php(934): App\Controllers\Admin\Auth\Login->index()
 3 SYSTEMPATH\CodeIgniter.php(499): CodeIgniter\CodeIgniter->runController(Object(App\Controllers\Admin\Auth\Login))
 4 SYSTEMPATH\CodeIgniter.php(368): CodeIgniter\CodeIgniter->handleRequest(null, Object(Config\Cache), false)
 5 FCPATH\index.php(70): CodeIgniter\CodeIgniter->run()
 6 SYSTEMPATH\Commands\Server\rewrite.php(47): require_once('D:\\Projects\\KPS\\PHP\\MyUMKM\\Sub\\DapurFirdaus\\public\\index.php')
CRITICAL - 2023-07-09 12:17:27 --> Undefined array key "token"
in APPPATH\Controllers\Admin\Auth\Login.php on line 46.
 1 APPPATH\Controllers\Admin\Auth\Login.php(46): CodeIgniter\Debug\Exceptions->errorHandler(2, 'Undefined array key "token"', 'D:\\Projects\\KPS\\PHP\\MyUMKM\\Sub\\DapurFirdaus\\app\\Controllers\\Admin\\Auth\\Login.php', 46)
 2 SYSTEMPATH\CodeIgniter.php(934): App\Controllers\Admin\Auth\Login->index()
 3 SYSTEMPATH\CodeIgniter.php(499): CodeIgniter\CodeIgniter->runController(Object(App\Controllers\Admin\Auth\Login))
 4 SYSTEMPATH\CodeIgniter.php(368): CodeIgniter\CodeIgniter->handleRequest(null, Object(Config\Cache), false)
 5 FCPATH\index.php(70): CodeIgniter\CodeIgniter->run()
 6 SYSTEMPATH\Commands\Server\rewrite.php(47): require_once('D:\\Projects\\KPS\\PHP\\MyUMKM\\Sub\\DapurFirdaus\\public\\index.php')
CRITICAL - 2023-07-09 12:19:27 --> Undefined array key "token"
in APPPATH\Controllers\Admin\Auth\Login.php on line 46.
 1 APPPATH\Controllers\Admin\Auth\Login.php(46): CodeIgniter\Debug\Exceptions->errorHandler(2, 'Undefined array key "token"', 'D:\\Projects\\KPS\\PHP\\MyUMKM\\Sub\\DapurFirdaus\\app\\Controllers\\Admin\\Auth\\Login.php', 46)
 2 SYSTEMPATH\CodeIgniter.php(934): App\Controllers\Admin\Auth\Login->index()
 3 SYSTEMPATH\CodeIgniter.php(499): CodeIgniter\CodeIgniter->runController(Object(App\Controllers\Admin\Auth\Login))
 4 SYSTEMPATH\CodeIgniter.php(368): CodeIgniter\CodeIgniter->handleRequest(null, Object(Config\Cache), false)
 5 FCPATH\index.php(70): CodeIgniter\CodeIgniter->run()
 6 SYSTEMPATH\Commands\Server\rewrite.php(47): require_once('D:\\Projects\\KPS\\PHP\\MyUMKM\\Sub\\DapurFirdaus\\public\\index.php')
CRITICAL - 2023-07-09 20:07:00 --> Invalid file: "_admin/control/dashboard.php"
in SYSTEMPATH\Exceptions\FrameworkException.php on line 33.
 1 SYSTEMPATH\View\View.php(201): CodeIgniter\Exceptions\FrameworkException::forInvalidFile('_admin/control/dashboard.php')
 2 SYSTEMPATH\Common.php(1184): CodeIgniter\View\View->render('_admin/control/dashboard', [], true)
 3 APPPATH\Controllers\ControllerPreProcessor.php(142): view('_admin/control/dashboard', [...])
 4 APPPATH\Controllers\Admin\AdminController.php(75): App\Controllers\ControllerPreProcessor->view('control/dashboard')
 5 APPPATH\Controllers\ControllerPreProcessor.php(207): App\Controllers\Admin\AdminController->App\Controllers\Admin\{closure}([...])
 6 APPPATH\Controllers\Admin\AdminController.php(82): App\Controllers\ControllerPreProcessor->authHandler(Object(Closure), Object(Closure), [...], [...])
 7 APPPATH\Controllers\Admin\Control\Dashboard.php(46): App\Controllers\Admin\AdminController->viewPage('control/dashboard')
 8 SYSTEMPATH\CodeIgniter.php(934): App\Controllers\Admin\Control\Dashboard->index()
 9 SYSTEMPATH\CodeIgniter.php(499): CodeIgniter\CodeIgniter->runController(Object(App\Controllers\Admin\Control\Dashboard))
10 SYSTEMPATH\CodeIgniter.php(368): CodeIgniter\CodeIgniter->handleRequest(null, Object(Config\Cache), false)
11 FCPATH\index.php(70): CodeIgniter\CodeIgniter->run()
12 SYSTEMPATH\Commands\Server\rewrite.php(47): require_once('D:\\Projects\\KPS\\PHP\\MyUMKM\\Sub\\DapurFirdaus\\public\\index.php')
CRITICAL - 2023-07-09 20:09:23 --> Allowed memory size of 536870912 bytes exhausted (tried to allocate 32768 bytes)
in APPPATH\Views\_admin\control\layout\components\sidenav.php on line 1.
 1 [internal function]: CodeIgniter\Debug\Exceptions->shutdownHandler()
CRITICAL - 2023-07-09 20:10:28 --> Allowed memory size of 536870912 bytes exhausted (tried to allocate 32768 bytes)
in APPPATH\Views\_admin\control\layout\components\sidenav.php on line 1.
 1 [internal function]: CodeIgniter\Debug\Exceptions->shutdownHandler()
CRITICAL - 2023-07-09 20:11:34 --> View themes, no current section.
in SYSTEMPATH\View\View.php on line 394.
 1 APPPATH\Views\_admin\control\layout\layout.php(14): CodeIgniter\View\View->endSection('content')
 2 SYSTEMPATH\View\View.php(213): include('D:\\Projects\\KPS\\PHP\\MyUMKM\\Sub\\DapurFirdaus\\app\\Views\\_admin\\control\\layout\\layout.php')
 3 SYSTEMPATH\View\View.php(216): CodeIgniter\View\View->CodeIgniter\View\{closure}()
 4 SYSTEMPATH\View\View.php(229): CodeIgniter\View\View->render('_admin/control/layout/layout.php', [], true)
 5 SYSTEMPATH\Common.php(1184): CodeIgniter\View\View->render('_admin/control/dashboard/dashboard', [], true)
 6 APPPATH\Controllers\ControllerPreProcessor.php(142): view('_admin/control/dashboard/dashboard', [...])
 7 APPPATH\Controllers\Admin\AdminController.php(75): App\Controllers\ControllerPreProcessor->view('control/dashboard/dashboard')
 8 APPPATH\Controllers\ControllerPreProcessor.php(207): App\Controllers\Admin\AdminController->App\Controllers\Admin\{closure}([...])
 9 APPPATH\Controllers\Admin\AdminController.php(82): App\Controllers\ControllerPreProcessor->authHandler(Object(Closure), Object(Closure), [...], [...])
10 APPPATH\Controllers\Admin\Control\Dashboard.php(46): App\Controllers\Admin\AdminController->viewPage('control/dashboard/dashboard')
11 SYSTEMPATH\CodeIgniter.php(934): App\Controllers\Admin\Control\Dashboard->index()
12 SYSTEMPATH\CodeIgniter.php(499): CodeIgniter\CodeIgniter->runController(Object(App\Controllers\Admin\Control\Dashboard))
13 SYSTEMPATH\CodeIgniter.php(368): CodeIgniter\CodeIgniter->handleRequest(null, Object(Config\Cache), false)
14 FCPATH\index.php(70): CodeIgniter\CodeIgniter->run()
15 SYSTEMPATH\Commands\Server\rewrite.php(47): require_once('D:\\Projects\\KPS\\PHP\\MyUMKM\\Sub\\DapurFirdaus\\public\\index.php')
