CRITICAL - 2023-05-26 09:29:45 --> Invalid file: "_admin/error/404.php"
in SYSTEMPATH\Exceptions\FrameworkException.php on line 33.
 1 SYSTEMPATH\View\View.php(201): CodeIgniter\Exceptions\FrameworkException::forInvalidFile('_admin/error/404.php')
 2 SYSTEMPATH\Common.php(1184): CodeIgniter\View\View->render('_admin/error/404', [], true)
 3 APPPATH\Controllers\Admin\AdminController.php(47): view('_admin/error/404', [...])
 4 APPPATH\Controllers\Admin\AdminController.php(85): App\Controllers\Admin\AdminController->view('error/404', [...])
 5 SYSTEMPATH\CodeIgniter.php(934): App\Controllers\Admin\AdminController->error404()
 6 SYSTEMPATH\CodeIgniter.php(499): CodeIgniter\CodeIgniter->runController(Object(App\Controllers\Admin\Pages))
 7 SYSTEMPATH\CodeIgniter.php(368): CodeIgniter\CodeIgniter->handleRequest(null, Object(Config\Cache), false)
 8 FCPATH\index.php(67): CodeIgniter\CodeIgniter->run()
 9 SYSTEMPATH\Commands\Server\rewrite.php(47): require_once('FCPATH\\index.php')
CRITICAL - 2023-05-26 09:29:55 --> Invalid file: "_admin/error/404.php"
in SYSTEMPATH\Exceptions\FrameworkException.php on line 33.
 1 SYSTEMPATH\View\View.php(201): CodeIgniter\Exceptions\FrameworkException::forInvalidFile('_admin/error/404.php')
 2 SYSTEMPATH\Common.php(1184): CodeIgniter\View\View->render('_admin/error/404', [], true)
 3 APPPATH\Controllers\Admin\AdminController.php(47): view('_admin/error/404', [...])
 4 APPPATH\Controllers\Admin\AdminController.php(85): App\Controllers\Admin\AdminController->view('error/404', [...])
 5 SYSTEMPATH\CodeIgniter.php(934): App\Controllers\Admin\AdminController->error404()
 6 SYSTEMPATH\CodeIgniter.php(499): CodeIgniter\CodeIgniter->runController(Object(App\Controllers\Admin\Pages))
 7 SYSTEMPATH\CodeIgniter.php(368): CodeIgniter\CodeIgniter->handleRequest(null, Object(Config\Cache), false)
 8 FCPATH\index.php(67): CodeIgniter\CodeIgniter->run()
 9 SYSTEMPATH\Commands\Server\rewrite.php(47): require_once('FCPATH\\index.php')
CRITICAL - 2023-05-26 10:24:42 --> Invalid file: "_admin/components/footer.php"
in SYSTEMPATH\Exceptions\FrameworkException.php on line 33.
 1 SYSTEMPATH\View\View.php(201): CodeIgniter\Exceptions\FrameworkException::forInvalidFile('_admin/components/footer.php')
 2 SYSTEMPATH\View\View.php(431): CodeIgniter\View\View->render('_admin/components/footer.php', null, true)
 3 APPPATH\Views\_admin\error\404.php(28): CodeIgniter\View\View->include('_admin/components/footer.php')
 4 SYSTEMPATH\View\View.php(213): include('APPPATH\\Views\\_admin\\error\\404.php')
 5 SYSTEMPATH\View\View.php(216): CodeIgniter\View\View->CodeIgniter\View\{closure}()
 6 SYSTEMPATH\Common.php(1184): CodeIgniter\View\View->render('_admin/error/404', [], true)
 7 APPPATH\Controllers\Admin\AdminController.php(47): view('_admin/error/404', [...])
 8 APPPATH\Controllers\Admin\AdminController.php(85): App\Controllers\Admin\AdminController->view('error/404', [...])
 9 SYSTEMPATH\CodeIgniter.php(934): App\Controllers\Admin\AdminController->error404()
10 SYSTEMPATH\CodeIgniter.php(499): CodeIgniter\CodeIgniter->runController(Object(App\Controllers\Admin\Pages))
11 SYSTEMPATH\CodeIgniter.php(368): CodeIgniter\CodeIgniter->handleRequest(null, Object(Config\Cache), false)
12 FCPATH\index.php(67): CodeIgniter\CodeIgniter->run()
13 SYSTEMPATH\Commands\Server\rewrite.php(47): require_once('FCPATH\\index.php')
CRITICAL - 2023-05-26 10:24:54 --> Invalid file: "_admin/layout/template.php"
in SYSTEMPATH\Exceptions\FrameworkException.php on line 33.
 1 SYSTEMPATH\View\View.php(201): CodeIgniter\Exceptions\FrameworkException::forInvalidFile('_admin/layout/template.php')
 2 SYSTEMPATH\View\View.php(229): CodeIgniter\View\View->render('_admin/layout/template.php', [], true)
 3 SYSTEMPATH\Common.php(1184): CodeIgniter\View\View->render('_admin/error/404', [], true)
 4 APPPATH\Controllers\Admin\AdminController.php(47): view('_admin/error/404', [...])
 5 APPPATH\Controllers\Admin\AdminController.php(85): App\Controllers\Admin\AdminController->view('error/404', [...])
 6 SYSTEMPATH\CodeIgniter.php(934): App\Controllers\Admin\AdminController->error404()
 7 SYSTEMPATH\CodeIgniter.php(499): CodeIgniter\CodeIgniter->runController(Object(App\Controllers\Admin\Pages))
 8 SYSTEMPATH\CodeIgniter.php(368): CodeIgniter\CodeIgniter->handleRequest(null, Object(Config\Cache), false)
 9 FCPATH\index.php(67): CodeIgniter\CodeIgniter->run()
10 SYSTEMPATH\Commands\Server\rewrite.php(47): require_once('FCPATH\\index.php')
CRITICAL - 2023-05-26 14:34:51 --> Invalid file: "_admin/index.php"
in SYSTEMPATH\Exceptions\FrameworkException.php on line 33.
 1 SYSTEMPATH\View\View.php(201): CodeIgniter\Exceptions\FrameworkException::forInvalidFile('_admin/index.php')
 2 SYSTEMPATH\Common.php(1184): CodeIgniter\View\View->render('_admin/index', [], true)
 3 APPPATH\Controllers\Admin\AdminController.php(45): view('_admin/index', [...])
 4 APPPATH\Controllers\Admin\Pages.php(23): App\Controllers\Admin\AdminController->view('index', [...])
 5 SYSTEMPATH\CodeIgniter.php(934): App\Controllers\Admin\Pages->index()
 6 SYSTEMPATH\CodeIgniter.php(499): CodeIgniter\CodeIgniter->runController(Object(App\Controllers\Admin\Pages))
 7 SYSTEMPATH\CodeIgniter.php(368): CodeIgniter\CodeIgniter->handleRequest(null, Object(Config\Cache), false)
 8 FCPATH\index.php(67): CodeIgniter\CodeIgniter->run()
 9 SYSTEMPATH\Commands\Server\rewrite.php(47): require_once('FCPATH\\index.php')
