CRITICAL - 2023-03-15 10:42:15 --> Too few arguments to function CodeIgniter\Router\RouteCollection::get(), 1 passed in D:\Projects\KPS\PHP\Putsutech\app\Config\Routes.php on line 48 and at least 2 expected
in SYSTEMPATH\Router\RouteCollection.php on line 915.
 1 APPPATH\Config\Routes.php(48): CodeIgniter\Router\RouteCollection->get('/LandingPage::index')
 2 APPPATH\Config\Routes.php(769): Config\fcCommercial(Object(CodeIgniter\Router\RouteCollection))
 3 SYSTEMPATH\Router\RouteCollection.php(676): CodeIgniter\Router\RouteCollection::Config\{closure}(Object(CodeIgniter\Router\RouteCollection))
 4 APPPATH\Config\Routes.php(770): CodeIgniter\Router\RouteCollection->group('ROOTPATH\\public', [...], Object(Closure))
 5 SYSTEMPATH\Router\RouteCollection.php(267): require('APPPATH\\Config\\Routes.php')
 6 SYSTEMPATH\CodeIgniter.php(802): CodeIgniter\Router\RouteCollection->loadRoutes()
 7 SYSTEMPATH\CodeIgniter.php(449): CodeIgniter\CodeIgniter->tryToRouteIt(null)
 8 SYSTEMPATH\CodeIgniter.php(368): CodeIgniter\CodeIgniter->handleRequest(null, Object(Config\Cache), false)
 9 FCPATH\index.php(67): CodeIgniter\CodeIgniter->run()
10 SYSTEMPATH\Commands\Server\rewrite.php(47): require_once('FCPATH\\index.php')
CRITICAL - 2023-03-15 10:44:03 --> Too few arguments to function CodeIgniter\Router\RouteCollection::get(), 1 passed in D:\Projects\KPS\PHP\Putsutech\app\Config\Routes.php on line 48 and at least 2 expected
in SYSTEMPATH\Router\RouteCollection.php on line 915.
 1 APPPATH\Config\Routes.php(48): CodeIgniter\Router\RouteCollection->get('/LandingPage::index')
 2 APPPATH\Config\Routes.php(769): Config\fcCommercial(Object(CodeIgniter\Router\RouteCollection))
 3 SYSTEMPATH\Router\RouteCollection.php(676): CodeIgniter\Router\RouteCollection::Config\{closure}(Object(CodeIgniter\Router\RouteCollection))
 4 APPPATH\Config\Routes.php(770): CodeIgniter\Router\RouteCollection->group('ROOTPATH\\public', [...], Object(Closure))
 5 SYSTEMPATH\Router\RouteCollection.php(267): require('APPPATH\\Config\\Routes.php')
 6 SYSTEMPATH\CodeIgniter.php(802): CodeIgniter\Router\RouteCollection->loadRoutes()
 7 SYSTEMPATH\CodeIgniter.php(449): CodeIgniter\CodeIgniter->tryToRouteIt(null)
 8 SYSTEMPATH\CodeIgniter.php(368): CodeIgniter\CodeIgniter->handleRequest(null, Object(Config\Cache), false)
 9 FCPATH\index.php(67): CodeIgniter\CodeIgniter->run()
10 SYSTEMPATH\Commands\Server\rewrite.php(47): require_once('FCPATH\\index.php')
CRITICAL - 2023-03-15 10:44:12 --> Too few arguments to function CodeIgniter\Router\RouteCollection::get(), 1 passed in D:\Projects\KPS\PHP\Putsutech\app\Config\Routes.php on line 48 and at least 2 expected
in SYSTEMPATH\Router\RouteCollection.php on line 915.
 1 APPPATH\Config\Routes.php(48): CodeIgniter\Router\RouteCollection->get('LandingPage::index')
 2 APPPATH\Config\Routes.php(769): Config\fcCommercial(Object(CodeIgniter\Router\RouteCollection))
 3 SYSTEMPATH\Router\RouteCollection.php(676): CodeIgniter\Router\RouteCollection::Config\{closure}(Object(CodeIgniter\Router\RouteCollection))
 4 APPPATH\Config\Routes.php(770): CodeIgniter\Router\RouteCollection->group('ROOTPATH\\public', [...], Object(Closure))
 5 SYSTEMPATH\Router\RouteCollection.php(267): require('APPPATH\\Config\\Routes.php')
 6 SYSTEMPATH\CodeIgniter.php(802): CodeIgniter\Router\RouteCollection->loadRoutes()
 7 SYSTEMPATH\CodeIgniter.php(449): CodeIgniter\CodeIgniter->tryToRouteIt(null)
 8 SYSTEMPATH\CodeIgniter.php(368): CodeIgniter\CodeIgniter->handleRequest(null, Object(Config\Cache), false)
 9 FCPATH\index.php(67): CodeIgniter\CodeIgniter->run()
10 SYSTEMPATH\Commands\Server\rewrite.php(47): require_once('FCPATH\\index.php')
CRITICAL - 2023-03-15 10:44:23 --> Undefined variable: hostname
in APPPATH\Config\Routes.php on line 792.
 1 APPPATH\Config\Routes.php(792): CodeIgniter\Debug\Exceptions->errorHandler(8, 'Undefined variable: hostname', 'APPPATH\\Config\\Routes.php', 792, [...])
 2 SYSTEMPATH\Router\RouteCollection.php(267): require('APPPATH\\Config\\Routes.php')
 3 SYSTEMPATH\CodeIgniter.php(802): CodeIgniter\Router\RouteCollection->loadRoutes()
 4 SYSTEMPATH\CodeIgniter.php(449): CodeIgniter\CodeIgniter->tryToRouteIt(null)
 5 SYSTEMPATH\CodeIgniter.php(368): CodeIgniter\CodeIgniter->handleRequest(null, Object(Config\Cache), false)
 6 FCPATH\index.php(67): CodeIgniter\CodeIgniter->run()
 7 SYSTEMPATH\Commands\Server\rewrite.php(47): require_once('FCPATH\\index.php')
CRITICAL - 2023-03-15 10:48:13 --> Argument 1 passed to CodeIgniter\Router\RouteCollection::get() must be of the type string, null given, called in D:\Projects\KPS\PHP\Putsutech\app\Config\Routes.php on line 48
in SYSTEMPATH\Router\RouteCollection.php on line 915.
 1 APPPATH\Config\Routes.php(48): CodeIgniter\Router\RouteCollection->get(null, 'LandingPage::index')
 2 APPPATH\Config\Routes.php(769): Config\fcCommercial(Object(CodeIgniter\Router\RouteCollection))
 3 SYSTEMPATH\Router\RouteCollection.php(676): CodeIgniter\Router\RouteCollection::Config\{closure}(Object(CodeIgniter\Router\RouteCollection))
 4 APPPATH\Config\Routes.php(770): CodeIgniter\Router\RouteCollection->group('ROOTPATH\\public', [...], Object(Closure))
 5 SYSTEMPATH\Router\RouteCollection.php(267): require('APPPATH\\Config\\Routes.php')
 6 SYSTEMPATH\CodeIgniter.php(802): CodeIgniter\Router\RouteCollection->loadRoutes()
 7 SYSTEMPATH\CodeIgniter.php(449): CodeIgniter\CodeIgniter->tryToRouteIt(null)
 8 SYSTEMPATH\CodeIgniter.php(368): CodeIgniter\CodeIgniter->handleRequest(null, Object(Config\Cache), false)
 9 FCPATH\index.php(67): CodeIgniter\CodeIgniter->run()
10 SYSTEMPATH\Commands\Server\rewrite.php(47): require_once('FCPATH\\index.php')
CRITICAL - 2023-03-15 11:58:29 --> Constant expression contains invalid operations
in APPPATH\Controllers\Commercial\LandingPage.php on line 10.
 1 [internal function]: CodeIgniter\Debug\Exceptions->shutdownHandler()
CRITICAL - 2023-03-15 12:43:01 --> Invalid file: "_commercial/template.php"
in SYSTEMPATH\Exceptions\FrameworkException.php on line 33.
 1 SYSTEMPATH\View\View.php(201): CodeIgniter\Exceptions\FrameworkException::forInvalidFile('_commercial/template.php')
 2 SYSTEMPATH\View\View.php(229): CodeIgniter\View\View->render('_commercial/template.php', [], true)
 3 SYSTEMPATH\Common.php(1184): CodeIgniter\View\View->render('_commercial/landingPage/index', [], true)
 4 APPPATH\Controllers\Commercial\LandingPage.php(25): view('_commercial/landingPage/index', [...])
 5 SYSTEMPATH\CodeIgniter.php(934): App\Controllers\Commercial\LandingPage->index()
 6 SYSTEMPATH\CodeIgniter.php(499): CodeIgniter\CodeIgniter->runController(Object(App\Controllers\Commercial\LandingPage))
 7 SYSTEMPATH\CodeIgniter.php(368): CodeIgniter\CodeIgniter->handleRequest(null, Object(Config\Cache), false)
 8 FCPATH\index.php(67): CodeIgniter\CodeIgniter->run()
 9 SYSTEMPATH\Commands\Server\rewrite.php(47): require_once('FCPATH\\index.php')
CRITICAL - 2023-03-15 12:43:13 --> Undefined variable: imgUrl
in APPPATH\Views\_commercial\layout\template.php on line 9.
 1 APPPATH\Views\_commercial\layout\template.php(9): CodeIgniter\Debug\Exceptions->errorHandler(8, 'Undefined variable: imgUrl', 'APPPATH\\Views\\_commercial\\layout\\template.php', 9, [...])
 2 SYSTEMPATH\View\View.php(213): include('APPPATH\\Views\\_commercial\\layout\\template.php')
 3 SYSTEMPATH\View\View.php(216): CodeIgniter\View\View->CodeIgniter\View\{closure}()
 4 SYSTEMPATH\View\View.php(229): CodeIgniter\View\View->render('_commercial/layout/template.php', [], true)
 5 SYSTEMPATH\Common.php(1184): CodeIgniter\View\View->render('_commercial/landingPage/index', [], true)
 6 APPPATH\Controllers\Commercial\LandingPage.php(25): view('_commercial/landingPage/index', [...])
 7 SYSTEMPATH\CodeIgniter.php(934): App\Controllers\Commercial\LandingPage->index()
 8 SYSTEMPATH\CodeIgniter.php(499): CodeIgniter\CodeIgniter->runController(Object(App\Controllers\Commercial\LandingPage))
 9 SYSTEMPATH\CodeIgniter.php(368): CodeIgniter\CodeIgniter->handleRequest(null, Object(Config\Cache), false)
10 FCPATH\index.php(67): CodeIgniter\CodeIgniter->run()
11 SYSTEMPATH\Commands\Server\rewrite.php(47): require_once('FCPATH\\index.php')
CRITICAL - 2023-03-15 12:43:32 --> Undefined variable: imgUrl
in APPPATH\Views\_commercial\layout\template.php on line 9.
 1 APPPATH\Views\_commercial\layout\template.php(9): CodeIgniter\Debug\Exceptions->errorHandler(8, 'Undefined variable: imgUrl', 'APPPATH\\Views\\_commercial\\layout\\template.php', 9, [...])
 2 SYSTEMPATH\View\View.php(213): include('APPPATH\\Views\\_commercial\\layout\\template.php')
 3 SYSTEMPATH\View\View.php(216): CodeIgniter\View\View->CodeIgniter\View\{closure}()
 4 SYSTEMPATH\View\View.php(229): CodeIgniter\View\View->render('_commercial/layout/template.php', [], true)
 5 SYSTEMPATH\Common.php(1184): CodeIgniter\View\View->render('_commercial/landingPage/index', [], true)
 6 APPPATH\Controllers\Commercial\LandingPage.php(25): view('_commercial/landingPage/index', [...])
 7 SYSTEMPATH\CodeIgniter.php(934): App\Controllers\Commercial\LandingPage->index()
 8 SYSTEMPATH\CodeIgniter.php(499): CodeIgniter\CodeIgniter->runController(Object(App\Controllers\Commercial\LandingPage))
 9 SYSTEMPATH\CodeIgniter.php(368): CodeIgniter\CodeIgniter->handleRequest(null, Object(Config\Cache), false)
10 FCPATH\index.php(67): CodeIgniter\CodeIgniter->run()
11 SYSTEMPATH\Commands\Server\rewrite.php(47): require_once('FCPATH\\index.php')
CRITICAL - 2023-03-15 12:44:40 --> Undefined variable: imgUrl
in APPPATH\Views\_commercial\layout\template.php on line 9.
 1 APPPATH\Views\_commercial\layout\template.php(9): CodeIgniter\Debug\Exceptions->errorHandler(8, 'Undefined variable: imgUrl', 'APPPATH\\Views\\_commercial\\layout\\template.php', 9, [...])
 2 SYSTEMPATH\View\View.php(213): include('APPPATH\\Views\\_commercial\\layout\\template.php')
 3 SYSTEMPATH\View\View.php(216): CodeIgniter\View\View->CodeIgniter\View\{closure}()
 4 SYSTEMPATH\View\View.php(229): CodeIgniter\View\View->render('_commercial/layout/template.php', [], true)
 5 SYSTEMPATH\Common.php(1184): CodeIgniter\View\View->render('_commercial/landingPage/index', [], true)
 6 APPPATH\Controllers\Commercial\LandingPage.php(25): view('_commercial/landingPage/index', [...])
 7 SYSTEMPATH\CodeIgniter.php(934): App\Controllers\Commercial\LandingPage->index()
 8 SYSTEMPATH\CodeIgniter.php(499): CodeIgniter\CodeIgniter->runController(Object(App\Controllers\Commercial\LandingPage))
 9 SYSTEMPATH\CodeIgniter.php(368): CodeIgniter\CodeIgniter->handleRequest(null, Object(Config\Cache), false)
10 FCPATH\index.php(67): CodeIgniter\CodeIgniter->run()
11 SYSTEMPATH\Commands\Server\rewrite.php(47): require_once('FCPATH\\index.php')
CRITICAL - 2023-03-15 12:44:48 --> Undefined variable: imgUrl
in APPPATH\Views\_commercial\layout\template.php on line 9.
 1 APPPATH\Views\_commercial\layout\template.php(9): CodeIgniter\Debug\Exceptions->errorHandler(8, 'Undefined variable: imgUrl', 'APPPATH\\Views\\_commercial\\layout\\template.php', 9, [...])
 2 SYSTEMPATH\View\View.php(213): include('APPPATH\\Views\\_commercial\\layout\\template.php')
 3 SYSTEMPATH\View\View.php(216): CodeIgniter\View\View->CodeIgniter\View\{closure}()
 4 SYSTEMPATH\View\View.php(229): CodeIgniter\View\View->render('_commercial/layout/template.php', [], true)
 5 SYSTEMPATH\Common.php(1184): CodeIgniter\View\View->render('_commercial/landingPage/index', [], true)
 6 APPPATH\Controllers\Commercial\LandingPage.php(25): view('_commercial/landingPage/index', [...])
 7 SYSTEMPATH\CodeIgniter.php(934): App\Controllers\Commercial\LandingPage->index()
 8 SYSTEMPATH\CodeIgniter.php(499): CodeIgniter\CodeIgniter->runController(Object(App\Controllers\Commercial\LandingPage))
 9 SYSTEMPATH\CodeIgniter.php(368): CodeIgniter\CodeIgniter->handleRequest(null, Object(Config\Cache), false)
10 FCPATH\index.php(67): CodeIgniter\CodeIgniter->run()
11 SYSTEMPATH\Commands\Server\rewrite.php(47): require_once('FCPATH\\index.php')
CRITICAL - 2023-03-15 12:45:00 --> Call to undefined function printr()
in APPPATH\Helpers\function_helper.php on line 181.
 1 APPPATH\Views\_commercial\layout\template.php(7): empty_print('Putsutech.com - Professional IT Consultant')
 2 SYSTEMPATH\View\View.php(213): include('APPPATH\\Views\\_commercial\\layout\\template.php')
 3 SYSTEMPATH\View\View.php(216): CodeIgniter\View\View->CodeIgniter\View\{closure}()
 4 SYSTEMPATH\View\View.php(229): CodeIgniter\View\View->render('_commercial/layout/template.php', [], true)
 5 SYSTEMPATH\Common.php(1184): CodeIgniter\View\View->render('_commercial/landingPage/index', [], true)
 6 APPPATH\Controllers\Commercial\LandingPage.php(25): view('_commercial/landingPage/index', [...])
 7 SYSTEMPATH\CodeIgniter.php(934): App\Controllers\Commercial\LandingPage->index()
 8 SYSTEMPATH\CodeIgniter.php(499): CodeIgniter\CodeIgniter->runController(Object(App\Controllers\Commercial\LandingPage))
 9 SYSTEMPATH\CodeIgniter.php(368): CodeIgniter\CodeIgniter->handleRequest(null, Object(Config\Cache), false)
10 FCPATH\index.php(67): CodeIgniter\CodeIgniter->run()
11 SYSTEMPATH\Commands\Server\rewrite.php(47): require_once('FCPATH\\index.php')
CRITICAL - 2023-03-15 12:45:05 --> Undefined variable: imgUrl
in APPPATH\Views\_commercial\layout\template.php on line 9.
 1 APPPATH\Views\_commercial\layout\template.php(9): CodeIgniter\Debug\Exceptions->errorHandler(8, 'Undefined variable: imgUrl', 'APPPATH\\Views\\_commercial\\layout\\template.php', 9, [...])
 2 SYSTEMPATH\View\View.php(213): include('APPPATH\\Views\\_commercial\\layout\\template.php')
 3 SYSTEMPATH\View\View.php(216): CodeIgniter\View\View->CodeIgniter\View\{closure}()
 4 SYSTEMPATH\View\View.php(229): CodeIgniter\View\View->render('_commercial/layout/template.php', [], true)
 5 SYSTEMPATH\Common.php(1184): CodeIgniter\View\View->render('_commercial/landingPage/index', [], true)
 6 APPPATH\Controllers\Commercial\LandingPage.php(25): view('_commercial/landingPage/index', [...])
 7 SYSTEMPATH\CodeIgniter.php(934): App\Controllers\Commercial\LandingPage->index()
 8 SYSTEMPATH\CodeIgniter.php(499): CodeIgniter\CodeIgniter->runController(Object(App\Controllers\Commercial\LandingPage))
 9 SYSTEMPATH\CodeIgniter.php(368): CodeIgniter\CodeIgniter->handleRequest(null, Object(Config\Cache), false)
10 FCPATH\index.php(67): CodeIgniter\CodeIgniter->run()
11 SYSTEMPATH\Commands\Server\rewrite.php(47): require_once('FCPATH\\index.php')
CRITICAL - 2023-03-15 12:45:09 --> Undefined variable: imgUrl
in APPPATH\Views\_commercial\layout\template.php on line 9.
 1 APPPATH\Views\_commercial\layout\template.php(9): CodeIgniter\Debug\Exceptions->errorHandler(8, 'Undefined variable: imgUrl', 'APPPATH\\Views\\_commercial\\layout\\template.php', 9, [...])
 2 SYSTEMPATH\View\View.php(213): include('APPPATH\\Views\\_commercial\\layout\\template.php')
 3 SYSTEMPATH\View\View.php(216): CodeIgniter\View\View->CodeIgniter\View\{closure}()
 4 SYSTEMPATH\View\View.php(229): CodeIgniter\View\View->render('_commercial/layout/template.php', [], true)
 5 SYSTEMPATH\Common.php(1184): CodeIgniter\View\View->render('_commercial/landingPage/index', [], true)
 6 APPPATH\Controllers\Commercial\LandingPage.php(25): view('_commercial/landingPage/index', [...])
 7 SYSTEMPATH\CodeIgniter.php(934): App\Controllers\Commercial\LandingPage->index()
 8 SYSTEMPATH\CodeIgniter.php(499): CodeIgniter\CodeIgniter->runController(Object(App\Controllers\Commercial\LandingPage))
 9 SYSTEMPATH\CodeIgniter.php(368): CodeIgniter\CodeIgniter->handleRequest(null, Object(Config\Cache), false)
10 FCPATH\index.php(67): CodeIgniter\CodeIgniter->run()
11 SYSTEMPATH\Commands\Server\rewrite.php(47): require_once('FCPATH\\index.php')
CRITICAL - 2023-03-15 12:46:02 --> Undefined variable: imgUrl
in APPPATH\Views\_commercial\layout\template.php on line 9.
 1 APPPATH\Views\_commercial\layout\template.php(9): CodeIgniter\Debug\Exceptions->errorHandler(8, 'Undefined variable: imgUrl', 'APPPATH\\Views\\_commercial\\layout\\template.php', 9, [...])
 2 SYSTEMPATH\View\View.php(213): include('APPPATH\\Views\\_commercial\\layout\\template.php')
 3 SYSTEMPATH\View\View.php(216): CodeIgniter\View\View->CodeIgniter\View\{closure}()
 4 SYSTEMPATH\View\View.php(229): CodeIgniter\View\View->render('_commercial/layout/template.php', [], true)
 5 SYSTEMPATH\Common.php(1184): CodeIgniter\View\View->render('_commercial/landingPage/index', [], true)
 6 APPPATH\Controllers\Commercial\LandingPage.php(25): view('_commercial/landingPage/index', [...])
 7 SYSTEMPATH\CodeIgniter.php(934): App\Controllers\Commercial\LandingPage->index()
 8 SYSTEMPATH\CodeIgniter.php(499): CodeIgniter\CodeIgniter->runController(Object(App\Controllers\Commercial\LandingPage))
 9 SYSTEMPATH\CodeIgniter.php(368): CodeIgniter\CodeIgniter->handleRequest(null, Object(Config\Cache), false)
10 FCPATH\index.php(67): CodeIgniter\CodeIgniter->run()
11 SYSTEMPATH\Commands\Server\rewrite.php(47): require_once('FCPATH\\index.php')
