CRITICAL - 2023-04-08 12:59:23 --> Undefined variable: init_path
in APPPATH\Views\_partner\home.php on line 1.
 1 APPPATH\Views\_partner\home.php(1): CodeIgniter\Debug\Exceptions->errorHandler(8, 'Undefined variable: init_path', 'APPPATH\\Views\\_partner\\home.php', 1, [])
 2 SYSTEMPATH\View\View.php(213): include('APPPATH\\Views\\_partner\\home.php')
 3 SYSTEMPATH\View\View.php(216): CodeIgniter\View\View->CodeIgniter\View\{closure}()
 4 SYSTEMPATH\Common.php(1184): CodeIgniter\View\View->render('_partner/home', [], true)
 5 APPPATH\Controllers\Partner\PartnerController.php(31): view('_partner/home')
 6 APPPATH\Controllers\Partner\Homepage.php(18): App\Controllers\Partner\PartnerController->view('home', [...])
 7 SYSTEMPATH\CodeIgniter.php(934): App\Controllers\Partner\Homepage->index()
 8 SYSTEMPATH\CodeIgniter.php(499): CodeIgniter\CodeIgniter->runController(Object(App\Controllers\Partner\Homepage))
 9 SYSTEMPATH\CodeIgniter.php(368): CodeIgniter\CodeIgniter->handleRequest(null, Object(Config\Cache), false)
10 FCPATH\index.php(67): CodeIgniter\CodeIgniter->run()
11 SYSTEMPATH\Commands\Server\rewrite.php(47): require_once('FCPATH\\index.php')
CRITICAL - 2023-04-08 13:00:15 --> Invalid file: "_partner/layout/template.php"
in SYSTEMPATH\Exceptions\FrameworkException.php on line 33.
 1 SYSTEMPATH\View\View.php(201): CodeIgniter\Exceptions\FrameworkException::forInvalidFile('_partner/layout/template.php')
 2 SYSTEMPATH\View\View.php(229): CodeIgniter\View\View->render('_partner/layout/template.php', [], true)
 3 SYSTEMPATH\Common.php(1184): CodeIgniter\View\View->render('_partner/home', [], true)
 4 APPPATH\Controllers\Partner\PartnerController.php(33): view('_partner/home', [...])
 5 APPPATH\Controllers\Partner\Homepage.php(18): App\Controllers\Partner\PartnerController->view('home', [...])
 6 SYSTEMPATH\CodeIgniter.php(934): App\Controllers\Partner\Homepage->index()
 7 SYSTEMPATH\CodeIgniter.php(499): CodeIgniter\CodeIgniter->runController(Object(App\Controllers\Partner\Homepage))
 8 SYSTEMPATH\CodeIgniter.php(368): CodeIgniter\CodeIgniter->handleRequest(null, Object(Config\Cache), false)
 9 FCPATH\index.php(67): CodeIgniter\CodeIgniter->run()
10 SYSTEMPATH\Commands\Server\rewrite.php(47): require_once('FCPATH\\index.php')
