WARNING - 2023-08-13 00:00:09 --> [DEPRECATED] Required parameter $return follows optional parameter $payload in APPPATH\API\V1\APIV1Controller.php on line 76.
 1 SYSTEMPATH\Autoloader\Autoloader.php(312): include_once()
 2 SYSTEMPATH\Autoloader\Autoloader.php(289): CodeIgniter\Autoloader\Autoloader->includeFile('D:\\Projects\\KPS\\PHP\\MyUMKM\\Sub\\Konfigurasi-2.0\\DapurFirdaus\\CORE\\app\\API\\V1\\APIV1Controller.php')
 3 SYSTEMPATH\Autoloader\Autoloader.php(267): CodeIgniter\Autoloader\Autoloader->loadInNamespace('App\\API\\V1\\APIV1Controller')
 4 APPPATH\API\V1\Catalog\Product\Lists\Delete.php(12): CodeIgniter\Autoloader\Autoloader->loadClass('App\\API\\V1\\APIV1Controller')
 5 SYSTEMPATH\Autoloader\Autoloader.php(312): include_once('D:\\Projects\\KPS\\PHP\\MyUMKM\\Sub\\Konfigurasi-2.0\\DapurFirdaus\\CORE\\app\\API\\V1\\Catalog\\Product\\Lists\\Delete.php')
 6 SYSTEMPATH\Autoloader\Autoloader.php(289): CodeIgniter\Autoloader\Autoloader->includeFile('D:\\Projects\\KPS\\PHP\\MyUMKM\\Sub\\Konfigurasi-2.0\\DapurFirdaus\\CORE\\app\\API\\V1\\Catalog\\Product\\Lists\\Delete.php')
 7 SYSTEMPATH\Autoloader\Autoloader.php(267): CodeIgniter\Autoloader\Autoloader->loadInNamespace('App\\API\\V1\\Catalog\\Product\\Lists\\Delete')
 8 [internal function]: CodeIgniter\Autoloader\Autoloader->loadClass('App\\API\\V1\\Catalog\\Product\\Lists\\Delete')
 9 SYSTEMPATH\CodeIgniter.php(892): class_exists('\\App\\API\\V1\\Catalog\\Product\\Lists\\Delete', true)
10 SYSTEMPATH\CodeIgniter.php(486): CodeIgniter\CodeIgniter->startController()
11 SYSTEMPATH\CodeIgniter.php(368): CodeIgniter\CodeIgniter->handleRequest(null, Object(Config\Cache), false)
12 FCPATH\index.php(71): CodeIgniter\CodeIgniter->run()
13 SYSTEMPATH\Commands\Server\rewrite.php(47): require_once('D:\\Projects\\KPS\\PHP\\MyUMKM\\Sub\\Konfigurasi-2.0\\DapurFirdaus\\CORE\\public\\index.php')
WARNING - 2023-08-13 00:00:17 --> [DEPRECATED] Required parameter $return follows optional parameter $payload in APPPATH\API\V1\APIV1Controller.php on line 76.
 1 SYSTEMPATH\Autoloader\Autoloader.php(312): include_once()
 2 SYSTEMPATH\Autoloader\Autoloader.php(289): CodeIgniter\Autoloader\Autoloader->includeFile('D:\\Projects\\KPS\\PHP\\MyUMKM\\Sub\\Konfigurasi-2.0\\DapurFirdaus\\CORE\\app\\API\\V1\\APIV1Controller.php')
 3 SYSTEMPATH\Autoloader\Autoloader.php(267): CodeIgniter\Autoloader\Autoloader->loadInNamespace('App\\API\\V1\\APIV1Controller')
 4 APPPATH\API\V1\Catalog\Product\Lists\Delete.php(12): CodeIgniter\Autoloader\Autoloader->loadClass('App\\API\\V1\\APIV1Controller')
 5 SYSTEMPATH\Autoloader\Autoloader.php(312): include_once('D:\\Projects\\KPS\\PHP\\MyUMKM\\Sub\\Konfigurasi-2.0\\DapurFirdaus\\CORE\\app\\API\\V1\\Catalog\\Product\\Lists\\Delete.php')
 6 SYSTEMPATH\Autoloader\Autoloader.php(289): CodeIgniter\Autoloader\Autoloader->includeFile('D:\\Projects\\KPS\\PHP\\MyUMKM\\Sub\\Konfigurasi-2.0\\DapurFirdaus\\CORE\\app\\API\\V1\\Catalog\\Product\\Lists\\Delete.php')
 7 SYSTEMPATH\Autoloader\Autoloader.php(267): CodeIgniter\Autoloader\Autoloader->loadInNamespace('App\\API\\V1\\Catalog\\Product\\Lists\\Delete')
 8 [internal function]: CodeIgniter\Autoloader\Autoloader->loadClass('App\\API\\V1\\Catalog\\Product\\Lists\\Delete')
 9 SYSTEMPATH\CodeIgniter.php(892): class_exists('\\App\\API\\V1\\Catalog\\Product\\Lists\\Delete', true)
10 SYSTEMPATH\CodeIgniter.php(486): CodeIgniter\CodeIgniter->startController()
11 SYSTEMPATH\CodeIgniter.php(368): CodeIgniter\CodeIgniter->handleRequest(null, Object(Config\Cache), false)
12 FCPATH\index.php(71): CodeIgniter\CodeIgniter->run()
13 SYSTEMPATH\Commands\Server\rewrite.php(47): require_once('D:\\Projects\\KPS\\PHP\\MyUMKM\\Sub\\Konfigurasi-2.0\\DapurFirdaus\\CORE\\public\\index.php')
WARNING - 2023-08-13 00:00:34 --> [DEPRECATED] Required parameter $return follows optional parameter $payload in APPPATH\API\V1\APIV1Controller.php on line 76.
 1 SYSTEMPATH\Autoloader\Autoloader.php(312): include_once()
 2 SYSTEMPATH\Autoloader\Autoloader.php(289): CodeIgniter\Autoloader\Autoloader->includeFile('D:\\Projects\\KPS\\PHP\\MyUMKM\\Sub\\Konfigurasi-2.0\\DapurFirdaus\\CORE\\app\\API\\V1\\APIV1Controller.php')
 3 SYSTEMPATH\Autoloader\Autoloader.php(267): CodeIgniter\Autoloader\Autoloader->loadInNamespace('App\\API\\V1\\APIV1Controller')
 4 APPPATH\API\V1\Catalog\Product\Lists\Delete.php(12): CodeIgniter\Autoloader\Autoloader->loadClass('App\\API\\V1\\APIV1Controller')
 5 SYSTEMPATH\Autoloader\Autoloader.php(312): include_once('D:\\Projects\\KPS\\PHP\\MyUMKM\\Sub\\Konfigurasi-2.0\\DapurFirdaus\\CORE\\app\\API\\V1\\Catalog\\Product\\Lists\\Delete.php')
 6 SYSTEMPATH\Autoloader\Autoloader.php(289): CodeIgniter\Autoloader\Autoloader->includeFile('D:\\Projects\\KPS\\PHP\\MyUMKM\\Sub\\Konfigurasi-2.0\\DapurFirdaus\\CORE\\app\\API\\V1\\Catalog\\Product\\Lists\\Delete.php')
 7 SYSTEMPATH\Autoloader\Autoloader.php(267): CodeIgniter\Autoloader\Autoloader->loadInNamespace('App\\API\\V1\\Catalog\\Product\\Lists\\Delete')
 8 [internal function]: CodeIgniter\Autoloader\Autoloader->loadClass('App\\API\\V1\\Catalog\\Product\\Lists\\Delete')
 9 SYSTEMPATH\CodeIgniter.php(892): class_exists('\\App\\API\\V1\\Catalog\\Product\\Lists\\Delete', true)
10 SYSTEMPATH\CodeIgniter.php(486): CodeIgniter\CodeIgniter->startController()
11 SYSTEMPATH\CodeIgniter.php(368): CodeIgniter\CodeIgniter->handleRequest(null, Object(Config\Cache), false)
12 FCPATH\index.php(71): CodeIgniter\CodeIgniter->run()
13 SYSTEMPATH\Commands\Server\rewrite.php(47): require_once('D:\\Projects\\KPS\\PHP\\MyUMKM\\Sub\\Konfigurasi-2.0\\DapurFirdaus\\CORE\\public\\index.php')
WARNING - 2023-08-13 00:00:45 --> [DEPRECATED] Required parameter $return follows optional parameter $payload in APPPATH\API\V1\APIV1Controller.php on line 76.
 1 SYSTEMPATH\Autoloader\Autoloader.php(312): include_once()
 2 SYSTEMPATH\Autoloader\Autoloader.php(289): CodeIgniter\Autoloader\Autoloader->includeFile('D:\\Projects\\KPS\\PHP\\MyUMKM\\Sub\\Konfigurasi-2.0\\DapurFirdaus\\CORE\\app\\API\\V1\\APIV1Controller.php')
 3 SYSTEMPATH\Autoloader\Autoloader.php(267): CodeIgniter\Autoloader\Autoloader->loadInNamespace('App\\API\\V1\\APIV1Controller')
 4 APPPATH\API\V1\Catalog\Product\Lists\Insert.php(10): CodeIgniter\Autoloader\Autoloader->loadClass('App\\API\\V1\\APIV1Controller')
 5 SYSTEMPATH\Autoloader\Autoloader.php(312): include_once('D:\\Projects\\KPS\\PHP\\MyUMKM\\Sub\\Konfigurasi-2.0\\DapurFirdaus\\CORE\\app\\API\\V1\\Catalog\\Product\\Lists\\Insert.php')
 6 SYSTEMPATH\Autoloader\Autoloader.php(289): CodeIgniter\Autoloader\Autoloader->includeFile('D:\\Projects\\KPS\\PHP\\MyUMKM\\Sub\\Konfigurasi-2.0\\DapurFirdaus\\CORE\\app\\API\\V1\\Catalog\\Product\\Lists\\Insert.php')
 7 SYSTEMPATH\Autoloader\Autoloader.php(267): CodeIgniter\Autoloader\Autoloader->loadInNamespace('App\\API\\V1\\Catalog\\Product\\Lists\\Insert')
 8 [internal function]: CodeIgniter\Autoloader\Autoloader->loadClass('App\\API\\V1\\Catalog\\Product\\Lists\\Insert')
 9 SYSTEMPATH\CodeIgniter.php(892): class_exists('\\App\\API\\V1\\Catalog\\Product\\Lists\\Insert', true)
10 SYSTEMPATH\CodeIgniter.php(486): CodeIgniter\CodeIgniter->startController()
11 SYSTEMPATH\CodeIgniter.php(368): CodeIgniter\CodeIgniter->handleRequest(null, Object(Config\Cache), false)
12 FCPATH\index.php(71): CodeIgniter\CodeIgniter->run()
13 SYSTEMPATH\Commands\Server\rewrite.php(47): require_once('D:\\Projects\\KPS\\PHP\\MyUMKM\\Sub\\Konfigurasi-2.0\\DapurFirdaus\\CORE\\public\\index.php')
WARNING - 2023-08-13 00:00:58 --> [DEPRECATED] Required parameter $return follows optional parameter $payload in APPPATH\API\V1\APIV1Controller.php on line 76.
 1 SYSTEMPATH\Autoloader\Autoloader.php(312): include_once()
 2 SYSTEMPATH\Autoloader\Autoloader.php(289): CodeIgniter\Autoloader\Autoloader->includeFile('D:\\Projects\\KPS\\PHP\\MyUMKM\\Sub\\Konfigurasi-2.0\\DapurFirdaus\\CORE\\app\\API\\V1\\APIV1Controller.php')
 3 SYSTEMPATH\Autoloader\Autoloader.php(267): CodeIgniter\Autoloader\Autoloader->loadInNamespace('App\\API\\V1\\APIV1Controller')
 4 APPPATH\API\V1\Catalog\Product\Lists\Insert.php(10): CodeIgniter\Autoloader\Autoloader->loadClass('App\\API\\V1\\APIV1Controller')
 5 SYSTEMPATH\Autoloader\Autoloader.php(312): include_once('D:\\Projects\\KPS\\PHP\\MyUMKM\\Sub\\Konfigurasi-2.0\\DapurFirdaus\\CORE\\app\\API\\V1\\Catalog\\Product\\Lists\\Insert.php')
 6 SYSTEMPATH\Autoloader\Autoloader.php(289): CodeIgniter\Autoloader\Autoloader->includeFile('D:\\Projects\\KPS\\PHP\\MyUMKM\\Sub\\Konfigurasi-2.0\\DapurFirdaus\\CORE\\app\\API\\V1\\Catalog\\Product\\Lists\\Insert.php')
 7 SYSTEMPATH\Autoloader\Autoloader.php(267): CodeIgniter\Autoloader\Autoloader->loadInNamespace('App\\API\\V1\\Catalog\\Product\\Lists\\Insert')
 8 [internal function]: CodeIgniter\Autoloader\Autoloader->loadClass('App\\API\\V1\\Catalog\\Product\\Lists\\Insert')
 9 SYSTEMPATH\CodeIgniter.php(892): class_exists('\\App\\API\\V1\\Catalog\\Product\\Lists\\Insert', true)
10 SYSTEMPATH\CodeIgniter.php(486): CodeIgniter\CodeIgniter->startController()
11 SYSTEMPATH\CodeIgniter.php(368): CodeIgniter\CodeIgniter->handleRequest(null, Object(Config\Cache), false)
12 FCPATH\index.php(71): CodeIgniter\CodeIgniter->run()
13 SYSTEMPATH\Commands\Server\rewrite.php(47): require_once('D:\\Projects\\KPS\\PHP\\MyUMKM\\Sub\\Konfigurasi-2.0\\DapurFirdaus\\CORE\\public\\index.php')
WARNING - 2023-08-13 00:01:28 --> [DEPRECATED] Required parameter $identifier follows optional parameter $condition in APPPATH\Controllers\Commercial\Catalog\Product\Catalog.php on line 78.
 1 SYSTEMPATH\Autoloader\Autoloader.php(312): include_once()
 2 SYSTEMPATH\Autoloader\Autoloader.php(289): CodeIgniter\Autoloader\Autoloader->includeFile('D:\\Projects\\KPS\\PHP\\MyUMKM\\Sub\\Konfigurasi-2.0\\DapurFirdaus\\CORE\\app\\Controllers\\Commercial\\Catalog\\Product\\Catalog.php')
 3 SYSTEMPATH\Autoloader\Autoloader.php(267): CodeIgniter\Autoloader\Autoloader->loadInNamespace('App\\Controllers\\Commercial\\Catalog\\Product\\Catalog')
 4 [internal function]: CodeIgniter\Autoloader\Autoloader->loadClass('App\\Controllers\\Commercial\\Catalog\\Product\\Catalog')
 5 SYSTEMPATH\CodeIgniter.php(892): class_exists('\\App\\Controllers\\Commercial\\Catalog\\Product\\Catalog', true)
 6 SYSTEMPATH\CodeIgniter.php(486): CodeIgniter\CodeIgniter->startController()
 7 SYSTEMPATH\CodeIgniter.php(368): CodeIgniter\CodeIgniter->handleRequest(null, Object(Config\Cache), false)
 8 FCPATH\index.php(71): CodeIgniter\CodeIgniter->run()
 9 SYSTEMPATH\Commands\Server\rewrite.php(47): require_once('D:\\Projects\\KPS\\PHP\\MyUMKM\\Sub\\Konfigurasi-2.0\\DapurFirdaus\\CORE\\public\\index.php')
WARNING - 2023-08-13 00:01:28 --> [DEPRECATED] Required parameter $identifier follows optional parameter $condition in APPPATH\Controllers\Commercial\Catalog\Product\Catalog.php on line 109.
 1 SYSTEMPATH\Autoloader\Autoloader.php(312): include_once()
 2 SYSTEMPATH\Autoloader\Autoloader.php(289): CodeIgniter\Autoloader\Autoloader->includeFile('D:\\Projects\\KPS\\PHP\\MyUMKM\\Sub\\Konfigurasi-2.0\\DapurFirdaus\\CORE\\app\\Controllers\\Commercial\\Catalog\\Product\\Catalog.php')
 3 SYSTEMPATH\Autoloader\Autoloader.php(267): CodeIgniter\Autoloader\Autoloader->loadInNamespace('App\\Controllers\\Commercial\\Catalog\\Product\\Catalog')
 4 [internal function]: CodeIgniter\Autoloader\Autoloader->loadClass('App\\Controllers\\Commercial\\Catalog\\Product\\Catalog')
 5 SYSTEMPATH\CodeIgniter.php(892): class_exists('\\App\\Controllers\\Commercial\\Catalog\\Product\\Catalog', true)
 6 SYSTEMPATH\CodeIgniter.php(486): CodeIgniter\CodeIgniter->startController()
 7 SYSTEMPATH\CodeIgniter.php(368): CodeIgniter\CodeIgniter->handleRequest(null, Object(Config\Cache), false)
 8 FCPATH\index.php(71): CodeIgniter\CodeIgniter->run()
 9 SYSTEMPATH\Commands\Server\rewrite.php(47): require_once('D:\\Projects\\KPS\\PHP\\MyUMKM\\Sub\\Konfigurasi-2.0\\DapurFirdaus\\CORE\\public\\index.php')
WARNING - 2023-08-13 00:01:34 --> [DEPRECATED] Required parameter $identifier follows optional parameter $condition in APPPATH\Controllers\Commercial\Catalog\Product\Catalog.php on line 78.
 1 SYSTEMPATH\Autoloader\Autoloader.php(312): include_once()
 2 SYSTEMPATH\Autoloader\Autoloader.php(289): CodeIgniter\Autoloader\Autoloader->includeFile('D:\\Projects\\KPS\\PHP\\MyUMKM\\Sub\\Konfigurasi-2.0\\DapurFirdaus\\CORE\\app\\Controllers\\Commercial\\Catalog\\Product\\Catalog.php')
 3 SYSTEMPATH\Autoloader\Autoloader.php(267): CodeIgniter\Autoloader\Autoloader->loadInNamespace('App\\Controllers\\Commercial\\Catalog\\Product\\Catalog')
 4 [internal function]: CodeIgniter\Autoloader\Autoloader->loadClass('App\\Controllers\\Commercial\\Catalog\\Product\\Catalog')
 5 SYSTEMPATH\CodeIgniter.php(892): class_exists('\\App\\Controllers\\Commercial\\Catalog\\Product\\Catalog', true)
 6 SYSTEMPATH\CodeIgniter.php(486): CodeIgniter\CodeIgniter->startController()
 7 SYSTEMPATH\CodeIgniter.php(368): CodeIgniter\CodeIgniter->handleRequest(null, Object(Config\Cache), false)
 8 FCPATH\index.php(71): CodeIgniter\CodeIgniter->run()
 9 SYSTEMPATH\Commands\Server\rewrite.php(47): require_once('D:\\Projects\\KPS\\PHP\\MyUMKM\\Sub\\Konfigurasi-2.0\\DapurFirdaus\\CORE\\public\\index.php')
WARNING - 2023-08-13 00:01:34 --> [DEPRECATED] Required parameter $identifier follows optional parameter $condition in APPPATH\Controllers\Commercial\Catalog\Product\Catalog.php on line 109.
 1 SYSTEMPATH\Autoloader\Autoloader.php(312): include_once()
 2 SYSTEMPATH\Autoloader\Autoloader.php(289): CodeIgniter\Autoloader\Autoloader->includeFile('D:\\Projects\\KPS\\PHP\\MyUMKM\\Sub\\Konfigurasi-2.0\\DapurFirdaus\\CORE\\app\\Controllers\\Commercial\\Catalog\\Product\\Catalog.php')
 3 SYSTEMPATH\Autoloader\Autoloader.php(267): CodeIgniter\Autoloader\Autoloader->loadInNamespace('App\\Controllers\\Commercial\\Catalog\\Product\\Catalog')
 4 [internal function]: CodeIgniter\Autoloader\Autoloader->loadClass('App\\Controllers\\Commercial\\Catalog\\Product\\Catalog')
 5 SYSTEMPATH\CodeIgniter.php(892): class_exists('\\App\\Controllers\\Commercial\\Catalog\\Product\\Catalog', true)
 6 SYSTEMPATH\CodeIgniter.php(486): CodeIgniter\CodeIgniter->startController()
 7 SYSTEMPATH\CodeIgniter.php(368): CodeIgniter\CodeIgniter->handleRequest(null, Object(Config\Cache), false)
 8 FCPATH\index.php(71): CodeIgniter\CodeIgniter->run()
 9 SYSTEMPATH\Commands\Server\rewrite.php(47): require_once('D:\\Projects\\KPS\\PHP\\MyUMKM\\Sub\\Konfigurasi-2.0\\DapurFirdaus\\CORE\\public\\index.php')
WARNING - 2023-08-13 16:17:01 --> [DEPRECATED] Required parameter $return follows optional parameter $payload in APPPATH\API\V1\APIV1Controller.php on line 76.
 1 SYSTEMPATH\Autoloader\Autoloader.php(312): include_once()
 2 SYSTEMPATH\Autoloader\Autoloader.php(289): CodeIgniter\Autoloader\Autoloader->includeFile('D:\\Projects\\KPS\\PHP\\MyUMKM\\Sub\\Konfigurasi-2.0\\DapurFirdaus\\CORE\\app\\API\\V1\\APIV1Controller.php')
 3 SYSTEMPATH\Autoloader\Autoloader.php(267): CodeIgniter\Autoloader\Autoloader->loadInNamespace('App\\API\\V1\\APIV1Controller')
 4 APPPATH\API\V1\Catalog\Product\Lists\Delete.php(12): CodeIgniter\Autoloader\Autoloader->loadClass('App\\API\\V1\\APIV1Controller')
 5 SYSTEMPATH\Autoloader\Autoloader.php(312): include_once('D:\\Projects\\KPS\\PHP\\MyUMKM\\Sub\\Konfigurasi-2.0\\DapurFirdaus\\CORE\\app\\API\\V1\\Catalog\\Product\\Lists\\Delete.php')
 6 SYSTEMPATH\Autoloader\Autoloader.php(289): CodeIgniter\Autoloader\Autoloader->includeFile('D:\\Projects\\KPS\\PHP\\MyUMKM\\Sub\\Konfigurasi-2.0\\DapurFirdaus\\CORE\\app\\API\\V1\\Catalog\\Product\\Lists\\Delete.php')
 7 SYSTEMPATH\Autoloader\Autoloader.php(267): CodeIgniter\Autoloader\Autoloader->loadInNamespace('App\\API\\V1\\Catalog\\Product\\Lists\\Delete')
 8 [internal function]: CodeIgniter\Autoloader\Autoloader->loadClass('App\\API\\V1\\Catalog\\Product\\Lists\\Delete')
 9 SYSTEMPATH\CodeIgniter.php(892): class_exists('\\App\\API\\V1\\Catalog\\Product\\Lists\\Delete', true)
10 SYSTEMPATH\CodeIgniter.php(486): CodeIgniter\CodeIgniter->startController()
11 SYSTEMPATH\CodeIgniter.php(368): CodeIgniter\CodeIgniter->handleRequest(null, Object(Config\Cache), false)
12 FCPATH\index.php(71): CodeIgniter\CodeIgniter->run()
13 SYSTEMPATH\Commands\Server\rewrite.php(47): require_once('D:\\Projects\\KPS\\PHP\\MyUMKM\\Sub\\Konfigurasi-2.0\\DapurFirdaus\\CORE\\public\\index.php')
WARNING - 2023-08-13 17:31:40 --> [DEPRECATED] Required parameter $return follows optional parameter $payload in APPPATH\API\V1\APIV1Controller.php on line 76.
 1 SYSTEMPATH\Autoloader\Autoloader.php(312): include_once()
 2 SYSTEMPATH\Autoloader\Autoloader.php(289): CodeIgniter\Autoloader\Autoloader->includeFile('D:\\Projects\\KPS\\PHP\\MyUMKM\\Sub\\Konfigurasi-2.0\\DapurFirdaus\\CORE\\app\\API\\V1\\APIV1Controller.php')
 3 SYSTEMPATH\Autoloader\Autoloader.php(267): CodeIgniter\Autoloader\Autoloader->loadInNamespace('App\\API\\V1\\APIV1Controller')
 4 APPPATH\API\V1\Catalog\Product\Lists\Insert.php(10): CodeIgniter\Autoloader\Autoloader->loadClass('App\\API\\V1\\APIV1Controller')
 5 SYSTEMPATH\Autoloader\Autoloader.php(312): include_once('D:\\Projects\\KPS\\PHP\\MyUMKM\\Sub\\Konfigurasi-2.0\\DapurFirdaus\\CORE\\app\\API\\V1\\Catalog\\Product\\Lists\\Insert.php')
 6 SYSTEMPATH\Autoloader\Autoloader.php(289): CodeIgniter\Autoloader\Autoloader->includeFile('D:\\Projects\\KPS\\PHP\\MyUMKM\\Sub\\Konfigurasi-2.0\\DapurFirdaus\\CORE\\app\\API\\V1\\Catalog\\Product\\Lists\\Insert.php')
 7 SYSTEMPATH\Autoloader\Autoloader.php(267): CodeIgniter\Autoloader\Autoloader->loadInNamespace('App\\API\\V1\\Catalog\\Product\\Lists\\Insert')
 8 [internal function]: CodeIgniter\Autoloader\Autoloader->loadClass('App\\API\\V1\\Catalog\\Product\\Lists\\Insert')
 9 SYSTEMPATH\CodeIgniter.php(892): class_exists('\\App\\API\\V1\\Catalog\\Product\\Lists\\Insert', true)
10 SYSTEMPATH\CodeIgniter.php(486): CodeIgniter\CodeIgniter->startController()
11 SYSTEMPATH\CodeIgniter.php(368): CodeIgniter\CodeIgniter->handleRequest(null, Object(Config\Cache), false)
12 FCPATH\index.php(71): CodeIgniter\CodeIgniter->run()
13 SYSTEMPATH\Commands\Server\rewrite.php(47): require_once('D:\\Projects\\KPS\\PHP\\MyUMKM\\Sub\\Konfigurasi-2.0\\DapurFirdaus\\CORE\\public\\index.php')
WARNING - 2023-08-13 17:42:11 --> [DEPRECATED] Required parameter $return follows optional parameter $payload in APPPATH\API\V1\APIV1Controller.php on line 76.
 1 SYSTEMPATH\Autoloader\Autoloader.php(312): include_once()
 2 SYSTEMPATH\Autoloader\Autoloader.php(289): CodeIgniter\Autoloader\Autoloader->includeFile('D:\\Projects\\KPS\\PHP\\MyUMKM\\Sub\\Konfigurasi-2.0\\DapurFirdaus\\CORE\\app\\API\\V1\\APIV1Controller.php')
 3 SYSTEMPATH\Autoloader\Autoloader.php(267): CodeIgniter\Autoloader\Autoloader->loadInNamespace('App\\API\\V1\\APIV1Controller')
 4 APPPATH\API\V1\Catalog\Product\Lists\Insert.php(10): CodeIgniter\Autoloader\Autoloader->loadClass('App\\API\\V1\\APIV1Controller')
 5 SYSTEMPATH\Autoloader\Autoloader.php(312): include_once('D:\\Projects\\KPS\\PHP\\MyUMKM\\Sub\\Konfigurasi-2.0\\DapurFirdaus\\CORE\\app\\API\\V1\\Catalog\\Product\\Lists\\Insert.php')
 6 SYSTEMPATH\Autoloader\Autoloader.php(289): CodeIgniter\Autoloader\Autoloader->includeFile('D:\\Projects\\KPS\\PHP\\MyUMKM\\Sub\\Konfigurasi-2.0\\DapurFirdaus\\CORE\\app\\API\\V1\\Catalog\\Product\\Lists\\Insert.php')
 7 SYSTEMPATH\Autoloader\Autoloader.php(267): CodeIgniter\Autoloader\Autoloader->loadInNamespace('App\\API\\V1\\Catalog\\Product\\Lists\\Insert')
 8 [internal function]: CodeIgniter\Autoloader\Autoloader->loadClass('App\\API\\V1\\Catalog\\Product\\Lists\\Insert')
 9 SYSTEMPATH\CodeIgniter.php(892): class_exists('\\App\\API\\V1\\Catalog\\Product\\Lists\\Insert', true)
10 SYSTEMPATH\CodeIgniter.php(486): CodeIgniter\CodeIgniter->startController()
11 SYSTEMPATH\CodeIgniter.php(368): CodeIgniter\CodeIgniter->handleRequest(null, Object(Config\Cache), false)
12 FCPATH\index.php(71): CodeIgniter\CodeIgniter->run()
13 SYSTEMPATH\Commands\Server\rewrite.php(47): require_once('D:\\Projects\\KPS\\PHP\\MyUMKM\\Sub\\Konfigurasi-2.0\\DapurFirdaus\\CORE\\public\\index.php')
WARNING - 2023-08-13 17:42:41 --> [DEPRECATED] Required parameter $return follows optional parameter $payload in APPPATH\API\V1\APIV1Controller.php on line 76.
 1 SYSTEMPATH\Autoloader\Autoloader.php(312): include_once()
 2 SYSTEMPATH\Autoloader\Autoloader.php(289): CodeIgniter\Autoloader\Autoloader->includeFile('D:\\Projects\\KPS\\PHP\\MyUMKM\\Sub\\Konfigurasi-2.0\\DapurFirdaus\\CORE\\app\\API\\V1\\APIV1Controller.php')
 3 SYSTEMPATH\Autoloader\Autoloader.php(267): CodeIgniter\Autoloader\Autoloader->loadInNamespace('App\\API\\V1\\APIV1Controller')
 4 APPPATH\API\V1\Catalog\Product\Lists\Insert.php(10): CodeIgniter\Autoloader\Autoloader->loadClass('App\\API\\V1\\APIV1Controller')
 5 SYSTEMPATH\Autoloader\Autoloader.php(312): include_once('D:\\Projects\\KPS\\PHP\\MyUMKM\\Sub\\Konfigurasi-2.0\\DapurFirdaus\\CORE\\app\\API\\V1\\Catalog\\Product\\Lists\\Insert.php')
 6 SYSTEMPATH\Autoloader\Autoloader.php(289): CodeIgniter\Autoloader\Autoloader->includeFile('D:\\Projects\\KPS\\PHP\\MyUMKM\\Sub\\Konfigurasi-2.0\\DapurFirdaus\\CORE\\app\\API\\V1\\Catalog\\Product\\Lists\\Insert.php')
 7 SYSTEMPATH\Autoloader\Autoloader.php(267): CodeIgniter\Autoloader\Autoloader->loadInNamespace('App\\API\\V1\\Catalog\\Product\\Lists\\Insert')
 8 [internal function]: CodeIgniter\Autoloader\Autoloader->loadClass('App\\API\\V1\\Catalog\\Product\\Lists\\Insert')
 9 SYSTEMPATH\CodeIgniter.php(892): class_exists('\\App\\API\\V1\\Catalog\\Product\\Lists\\Insert', true)
10 SYSTEMPATH\CodeIgniter.php(486): CodeIgniter\CodeIgniter->startController()
11 SYSTEMPATH\CodeIgniter.php(368): CodeIgniter\CodeIgniter->handleRequest(null, Object(Config\Cache), false)
12 FCPATH\index.php(71): CodeIgniter\CodeIgniter->run()
13 SYSTEMPATH\Commands\Server\rewrite.php(47): require_once('D:\\Projects\\KPS\\PHP\\MyUMKM\\Sub\\Konfigurasi-2.0\\DapurFirdaus\\CORE\\public\\index.php')
WARNING - 2023-08-13 17:52:27 --> [DEPRECATED] Required parameter $return follows optional parameter $payload in APPPATH\API\V1\APIV1Controller.php on line 76.
 1 SYSTEMPATH\Autoloader\Autoloader.php(312): include_once()
 2 SYSTEMPATH\Autoloader\Autoloader.php(289): CodeIgniter\Autoloader\Autoloader->includeFile('D:\\Projects\\KPS\\PHP\\MyUMKM\\Sub\\Konfigurasi-2.0\\DapurFirdaus\\CORE\\app\\API\\V1\\APIV1Controller.php')
 3 SYSTEMPATH\Autoloader\Autoloader.php(267): CodeIgniter\Autoloader\Autoloader->loadInNamespace('App\\API\\V1\\APIV1Controller')
 4 APPPATH\API\V1\Catalog\Product\Lists\Update.php(13): CodeIgniter\Autoloader\Autoloader->loadClass('App\\API\\V1\\APIV1Controller')
 5 SYSTEMPATH\Autoloader\Autoloader.php(312): include_once('D:\\Projects\\KPS\\PHP\\MyUMKM\\Sub\\Konfigurasi-2.0\\DapurFirdaus\\CORE\\app\\API\\V1\\Catalog\\Product\\Lists\\Update.php')
 6 SYSTEMPATH\Autoloader\Autoloader.php(289): CodeIgniter\Autoloader\Autoloader->includeFile('D:\\Projects\\KPS\\PHP\\MyUMKM\\Sub\\Konfigurasi-2.0\\DapurFirdaus\\CORE\\app\\API\\V1\\Catalog\\Product\\Lists\\Update.php')
 7 SYSTEMPATH\Autoloader\Autoloader.php(267): CodeIgniter\Autoloader\Autoloader->loadInNamespace('App\\API\\V1\\Catalog\\Product\\Lists\\Update')
 8 [internal function]: CodeIgniter\Autoloader\Autoloader->loadClass('App\\API\\V1\\Catalog\\Product\\Lists\\Update')
 9 SYSTEMPATH\CodeIgniter.php(892): class_exists('\\App\\API\\V1\\Catalog\\Product\\Lists\\Update', true)
10 SYSTEMPATH\CodeIgniter.php(486): CodeIgniter\CodeIgniter->startController()
11 SYSTEMPATH\CodeIgniter.php(368): CodeIgniter\CodeIgniter->handleRequest(null, Object(Config\Cache), false)
12 FCPATH\index.php(71): CodeIgniter\CodeIgniter->run()
13 SYSTEMPATH\Commands\Server\rewrite.php(47): require_once('D:\\Projects\\KPS\\PHP\\MyUMKM\\Sub\\Konfigurasi-2.0\\DapurFirdaus\\CORE\\public\\index.php')
WARNING - 2023-08-13 17:54:44 --> [DEPRECATED] Required parameter $return follows optional parameter $payload in APPPATH\API\V1\APIV1Controller.php on line 76.
 1 SYSTEMPATH\Autoloader\Autoloader.php(312): include_once()
 2 SYSTEMPATH\Autoloader\Autoloader.php(289): CodeIgniter\Autoloader\Autoloader->includeFile('D:\\Projects\\KPS\\PHP\\MyUMKM\\Sub\\Konfigurasi-2.0\\DapurFirdaus\\CORE\\app\\API\\V1\\APIV1Controller.php')
 3 SYSTEMPATH\Autoloader\Autoloader.php(267): CodeIgniter\Autoloader\Autoloader->loadInNamespace('App\\API\\V1\\APIV1Controller')
 4 APPPATH\API\V1\Catalog\Product\Lists\Update.php(13): CodeIgniter\Autoloader\Autoloader->loadClass('App\\API\\V1\\APIV1Controller')
 5 SYSTEMPATH\Autoloader\Autoloader.php(312): include_once('D:\\Projects\\KPS\\PHP\\MyUMKM\\Sub\\Konfigurasi-2.0\\DapurFirdaus\\CORE\\app\\API\\V1\\Catalog\\Product\\Lists\\Update.php')
 6 SYSTEMPATH\Autoloader\Autoloader.php(289): CodeIgniter\Autoloader\Autoloader->includeFile('D:\\Projects\\KPS\\PHP\\MyUMKM\\Sub\\Konfigurasi-2.0\\DapurFirdaus\\CORE\\app\\API\\V1\\Catalog\\Product\\Lists\\Update.php')
 7 SYSTEMPATH\Autoloader\Autoloader.php(267): CodeIgniter\Autoloader\Autoloader->loadInNamespace('App\\API\\V1\\Catalog\\Product\\Lists\\Update')
 8 [internal function]: CodeIgniter\Autoloader\Autoloader->loadClass('App\\API\\V1\\Catalog\\Product\\Lists\\Update')
 9 SYSTEMPATH\CodeIgniter.php(892): class_exists('\\App\\API\\V1\\Catalog\\Product\\Lists\\Update', true)
10 SYSTEMPATH\CodeIgniter.php(486): CodeIgniter\CodeIgniter->startController()
11 SYSTEMPATH\CodeIgniter.php(368): CodeIgniter\CodeIgniter->handleRequest(null, Object(Config\Cache), false)
12 FCPATH\index.php(71): CodeIgniter\CodeIgniter->run()
13 SYSTEMPATH\Commands\Server\rewrite.php(47): require_once('D:\\Projects\\KPS\\PHP\\MyUMKM\\Sub\\Konfigurasi-2.0\\DapurFirdaus\\CORE\\public\\index.php')
