CRITICAL - 2023-07-08 07:53:58 --> Undefined variable $contentType
in APPPATH\Controllers\Error.php on line 57.
 1 APPPATH\Controllers\Error.php(57): CodeIgniter\Debug\Exceptions->errorHandler(2, 'Undefined variable $contentType', 'D:\\Projects\\KPS\\PHP\\MyUMKM\\Sub\\DapurFirdaus\\app\\Controllers\\Error.php', 57)
 2 APPPATH\Controllers\Error.php(154): App\Controllers\Error->pushView(Object(Closure), Object(Closure))
 3 APPPATH\Controllers\Error.php(172): App\Controllers\Error->error(404)
 4 SYSTEMPATH\CodeIgniter.php(934): App\Controllers\Error->error404()
 5 SYSTEMPATH\CodeIgniter.php(963): CodeIgniter\CodeIgniter->runController(Object(App\Controllers\Error))
 6 SYSTEMPATH\CodeIgniter.php(387): CodeIgniter\CodeIgniter->display404errors(Object(CodeIgniter\Exceptions\PageNotFoundException))
 7 FCPATH\index.php(70): CodeIgniter\CodeIgniter->run()
 8 SYSTEMPATH\Commands\Server\rewrite.php(47): require_once('D:\\Projects\\KPS\\PHP\\MyUMKM\\Sub\\DapurFirdaus\\public\\index.php')
CRITICAL - 2023-07-08 08:07:55 --> hash(): Argument #1 ($algo) must be a valid hashing algorithm
in APPPATH\Filters\Auth\Basic.php on line 41.
 1 APPPATH\Filters\Auth\Basic.php(41): hash('123123', 'HS256')
 2 SYSTEMPATH\Filters\Filters.php(173): App\Filters\Auth\Basic->before(Object(CodeIgniter\HTTP\IncomingRequest), null)
 3 SYSTEMPATH\CodeIgniter.php(473): CodeIgniter\Filters\Filters->run('auth/account', 'before')
 4 SYSTEMPATH\CodeIgniter.php(368): CodeIgniter\CodeIgniter->handleRequest(null, Object(Config\Cache), false)
 5 FCPATH\index.php(70): CodeIgniter\CodeIgniter->run()
 6 SYSTEMPATH\Commands\Server\rewrite.php(47): require_once('D:\\Projects\\KPS\\PHP\\MyUMKM\\Sub\\DapurFirdaus\\public\\index.php')
CRITICAL - 2023-07-08 08:08:24 --> hash(): Argument #1 ($algo) must be a valid hashing algorithm
in APPPATH\Filters\Auth\Basic.php on line 41.
 1 APPPATH\Filters\Auth\Basic.php(41): hash('123123', 'HS256')
 2 SYSTEMPATH\Filters\Filters.php(173): App\Filters\Auth\Basic->before(Object(CodeIgniter\HTTP\IncomingRequest), null)
 3 SYSTEMPATH\CodeIgniter.php(473): CodeIgniter\Filters\Filters->run('auth/account', 'before')
 4 SYSTEMPATH\CodeIgniter.php(368): CodeIgniter\CodeIgniter->handleRequest(null, Object(Config\Cache), false)
 5 FCPATH\index.php(70): CodeIgniter\CodeIgniter->run()
 6 SYSTEMPATH\Commands\Server\rewrite.php(47): require_once('D:\\Projects\\KPS\\PHP\\MyUMKM\\Sub\\DapurFirdaus\\public\\index.php')
CRITICAL - 2023-07-08 08:08:39 --> hash(): Argument #1 ($algo) must be a valid hashing algorithm
in APPPATH\Filters\Auth\Basic.php on line 41.
 1 APPPATH\Filters\Auth\Basic.php(41): hash('123123', 'HS256')
 2 SYSTEMPATH\Filters\Filters.php(173): App\Filters\Auth\Basic->before(Object(CodeIgniter\HTTP\IncomingRequest), null)
 3 SYSTEMPATH\CodeIgniter.php(473): CodeIgniter\Filters\Filters->run('auth/account', 'before')
 4 SYSTEMPATH\CodeIgniter.php(368): CodeIgniter\CodeIgniter->handleRequest(null, Object(Config\Cache), false)
 5 FCPATH\index.php(70): CodeIgniter\CodeIgniter->run()
 6 SYSTEMPATH\Commands\Server\rewrite.php(47): require_once('D:\\Projects\\KPS\\PHP\\MyUMKM\\Sub\\DapurFirdaus\\public\\index.php')
CRITICAL - 2023-07-08 08:09:13 --> hash(): Argument #1 ($algo) must be a valid hashing algorithm
in APPPATH\Filters\Auth\Basic.php on line 41.
 1 APPPATH\Filters\Auth\Basic.php(41): hash('123123', 'HS256')
 2 SYSTEMPATH\Filters\Filters.php(173): App\Filters\Auth\Basic->before(Object(CodeIgniter\HTTP\IncomingRequest), null)
 3 SYSTEMPATH\CodeIgniter.php(473): CodeIgniter\Filters\Filters->run('auth/account', 'before')
 4 SYSTEMPATH\CodeIgniter.php(368): CodeIgniter\CodeIgniter->handleRequest(null, Object(Config\Cache), false)
 5 FCPATH\index.php(70): CodeIgniter\CodeIgniter->run()
 6 SYSTEMPATH\Commands\Server\rewrite.php(47): require_once('D:\\Projects\\KPS\\PHP\\MyUMKM\\Sub\\DapurFirdaus\\public\\index.php')
CRITICAL - 2023-07-08 08:09:17 --> hash(): Argument #1 ($algo) must be a valid hashing algorithm
in APPPATH\Filters\Auth\Basic.php on line 41.
 1 APPPATH\Filters\Auth\Basic.php(41): hash('123123', 'HS256')
 2 SYSTEMPATH\Filters\Filters.php(173): App\Filters\Auth\Basic->before(Object(CodeIgniter\HTTP\IncomingRequest), null)
 3 SYSTEMPATH\CodeIgniter.php(473): CodeIgniter\Filters\Filters->run('auth/account', 'before')
 4 SYSTEMPATH\CodeIgniter.php(368): CodeIgniter\CodeIgniter->handleRequest(null, Object(Config\Cache), false)
 5 FCPATH\index.php(70): CodeIgniter\CodeIgniter->run()
 6 SYSTEMPATH\Commands\Server\rewrite.php(47): require_once('D:\\Projects\\KPS\\PHP\\MyUMKM\\Sub\\DapurFirdaus\\public\\index.php')
CRITICAL - 2023-07-08 08:43:25 --> Undefined array key "email"
in APPPATH\API\V1\APIV1Controller.php on line 32.
 1 APPPATH\API\V1\APIV1Controller.php(32): CodeIgniter\Debug\Exceptions->errorHandler(2, 'Undefined array key "email"', 'D:\\Projects\\KPS\\PHP\\MyUMKM\\Sub\\DapurFirdaus\\app\\API\\V1\\APIV1Controller.php', 32)
 2 APPPATH\API\V1\Auth\Account\Login.php(26): App\API\V1\APIV1Controller->checkPayload(Object(CodeIgniter\HTTP\IncomingRequest), [])
 3 SYSTEMPATH\CodeIgniter.php(934): App\API\V1\Auth\Account\Login->index()
 4 SYSTEMPATH\CodeIgniter.php(499): CodeIgniter\CodeIgniter->runController(Object(App\API\V1\Auth\Account\Login))
 5 SYSTEMPATH\CodeIgniter.php(368): CodeIgniter\CodeIgniter->handleRequest(null, Object(Config\Cache), false)
 6 FCPATH\index.php(70): CodeIgniter\CodeIgniter->run()
 7 SYSTEMPATH\Commands\Server\rewrite.php(47): require_once('D:\\Projects\\KPS\\PHP\\MyUMKM\\Sub\\DapurFirdaus\\public\\index.php')
CRITICAL - 2023-07-08 12:28:04 --> Trying to access array offset on value of type bool
in APPPATH\API\V1\Auth\Account\Login.php on line 75.
 1 APPPATH\API\V1\Auth\Account\Login.php(75): CodeIgniter\Debug\Exceptions->errorHandler(2, 'Trying to access array offset on value of type bool', 'D:\\Projects\\KPS\\PHP\\MyUMKM\\Sub\\DapurFirdaus\\app\\API\\V1\\Auth\\Account\\Login.php', 75)
 2 APPPATH\API\V1\Auth\Account\Login.php(62): App\API\V1\Auth\Account\Login->payloadChecker()
 3 SYSTEMPATH\CodeIgniter.php(934): App\API\V1\Auth\Account\Login->index()
 4 SYSTEMPATH\CodeIgniter.php(499): CodeIgniter\CodeIgniter->runController(Object(App\API\V1\Auth\Account\Login))
 5 SYSTEMPATH\CodeIgniter.php(368): CodeIgniter\CodeIgniter->handleRequest(null, Object(Config\Cache), false)
 6 FCPATH\index.php(70): CodeIgniter\CodeIgniter->run()
 7 SYSTEMPATH\Commands\Server\rewrite.php(47): require_once('D:\\Projects\\KPS\\PHP\\MyUMKM\\Sub\\DapurFirdaus\\public\\index.php')
CRITICAL - 2023-07-08 13:37:37 --> Undefined array key "email"
in APPPATH\API\V1\APIV1Controller.php on line 76.
 1 APPPATH\API\V1\APIV1Controller.php(76): CodeIgniter\Debug\Exceptions->errorHandler(2, 'Undefined array key "email"', 'D:\\Projects\\KPS\\PHP\\MyUMKM\\Sub\\DapurFirdaus\\app\\API\\V1\\APIV1Controller.php', 76)
 2 APPPATH\API\V1\Auth\Account\Login.php(70): App\API\V1\APIV1Controller->checkPayload([], [...])
 3 APPPATH\API\V1\Auth\Account\Login.php(62): App\API\V1\Auth\Account\Login->payloadChecker()
 4 SYSTEMPATH\CodeIgniter.php(934): App\API\V1\Auth\Account\Login->index()
 5 SYSTEMPATH\CodeIgniter.php(499): CodeIgniter\CodeIgniter->runController(Object(App\API\V1\Auth\Account\Login))
 6 SYSTEMPATH\CodeIgniter.php(368): CodeIgniter\CodeIgniter->handleRequest(null, Object(Config\Cache), false)
 7 FCPATH\index.php(70): CodeIgniter\CodeIgniter->run()
 8 SYSTEMPATH\Commands\Server\rewrite.php(47): require_once('D:\\Projects\\KPS\\PHP\\MyUMKM\\Sub\\DapurFirdaus\\public\\index.php')
CRITICAL - 2023-07-08 13:37:56 --> Undefined array key "email"
in APPPATH\API\V1\APIV1Controller.php on line 76.
 1 APPPATH\API\V1\APIV1Controller.php(76): CodeIgniter\Debug\Exceptions->errorHandler(2, 'Undefined array key "email"', 'D:\\Projects\\KPS\\PHP\\MyUMKM\\Sub\\DapurFirdaus\\app\\API\\V1\\APIV1Controller.php', 76)
 2 APPPATH\API\V1\Auth\Account\Login.php(70): App\API\V1\APIV1Controller->checkPayload([], [...])
 3 APPPATH\API\V1\Auth\Account\Login.php(62): App\API\V1\Auth\Account\Login->payloadChecker()
 4 SYSTEMPATH\CodeIgniter.php(934): App\API\V1\Auth\Account\Login->index()
 5 SYSTEMPATH\CodeIgniter.php(499): CodeIgniter\CodeIgniter->runController(Object(App\API\V1\Auth\Account\Login))
 6 SYSTEMPATH\CodeIgniter.php(368): CodeIgniter\CodeIgniter->handleRequest(null, Object(Config\Cache), false)
 7 FCPATH\index.php(70): CodeIgniter\CodeIgniter->run()
 8 SYSTEMPATH\Commands\Server\rewrite.php(47): require_once('D:\\Projects\\KPS\\PHP\\MyUMKM\\Sub\\DapurFirdaus\\public\\index.php')
CRITICAL - 2023-07-08 14:14:28 --> syntax error, unexpected token "}", expecting "," or ";"
in APPPATH\API\V1\Auth\Account\Login.php on line 55.
 1 SYSTEMPATH\Autoloader\Autoloader.php(289): CodeIgniter\Autoloader\Autoloader->includeFile('D:\\Projects\\KPS\\PHP\\MyUMKM\\Sub\\DapurFirdaus\\app\\API\\V1\\Auth\\Account\\Login.php')
 2 SYSTEMPATH\Autoloader\Autoloader.php(267): CodeIgniter\Autoloader\Autoloader->loadInNamespace('App\\API\\V1\\Auth\\Account\\Login')
 3 [internal function]: CodeIgniter\Autoloader\Autoloader->loadClass('App\\API\\V1\\Auth\\Account\\Login')
 4 SYSTEMPATH\CodeIgniter.php(892): class_exists('\\App\\API\\V1\\Auth\\Account\\Login', true)
 5 SYSTEMPATH\CodeIgniter.php(486): CodeIgniter\CodeIgniter->startController()
 6 SYSTEMPATH\CodeIgniter.php(368): CodeIgniter\CodeIgniter->handleRequest(null, Object(Config\Cache), false)
 7 FCPATH\index.php(70): CodeIgniter\CodeIgniter->run()
 8 SYSTEMPATH\Commands\Server\rewrite.php(47): require_once('D:\\Projects\\KPS\\PHP\\MyUMKM\\Sub\\DapurFirdaus\\public\\index.php')
CRITICAL - 2023-07-08 14:15:19 --> Undefined property: App\API\V1\Auth\Account\Login::$__unauthorizedScheme
in APPPATH\API\V1\Auth\Account\Login.php on line 52.
 1 APPPATH\API\V1\Auth\Account\Login.php(52): CodeIgniter\Debug\Exceptions->errorHandler(2, 'Undefined property: App\\API\\V1\\Auth\\Account\\Login::$__unauthorizedScheme', 'D:\\Projects\\KPS\\PHP\\MyUMKM\\Sub\\DapurFirdaus\\app\\API\\V1\\Auth\\Account\\Login.php', 52)
 2 SYSTEMPATH\CodeIgniter.php(934): App\API\V1\Auth\Account\Login->index()
 3 SYSTEMPATH\CodeIgniter.php(499): CodeIgniter\CodeIgniter->runController(Object(App\API\V1\Auth\Account\Login))
 4 SYSTEMPATH\CodeIgniter.php(368): CodeIgniter\CodeIgniter->handleRequest(null, Object(Config\Cache), false)
 5 FCPATH\index.php(70): CodeIgniter\CodeIgniter->run()
 6 SYSTEMPATH\Commands\Server\rewrite.php(47): require_once('D:\\Projects\\KPS\\PHP\\MyUMKM\\Sub\\DapurFirdaus\\public\\index.php')
CRITICAL - 2023-07-08 14:47:31 --> Cannot use object of type stdClass as array
in APPPATH\API\V1\Auth\Account\Login.php on line 72.
 1 APPPATH\API\V1\Auth\Account\Login.php(61): App\API\V1\Auth\Account\Login->getJWT()
 2 APPPATH\API\V1\Auth\Account\Login.php(49): App\API\V1\Auth\Account\Login->payloadChecker()
 3 APPPATH\Controllers\ControllerPreProcessor.php(207): App\API\V1\Auth\Account\Login->App\API\V1\Auth\Account\{closure}([...])
 4 APPPATH\API\V1\Auth\Account\Login.php(51): App\Controllers\ControllerPreProcessor->authHandler(Object(Closure), Object(Closure))
 5 SYSTEMPATH\CodeIgniter.php(934): App\API\V1\Auth\Account\Login->index()
 6 SYSTEMPATH\CodeIgniter.php(499): CodeIgniter\CodeIgniter->runController(Object(App\API\V1\Auth\Account\Login))
 7 SYSTEMPATH\CodeIgniter.php(368): CodeIgniter\CodeIgniter->handleRequest(null, Object(Config\Cache), false)
 8 FCPATH\index.php(70): CodeIgniter\CodeIgniter->run()
 9 SYSTEMPATH\Commands\Server\rewrite.php(47): require_once('D:\\Projects\\KPS\\PHP\\MyUMKM\\Sub\\DapurFirdaus\\public\\index.php')
CRITICAL - 2023-07-08 14:49:18 --> Undefined variable $jwtAuth
in APPPATH\API\V1\Auth\Account\Login.php on line 87.
 1 APPPATH\API\V1\Auth\Account\Login.php(87): CodeIgniter\Debug\Exceptions->errorHandler(2, 'Undefined variable $jwtAuth', 'D:\\Projects\\KPS\\PHP\\MyUMKM\\Sub\\DapurFirdaus\\app\\API\\V1\\Auth\\Account\\Login.php', 87)
 2 APPPATH\API\V1\Auth\Account\Login.php(61): App\API\V1\Auth\Account\Login->getJWT()
 3 APPPATH\API\V1\Auth\Account\Login.php(49): App\API\V1\Auth\Account\Login->payloadChecker()
 4 APPPATH\Controllers\ControllerPreProcessor.php(207): App\API\V1\Auth\Account\Login->App\API\V1\Auth\Account\{closure}([...])
 5 APPPATH\API\V1\Auth\Account\Login.php(51): App\Controllers\ControllerPreProcessor->authHandler(Object(Closure), Object(Closure))
 6 SYSTEMPATH\CodeIgniter.php(934): App\API\V1\Auth\Account\Login->index()
 7 SYSTEMPATH\CodeIgniter.php(499): CodeIgniter\CodeIgniter->runController(Object(App\API\V1\Auth\Account\Login))
 8 SYSTEMPATH\CodeIgniter.php(368): CodeIgniter\CodeIgniter->handleRequest(null, Object(Config\Cache), false)
 9 FCPATH\index.php(70): CodeIgniter\CodeIgniter->run()
10 SYSTEMPATH\Commands\Server\rewrite.php(47): require_once('D:\\Projects\\KPS\\PHP\\MyUMKM\\Sub\\DapurFirdaus\\public\\index.php')
CRITICAL - 2023-07-08 14:51:56 --> Unclosed '{' on line 72 does not match ')'
in APPPATH\API\V1\Auth\Account\Login.php on line 90.
 1 SYSTEMPATH\Autoloader\Autoloader.php(289): CodeIgniter\Autoloader\Autoloader->includeFile('D:\\Projects\\KPS\\PHP\\MyUMKM\\Sub\\DapurFirdaus\\app\\API\\V1\\Auth\\Account\\Login.php')
 2 SYSTEMPATH\Autoloader\Autoloader.php(267): CodeIgniter\Autoloader\Autoloader->loadInNamespace('App\\API\\V1\\Auth\\Account\\Login')
 3 [internal function]: CodeIgniter\Autoloader\Autoloader->loadClass('App\\API\\V1\\Auth\\Account\\Login')
 4 SYSTEMPATH\CodeIgniter.php(892): class_exists('\\App\\API\\V1\\Auth\\Account\\Login', true)
 5 SYSTEMPATH\CodeIgniter.php(486): CodeIgniter\CodeIgniter->startController()
 6 SYSTEMPATH\CodeIgniter.php(368): CodeIgniter\CodeIgniter->handleRequest(null, Object(Config\Cache), false)
 7 FCPATH\index.php(70): CodeIgniter\CodeIgniter->run()
 8 SYSTEMPATH\Commands\Server\rewrite.php(47): require_once('D:\\Projects\\KPS\\PHP\\MyUMKM\\Sub\\DapurFirdaus\\public\\index.php')
CRITICAL - 2023-07-08 18:08:55 --> Constant expression contains invalid operations
in APPPATH\Controllers\ControllerPreProcessor.php on line 15.
 1 [internal function]: CodeIgniter\Debug\Exceptions->shutdownHandler()
