CRITICAL - 2023-07-25 09:29:37 --> Trying to access array offset on value of type null
in APPPATH\API\V1\Auth\Account\Login.php on line 88.
 1 APPPATH\API\V1\Auth\Account\Login.php(88): CodeIgniter\Debug\Exceptions->errorHandler(2, 'Trying to access array offset on value of type null', 'D:\\Projects\\KPS\\PHP\\MyUMKM\\Sub\\DapurFirdaus\\app\\API\\V1\\Auth\\Account\\Login.php', 88)
 2 APPPATH\API\V1\Auth\Account\Login.php(63): App\API\V1\Auth\Account\Login->getJWT()
 3 APPPATH\API\V1\Auth\Account\Login.php(51): App\API\V1\Auth\Account\Login->payloadChecker()
 4 APPPATH\Controllers\ControllerPreProcessor.php(207): App\API\V1\Auth\Account\Login->App\API\V1\Auth\Account\{closure}([...])
 5 APPPATH\API\V1\Auth\Account\Login.php(53): App\Controllers\ControllerPreProcessor->authHandler(Object(Closure), Object(Closure))
 6 SYSTEMPATH\CodeIgniter.php(934): App\API\V1\Auth\Account\Login->index()
 7 SYSTEMPATH\CodeIgniter.php(499): CodeIgniter\CodeIgniter->runController(Object(App\API\V1\Auth\Account\Login))
 8 SYSTEMPATH\CodeIgniter.php(368): CodeIgniter\CodeIgniter->handleRequest(null, Object(Config\Cache), false)
 9 FCPATH\index.php(70): CodeIgniter\CodeIgniter->run()
10 SYSTEMPATH\Commands\Server\rewrite.php(47): require_once('D:\\Projects\\KPS\\PHP\\MyUMKM\\Sub\\DapurFirdaus\\public\\index.php')
CRITICAL - 2023-07-25 09:30:22 --> Trying to access array offset on value of type null
in APPPATH\API\V1\Auth\Account\Login.php on line 88.
 1 APPPATH\API\V1\Auth\Account\Login.php(88): CodeIgniter\Debug\Exceptions->errorHandler(2, 'Trying to access array offset on value of type null', 'D:\\Projects\\KPS\\PHP\\MyUMKM\\Sub\\DapurFirdaus\\app\\API\\V1\\Auth\\Account\\Login.php', 88)
 2 APPPATH\API\V1\Auth\Account\Login.php(63): App\API\V1\Auth\Account\Login->getJWT()
 3 APPPATH\API\V1\Auth\Account\Login.php(51): App\API\V1\Auth\Account\Login->payloadChecker()
 4 APPPATH\Controllers\ControllerPreProcessor.php(207): App\API\V1\Auth\Account\Login->App\API\V1\Auth\Account\{closure}([...])
 5 APPPATH\API\V1\Auth\Account\Login.php(53): App\Controllers\ControllerPreProcessor->authHandler(Object(Closure), Object(Closure))
 6 SYSTEMPATH\CodeIgniter.php(934): App\API\V1\Auth\Account\Login->index()
 7 SYSTEMPATH\CodeIgniter.php(499): CodeIgniter\CodeIgniter->runController(Object(App\API\V1\Auth\Account\Login))
 8 SYSTEMPATH\CodeIgniter.php(368): CodeIgniter\CodeIgniter->handleRequest(null, Object(Config\Cache), false)
 9 FCPATH\index.php(70): CodeIgniter\CodeIgniter->run()
10 SYSTEMPATH\Commands\Server\rewrite.php(47): require_once('D:\\Projects\\KPS\\PHP\\MyUMKM\\Sub\\DapurFirdaus\\public\\index.php')
CRITICAL - 2023-07-25 09:30:57 --> Trying to access array offset on value of type null
in APPPATH\API\V1\Auth\Account\Login.php on line 90.
 1 APPPATH\API\V1\Auth\Account\Login.php(90): CodeIgniter\Debug\Exceptions->errorHandler(2, 'Trying to access array offset on value of type null', 'D:\\Projects\\KPS\\PHP\\MyUMKM\\Sub\\DapurFirdaus\\app\\API\\V1\\Auth\\Account\\Login.php', 90)
 2 APPPATH\API\V1\Auth\Account\Login.php(63): App\API\V1\Auth\Account\Login->getJWT()
 3 APPPATH\API\V1\Auth\Account\Login.php(51): App\API\V1\Auth\Account\Login->payloadChecker()
 4 APPPATH\Controllers\ControllerPreProcessor.php(207): App\API\V1\Auth\Account\Login->App\API\V1\Auth\Account\{closure}([...])
 5 APPPATH\API\V1\Auth\Account\Login.php(53): App\Controllers\ControllerPreProcessor->authHandler(Object(Closure), Object(Closure))
 6 SYSTEMPATH\CodeIgniter.php(934): App\API\V1\Auth\Account\Login->index()
 7 SYSTEMPATH\CodeIgniter.php(499): CodeIgniter\CodeIgniter->runController(Object(App\API\V1\Auth\Account\Login))
 8 SYSTEMPATH\CodeIgniter.php(368): CodeIgniter\CodeIgniter->handleRequest(null, Object(Config\Cache), false)
 9 FCPATH\index.php(70): CodeIgniter\CodeIgniter->run()
10 SYSTEMPATH\Commands\Server\rewrite.php(47): require_once('D:\\Projects\\KPS\\PHP\\MyUMKM\\Sub\\DapurFirdaus\\public\\index.php')
ERROR - 2023-07-25 09:41:59 --> mysqli_sql_exception: Unknown column 'ralfian096@gmail.com' in 'where clause' in D:\Projects\KPS\PHP\CI4_Cores\vendor\codeigniter4\framework\system\Database\MySQLi\Connection.php:295
Stack trace:
#0 D:\Projects\KPS\PHP\CI4_Cores\vendor\codeigniter4\framework\system\Database\MySQLi\Connection.php(295): mysqli->query('SELECT `myu_acc...', 0)
#1 D:\Projects\KPS\PHP\CI4_Cores\vendor\codeigniter4\framework\system\Database\BaseConnection.php(692): CodeIgniter\Database\MySQLi\Connection->execute('SELECT `myu_acc...')
#2 D:\Projects\KPS\PHP\CI4_Cores\vendor\codeigniter4\framework\system\Database\BaseConnection.php(606): CodeIgniter\Database\BaseConnection->simpleQuery('SELECT `myu_acc...')
#3 D:\Projects\KPS\PHP\CI4_Cores\vendor\codeigniter4\framework\system\Database\BaseBuilder.php(1616): CodeIgniter\Database\BaseConnection->query('SELECT `myu_acc...', Array, false)
#4 D:\Projects\KPS\PHP\CI4_Cores\vendor\codeigniter4\framework\system\Model.php(840): CodeIgniter\Database\BaseBuilder->get()
#5 D:\Projects\KPS\PHP\MyUMKM\Sub\DapurFirdaus\app\Models\Account.php(118): CodeIgniter\Model->__call('get', Array)
#6 D:\Projects\KPS\PHP\MyUMKM\Sub\DapurFirdaus\app\Filters\Auth\Basic.php(42): App\Models\Account->data(Array)
#7 D:\Projects\KPS\PHP\CI4_Cores\vendor\codeigniter4\framework\system\Filters\Filters.php(173): App\Filters\Auth\Basic->before(Object(CodeIgniter\HTTP\IncomingRequest), NULL)
#8 D:\Projects\KPS\PHP\CI4_Cores\vendor\codeigniter4\framework\system\CodeIgniter.php(473): CodeIgniter\Filters\Filters->run('auth/account', 'before')
#9 D:\Projects\KPS\PHP\CI4_Cores\vendor\codeigniter4\framework\system\CodeIgniter.php(368): CodeIgniter\CodeIgniter->handleRequest(NULL, Object(Config\Cache), false)
#10 D:\Projects\KPS\PHP\MyUMKM\Sub\DapurFirdaus\public\index.php(70): CodeIgniter\CodeIgniter->run()
#11 D:\Projects\KPS\PHP\CI4_Cores\vendor\codeigniter4\framework\system\Commands\Server\rewrite.php(47): require_once('D:\\Projects\\KPS...')
#12 {main}
CRITICAL - 2023-07-25 09:41:59 --> Unknown column 'ralfian096@gmail.com' in 'where clause'
in SYSTEMPATH\Database\MySQLi\Connection.php on line 295.
 1 SYSTEMPATH\Database\MySQLi\Connection.php(295): mysqli->query('SELECT `myu_account`.`id` AS `account_id`, `myu_account`.`uuid` AS `uuid`, `myu_account`.`username` AS `username`, `myu_account`.`email` AS `email`, `myu_account`.`authority` AS `authority`, `myu_account`.`registration_data` AS `registration_data`
FROM `myu_account`
WHERE `myu_account`.`username` = \'ralfian096@gmail.com\'
AND (`myu_account`.`username` = `ralfian096@gmail`.`com` OR `myu_account`.`email` = `ralfian096@gmail`.`com`)
AND `myu_account`.`password` = \'96cae35ce8a9b0244178bf28e4966c2ce1b8385723a96a6b838858cdd6ca0a1e\'', 0)
 2 SYSTEMPATH\Database\BaseConnection.php(692): CodeIgniter\Database\MySQLi\Connection->execute('SELECT `myu_account`.`id` AS `account_id`, `myu_account`.`uuid` AS `uuid`, `myu_account`.`username` AS `username`, `myu_account`.`email` AS `email`, `myu_account`.`authority` AS `authority`, `myu_account`.`registration_data` AS `registration_data`
FROM `myu_account`
WHERE `myu_account`.`username` = \'ralfian096@gmail.com\'
AND (`myu_account`.`username` = `ralfian096@gmail`.`com` OR `myu_account`.`email` = `ralfian096@gmail`.`com`)
AND `myu_account`.`password` = \'96cae35ce8a9b0244178bf28e4966c2ce1b8385723a96a6b838858cdd6ca0a1e\'')
 3 SYSTEMPATH\Database\BaseConnection.php(606): CodeIgniter\Database\BaseConnection->simpleQuery('SELECT `myu_account`.`id` AS `account_id`, `myu_account`.`uuid` AS `uuid`, `myu_account`.`username` AS `username`, `myu_account`.`email` AS `email`, `myu_account`.`authority` AS `authority`, `myu_account`.`registration_data` AS `registration_data`
FROM `myu_account`
WHERE `myu_account`.`username` = \'ralfian096@gmail.com\'
AND (`myu_account`.`username` = `ralfian096@gmail`.`com` OR `myu_account`.`email` = `ralfian096@gmail`.`com`)
AND `myu_account`.`password` = \'96cae35ce8a9b0244178bf28e4966c2ce1b8385723a96a6b838858cdd6ca0a1e\'')
 4 SYSTEMPATH\Database\BaseBuilder.php(1616): CodeIgniter\Database\BaseConnection->query('SELECT `myu_account`.`id` AS `account_id`, `myu_account`.`uuid` AS `uuid`, `myu_account`.`username` AS `username`, `myu_account`.`email` AS `email`, `myu_account`.`authority` AS `authority`, `myu_account`.`registration_data` AS `registration_data`
FROM `myu_account`
WHERE `myu_account`.`username` = :myu_account.username:
AND (`myu_account`.`username` = `ralfian096@gmail`.`com` OR `myu_account`.`email` = `ralfian096@gmail`.`com`)
AND `myu_account`.`password` = :myu_account.password:', [...], false)
 5 SYSTEMPATH\Model.php(840): CodeIgniter\Database\BaseBuilder->get()
 6 APPPATH\Models\Account.php(118): CodeIgniter\Model->__call('get', [])
 7 APPPATH\Filters\Auth\Basic.php(42): App\Models\Account->data([...])
 8 SYSTEMPATH\Filters\Filters.php(173): App\Filters\Auth\Basic->before(Object(CodeIgniter\HTTP\IncomingRequest), null)
 9 SYSTEMPATH\CodeIgniter.php(473): CodeIgniter\Filters\Filters->run('auth/account', 'before')
10 SYSTEMPATH\CodeIgniter.php(368): CodeIgniter\CodeIgniter->handleRequest(null, Object(Config\Cache), false)
11 FCPATH\index.php(70): CodeIgniter\CodeIgniter->run()
12 SYSTEMPATH\Commands\Server\rewrite.php(47): require_once('D:\\Projects\\KPS\\PHP\\MyUMKM\\Sub\\DapurFirdaus\\public\\index.php')
ERROR - 2023-07-25 11:57:54 --> mysqli_sql_exception: Unknown column 'myu_accosunt.username' in 'where clause' in D:\Projects\KPS\PHP\CI4_Cores\vendor\codeigniter4\framework\system\Database\MySQLi\Connection.php:295
Stack trace:
#0 D:\Projects\KPS\PHP\CI4_Cores\vendor\codeigniter4\framework\system\Database\MySQLi\Connection.php(295): mysqli->query('SELECT `myu_acc...', 0)
#1 D:\Projects\KPS\PHP\CI4_Cores\vendor\codeigniter4\framework\system\Database\BaseConnection.php(692): CodeIgniter\Database\MySQLi\Connection->execute('SELECT `myu_acc...')
#2 D:\Projects\KPS\PHP\CI4_Cores\vendor\codeigniter4\framework\system\Database\BaseConnection.php(606): CodeIgniter\Database\BaseConnection->simpleQuery('SELECT `myu_acc...')
#3 D:\Projects\KPS\PHP\CI4_Cores\vendor\codeigniter4\framework\system\Database\BaseBuilder.php(1616): CodeIgniter\Database\BaseConnection->query('SELECT `myu_acc...', Array, false)
#4 D:\Projects\KPS\PHP\CI4_Cores\vendor\codeigniter4\framework\system\Model.php(840): CodeIgniter\Database\BaseBuilder->get()
#5 D:\Projects\KPS\PHP\MyUMKM\Sub\DapurFirdaus\app\Models\Account.php(121): CodeIgniter\Model->__call('get', Array)
#6 D:\Projects\KPS\PHP\MyUMKM\Sub\DapurFirdaus\app\Filters\Auth\Basic.php(42): App\Models\Account->data(Array)
#7 D:\Projects\KPS\PHP\CI4_Cores\vendor\codeigniter4\framework\system\Filters\Filters.php(173): App\Filters\Auth\Basic->before(Object(CodeIgniter\HTTP\IncomingRequest), NULL)
#8 D:\Projects\KPS\PHP\CI4_Cores\vendor\codeigniter4\framework\system\CodeIgniter.php(473): CodeIgniter\Filters\Filters->run('auth/account', 'before')
#9 D:\Projects\KPS\PHP\CI4_Cores\vendor\codeigniter4\framework\system\CodeIgniter.php(368): CodeIgniter\CodeIgniter->handleRequest(NULL, Object(Config\Cache), false)
#10 D:\Projects\KPS\PHP\MyUMKM\Sub\DapurFirdaus\public\index.php(70): CodeIgniter\CodeIgniter->run()
#11 D:\Projects\KPS\PHP\CI4_Cores\vendor\codeigniter4\framework\system\Commands\Server\rewrite.php(47): require_once('D:\\Projects\\KPS...')
#12 {main}
CRITICAL - 2023-07-25 11:57:54 --> Unknown column 'myu_accosunt.username' in 'where clause'
in SYSTEMPATH\Database\MySQLi\Connection.php on line 295.
 1 SYSTEMPATH\Database\MySQLi\Connection.php(295): mysqli->query('SELECT `myu_account`.`id` AS `account_id`, `myu_account`.`uuid` AS `uuid`, `myu_account`.`username` AS `username`, `myu_account`.`email` AS `email`, `myu_account`.`authority` AS `authority`, `myu_account`.`registration_data` AS `registration_data`
FROM `myu_account`
WHERE `myu_account`.`username` = \'ralfian096@gmail.com\'
AND (`myu_account`.`email` = \'ralfian096@gmail.com\' OR `myu_accosunt`.`username` = \'\')
AND `myu_account`.`password` = \'96cae35ce8a9b0244178bf28e4966c2ce1b8385723a96a6b838858cdd6ca0a1e\'', 0)
 2 SYSTEMPATH\Database\BaseConnection.php(692): CodeIgniter\Database\MySQLi\Connection->execute('SELECT `myu_account`.`id` AS `account_id`, `myu_account`.`uuid` AS `uuid`, `myu_account`.`username` AS `username`, `myu_account`.`email` AS `email`, `myu_account`.`authority` AS `authority`, `myu_account`.`registration_data` AS `registration_data`
FROM `myu_account`
WHERE `myu_account`.`username` = \'ralfian096@gmail.com\'
AND (`myu_account`.`email` = \'ralfian096@gmail.com\' OR `myu_accosunt`.`username` = \'\')
AND `myu_account`.`password` = \'96cae35ce8a9b0244178bf28e4966c2ce1b8385723a96a6b838858cdd6ca0a1e\'')
 3 SYSTEMPATH\Database\BaseConnection.php(606): CodeIgniter\Database\BaseConnection->simpleQuery('SELECT `myu_account`.`id` AS `account_id`, `myu_account`.`uuid` AS `uuid`, `myu_account`.`username` AS `username`, `myu_account`.`email` AS `email`, `myu_account`.`authority` AS `authority`, `myu_account`.`registration_data` AS `registration_data`
FROM `myu_account`
WHERE `myu_account`.`username` = \'ralfian096@gmail.com\'
AND (`myu_account`.`email` = \'ralfian096@gmail.com\' OR `myu_accosunt`.`username` = \'\')
AND `myu_account`.`password` = \'96cae35ce8a9b0244178bf28e4966c2ce1b8385723a96a6b838858cdd6ca0a1e\'')
 4 SYSTEMPATH\Database\BaseBuilder.php(1616): CodeIgniter\Database\BaseConnection->query('SELECT `myu_account`.`id` AS `account_id`, `myu_account`.`uuid` AS `uuid`, `myu_account`.`username` AS `username`, `myu_account`.`email` AS `email`, `myu_account`.`authority` AS `authority`, `myu_account`.`registration_data` AS `registration_data`
FROM `myu_account`
WHERE `myu_account`.`username` = :myu_account.username:
AND (`myu_account`.`email` = \'ralfian096@gmail.com\' OR `myu_accosunt`.`username` = \'\')
AND `myu_account`.`password` = :myu_account.password:', [...], false)
 5 SYSTEMPATH\Model.php(840): CodeIgniter\Database\BaseBuilder->get()
 6 APPPATH\Models\Account.php(121): CodeIgniter\Model->__call('get', [])
 7 APPPATH\Filters\Auth\Basic.php(42): App\Models\Account->data([...])
 8 SYSTEMPATH\Filters\Filters.php(173): App\Filters\Auth\Basic->before(Object(CodeIgniter\HTTP\IncomingRequest), null)
 9 SYSTEMPATH\CodeIgniter.php(473): CodeIgniter\Filters\Filters->run('auth/account', 'before')
10 SYSTEMPATH\CodeIgniter.php(368): CodeIgniter\CodeIgniter->handleRequest(null, Object(Config\Cache), false)
11 FCPATH\index.php(70): CodeIgniter\CodeIgniter->run()
12 SYSTEMPATH\Commands\Server\rewrite.php(47): require_once('D:\\Projects\\KPS\\PHP\\MyUMKM\\Sub\\DapurFirdaus\\public\\index.php')
CRITICAL - 2023-07-25 12:07:18 --> You cannot use "getCompiledSelect()" in "App\Models\Account". This is a method of the Query Builder Class.
in SYSTEMPATH\Model.php on line 858.
 1 SYSTEMPATH\Model.php(858): CodeIgniter\Exceptions\ModelException::forMethodNotAvailable('App\\Models\\Account', 'getCompiledSelect()')
 2 SYSTEMPATH\Model.php(838): CodeIgniter\Model->checkBuilderMethod('getCompiledSelect')
 3 APPPATH\Models\Account.php(119): CodeIgniter\Model->__call('getCompiledSelect', [])
 4 APPPATH\Filters\Auth\Basic.php(42): App\Models\Account->data([...])
 5 SYSTEMPATH\Filters\Filters.php(173): App\Filters\Auth\Basic->before(Object(CodeIgniter\HTTP\IncomingRequest), null)
 6 SYSTEMPATH\CodeIgniter.php(473): CodeIgniter\Filters\Filters->run('auth/account', 'before')
 7 SYSTEMPATH\CodeIgniter.php(368): CodeIgniter\CodeIgniter->handleRequest(null, Object(Config\Cache), false)
 8 FCPATH\index.php(70): CodeIgniter\CodeIgniter->run()
 9 SYSTEMPATH\Commands\Server\rewrite.php(47): require_once('D:\\Projects\\KPS\\PHP\\MyUMKM\\Sub\\DapurFirdaus\\public\\index.php')
CRITICAL - 2023-07-25 13:32:08 --> Undefined property: CodeIgniter\HTTP\IncomingRequest::$auth
in APPPATH\Controllers\Admin\AdminController.php on line 73.
 1 APPPATH\Controllers\Admin\AdminController.php(73): CodeIgniter\Debug\Exceptions->errorHandler(2, 'Undefined property: CodeIgniter\\HTTP\\IncomingRequest::$auth', 'D:\\Projects\\KPS\\PHP\\MyUMKM\\Sub\\DapurFirdaus\\app\\Controllers\\Admin\\AdminController.php', 73)
 2 APPPATH\Controllers\ControllerPreProcessor.php(212): App\Controllers\Admin\AdminController->App\Controllers\Admin\{closure}([...])
 3 APPPATH\Controllers\Admin\AdminController.php(84): App\Controllers\ControllerPreProcessor->authHandler(Object(Closure), Object(Closure), [...], [...])
 4 APPPATH\Controllers\Admin\Control\Catalog\Product\ProductList.php(46): App\Controllers\Admin\AdminController->viewPage('control/catalog/product/list/index')
 5 SYSTEMPATH\CodeIgniter.php(934): App\Controllers\Admin\Control\Catalog\Product\ProductList->index()
 6 SYSTEMPATH\CodeIgniter.php(499): CodeIgniter\CodeIgniter->runController(Object(App\Controllers\Admin\Control\Catalog\Product\ProductList))
 7 SYSTEMPATH\CodeIgniter.php(368): CodeIgniter\CodeIgniter->handleRequest(null, Object(Config\Cache), false)
 8 FCPATH\index.php(70): CodeIgniter\CodeIgniter->run()
 9 SYSTEMPATH\Commands\Server\rewrite.php(47): require_once('D:\\Projects\\KPS\\PHP\\MyUMKM\\Sub\\DapurFirdaus\\public\\index.php')
CRITICAL - 2023-07-25 13:33:02 --> Undefined property: CodeIgniter\HTTP\IncomingRequest::$auth
in APPPATH\Controllers\Admin\AdminController.php on line 73.
 1 APPPATH\Controllers\Admin\AdminController.php(73): CodeIgniter\Debug\Exceptions->errorHandler(2, 'Undefined property: CodeIgniter\\HTTP\\IncomingRequest::$auth', 'D:\\Projects\\KPS\\PHP\\MyUMKM\\Sub\\DapurFirdaus\\app\\Controllers\\Admin\\AdminController.php', 73)
 2 APPPATH\Controllers\ControllerPreProcessor.php(212): App\Controllers\Admin\AdminController->App\Controllers\Admin\{closure}([...])
 3 APPPATH\Controllers\Admin\AdminController.php(86): App\Controllers\ControllerPreProcessor->authHandler(Object(Closure), Object(Closure), [...], [...])
 4 APPPATH\Controllers\Admin\Control\Catalog\Product\ProductList.php(46): App\Controllers\Admin\AdminController->viewPage('control/catalog/product/list/index')
 5 SYSTEMPATH\CodeIgniter.php(934): App\Controllers\Admin\Control\Catalog\Product\ProductList->index()
 6 SYSTEMPATH\CodeIgniter.php(499): CodeIgniter\CodeIgniter->runController(Object(App\Controllers\Admin\Control\Catalog\Product\ProductList))
 7 SYSTEMPATH\CodeIgniter.php(368): CodeIgniter\CodeIgniter->handleRequest(null, Object(Config\Cache), false)
 8 FCPATH\index.php(70): CodeIgniter\CodeIgniter->run()
 9 SYSTEMPATH\Commands\Server\rewrite.php(47): require_once('D:\\Projects\\KPS\\PHP\\MyUMKM\\Sub\\DapurFirdaus\\public\\index.php')
CRITICAL - 2023-07-25 13:33:09 --> Undefined property: CodeIgniter\HTTP\IncomingRequest::$auth
in APPPATH\Controllers\Admin\AdminController.php on line 75.
 1 APPPATH\Controllers\Admin\AdminController.php(75): CodeIgniter\Debug\Exceptions->errorHandler(2, 'Undefined property: CodeIgniter\\HTTP\\IncomingRequest::$auth', 'D:\\Projects\\KPS\\PHP\\MyUMKM\\Sub\\DapurFirdaus\\app\\Controllers\\Admin\\AdminController.php', 75)
 2 APPPATH\Controllers\ControllerPreProcessor.php(212): App\Controllers\Admin\AdminController->App\Controllers\Admin\{closure}([...])
 3 APPPATH\Controllers\Admin\AdminController.php(86): App\Controllers\ControllerPreProcessor->authHandler(Object(Closure), Object(Closure), [...], [...])
 4 APPPATH\Controllers\Admin\Control\Catalog\Product\ProductList.php(46): App\Controllers\Admin\AdminController->viewPage('control/catalog/product/list/index')
 5 SYSTEMPATH\CodeIgniter.php(934): App\Controllers\Admin\Control\Catalog\Product\ProductList->index()
 6 SYSTEMPATH\CodeIgniter.php(499): CodeIgniter\CodeIgniter->runController(Object(App\Controllers\Admin\Control\Catalog\Product\ProductList))
 7 SYSTEMPATH\CodeIgniter.php(368): CodeIgniter\CodeIgniter->handleRequest(null, Object(Config\Cache), false)
 8 FCPATH\index.php(70): CodeIgniter\CodeIgniter->run()
 9 SYSTEMPATH\Commands\Server\rewrite.php(47): require_once('D:\\Projects\\KPS\\PHP\\MyUMKM\\Sub\\DapurFirdaus\\public\\index.php')
CRITICAL - 2023-07-25 13:33:20 --> Undefined property: CodeIgniter\HTTP\IncomingRequest::$auth
in APPPATH\Controllers\Admin\AdminController.php on line 73.
 1 APPPATH\Controllers\Admin\AdminController.php(73): CodeIgniter\Debug\Exceptions->errorHandler(2, 'Undefined property: CodeIgniter\\HTTP\\IncomingRequest::$auth', 'D:\\Projects\\KPS\\PHP\\MyUMKM\\Sub\\DapurFirdaus\\app\\Controllers\\Admin\\AdminController.php', 73)
 2 APPPATH\Controllers\ControllerPreProcessor.php(212): App\Controllers\Admin\AdminController->App\Controllers\Admin\{closure}([...])
 3 APPPATH\Controllers\Admin\AdminController.php(84): App\Controllers\ControllerPreProcessor->authHandler(Object(Closure), Object(Closure), [...], [...])
 4 APPPATH\Controllers\Admin\Control\Catalog\Product\ProductList.php(46): App\Controllers\Admin\AdminController->viewPage('control/catalog/product/list/index')
 5 SYSTEMPATH\CodeIgniter.php(934): App\Controllers\Admin\Control\Catalog\Product\ProductList->index()
 6 SYSTEMPATH\CodeIgniter.php(499): CodeIgniter\CodeIgniter->runController(Object(App\Controllers\Admin\Control\Catalog\Product\ProductList))
 7 SYSTEMPATH\CodeIgniter.php(368): CodeIgniter\CodeIgniter->handleRequest(null, Object(Config\Cache), false)
 8 FCPATH\index.php(70): CodeIgniter\CodeIgniter->run()
 9 SYSTEMPATH\Commands\Server\rewrite.php(47): require_once('D:\\Projects\\KPS\\PHP\\MyUMKM\\Sub\\DapurFirdaus\\public\\index.php')
CRITICAL - 2023-07-25 13:33:56 --> Invalid file: "_admin/control/catalog/product/list/index.php"
in SYSTEMPATH\Exceptions\FrameworkException.php on line 33.
 1 SYSTEMPATH\View\View.php(201): CodeIgniter\Exceptions\FrameworkException::forInvalidFile('_admin/control/catalog/product/list/index.php')
 2 SYSTEMPATH\Common.php(1184): CodeIgniter\View\View->render('_admin/control/catalog/product/list/index', [], true)
 3 APPPATH\Controllers\ControllerPreProcessor.php(142): view('_admin/control/catalog/product/list/index', [...])
 4 APPPATH\Controllers\Admin\AdminController.php(77): App\Controllers\ControllerPreProcessor->view('control/catalog/product/list/index')
 5 APPPATH\Controllers\ControllerPreProcessor.php(212): App\Controllers\Admin\AdminController->App\Controllers\Admin\{closure}([...])
 6 APPPATH\Controllers\Admin\AdminController.php(84): App\Controllers\ControllerPreProcessor->authHandler(Object(Closure), Object(Closure), [...], [...])
 7 APPPATH\Controllers\Admin\Control\Catalog\Product\ProductList.php(46): App\Controllers\Admin\AdminController->viewPage('control/catalog/product/list/index')
 8 SYSTEMPATH\CodeIgniter.php(934): App\Controllers\Admin\Control\Catalog\Product\ProductList->index()
 9 SYSTEMPATH\CodeIgniter.php(499): CodeIgniter\CodeIgniter->runController(Object(App\Controllers\Admin\Control\Catalog\Product\ProductList))
10 SYSTEMPATH\CodeIgniter.php(368): CodeIgniter\CodeIgniter->handleRequest(null, Object(Config\Cache), false)
11 FCPATH\index.php(70): CodeIgniter\CodeIgniter->run()
12 SYSTEMPATH\Commands\Server\rewrite.php(47): require_once('D:\\Projects\\KPS\\PHP\\MyUMKM\\Sub\\DapurFirdaus\\public\\index.php')
CRITICAL - 2023-07-25 13:36:06 --> Invalid file: "_admin/control/catalog/product/list/index.php"
in SYSTEMPATH\Exceptions\FrameworkException.php on line 33.
 1 SYSTEMPATH\View\View.php(201): CodeIgniter\Exceptions\FrameworkException::forInvalidFile('_admin/control/catalog/product/list/index.php')
 2 SYSTEMPATH\Common.php(1184): CodeIgniter\View\View->render('_admin/control/catalog/product/list/index', [], true)
 3 APPPATH\Controllers\ControllerPreProcessor.php(142): view('_admin/control/catalog/product/list/index', [...])
 4 APPPATH\Controllers\Admin\AdminController.php(77): App\Controllers\ControllerPreProcessor->view('control/catalog/product/list/index')
 5 APPPATH\Controllers\ControllerPreProcessor.php(212): App\Controllers\Admin\AdminController->App\Controllers\Admin\{closure}([...])
 6 APPPATH\Controllers\Admin\AdminController.php(84): App\Controllers\ControllerPreProcessor->authHandler(Object(Closure), Object(Closure), [...], [...])
 7 APPPATH\Controllers\Admin\Control\Catalog\Product\ProductList.php(46): App\Controllers\Admin\AdminController->viewPage('control/catalog/product/list/index')
 8 SYSTEMPATH\CodeIgniter.php(934): App\Controllers\Admin\Control\Catalog\Product\ProductList->index()
 9 SYSTEMPATH\CodeIgniter.php(499): CodeIgniter\CodeIgniter->runController(Object(App\Controllers\Admin\Control\Catalog\Product\ProductList))
10 SYSTEMPATH\CodeIgniter.php(368): CodeIgniter\CodeIgniter->handleRequest(null, Object(Config\Cache), false)
11 FCPATH\index.php(70): CodeIgniter\CodeIgniter->run()
12 SYSTEMPATH\Commands\Server\rewrite.php(47): require_once('D:\\Projects\\KPS\\PHP\\MyUMKM\\Sub\\DapurFirdaus\\public\\index.php')
CRITICAL - 2023-07-25 13:36:45 --> Invalid file: "_admin/control/catalog/product/list/index.php"
in SYSTEMPATH\Exceptions\FrameworkException.php on line 33.
 1 SYSTEMPATH\View\View.php(201): CodeIgniter\Exceptions\FrameworkException::forInvalidFile('_admin/control/catalog/product/list/index.php')
 2 SYSTEMPATH\Common.php(1184): CodeIgniter\View\View->render('_admin/control/catalog/product/list/index', [], true)
 3 APPPATH\Controllers\ControllerPreProcessor.php(142): view('_admin/control/catalog/product/list/index', [...])
 4 APPPATH\Controllers\Admin\AdminController.php(77): App\Controllers\ControllerPreProcessor->view('control/catalog/product/list/index')
 5 APPPATH\Controllers\ControllerPreProcessor.php(212): App\Controllers\Admin\AdminController->App\Controllers\Admin\{closure}([...])
 6 APPPATH\Controllers\Admin\AdminController.php(84): App\Controllers\ControllerPreProcessor->authHandler(Object(Closure), Object(Closure), [...], [...])
 7 APPPATH\Controllers\Admin\Control\Catalog\Product\ProductList.php(46): App\Controllers\Admin\AdminController->viewPage('control/catalog/product/list/index')
 8 SYSTEMPATH\CodeIgniter.php(934): App\Controllers\Admin\Control\Catalog\Product\ProductList->index()
 9 SYSTEMPATH\CodeIgniter.php(499): CodeIgniter\CodeIgniter->runController(Object(App\Controllers\Admin\Control\Catalog\Product\ProductList))
10 SYSTEMPATH\CodeIgniter.php(368): CodeIgniter\CodeIgniter->handleRequest(null, Object(Config\Cache), false)
11 FCPATH\index.php(70): CodeIgniter\CodeIgniter->run()
12 SYSTEMPATH\Commands\Server\rewrite.php(47): require_once('D:\\Projects\\KPS\\PHP\\MyUMKM\\Sub\\DapurFirdaus\\public\\index.php')
CRITICAL - 2023-07-25 13:38:42 --> Undefined variable $username
in APPPATH\Views\_admin\control\catalog\product\list\body.php on line 2.
 1 APPPATH\Views\_admin\control\catalog\product\list\body.php(2): CodeIgniter\Debug\Exceptions->errorHandler(2, 'Undefined variable $username', 'D:\\Projects\\KPS\\PHP\\MyUMKM\\Sub\\DapurFirdaus\\app\\Views\\_admin\\control\\catalog\\product\\list\\body.php', 2)
 2 APPPATH\Views\_admin\control\catalog\product\list\index.php(22): include('D:\\Projects\\KPS\\PHP\\MyUMKM\\Sub\\DapurFirdaus\\app\\Views\\_admin\\control\\catalog\\product\\list\\body.php')
 3 SYSTEMPATH\View\View.php(213): include('D:\\Projects\\KPS\\PHP\\MyUMKM\\Sub\\DapurFirdaus\\app\\Views\\_admin\\control\\catalog\\product\\list\\index.php')
 4 SYSTEMPATH\View\View.php(216): CodeIgniter\View\View->CodeIgniter\View\{closure}()
 5 SYSTEMPATH\Common.php(1184): CodeIgniter\View\View->render('_admin/control/catalog/product/list/index', [], true)
 6 APPPATH\Controllers\ControllerPreProcessor.php(142): view('_admin/control/catalog/product/list/index', [...])
 7 APPPATH\Controllers\Admin\AdminController.php(77): App\Controllers\ControllerPreProcessor->view('control/catalog/product/list/index')
 8 APPPATH\Controllers\ControllerPreProcessor.php(212): App\Controllers\Admin\AdminController->App\Controllers\Admin\{closure}([...])
 9 APPPATH\Controllers\Admin\AdminController.php(84): App\Controllers\ControllerPreProcessor->authHandler(Object(Closure), Object(Closure), [...], [...])
10 APPPATH\Controllers\Admin\Control\Catalog\Product\ProductList.php(46): App\Controllers\Admin\AdminController->viewPage('control/catalog/product/list/index')
11 SYSTEMPATH\CodeIgniter.php(934): App\Controllers\Admin\Control\Catalog\Product\ProductList->index()
12 SYSTEMPATH\CodeIgniter.php(499): CodeIgniter\CodeIgniter->runController(Object(App\Controllers\Admin\Control\Catalog\Product\ProductList))
13 SYSTEMPATH\CodeIgniter.php(368): CodeIgniter\CodeIgniter->handleRequest(null, Object(Config\Cache), false)
14 FCPATH\index.php(70): CodeIgniter\CodeIgniter->run()
15 SYSTEMPATH\Commands\Server\rewrite.php(47): require_once('D:\\Projects\\KPS\\PHP\\MyUMKM\\Sub\\DapurFirdaus\\public\\index.php')
CRITICAL - 2023-07-25 13:39:03 --> Undefined property: CodeIgniter\HTTP\IncomingRequest::$auth
in APPPATH\Controllers\Admin\AdminController.php on line 73.
 1 APPPATH\Controllers\Admin\AdminController.php(73): CodeIgniter\Debug\Exceptions->errorHandler(2, 'Undefined property: CodeIgniter\\HTTP\\IncomingRequest::$auth', 'D:\\Projects\\KPS\\PHP\\MyUMKM\\Sub\\DapurFirdaus\\app\\Controllers\\Admin\\AdminController.php', 73)
 2 APPPATH\Controllers\ControllerPreProcessor.php(212): App\Controllers\Admin\AdminController->App\Controllers\Admin\{closure}([...])
 3 APPPATH\Controllers\Admin\AdminController.php(84): App\Controllers\ControllerPreProcessor->authHandler(Object(Closure), Object(Closure), [...], [...])
 4 APPPATH\Controllers\Admin\Control\Catalog\Product\ProductList.php(46): App\Controllers\Admin\AdminController->viewPage('control/catalog/product/list/index')
 5 SYSTEMPATH\CodeIgniter.php(934): App\Controllers\Admin\Control\Catalog\Product\ProductList->index()
 6 SYSTEMPATH\CodeIgniter.php(499): CodeIgniter\CodeIgniter->runController(Object(App\Controllers\Admin\Control\Catalog\Product\ProductList))
 7 SYSTEMPATH\CodeIgniter.php(368): CodeIgniter\CodeIgniter->handleRequest(null, Object(Config\Cache), false)
 8 FCPATH\index.php(70): CodeIgniter\CodeIgniter->run()
 9 SYSTEMPATH\Commands\Server\rewrite.php(47): require_once('D:\\Projects\\KPS\\PHP\\MyUMKM\\Sub\\DapurFirdaus\\public\\index.php')
CRITICAL - 2023-07-25 13:39:39 --> Undefined property: CodeIgniter\HTTP\IncomingRequest::$auth
in APPPATH\Controllers\Admin\AdminController.php on line 73.
 1 APPPATH\Controllers\Admin\AdminController.php(73): CodeIgniter\Debug\Exceptions->errorHandler(2, 'Undefined property: CodeIgniter\\HTTP\\IncomingRequest::$auth', 'D:\\Projects\\KPS\\PHP\\MyUMKM\\Sub\\DapurFirdaus\\app\\Controllers\\Admin\\AdminController.php', 73)
 2 APPPATH\Controllers\ControllerPreProcessor.php(212): App\Controllers\Admin\AdminController->App\Controllers\Admin\{closure}([...])
 3 APPPATH\Controllers\Admin\AdminController.php(84): App\Controllers\ControllerPreProcessor->authHandler(Object(Closure), Object(Closure), [...], [...])
 4 APPPATH\Controllers\Admin\Control\Catalog\Product\ProductList.php(46): App\Controllers\Admin\AdminController->viewPage('control/catalog/product/list/index')
 5 SYSTEMPATH\CodeIgniter.php(934): App\Controllers\Admin\Control\Catalog\Product\ProductList->index()
 6 SYSTEMPATH\CodeIgniter.php(499): CodeIgniter\CodeIgniter->runController(Object(App\Controllers\Admin\Control\Catalog\Product\ProductList))
 7 SYSTEMPATH\CodeIgniter.php(368): CodeIgniter\CodeIgniter->handleRequest(null, Object(Config\Cache), false)
 8 FCPATH\index.php(70): CodeIgniter\CodeIgniter->run()
 9 SYSTEMPATH\Commands\Server\rewrite.php(47): require_once('D:\\Projects\\KPS\\PHP\\MyUMKM\\Sub\\DapurFirdaus\\public\\index.php')
CRITICAL - 2023-07-25 13:46:56 --> trim(): Argument #1 ($string) must be of type string, array given
in SYSTEMPATH\Router\RouteCollection.php on line 1364.
 1 SYSTEMPATH\Router\RouteCollection.php(1364): trim([...], '\\')
 2 SYSTEMPATH\Router\RouteCollection.php(917): CodeIgniter\Router\RouteCollection->create('get', 'login', 'Auth\\Login::index', [...])
 3 APPPATH\Config\Routes.php(91): CodeIgniter\Router\RouteCollection->get('login', 'Auth\\Login::index')
 4 APPPATH\Config\Routes.php(427): Config\fcAdmin(Object(CodeIgniter\Router\RouteCollection))
 5 SYSTEMPATH\Router\RouteCollection.php(676): CodeIgniter\Router\RouteCollection::Config\{closure}(Object(CodeIgniter\Router\RouteCollection))
 6 APPPATH\Config\Routes.php(428): CodeIgniter\Router\RouteCollection->group('', [...], Object(Closure))
 7 SYSTEMPATH\Router\RouteCollection.php(267): require('D:\\Projects\\KPS\\PHP\\MyUMKM\\Sub\\DapurFirdaus\\app\\Config\\Routes.php')
 8 SYSTEMPATH\CodeIgniter.php(802): CodeIgniter\Router\RouteCollection->loadRoutes()
 9 SYSTEMPATH\CodeIgniter.php(449): CodeIgniter\CodeIgniter->tryToRouteIt(null)
10 SYSTEMPATH\CodeIgniter.php(368): CodeIgniter\CodeIgniter->handleRequest(null, Object(Config\Cache), false)
11 FCPATH\index.php(70): CodeIgniter\CodeIgniter->run()
12 SYSTEMPATH\Commands\Server\rewrite.php(47): require_once('D:\\Projects\\KPS\\PHP\\MyUMKM\\Sub\\DapurFirdaus\\public\\index.php')
CRITICAL - 2023-07-25 22:50:47 --> Cannot access offset of type string on string
in APPPATH\Views\_admin\control\catalog\product\category\body.php on line 49.
 1 APPPATH\Views\_admin\control\catalog\product\category\index.php(22): include()
 2 SYSTEMPATH\View\View.php(213): include('D:\\Projects\\KPS\\PHP\\MyUMKM\\Sub\\DapurFirdaus\\app\\Views\\_admin\\control\\catalog\\product\\category\\index.php')
 3 SYSTEMPATH\View\View.php(216): CodeIgniter\View\View->CodeIgniter\View\{closure}()
 4 SYSTEMPATH\Common.php(1184): CodeIgniter\View\View->render('_admin/control/catalog/product/category/index', [], true)
 5 APPPATH\Controllers\ControllerPreProcessor.php(142): view('_admin/control/catalog/product/category/index', [...])
 6 APPPATH\Controllers\Admin\AdminController.php(77): App\Controllers\ControllerPreProcessor->view('control/catalog/product/category/index')
 7 APPPATH\Controllers\ControllerPreProcessor.php(207): App\Controllers\Admin\AdminController->App\Controllers\Admin\{closure}([...])
 8 APPPATH\Controllers\Admin\AdminController.php(84): App\Controllers\ControllerPreProcessor->authHandler(Object(Closure), Object(Closure), [...], [...])
 9 APPPATH\Controllers\Admin\Control\Catalog\Product\Category.php(55): App\Controllers\Admin\AdminController->viewPage('control/catalog/product/category/index', [...])
10 SYSTEMPATH\CodeIgniter.php(934): App\Controllers\Admin\Control\Catalog\Product\Category->index()
11 SYSTEMPATH\CodeIgniter.php(499): CodeIgniter\CodeIgniter->runController(Object(App\Controllers\Admin\Control\Catalog\Product\Category))
12 SYSTEMPATH\CodeIgniter.php(368): CodeIgniter\CodeIgniter->handleRequest(null, Object(Config\Cache), false)
13 FCPATH\index.php(70): CodeIgniter\CodeIgniter->run()
14 SYSTEMPATH\Commands\Server\rewrite.php(47): require_once('D:\\Projects\\KPS\\PHP\\MyUMKM\\Sub\\DapurFirdaus\\public\\index.php')
CRITICAL - 2023-07-25 22:51:09 --> Cannot access offset of type string on string
in APPPATH\Views\_admin\control\catalog\product\category\body.php on line 49.
 1 APPPATH\Views\_admin\control\catalog\product\category\index.php(22): include()
 2 SYSTEMPATH\View\View.php(213): include('D:\\Projects\\KPS\\PHP\\MyUMKM\\Sub\\DapurFirdaus\\app\\Views\\_admin\\control\\catalog\\product\\category\\index.php')
 3 SYSTEMPATH\View\View.php(216): CodeIgniter\View\View->CodeIgniter\View\{closure}()
 4 SYSTEMPATH\Common.php(1184): CodeIgniter\View\View->render('_admin/control/catalog/product/category/index', [], true)
 5 APPPATH\Controllers\ControllerPreProcessor.php(142): view('_admin/control/catalog/product/category/index', [...])
 6 APPPATH\Controllers\Admin\AdminController.php(77): App\Controllers\ControllerPreProcessor->view('control/catalog/product/category/index')
 7 APPPATH\Controllers\ControllerPreProcessor.php(207): App\Controllers\Admin\AdminController->App\Controllers\Admin\{closure}([...])
 8 APPPATH\Controllers\Admin\AdminController.php(84): App\Controllers\ControllerPreProcessor->authHandler(Object(Closure), Object(Closure), [...], [...])
 9 APPPATH\Controllers\Admin\Control\Catalog\Product\Category.php(57): App\Controllers\Admin\AdminController->viewPage('control/catalog/product/category/index', [...])
10 SYSTEMPATH\CodeIgniter.php(934): App\Controllers\Admin\Control\Catalog\Product\Category->index()
11 SYSTEMPATH\CodeIgniter.php(499): CodeIgniter\CodeIgniter->runController(Object(App\Controllers\Admin\Control\Catalog\Product\Category))
12 SYSTEMPATH\CodeIgniter.php(368): CodeIgniter\CodeIgniter->handleRequest(null, Object(Config\Cache), false)
13 FCPATH\index.php(70): CodeIgniter\CodeIgniter->run()
14 SYSTEMPATH\Commands\Server\rewrite.php(47): require_once('D:\\Projects\\KPS\\PHP\\MyUMKM\\Sub\\DapurFirdaus\\public\\index.php')
CRITICAL - 2023-07-25 22:51:22 --> Undefined array key 0
in APPPATH\Controllers\Admin\Control\Catalog\Product\Category.php on line 55.
 1 APPPATH\Controllers\Admin\Control\Catalog\Product\Category.php(55): CodeIgniter\Debug\Exceptions->errorHandler(2, 'Undefined array key 0', 'D:\\Projects\\KPS\\PHP\\MyUMKM\\Sub\\DapurFirdaus\\app\\Controllers\\Admin\\Control\\Catalog\\Product\\Category.php', 55)
 2 SYSTEMPATH\CodeIgniter.php(934): App\Controllers\Admin\Control\Catalog\Product\Category->index()
 3 SYSTEMPATH\CodeIgniter.php(499): CodeIgniter\CodeIgniter->runController(Object(App\Controllers\Admin\Control\Catalog\Product\Category))
 4 SYSTEMPATH\CodeIgniter.php(368): CodeIgniter\CodeIgniter->handleRequest(null, Object(Config\Cache), false)
 5 FCPATH\index.php(70): CodeIgniter\CodeIgniter->run()
 6 SYSTEMPATH\Commands\Server\rewrite.php(47): require_once('D:\\Projects\\KPS\\PHP\\MyUMKM\\Sub\\DapurFirdaus\\public\\index.php')
CRITICAL - 2023-07-25 22:51:30 --> Undefined array key "image_path"
in APPPATH\Views\_admin\control\catalog\product\category\body.php on line 49.
 1 APPPATH\Views\_admin\control\catalog\product\category\body.php(49): CodeIgniter\Debug\Exceptions->errorHandler(2, 'Undefined array key "image_path"', 'D:\\Projects\\KPS\\PHP\\MyUMKM\\Sub\\DapurFirdaus\\app\\Views\\_admin\\control\\catalog\\product\\category\\body.php', 49)
 2 APPPATH\Views\_admin\control\catalog\product\category\index.php(22): include('D:\\Projects\\KPS\\PHP\\MyUMKM\\Sub\\DapurFirdaus\\app\\Views\\_admin\\control\\catalog\\product\\category\\body.php')
 3 SYSTEMPATH\View\View.php(213): include('D:\\Projects\\KPS\\PHP\\MyUMKM\\Sub\\DapurFirdaus\\app\\Views\\_admin\\control\\catalog\\product\\category\\index.php')
 4 SYSTEMPATH\View\View.php(216): CodeIgniter\View\View->CodeIgniter\View\{closure}()
 5 SYSTEMPATH\Common.php(1184): CodeIgniter\View\View->render('_admin/control/catalog/product/category/index', [], true)
 6 APPPATH\Controllers\ControllerPreProcessor.php(142): view('_admin/control/catalog/product/category/index', [...])
 7 APPPATH\Controllers\Admin\AdminController.php(77): App\Controllers\ControllerPreProcessor->view('control/catalog/product/category/index')
 8 APPPATH\Controllers\ControllerPreProcessor.php(207): App\Controllers\Admin\AdminController->App\Controllers\Admin\{closure}([...])
 9 APPPATH\Controllers\Admin\AdminController.php(84): App\Controllers\ControllerPreProcessor->authHandler(Object(Closure), Object(Closure), [...], [...])
10 APPPATH\Controllers\Admin\Control\Catalog\Product\Category.php(57): App\Controllers\Admin\AdminController->viewPage('control/catalog/product/category/index', [...])
11 SYSTEMPATH\CodeIgniter.php(934): App\Controllers\Admin\Control\Catalog\Product\Category->index()
12 SYSTEMPATH\CodeIgniter.php(499): CodeIgniter\CodeIgniter->runController(Object(App\Controllers\Admin\Control\Catalog\Product\Category))
13 SYSTEMPATH\CodeIgniter.php(368): CodeIgniter\CodeIgniter->handleRequest(null, Object(Config\Cache), false)
14 FCPATH\index.php(70): CodeIgniter\CodeIgniter->run()
15 SYSTEMPATH\Commands\Server\rewrite.php(47): require_once('D:\\Projects\\KPS\\PHP\\MyUMKM\\Sub\\DapurFirdaus\\public\\index.php')
CRITICAL - 2023-07-25 22:51:39 --> Undefined array key "image_path"
in APPPATH\Controllers\Admin\Control\Catalog\Product\Category.php on line 55.
 1 APPPATH\Controllers\Admin\Control\Catalog\Product\Category.php(55): CodeIgniter\Debug\Exceptions->errorHandler(2, 'Undefined array key "image_path"', 'D:\\Projects\\KPS\\PHP\\MyUMKM\\Sub\\DapurFirdaus\\app\\Controllers\\Admin\\Control\\Catalog\\Product\\Category.php', 55)
 2 SYSTEMPATH\CodeIgniter.php(934): App\Controllers\Admin\Control\Catalog\Product\Category->index()
 3 SYSTEMPATH\CodeIgniter.php(499): CodeIgniter\CodeIgniter->runController(Object(App\Controllers\Admin\Control\Catalog\Product\Category))
 4 SYSTEMPATH\CodeIgniter.php(368): CodeIgniter\CodeIgniter->handleRequest(null, Object(Config\Cache), false)
 5 FCPATH\index.php(70): CodeIgniter\CodeIgniter->run()
 6 SYSTEMPATH\Commands\Server\rewrite.php(47): require_once('D:\\Projects\\KPS\\PHP\\MyUMKM\\Sub\\DapurFirdaus\\public\\index.php')
CRITICAL - 2023-07-25 22:51:44 --> Undefined array key "image_path"
in APPPATH\Views\_admin\control\catalog\product\category\body.php on line 49.
 1 APPPATH\Views\_admin\control\catalog\product\category\body.php(49): CodeIgniter\Debug\Exceptions->errorHandler(2, 'Undefined array key "image_path"', 'D:\\Projects\\KPS\\PHP\\MyUMKM\\Sub\\DapurFirdaus\\app\\Views\\_admin\\control\\catalog\\product\\category\\body.php', 49)
 2 APPPATH\Views\_admin\control\catalog\product\category\index.php(22): include('D:\\Projects\\KPS\\PHP\\MyUMKM\\Sub\\DapurFirdaus\\app\\Views\\_admin\\control\\catalog\\product\\category\\body.php')
 3 SYSTEMPATH\View\View.php(213): include('D:\\Projects\\KPS\\PHP\\MyUMKM\\Sub\\DapurFirdaus\\app\\Views\\_admin\\control\\catalog\\product\\category\\index.php')
 4 SYSTEMPATH\View\View.php(216): CodeIgniter\View\View->CodeIgniter\View\{closure}()
 5 SYSTEMPATH\Common.php(1184): CodeIgniter\View\View->render('_admin/control/catalog/product/category/index', [], true)
 6 APPPATH\Controllers\ControllerPreProcessor.php(142): view('_admin/control/catalog/product/category/index', [...])
 7 APPPATH\Controllers\Admin\AdminController.php(77): App\Controllers\ControllerPreProcessor->view('control/catalog/product/category/index')
 8 APPPATH\Controllers\ControllerPreProcessor.php(207): App\Controllers\Admin\AdminController->App\Controllers\Admin\{closure}([...])
 9 APPPATH\Controllers\Admin\AdminController.php(84): App\Controllers\ControllerPreProcessor->authHandler(Object(Closure), Object(Closure), [...], [...])
10 APPPATH\Controllers\Admin\Control\Catalog\Product\Category.php(57): App\Controllers\Admin\AdminController->viewPage('control/catalog/product/category/index', [...])
11 SYSTEMPATH\CodeIgniter.php(934): App\Controllers\Admin\Control\Catalog\Product\Category->index()
12 SYSTEMPATH\CodeIgniter.php(499): CodeIgniter\CodeIgniter->runController(Object(App\Controllers\Admin\Control\Catalog\Product\Category))
13 SYSTEMPATH\CodeIgniter.php(368): CodeIgniter\CodeIgniter->handleRequest(null, Object(Config\Cache), false)
14 FCPATH\index.php(70): CodeIgniter\CodeIgniter->run()
15 SYSTEMPATH\Commands\Server\rewrite.php(47): require_once('D:\\Projects\\KPS\\PHP\\MyUMKM\\Sub\\DapurFirdaus\\public\\index.php')
CRITICAL - 2023-07-25 22:51:52 --> Undefined array key "image_path"
in APPPATH\Views\_admin\control\catalog\product\category\body.php on line 49.
 1 APPPATH\Views\_admin\control\catalog\product\category\body.php(49): CodeIgniter\Debug\Exceptions->errorHandler(2, 'Undefined array key "image_path"', 'D:\\Projects\\KPS\\PHP\\MyUMKM\\Sub\\DapurFirdaus\\app\\Views\\_admin\\control\\catalog\\product\\category\\body.php', 49)
 2 APPPATH\Views\_admin\control\catalog\product\category\index.php(22): include('D:\\Projects\\KPS\\PHP\\MyUMKM\\Sub\\DapurFirdaus\\app\\Views\\_admin\\control\\catalog\\product\\category\\body.php')
 3 SYSTEMPATH\View\View.php(213): include('D:\\Projects\\KPS\\PHP\\MyUMKM\\Sub\\DapurFirdaus\\app\\Views\\_admin\\control\\catalog\\product\\category\\index.php')
 4 SYSTEMPATH\View\View.php(216): CodeIgniter\View\View->CodeIgniter\View\{closure}()
 5 SYSTEMPATH\Common.php(1184): CodeIgniter\View\View->render('_admin/control/catalog/product/category/index', [], true)
 6 APPPATH\Controllers\ControllerPreProcessor.php(142): view('_admin/control/catalog/product/category/index', [...])
 7 APPPATH\Controllers\Admin\AdminController.php(77): App\Controllers\ControllerPreProcessor->view('control/catalog/product/category/index')
 8 APPPATH\Controllers\ControllerPreProcessor.php(207): App\Controllers\Admin\AdminController->App\Controllers\Admin\{closure}([...])
 9 APPPATH\Controllers\Admin\AdminController.php(84): App\Controllers\ControllerPreProcessor->authHandler(Object(Closure), Object(Closure), [...], [...])
10 APPPATH\Controllers\Admin\Control\Catalog\Product\Category.php(57): App\Controllers\Admin\AdminController->viewPage('control/catalog/product/category/index', [...])
11 SYSTEMPATH\CodeIgniter.php(934): App\Controllers\Admin\Control\Catalog\Product\Category->index()
12 SYSTEMPATH\CodeIgniter.php(499): CodeIgniter\CodeIgniter->runController(Object(App\Controllers\Admin\Control\Catalog\Product\Category))
13 SYSTEMPATH\CodeIgniter.php(368): CodeIgniter\CodeIgniter->handleRequest(null, Object(Config\Cache), false)
14 FCPATH\index.php(70): CodeIgniter\CodeIgniter->run()
15 SYSTEMPATH\Commands\Server\rewrite.php(47): require_once('D:\\Projects\\KPS\\PHP\\MyUMKM\\Sub\\DapurFirdaus\\public\\index.php')
CRITICAL - 2023-07-25 22:53:38 --> Undefined array key "image_path"
in APPPATH\Views\_admin\control\catalog\product\category\body.php on line 49.
 1 APPPATH\Views\_admin\control\catalog\product\category\body.php(49): CodeIgniter\Debug\Exceptions->errorHandler(2, 'Undefined array key "image_path"', 'D:\\Projects\\KPS\\PHP\\MyUMKM\\Sub\\DapurFirdaus\\app\\Views\\_admin\\control\\catalog\\product\\category\\body.php', 49)
 2 APPPATH\Views\_admin\control\catalog\product\category\index.php(22): include('D:\\Projects\\KPS\\PHP\\MyUMKM\\Sub\\DapurFirdaus\\app\\Views\\_admin\\control\\catalog\\product\\category\\body.php')
 3 SYSTEMPATH\View\View.php(213): include('D:\\Projects\\KPS\\PHP\\MyUMKM\\Sub\\DapurFirdaus\\app\\Views\\_admin\\control\\catalog\\product\\category\\index.php')
 4 SYSTEMPATH\View\View.php(216): CodeIgniter\View\View->CodeIgniter\View\{closure}()
 5 SYSTEMPATH\Common.php(1184): CodeIgniter\View\View->render('_admin/control/catalog/product/category/index', [], true)
 6 APPPATH\Controllers\ControllerPreProcessor.php(142): view('_admin/control/catalog/product/category/index', [...])
 7 APPPATH\Controllers\Admin\AdminController.php(77): App\Controllers\ControllerPreProcessor->view('control/catalog/product/category/index')
 8 APPPATH\Controllers\ControllerPreProcessor.php(207): App\Controllers\Admin\AdminController->App\Controllers\Admin\{closure}([...])
 9 APPPATH\Controllers\Admin\AdminController.php(84): App\Controllers\ControllerPreProcessor->authHandler(Object(Closure), Object(Closure), [...], [...])
10 APPPATH\Controllers\Admin\Control\Catalog\Product\Category.php(57): App\Controllers\Admin\AdminController->viewPage('control/catalog/product/category/index', [...])
11 SYSTEMPATH\CodeIgniter.php(934): App\Controllers\Admin\Control\Catalog\Product\Category->index()
12 SYSTEMPATH\CodeIgniter.php(499): CodeIgniter\CodeIgniter->runController(Object(App\Controllers\Admin\Control\Catalog\Product\Category))
13 SYSTEMPATH\CodeIgniter.php(368): CodeIgniter\CodeIgniter->handleRequest(null, Object(Config\Cache), false)
14 FCPATH\index.php(70): CodeIgniter\CodeIgniter->run()
15 SYSTEMPATH\Commands\Server\rewrite.php(47): require_once('D:\\Projects\\KPS\\PHP\\MyUMKM\\Sub\\DapurFirdaus\\public\\index.php')
CRITICAL - 2023-07-25 22:55:00 --> Undefined array key 2
in APPPATH\Controllers\Admin\Control\Catalog\Product\Category.php on line 55.
 1 APPPATH\Controllers\Admin\Control\Catalog\Product\Category.php(55): CodeIgniter\Debug\Exceptions->errorHandler(2, 'Undefined array key 2', 'D:\\Projects\\KPS\\PHP\\MyUMKM\\Sub\\DapurFirdaus\\app\\Controllers\\Admin\\Control\\Catalog\\Product\\Category.php', 55)
 2 SYSTEMPATH\CodeIgniter.php(934): App\Controllers\Admin\Control\Catalog\Product\Category->index()
 3 SYSTEMPATH\CodeIgniter.php(499): CodeIgniter\CodeIgniter->runController(Object(App\Controllers\Admin\Control\Catalog\Product\Category))
 4 SYSTEMPATH\CodeIgniter.php(368): CodeIgniter\CodeIgniter->handleRequest(null, Object(Config\Cache), false)
 5 FCPATH\index.php(70): CodeIgniter\CodeIgniter->run()
 6 SYSTEMPATH\Commands\Server\rewrite.php(47): require_once('D:\\Projects\\KPS\\PHP\\MyUMKM\\Sub\\DapurFirdaus\\public\\index.php')
CRITICAL - 2023-07-25 22:55:04 --> Undefined array key 3
in APPPATH\Controllers\Admin\Control\Catalog\Product\Category.php on line 55.
 1 APPPATH\Controllers\Admin\Control\Catalog\Product\Category.php(55): CodeIgniter\Debug\Exceptions->errorHandler(2, 'Undefined array key 3', 'D:\\Projects\\KPS\\PHP\\MyUMKM\\Sub\\DapurFirdaus\\app\\Controllers\\Admin\\Control\\Catalog\\Product\\Category.php', 55)
 2 SYSTEMPATH\CodeIgniter.php(934): App\Controllers\Admin\Control\Catalog\Product\Category->index()
 3 SYSTEMPATH\CodeIgniter.php(499): CodeIgniter\CodeIgniter->runController(Object(App\Controllers\Admin\Control\Catalog\Product\Category))
 4 SYSTEMPATH\CodeIgniter.php(368): CodeIgniter\CodeIgniter->handleRequest(null, Object(Config\Cache), false)
 5 FCPATH\index.php(70): CodeIgniter\CodeIgniter->run()
 6 SYSTEMPATH\Commands\Server\rewrite.php(47): require_once('D:\\Projects\\KPS\\PHP\\MyUMKM\\Sub\\DapurFirdaus\\public\\index.php')
CRITICAL - 2023-07-25 22:55:08 --> Undefined array key 1
in APPPATH\Controllers\Admin\Control\Catalog\Product\Category.php on line 55.
 1 APPPATH\Controllers\Admin\Control\Catalog\Product\Category.php(55): CodeIgniter\Debug\Exceptions->errorHandler(2, 'Undefined array key 1', 'D:\\Projects\\KPS\\PHP\\MyUMKM\\Sub\\DapurFirdaus\\app\\Controllers\\Admin\\Control\\Catalog\\Product\\Category.php', 55)
 2 SYSTEMPATH\CodeIgniter.php(934): App\Controllers\Admin\Control\Catalog\Product\Category->index()
 3 SYSTEMPATH\CodeIgniter.php(499): CodeIgniter\CodeIgniter->runController(Object(App\Controllers\Admin\Control\Catalog\Product\Category))
 4 SYSTEMPATH\CodeIgniter.php(368): CodeIgniter\CodeIgniter->handleRequest(null, Object(Config\Cache), false)
 5 FCPATH\index.php(70): CodeIgniter\CodeIgniter->run()
 6 SYSTEMPATH\Commands\Server\rewrite.php(47): require_once('D:\\Projects\\KPS\\PHP\\MyUMKM\\Sub\\DapurFirdaus\\public\\index.php')
CRITICAL - 2023-07-25 22:55:10 --> Undefined array key "image_path"
in APPPATH\Views\_admin\control\catalog\product\category\body.php on line 49.
 1 APPPATH\Views\_admin\control\catalog\product\category\body.php(49): CodeIgniter\Debug\Exceptions->errorHandler(2, 'Undefined array key "image_path"', 'D:\\Projects\\KPS\\PHP\\MyUMKM\\Sub\\DapurFirdaus\\app\\Views\\_admin\\control\\catalog\\product\\category\\body.php', 49)
 2 APPPATH\Views\_admin\control\catalog\product\category\index.php(22): include('D:\\Projects\\KPS\\PHP\\MyUMKM\\Sub\\DapurFirdaus\\app\\Views\\_admin\\control\\catalog\\product\\category\\body.php')
 3 SYSTEMPATH\View\View.php(213): include('D:\\Projects\\KPS\\PHP\\MyUMKM\\Sub\\DapurFirdaus\\app\\Views\\_admin\\control\\catalog\\product\\category\\index.php')
 4 SYSTEMPATH\View\View.php(216): CodeIgniter\View\View->CodeIgniter\View\{closure}()
 5 SYSTEMPATH\Common.php(1184): CodeIgniter\View\View->render('_admin/control/catalog/product/category/index', [], true)
 6 APPPATH\Controllers\ControllerPreProcessor.php(142): view('_admin/control/catalog/product/category/index', [...])
 7 APPPATH\Controllers\Admin\AdminController.php(77): App\Controllers\ControllerPreProcessor->view('control/catalog/product/category/index')
 8 APPPATH\Controllers\ControllerPreProcessor.php(207): App\Controllers\Admin\AdminController->App\Controllers\Admin\{closure}([...])
 9 APPPATH\Controllers\Admin\AdminController.php(84): App\Controllers\ControllerPreProcessor->authHandler(Object(Closure), Object(Closure), [...], [...])
10 APPPATH\Controllers\Admin\Control\Catalog\Product\Category.php(57): App\Controllers\Admin\AdminController->viewPage('control/catalog/product/category/index', [...])
11 SYSTEMPATH\CodeIgniter.php(934): App\Controllers\Admin\Control\Catalog\Product\Category->index()
12 SYSTEMPATH\CodeIgniter.php(499): CodeIgniter\CodeIgniter->runController(Object(App\Controllers\Admin\Control\Catalog\Product\Category))
13 SYSTEMPATH\CodeIgniter.php(368): CodeIgniter\CodeIgniter->handleRequest(null, Object(Config\Cache), false)
14 FCPATH\index.php(70): CodeIgniter\CodeIgniter->run()
15 SYSTEMPATH\Commands\Server\rewrite.php(47): require_once('D:\\Projects\\KPS\\PHP\\MyUMKM\\Sub\\DapurFirdaus\\public\\index.php')
CRITICAL - 2023-07-25 22:55:19 --> Undefined array key "catalog_type"
in APPPATH\Controllers\Admin\Control\Catalog\Product\Category.php on line 55.
 1 APPPATH\Controllers\Admin\Control\Catalog\Product\Category.php(55): CodeIgniter\Debug\Exceptions->errorHandler(2, 'Undefined array key "catalog_type"', 'D:\\Projects\\KPS\\PHP\\MyUMKM\\Sub\\DapurFirdaus\\app\\Controllers\\Admin\\Control\\Catalog\\Product\\Category.php', 55)
 2 SYSTEMPATH\CodeIgniter.php(934): App\Controllers\Admin\Control\Catalog\Product\Category->index()
 3 SYSTEMPATH\CodeIgniter.php(499): CodeIgniter\CodeIgniter->runController(Object(App\Controllers\Admin\Control\Catalog\Product\Category))
 4 SYSTEMPATH\CodeIgniter.php(368): CodeIgniter\CodeIgniter->handleRequest(null, Object(Config\Cache), false)
 5 FCPATH\index.php(70): CodeIgniter\CodeIgniter->run()
 6 SYSTEMPATH\Commands\Server\rewrite.php(47): require_once('D:\\Projects\\KPS\\PHP\\MyUMKM\\Sub\\DapurFirdaus\\public\\index.php')
CRITICAL - 2023-07-25 22:55:25 --> Undefined array key "image_path"
in APPPATH\Views\_admin\control\catalog\product\category\body.php on line 49.
 1 APPPATH\Views\_admin\control\catalog\product\category\body.php(49): CodeIgniter\Debug\Exceptions->errorHandler(2, 'Undefined array key "image_path"', 'D:\\Projects\\KPS\\PHP\\MyUMKM\\Sub\\DapurFirdaus\\app\\Views\\_admin\\control\\catalog\\product\\category\\body.php', 49)
 2 APPPATH\Views\_admin\control\catalog\product\category\index.php(22): include('D:\\Projects\\KPS\\PHP\\MyUMKM\\Sub\\DapurFirdaus\\app\\Views\\_admin\\control\\catalog\\product\\category\\body.php')
 3 SYSTEMPATH\View\View.php(213): include('D:\\Projects\\KPS\\PHP\\MyUMKM\\Sub\\DapurFirdaus\\app\\Views\\_admin\\control\\catalog\\product\\category\\index.php')
 4 SYSTEMPATH\View\View.php(216): CodeIgniter\View\View->CodeIgniter\View\{closure}()
 5 SYSTEMPATH\Common.php(1184): CodeIgniter\View\View->render('_admin/control/catalog/product/category/index', [], true)
 6 APPPATH\Controllers\ControllerPreProcessor.php(142): view('_admin/control/catalog/product/category/index', [...])
 7 APPPATH\Controllers\Admin\AdminController.php(77): App\Controllers\ControllerPreProcessor->view('control/catalog/product/category/index')
 8 APPPATH\Controllers\ControllerPreProcessor.php(207): App\Controllers\Admin\AdminController->App\Controllers\Admin\{closure}([...])
 9 APPPATH\Controllers\Admin\AdminController.php(84): App\Controllers\ControllerPreProcessor->authHandler(Object(Closure), Object(Closure), [...], [...])
10 APPPATH\Controllers\Admin\Control\Catalog\Product\Category.php(57): App\Controllers\Admin\AdminController->viewPage('control/catalog/product/category/index', [...])
11 SYSTEMPATH\CodeIgniter.php(934): App\Controllers\Admin\Control\Catalog\Product\Category->index()
12 SYSTEMPATH\CodeIgniter.php(499): CodeIgniter\CodeIgniter->runController(Object(App\Controllers\Admin\Control\Catalog\Product\Category))
13 SYSTEMPATH\CodeIgniter.php(368): CodeIgniter\CodeIgniter->handleRequest(null, Object(Config\Cache), false)
14 FCPATH\index.php(70): CodeIgniter\CodeIgniter->run()
15 SYSTEMPATH\Commands\Server\rewrite.php(47): require_once('D:\\Projects\\KPS\\PHP\\MyUMKM\\Sub\\DapurFirdaus\\public\\index.php')
CRITICAL - 2023-07-25 22:56:05 --> Undefined array key "image_path"
in APPPATH\Views\_admin\control\catalog\product\category\body.php on line 49.
 1 APPPATH\Views\_admin\control\catalog\product\category\body.php(49): CodeIgniter\Debug\Exceptions->errorHandler(2, 'Undefined array key "image_path"', 'D:\\Projects\\KPS\\PHP\\MyUMKM\\Sub\\DapurFirdaus\\app\\Views\\_admin\\control\\catalog\\product\\category\\body.php', 49)
 2 APPPATH\Views\_admin\control\catalog\product\category\index.php(22): include('D:\\Projects\\KPS\\PHP\\MyUMKM\\Sub\\DapurFirdaus\\app\\Views\\_admin\\control\\catalog\\product\\category\\body.php')
 3 SYSTEMPATH\View\View.php(213): include('D:\\Projects\\KPS\\PHP\\MyUMKM\\Sub\\DapurFirdaus\\app\\Views\\_admin\\control\\catalog\\product\\category\\index.php')
 4 SYSTEMPATH\View\View.php(216): CodeIgniter\View\View->CodeIgniter\View\{closure}()
 5 SYSTEMPATH\Common.php(1184): CodeIgniter\View\View->render('_admin/control/catalog/product/category/index', [], true)
 6 APPPATH\Controllers\ControllerPreProcessor.php(142): view('_admin/control/catalog/product/category/index', [...])
 7 APPPATH\Controllers\Admin\AdminController.php(77): App\Controllers\ControllerPreProcessor->view('control/catalog/product/category/index')
 8 APPPATH\Controllers\ControllerPreProcessor.php(207): App\Controllers\Admin\AdminController->App\Controllers\Admin\{closure}([...])
 9 APPPATH\Controllers\Admin\AdminController.php(84): App\Controllers\ControllerPreProcessor->authHandler(Object(Closure), Object(Closure), [...], [...])
10 APPPATH\Controllers\Admin\Control\Catalog\Product\Category.php(57): App\Controllers\Admin\AdminController->viewPage('control/catalog/product/category/index', [...])
11 SYSTEMPATH\CodeIgniter.php(934): App\Controllers\Admin\Control\Catalog\Product\Category->index()
12 SYSTEMPATH\CodeIgniter.php(499): CodeIgniter\CodeIgniter->runController(Object(App\Controllers\Admin\Control\Catalog\Product\Category))
13 SYSTEMPATH\CodeIgniter.php(368): CodeIgniter\CodeIgniter->handleRequest(null, Object(Config\Cache), false)
14 FCPATH\index.php(70): CodeIgniter\CodeIgniter->run()
15 SYSTEMPATH\Commands\Server\rewrite.php(47): require_once('D:\\Projects\\KPS\\PHP\\MyUMKM\\Sub\\DapurFirdaus\\public\\index.php')
CRITICAL - 2023-07-25 22:56:10 --> Undefined array key 1
in APPPATH\Controllers\Admin\Control\Catalog\Product\Category.php on line 55.
 1 APPPATH\Controllers\Admin\Control\Catalog\Product\Category.php(55): CodeIgniter\Debug\Exceptions->errorHandler(2, 'Undefined array key 1', 'D:\\Projects\\KPS\\PHP\\MyUMKM\\Sub\\DapurFirdaus\\app\\Controllers\\Admin\\Control\\Catalog\\Product\\Category.php', 55)
 2 SYSTEMPATH\CodeIgniter.php(934): App\Controllers\Admin\Control\Catalog\Product\Category->index()
 3 SYSTEMPATH\CodeIgniter.php(499): CodeIgniter\CodeIgniter->runController(Object(App\Controllers\Admin\Control\Catalog\Product\Category))
 4 SYSTEMPATH\CodeIgniter.php(368): CodeIgniter\CodeIgniter->handleRequest(null, Object(Config\Cache), false)
 5 FCPATH\index.php(70): CodeIgniter\CodeIgniter->run()
 6 SYSTEMPATH\Commands\Server\rewrite.php(47): require_once('D:\\Projects\\KPS\\PHP\\MyUMKM\\Sub\\DapurFirdaus\\public\\index.php')
CRITICAL - 2023-07-25 22:56:15 --> Undefined array key "image_path"
in APPPATH\Views\_admin\control\catalog\product\category\body.php on line 49.
 1 APPPATH\Views\_admin\control\catalog\product\category\body.php(49): CodeIgniter\Debug\Exceptions->errorHandler(2, 'Undefined array key "image_path"', 'D:\\Projects\\KPS\\PHP\\MyUMKM\\Sub\\DapurFirdaus\\app\\Views\\_admin\\control\\catalog\\product\\category\\body.php', 49)
 2 APPPATH\Views\_admin\control\catalog\product\category\index.php(22): include('D:\\Projects\\KPS\\PHP\\MyUMKM\\Sub\\DapurFirdaus\\app\\Views\\_admin\\control\\catalog\\product\\category\\body.php')
 3 SYSTEMPATH\View\View.php(213): include('D:\\Projects\\KPS\\PHP\\MyUMKM\\Sub\\DapurFirdaus\\app\\Views\\_admin\\control\\catalog\\product\\category\\index.php')
 4 SYSTEMPATH\View\View.php(216): CodeIgniter\View\View->CodeIgniter\View\{closure}()
 5 SYSTEMPATH\Common.php(1184): CodeIgniter\View\View->render('_admin/control/catalog/product/category/index', [], true)
 6 APPPATH\Controllers\ControllerPreProcessor.php(142): view('_admin/control/catalog/product/category/index', [...])
 7 APPPATH\Controllers\Admin\AdminController.php(77): App\Controllers\ControllerPreProcessor->view('control/catalog/product/category/index')
 8 APPPATH\Controllers\ControllerPreProcessor.php(207): App\Controllers\Admin\AdminController->App\Controllers\Admin\{closure}([...])
 9 APPPATH\Controllers\Admin\AdminController.php(84): App\Controllers\ControllerPreProcessor->authHandler(Object(Closure), Object(Closure), [...], [...])
10 APPPATH\Controllers\Admin\Control\Catalog\Product\Category.php(57): App\Controllers\Admin\AdminController->viewPage('control/catalog/product/category/index', [...])
11 SYSTEMPATH\CodeIgniter.php(934): App\Controllers\Admin\Control\Catalog\Product\Category->index()
12 SYSTEMPATH\CodeIgniter.php(499): CodeIgniter\CodeIgniter->runController(Object(App\Controllers\Admin\Control\Catalog\Product\Category))
13 SYSTEMPATH\CodeIgniter.php(368): CodeIgniter\CodeIgniter->handleRequest(null, Object(Config\Cache), false)
14 FCPATH\index.php(70): CodeIgniter\CodeIgniter->run()
15 SYSTEMPATH\Commands\Server\rewrite.php(47): require_once('D:\\Projects\\KPS\\PHP\\MyUMKM\\Sub\\DapurFirdaus\\public\\index.php')
CRITICAL - 2023-07-25 22:56:47 --> Undefined array key "image_path"
in APPPATH\Views\_admin\control\catalog\product\category\body.php on line 49.
 1 APPPATH\Views\_admin\control\catalog\product\category\body.php(49): CodeIgniter\Debug\Exceptions->errorHandler(2, 'Undefined array key "image_path"', 'D:\\Projects\\KPS\\PHP\\MyUMKM\\Sub\\DapurFirdaus\\app\\Views\\_admin\\control\\catalog\\product\\category\\body.php', 49)
 2 APPPATH\Views\_admin\control\catalog\product\category\index.php(22): include('D:\\Projects\\KPS\\PHP\\MyUMKM\\Sub\\DapurFirdaus\\app\\Views\\_admin\\control\\catalog\\product\\category\\body.php')
 3 SYSTEMPATH\View\View.php(213): include('D:\\Projects\\KPS\\PHP\\MyUMKM\\Sub\\DapurFirdaus\\app\\Views\\_admin\\control\\catalog\\product\\category\\index.php')
 4 SYSTEMPATH\View\View.php(216): CodeIgniter\View\View->CodeIgniter\View\{closure}()
 5 SYSTEMPATH\Common.php(1184): CodeIgniter\View\View->render('_admin/control/catalog/product/category/index', [], true)
 6 APPPATH\Controllers\ControllerPreProcessor.php(142): view('_admin/control/catalog/product/category/index', [...])
 7 APPPATH\Controllers\Admin\AdminController.php(77): App\Controllers\ControllerPreProcessor->view('control/catalog/product/category/index')
 8 APPPATH\Controllers\ControllerPreProcessor.php(207): App\Controllers\Admin\AdminController->App\Controllers\Admin\{closure}([...])
 9 APPPATH\Controllers\Admin\AdminController.php(84): App\Controllers\ControllerPreProcessor->authHandler(Object(Closure), Object(Closure), [...], [...])
10 APPPATH\Controllers\Admin\Control\Catalog\Product\Category.php(57): App\Controllers\Admin\AdminController->viewPage('control/catalog/product/category/index', [...])
11 SYSTEMPATH\CodeIgniter.php(934): App\Controllers\Admin\Control\Catalog\Product\Category->index()
12 SYSTEMPATH\CodeIgniter.php(499): CodeIgniter\CodeIgniter->runController(Object(App\Controllers\Admin\Control\Catalog\Product\Category))
13 SYSTEMPATH\CodeIgniter.php(368): CodeIgniter\CodeIgniter->handleRequest(null, Object(Config\Cache), false)
14 FCPATH\index.php(70): CodeIgniter\CodeIgniter->run()
15 SYSTEMPATH\Commands\Server\rewrite.php(47): require_once('D:\\Projects\\KPS\\PHP\\MyUMKM\\Sub\\DapurFirdaus\\public\\index.php')
CRITICAL - 2023-07-25 22:57:34 --> Undefined array key "image_path"
in APPPATH\Views\_admin\control\catalog\product\category\body.php on line 49.
 1 APPPATH\Views\_admin\control\catalog\product\category\body.php(49): CodeIgniter\Debug\Exceptions->errorHandler(2, 'Undefined array key "image_path"', 'D:\\Projects\\KPS\\PHP\\MyUMKM\\Sub\\DapurFirdaus\\app\\Views\\_admin\\control\\catalog\\product\\category\\body.php', 49)
 2 APPPATH\Views\_admin\control\catalog\product\category\index.php(22): include('D:\\Projects\\KPS\\PHP\\MyUMKM\\Sub\\DapurFirdaus\\app\\Views\\_admin\\control\\catalog\\product\\category\\body.php')
 3 SYSTEMPATH\View\View.php(213): include('D:\\Projects\\KPS\\PHP\\MyUMKM\\Sub\\DapurFirdaus\\app\\Views\\_admin\\control\\catalog\\product\\category\\index.php')
 4 SYSTEMPATH\View\View.php(216): CodeIgniter\View\View->CodeIgniter\View\{closure}()
 5 SYSTEMPATH\Common.php(1184): CodeIgniter\View\View->render('_admin/control/catalog/product/category/index', [], true)
 6 APPPATH\Controllers\ControllerPreProcessor.php(142): view('_admin/control/catalog/product/category/index', [...])
 7 APPPATH\Controllers\Admin\AdminController.php(77): App\Controllers\ControllerPreProcessor->view('control/catalog/product/category/index')
 8 APPPATH\Controllers\ControllerPreProcessor.php(207): App\Controllers\Admin\AdminController->App\Controllers\Admin\{closure}([...])
 9 APPPATH\Controllers\Admin\AdminController.php(84): App\Controllers\ControllerPreProcessor->authHandler(Object(Closure), Object(Closure), [...], [...])
10 APPPATH\Controllers\Admin\Control\Catalog\Product\Category.php(57): App\Controllers\Admin\AdminController->viewPage('control/catalog/product/category/index', [...])
11 SYSTEMPATH\CodeIgniter.php(934): App\Controllers\Admin\Control\Catalog\Product\Category->index()
12 SYSTEMPATH\CodeIgniter.php(499): CodeIgniter\CodeIgniter->runController(Object(App\Controllers\Admin\Control\Catalog\Product\Category))
13 SYSTEMPATH\CodeIgniter.php(368): CodeIgniter\CodeIgniter->handleRequest(null, Object(Config\Cache), false)
14 FCPATH\index.php(70): CodeIgniter\CodeIgniter->run()
15 SYSTEMPATH\Commands\Server\rewrite.php(47): require_once('D:\\Projects\\KPS\\PHP\\MyUMKM\\Sub\\DapurFirdaus\\public\\index.php')
CRITICAL - 2023-07-25 22:59:42 --> Undefined array key "image_path"
in APPPATH\Views\_admin\control\catalog\product\category\body.php on line 49.
 1 APPPATH\Views\_admin\control\catalog\product\category\body.php(49): CodeIgniter\Debug\Exceptions->errorHandler(2, 'Undefined array key "image_path"', 'D:\\Projects\\KPS\\PHP\\MyUMKM\\Sub\\DapurFirdaus\\app\\Views\\_admin\\control\\catalog\\product\\category\\body.php', 49)
 2 APPPATH\Views\_admin\control\catalog\product\category\index.php(22): include('D:\\Projects\\KPS\\PHP\\MyUMKM\\Sub\\DapurFirdaus\\app\\Views\\_admin\\control\\catalog\\product\\category\\body.php')
 3 SYSTEMPATH\View\View.php(213): include('D:\\Projects\\KPS\\PHP\\MyUMKM\\Sub\\DapurFirdaus\\app\\Views\\_admin\\control\\catalog\\product\\category\\index.php')
 4 SYSTEMPATH\View\View.php(216): CodeIgniter\View\View->CodeIgniter\View\{closure}()
 5 SYSTEMPATH\Common.php(1184): CodeIgniter\View\View->render('_admin/control/catalog/product/category/index', [], true)
 6 APPPATH\Controllers\ControllerPreProcessor.php(142): view('_admin/control/catalog/product/category/index', [...])
 7 APPPATH\Controllers\Admin\AdminController.php(77): App\Controllers\ControllerPreProcessor->view('control/catalog/product/category/index')
 8 APPPATH\Controllers\ControllerPreProcessor.php(207): App\Controllers\Admin\AdminController->App\Controllers\Admin\{closure}([...])
 9 APPPATH\Controllers\Admin\AdminController.php(84): App\Controllers\ControllerPreProcessor->authHandler(Object(Closure), Object(Closure), [...], [...])
10 APPPATH\Controllers\Admin\Control\Catalog\Product\Category.php(57): App\Controllers\Admin\AdminController->viewPage('control/catalog/product/category/index', [...])
11 SYSTEMPATH\CodeIgniter.php(934): App\Controllers\Admin\Control\Catalog\Product\Category->index()
12 SYSTEMPATH\CodeIgniter.php(499): CodeIgniter\CodeIgniter->runController(Object(App\Controllers\Admin\Control\Catalog\Product\Category))
13 SYSTEMPATH\CodeIgniter.php(368): CodeIgniter\CodeIgniter->handleRequest(null, Object(Config\Cache), false)
14 FCPATH\index.php(70): CodeIgniter\CodeIgniter->run()
15 SYSTEMPATH\Commands\Server\rewrite.php(47): require_once('D:\\Projects\\KPS\\PHP\\MyUMKM\\Sub\\DapurFirdaus\\public\\index.php')
CRITICAL - 2023-07-25 22:59:55 --> Undefined array key "image_path"
in APPPATH\Views\_admin\control\catalog\product\category\body.php on line 49.
 1 APPPATH\Views\_admin\control\catalog\product\category\body.php(49): CodeIgniter\Debug\Exceptions->errorHandler(2, 'Undefined array key "image_path"', 'D:\\Projects\\KPS\\PHP\\MyUMKM\\Sub\\DapurFirdaus\\app\\Views\\_admin\\control\\catalog\\product\\category\\body.php', 49)
 2 APPPATH\Views\_admin\control\catalog\product\category\index.php(22): include('D:\\Projects\\KPS\\PHP\\MyUMKM\\Sub\\DapurFirdaus\\app\\Views\\_admin\\control\\catalog\\product\\category\\body.php')
 3 SYSTEMPATH\View\View.php(213): include('D:\\Projects\\KPS\\PHP\\MyUMKM\\Sub\\DapurFirdaus\\app\\Views\\_admin\\control\\catalog\\product\\category\\index.php')
 4 SYSTEMPATH\View\View.php(216): CodeIgniter\View\View->CodeIgniter\View\{closure}()
 5 SYSTEMPATH\Common.php(1184): CodeIgniter\View\View->render('_admin/control/catalog/product/category/index', [], true)
 6 APPPATH\Controllers\ControllerPreProcessor.php(142): view('_admin/control/catalog/product/category/index', [...])
 7 APPPATH\Controllers\Admin\AdminController.php(77): App\Controllers\ControllerPreProcessor->view('control/catalog/product/category/index')
 8 APPPATH\Controllers\ControllerPreProcessor.php(207): App\Controllers\Admin\AdminController->App\Controllers\Admin\{closure}([...])
 9 APPPATH\Controllers\Admin\AdminController.php(84): App\Controllers\ControllerPreProcessor->authHandler(Object(Closure), Object(Closure), [...], [...])
10 APPPATH\Controllers\Admin\Control\Catalog\Product\Category.php(55): App\Controllers\Admin\AdminController->viewPage('control/catalog/product/category/index', [...])
11 SYSTEMPATH\CodeIgniter.php(934): App\Controllers\Admin\Control\Catalog\Product\Category->index()
12 SYSTEMPATH\CodeIgniter.php(499): CodeIgniter\CodeIgniter->runController(Object(App\Controllers\Admin\Control\Catalog\Product\Category))
13 SYSTEMPATH\CodeIgniter.php(368): CodeIgniter\CodeIgniter->handleRequest(null, Object(Config\Cache), false)
14 FCPATH\index.php(70): CodeIgniter\CodeIgniter->run()
15 SYSTEMPATH\Commands\Server\rewrite.php(47): require_once('D:\\Projects\\KPS\\PHP\\MyUMKM\\Sub\\DapurFirdaus\\public\\index.php')
WARNING - 2023-07-25 23:00:20 --> [DEPRECATED] Optional parameter $condition declared before required parameter $identifier is implicitly treated as a required parameter in APPPATH\Controllers\Commercial\Catalog\Product\Category.php on line 91.
 1 SYSTEMPATH\Autoloader\Autoloader.php(312): include_once('D:\\Projects\\KPS\\PHP\\CI4_Cores\\vendor\\codeigniter4\\framework\\system\\Debug\\Exceptions.php')
 2 SYSTEMPATH\Autoloader\Autoloader.php(289): CodeIgniter\Autoloader\Autoloader->includeFile('D:\\Projects\\KPS\\PHP\\MyUMKM\\Sub\\DapurFirdaus\\app\\Controllers\\Commercial\\Catalog\\Product\\Category.php')
 3 SYSTEMPATH\Autoloader\Autoloader.php(267): CodeIgniter\Autoloader\Autoloader->loadInNamespace('App\\Controllers\\Commercial\\Catalog\\Product\\Category')
 4 [internal function]: CodeIgniter\Autoloader\Autoloader->loadClass('App\\Controllers\\Commercial\\Catalog\\Product\\Category')
 5 SYSTEMPATH\CodeIgniter.php(892): class_exists('\\App\\Controllers\\Commercial\\Catalog\\Product\\Category', true)
 6 SYSTEMPATH\CodeIgniter.php(486): CodeIgniter\CodeIgniter->startController()
 7 SYSTEMPATH\CodeIgniter.php(368): CodeIgniter\CodeIgniter->handleRequest(null, Object(Config\Cache), false)
 8 FCPATH\index.php(70): CodeIgniter\CodeIgniter->run()
 9 SYSTEMPATH\Commands\Server\rewrite.php(47): require_once('D:\\Projects\\KPS\\PHP\\MyUMKM\\Sub\\DapurFirdaus\\public\\index.php')
WARNING - 2023-07-25 23:00:20 --> [DEPRECATED] Optional parameter $condition declared before required parameter $identifier is implicitly treated as a required parameter in APPPATH\Controllers\Commercial\Catalog\Product\Category.php on line 115.
 1 SYSTEMPATH\Autoloader\Autoloader.php(312): include_once('D:\\Projects\\KPS\\PHP\\CI4_Cores\\vendor\\codeigniter4\\framework\\system\\Debug\\Exceptions.php')
 2 SYSTEMPATH\Autoloader\Autoloader.php(289): CodeIgniter\Autoloader\Autoloader->includeFile('D:\\Projects\\KPS\\PHP\\MyUMKM\\Sub\\DapurFirdaus\\app\\Controllers\\Commercial\\Catalog\\Product\\Category.php')
 3 SYSTEMPATH\Autoloader\Autoloader.php(267): CodeIgniter\Autoloader\Autoloader->loadInNamespace('App\\Controllers\\Commercial\\Catalog\\Product\\Category')
 4 [internal function]: CodeIgniter\Autoloader\Autoloader->loadClass('App\\Controllers\\Commercial\\Catalog\\Product\\Category')
 5 SYSTEMPATH\CodeIgniter.php(892): class_exists('\\App\\Controllers\\Commercial\\Catalog\\Product\\Category', true)
 6 SYSTEMPATH\CodeIgniter.php(486): CodeIgniter\CodeIgniter->startController()
 7 SYSTEMPATH\CodeIgniter.php(368): CodeIgniter\CodeIgniter->handleRequest(null, Object(Config\Cache), false)
 8 FCPATH\index.php(70): CodeIgniter\CodeIgniter->run()
 9 SYSTEMPATH\Commands\Server\rewrite.php(47): require_once('D:\\Projects\\KPS\\PHP\\MyUMKM\\Sub\\DapurFirdaus\\public\\index.php')
CRITICAL - 2023-07-25 23:00:20 --> Invalid file: "_commercialcomponents/navigation.php"
in SYSTEMPATH\Exceptions\FrameworkException.php on line 33.
 1 SYSTEMPATH\View\View.php(201): CodeIgniter\Exceptions\FrameworkException::forInvalidFile('_commercialcomponents/navigation.php')
 2 SYSTEMPATH\View\View.php(431): CodeIgniter\View\View->render('_commercialcomponents/navigation.php', null, true)
 3 APPPATH\Views\_commercial\catalog\product\category_detail.php(13): CodeIgniter\View\View->include('_commercialcomponents/navigation.php')
 4 SYSTEMPATH\View\View.php(213): include('D:\\Projects\\KPS\\PHP\\MyUMKM\\Sub\\DapurFirdaus\\app\\Views\\_commercial\\catalog\\product\\category_detail.php')
 5 SYSTEMPATH\View\View.php(216): CodeIgniter\View\View->CodeIgniter\View\{closure}()
 6 SYSTEMPATH\Common.php(1184): CodeIgniter\View\View->render('_commercial/catalog/product/category_detail', [], true)
 7 APPPATH\Controllers\ControllerPreProcessor.php(142): view('_commercial/catalog/product/category_detail', [...])
 8 APPPATH\Controllers\Commercial\CommercialController.php(82): App\Controllers\ControllerPreProcessor->view('catalog/product/category_detail')
 9 APPPATH\Controllers\ControllerPreProcessor.php(212): App\Controllers\Commercial\CommercialController->App\Controllers\Commercial\{closure}([...])
10 APPPATH\Controllers\Commercial\CommercialController.php(86): App\Controllers\ControllerPreProcessor->authHandler(Object(Closure), Object(Closure), [...], [...])
11 APPPATH\Controllers\Commercial\Catalog\Product\Category.php(82): App\Controllers\Commercial\CommercialController->viewPage('catalog/product/category_detail')
12 APPPATH\Controllers\ControllerPreProcessor.php(171): App\Controllers\Commercial\Catalog\Product\Category->App\Controllers\Commercial\Catalog\Product\{closure}([...])
13 APPPATH\Controllers\Commercial\Catalog\Product\Category.php(84): App\Controllers\ControllerPreProcessor->tryCatch(Object(Closure), [...])
14 APPPATH\Controllers\Commercial\Catalog\Product\Category.php(48): App\Controllers\Commercial\Catalog\Product\Category->catalogCategoryDetail('cookies')
15 SYSTEMPATH\CodeIgniter.php(934): App\Controllers\Commercial\Catalog\Product\Category->index('cookies')
16 SYSTEMPATH\CodeIgniter.php(499): CodeIgniter\CodeIgniter->runController(Object(App\Controllers\Commercial\Catalog\Product\Category))
17 SYSTEMPATH\CodeIgniter.php(368): CodeIgniter\CodeIgniter->handleRequest(null, Object(Config\Cache), false)
18 FCPATH\index.php(70): CodeIgniter\CodeIgniter->run()
19 SYSTEMPATH\Commands\Server\rewrite.php(47): require_once('D:\\Projects\\KPS\\PHP\\MyUMKM\\Sub\\DapurFirdaus\\public\\index.php')
CRITICAL - 2023-07-25 23:01:41 --> Undefined array key "image_path"
in APPPATH\Views\_admin\control\catalog\product\category\body.php on line 49.
 1 APPPATH\Views\_admin\control\catalog\product\category\body.php(49): CodeIgniter\Debug\Exceptions->errorHandler(2, 'Undefined array key "image_path"', 'D:\\Projects\\KPS\\PHP\\MyUMKM\\Sub\\DapurFirdaus\\app\\Views\\_admin\\control\\catalog\\product\\category\\body.php', 49)
 2 APPPATH\Views\_admin\control\catalog\product\category\index.php(22): include('D:\\Projects\\KPS\\PHP\\MyUMKM\\Sub\\DapurFirdaus\\app\\Views\\_admin\\control\\catalog\\product\\category\\body.php')
 3 SYSTEMPATH\View\View.php(213): include('D:\\Projects\\KPS\\PHP\\MyUMKM\\Sub\\DapurFirdaus\\app\\Views\\_admin\\control\\catalog\\product\\category\\index.php')
 4 SYSTEMPATH\View\View.php(216): CodeIgniter\View\View->CodeIgniter\View\{closure}()
 5 SYSTEMPATH\Common.php(1184): CodeIgniter\View\View->render('_admin/control/catalog/product/category/index', [], true)
 6 APPPATH\Controllers\ControllerPreProcessor.php(142): view('_admin/control/catalog/product/category/index', [...])
 7 APPPATH\Controllers\Admin\AdminController.php(77): App\Controllers\ControllerPreProcessor->view('control/catalog/product/category/index')
 8 APPPATH\Controllers\ControllerPreProcessor.php(207): App\Controllers\Admin\AdminController->App\Controllers\Admin\{closure}([...])
 9 APPPATH\Controllers\Admin\AdminController.php(84): App\Controllers\ControllerPreProcessor->authHandler(Object(Closure), Object(Closure), [...], [...])
10 APPPATH\Controllers\Admin\Control\Catalog\Product\Category.php(57): App\Controllers\Admin\AdminController->viewPage('control/catalog/product/category/index', [...])
11 SYSTEMPATH\CodeIgniter.php(934): App\Controllers\Admin\Control\Catalog\Product\Category->index()
12 SYSTEMPATH\CodeIgniter.php(499): CodeIgniter\CodeIgniter->runController(Object(App\Controllers\Admin\Control\Catalog\Product\Category))
13 SYSTEMPATH\CodeIgniter.php(368): CodeIgniter\CodeIgniter->handleRequest(null, Object(Config\Cache), false)
14 FCPATH\index.php(70): CodeIgniter\CodeIgniter->run()
15 SYSTEMPATH\Commands\Server\rewrite.php(47): require_once('D:\\Projects\\KPS\\PHP\\MyUMKM\\Sub\\DapurFirdaus\\public\\index.php')
