CRITICAL - 2023-07-24 19:20:22 --> Access level to App\Controllers\Admin\Auth\Logout::$unauthorizedScheme must be public (as in class App\Controllers\Admin\AdminController)
in APPPATH\Controllers\Admin\Auth\Logout.php on line 7.
 1 [internal function]: CodeIgniter\Debug\Exceptions->shutdownHandler()
CRITICAL - 2023-07-24 19:20:44 --> Undefined property: App\Controllers\Admin\Auth\Logout::$__unauthorizedScheme
in APPPATH\Controllers\Admin\Auth\Logout.php on line 52.
 1 APPPATH\Controllers\Admin\Auth\Logout.php(52): CodeIgniter\Debug\Exceptions->errorHandler(2, 'Undefined property: App\\Controllers\\Admin\\Auth\\Logout::$__unauthorizedScheme', 'D:\\Projects\\KPS\\PHP\\MyUMKM\\Sub\\DapurFirdaus\\app\\Controllers\\Admin\\Auth\\Logout.php', 52)
 2 SYSTEMPATH\CodeIgniter.php(934): App\Controllers\Admin\Auth\Logout->index()
 3 SYSTEMPATH\CodeIgniter.php(499): CodeIgniter\CodeIgniter->runController(Object(App\Controllers\Admin\Auth\Logout))
 4 SYSTEMPATH\CodeIgniter.php(368): CodeIgniter\CodeIgniter->handleRequest(null, Object(Config\Cache), false)
 5 FCPATH\index.php(70): CodeIgniter\CodeIgniter->run()
 6 SYSTEMPATH\Commands\Server\rewrite.php(47): require_once('D:\\Projects\\KPS\\PHP\\MyUMKM\\Sub\\DapurFirdaus\\public\\index.php')
CRITICAL - 2023-07-24 19:23:05 --> Access level to App\Controllers\Admin\Auth\Logout::$unauthorizedScheme must be public (as in class App\Controllers\Admin\AdminController)
in APPPATH\Controllers\Admin\Auth\Logout.php on line 7.
 1 [internal function]: CodeIgniter\Debug\Exceptions->shutdownHandler()
CRITICAL - 2023-07-24 19:26:53 --> Access level to App\Controllers\Admin\Control\Dashboard::$unauthorizedScheme must be public (as in class App\Controllers\Admin\AdminController)
in APPPATH\Controllers\Admin\Control\Dashboard.php on line 7.
 1 [internal function]: CodeIgniter\Debug\Exceptions->shutdownHandler()
CRITICAL - 2023-07-24 19:40:06 --> Trying to access array offset on value of type null
in APPPATH\API\V1\Auth\Account\Login.php on line 86.
 1 APPPATH\API\V1\Auth\Account\Login.php(86): CodeIgniter\Debug\Exceptions->errorHandler(2, 'Trying to access array offset on value of type null', 'D:\\Projects\\KPS\\PHP\\MyUMKM\\Sub\\DapurFirdaus\\app\\API\\V1\\Auth\\Account\\Login.php', 86)
 2 APPPATH\API\V1\Auth\Account\Login.php(63): App\API\V1\Auth\Account\Login->getJWT()
 3 APPPATH\API\V1\Auth\Account\Login.php(51): App\API\V1\Auth\Account\Login->payloadChecker()
 4 APPPATH\Controllers\ControllerPreProcessor.php(207): App\API\V1\Auth\Account\Login->App\API\V1\Auth\Account\{closure}([...])
 5 APPPATH\API\V1\Auth\Account\Login.php(53): App\Controllers\ControllerPreProcessor->authHandler(Object(Closure), Object(Closure))
 6 SYSTEMPATH\CodeIgniter.php(934): App\API\V1\Auth\Account\Login->index()
 7 SYSTEMPATH\CodeIgniter.php(499): CodeIgniter\CodeIgniter->runController(Object(App\API\V1\Auth\Account\Login))
 8 SYSTEMPATH\CodeIgniter.php(368): CodeIgniter\CodeIgniter->handleRequest(null, Object(Config\Cache), false)
 9 FCPATH\index.php(70): CodeIgniter\CodeIgniter->run()
10 SYSTEMPATH\Commands\Server\rewrite.php(47): require_once('D:\\Projects\\KPS\\PHP\\MyUMKM\\Sub\\DapurFirdaus\\public\\index.php')
CRITICAL - 2023-07-24 19:40:17 --> Trying to access array offset on value of type null
in APPPATH\API\V1\Auth\Account\Login.php on line 86.
 1 APPPATH\API\V1\Auth\Account\Login.php(86): CodeIgniter\Debug\Exceptions->errorHandler(2, 'Trying to access array offset on value of type null', 'D:\\Projects\\KPS\\PHP\\MyUMKM\\Sub\\DapurFirdaus\\app\\API\\V1\\Auth\\Account\\Login.php', 86)
 2 APPPATH\API\V1\Auth\Account\Login.php(63): App\API\V1\Auth\Account\Login->getJWT()
 3 APPPATH\API\V1\Auth\Account\Login.php(51): App\API\V1\Auth\Account\Login->payloadChecker()
 4 APPPATH\Controllers\ControllerPreProcessor.php(207): App\API\V1\Auth\Account\Login->App\API\V1\Auth\Account\{closure}([...])
 5 APPPATH\API\V1\Auth\Account\Login.php(53): App\Controllers\ControllerPreProcessor->authHandler(Object(Closure), Object(Closure))
 6 SYSTEMPATH\CodeIgniter.php(934): App\API\V1\Auth\Account\Login->index()
 7 SYSTEMPATH\CodeIgniter.php(499): CodeIgniter\CodeIgniter->runController(Object(App\API\V1\Auth\Account\Login))
 8 SYSTEMPATH\CodeIgniter.php(368): CodeIgniter\CodeIgniter->handleRequest(null, Object(Config\Cache), false)
 9 FCPATH\index.php(70): CodeIgniter\CodeIgniter->run()
10 SYSTEMPATH\Commands\Server\rewrite.php(47): require_once('D:\\Projects\\KPS\\PHP\\MyUMKM\\Sub\\DapurFirdaus\\public\\index.php')
CRITICAL - 2023-07-24 19:40:44 --> Trying to access array offset on value of type null
in APPPATH\API\V1\Auth\Account\Login.php on line 86.
 1 APPPATH\API\V1\Auth\Account\Login.php(86): CodeIgniter\Debug\Exceptions->errorHandler(2, 'Trying to access array offset on value of type null', 'D:\\Projects\\KPS\\PHP\\MyUMKM\\Sub\\DapurFirdaus\\app\\API\\V1\\Auth\\Account\\Login.php', 86)
 2 APPPATH\API\V1\Auth\Account\Login.php(63): App\API\V1\Auth\Account\Login->getJWT()
 3 APPPATH\API\V1\Auth\Account\Login.php(51): App\API\V1\Auth\Account\Login->payloadChecker()
 4 APPPATH\Controllers\ControllerPreProcessor.php(207): App\API\V1\Auth\Account\Login->App\API\V1\Auth\Account\{closure}([...])
 5 APPPATH\API\V1\Auth\Account\Login.php(53): App\Controllers\ControllerPreProcessor->authHandler(Object(Closure), Object(Closure))
 6 SYSTEMPATH\CodeIgniter.php(934): App\API\V1\Auth\Account\Login->index()
 7 SYSTEMPATH\CodeIgniter.php(499): CodeIgniter\CodeIgniter->runController(Object(App\API\V1\Auth\Account\Login))
 8 SYSTEMPATH\CodeIgniter.php(368): CodeIgniter\CodeIgniter->handleRequest(null, Object(Config\Cache), false)
 9 FCPATH\index.php(70): CodeIgniter\CodeIgniter->run()
10 SYSTEMPATH\Commands\Server\rewrite.php(47): require_once('D:\\Projects\\KPS\\PHP\\MyUMKM\\Sub\\DapurFirdaus\\public\\index.php')
CRITICAL - 2023-07-24 19:43:30 --> Trying to access array offset on value of type null
in APPPATH\API\V1\Auth\Account\Login.php on line 86.
 1 APPPATH\API\V1\Auth\Account\Login.php(86): CodeIgniter\Debug\Exceptions->errorHandler(2, 'Trying to access array offset on value of type null', 'D:\\Projects\\KPS\\PHP\\MyUMKM\\Sub\\DapurFirdaus\\app\\API\\V1\\Auth\\Account\\Login.php', 86)
 2 APPPATH\API\V1\Auth\Account\Login.php(63): App\API\V1\Auth\Account\Login->getJWT()
 3 APPPATH\API\V1\Auth\Account\Login.php(51): App\API\V1\Auth\Account\Login->payloadChecker()
 4 APPPATH\Controllers\ControllerPreProcessor.php(207): App\API\V1\Auth\Account\Login->App\API\V1\Auth\Account\{closure}([...])
 5 APPPATH\API\V1\Auth\Account\Login.php(53): App\Controllers\ControllerPreProcessor->authHandler(Object(Closure), Object(Closure))
 6 SYSTEMPATH\CodeIgniter.php(934): App\API\V1\Auth\Account\Login->index()
 7 SYSTEMPATH\CodeIgniter.php(499): CodeIgniter\CodeIgniter->runController(Object(App\API\V1\Auth\Account\Login))
 8 SYSTEMPATH\CodeIgniter.php(368): CodeIgniter\CodeIgniter->handleRequest(null, Object(Config\Cache), false)
 9 FCPATH\index.php(70): CodeIgniter\CodeIgniter->run()
10 SYSTEMPATH\Commands\Server\rewrite.php(47): require_once('D:\\Projects\\KPS\\PHP\\MyUMKM\\Sub\\DapurFirdaus\\public\\index.php')
CRITICAL - 2023-07-24 19:44:51 --> Trying to access array offset on value of type null
in APPPATH\API\V1\Auth\Account\Login.php on line 86.
 1 APPPATH\API\V1\Auth\Account\Login.php(86): CodeIgniter\Debug\Exceptions->errorHandler(2, 'Trying to access array offset on value of type null', 'D:\\Projects\\KPS\\PHP\\MyUMKM\\Sub\\DapurFirdaus\\app\\API\\V1\\Auth\\Account\\Login.php', 86)
 2 APPPATH\API\V1\Auth\Account\Login.php(63): App\API\V1\Auth\Account\Login->getJWT()
 3 APPPATH\API\V1\Auth\Account\Login.php(51): App\API\V1\Auth\Account\Login->payloadChecker()
 4 APPPATH\Controllers\ControllerPreProcessor.php(207): App\API\V1\Auth\Account\Login->App\API\V1\Auth\Account\{closure}([...])
 5 APPPATH\API\V1\Auth\Account\Login.php(53): App\Controllers\ControllerPreProcessor->authHandler(Object(Closure), Object(Closure))
 6 SYSTEMPATH\CodeIgniter.php(934): App\API\V1\Auth\Account\Login->index()
 7 SYSTEMPATH\CodeIgniter.php(499): CodeIgniter\CodeIgniter->runController(Object(App\API\V1\Auth\Account\Login))
 8 SYSTEMPATH\CodeIgniter.php(368): CodeIgniter\CodeIgniter->handleRequest(null, Object(Config\Cache), false)
 9 FCPATH\index.php(70): CodeIgniter\CodeIgniter->run()
10 SYSTEMPATH\Commands\Server\rewrite.php(47): require_once('D:\\Projects\\KPS\\PHP\\MyUMKM\\Sub\\DapurFirdaus\\public\\index.php')
CRITICAL - 2023-07-24 19:45:25 --> Trying to access array offset on value of type null
in APPPATH\API\V1\Auth\Account\Login.php on line 86.
 1 APPPATH\API\V1\Auth\Account\Login.php(86): CodeIgniter\Debug\Exceptions->errorHandler(2, 'Trying to access array offset on value of type null', 'D:\\Projects\\KPS\\PHP\\MyUMKM\\Sub\\DapurFirdaus\\app\\API\\V1\\Auth\\Account\\Login.php', 86)
 2 APPPATH\API\V1\Auth\Account\Login.php(63): App\API\V1\Auth\Account\Login->getJWT()
 3 APPPATH\API\V1\Auth\Account\Login.php(51): App\API\V1\Auth\Account\Login->payloadChecker()
 4 APPPATH\Controllers\ControllerPreProcessor.php(207): App\API\V1\Auth\Account\Login->App\API\V1\Auth\Account\{closure}([...])
 5 APPPATH\API\V1\Auth\Account\Login.php(53): App\Controllers\ControllerPreProcessor->authHandler(Object(Closure), Object(Closure))
 6 SYSTEMPATH\CodeIgniter.php(934): App\API\V1\Auth\Account\Login->index()
 7 SYSTEMPATH\CodeIgniter.php(499): CodeIgniter\CodeIgniter->runController(Object(App\API\V1\Auth\Account\Login))
 8 SYSTEMPATH\CodeIgniter.php(368): CodeIgniter\CodeIgniter->handleRequest(null, Object(Config\Cache), false)
 9 FCPATH\index.php(70): CodeIgniter\CodeIgniter->run()
10 SYSTEMPATH\Commands\Server\rewrite.php(47): require_once('D:\\Projects\\KPS\\PHP\\MyUMKM\\Sub\\DapurFirdaus\\public\\index.php')
CRITICAL - 2023-07-24 19:46:31 --> Trying to access array offset on value of type null
in APPPATH\API\V1\Auth\Account\Login.php on line 86.
 1 APPPATH\API\V1\Auth\Account\Login.php(86): CodeIgniter\Debug\Exceptions->errorHandler(2, 'Trying to access array offset on value of type null', 'D:\\Projects\\KPS\\PHP\\MyUMKM\\Sub\\DapurFirdaus\\app\\API\\V1\\Auth\\Account\\Login.php', 86)
 2 APPPATH\API\V1\Auth\Account\Login.php(63): App\API\V1\Auth\Account\Login->getJWT()
 3 APPPATH\API\V1\Auth\Account\Login.php(51): App\API\V1\Auth\Account\Login->payloadChecker()
 4 APPPATH\Controllers\ControllerPreProcessor.php(207): App\API\V1\Auth\Account\Login->App\API\V1\Auth\Account\{closure}([...])
 5 APPPATH\API\V1\Auth\Account\Login.php(53): App\Controllers\ControllerPreProcessor->authHandler(Object(Closure), Object(Closure))
 6 SYSTEMPATH\CodeIgniter.php(934): App\API\V1\Auth\Account\Login->index()
 7 SYSTEMPATH\CodeIgniter.php(499): CodeIgniter\CodeIgniter->runController(Object(App\API\V1\Auth\Account\Login))
 8 SYSTEMPATH\CodeIgniter.php(368): CodeIgniter\CodeIgniter->handleRequest(null, Object(Config\Cache), false)
 9 FCPATH\index.php(70): CodeIgniter\CodeIgniter->run()
10 SYSTEMPATH\Commands\Server\rewrite.php(47): require_once('D:\\Projects\\KPS\\PHP\\MyUMKM\\Sub\\DapurFirdaus\\public\\index.php')
CRITICAL - 2023-07-24 19:48:22 --> Trying to access array offset on value of type null
in APPPATH\API\V1\Auth\Account\Login.php on line 88.
 1 APPPATH\API\V1\Auth\Account\Login.php(88): CodeIgniter\Debug\Exceptions->errorHandler(2, 'Trying to access array offset on value of type null', 'D:\\Projects\\KPS\\PHP\\MyUMKM\\Sub\\DapurFirdaus\\app\\API\\V1\\Auth\\Account\\Login.php', 88)
 2 APPPATH\API\V1\Auth\Account\Login.php(63): App\API\V1\Auth\Account\Login->getJWT()
 3 APPPATH\API\V1\Auth\Account\Login.php(51): App\API\V1\Auth\Account\Login->payloadChecker()
 4 APPPATH\Controllers\ControllerPreProcessor.php(207): App\API\V1\Auth\Account\Login->App\API\V1\Auth\Account\{closure}([...])
 5 APPPATH\API\V1\Auth\Account\Login.php(53): App\Controllers\ControllerPreProcessor->authHandler(Object(Closure), Object(Closure))
 6 SYSTEMPATH\CodeIgniter.php(934): App\API\V1\Auth\Account\Login->index()
 7 SYSTEMPATH\CodeIgniter.php(499): CodeIgniter\CodeIgniter->runController(Object(App\API\V1\Auth\Account\Login))
 8 SYSTEMPATH\CodeIgniter.php(368): CodeIgniter\CodeIgniter->handleRequest(null, Object(Config\Cache), false)
 9 FCPATH\index.php(70): CodeIgniter\CodeIgniter->run()
10 SYSTEMPATH\Commands\Server\rewrite.php(47): require_once('D:\\Projects\\KPS\\PHP\\MyUMKM\\Sub\\DapurFirdaus\\public\\index.php')
