WARNING - 2023-08-23 13:08:32 --> [DEPRECATED] Required parameter $return follows optional parameter $payload in APPPATH\API\V1\APIV1Controller.php on line 76.
 1 SYSTEMPATH\Autoloader\Autoloader.php(312): include_once()
 2 SYSTEMPATH\Autoloader\Autoloader.php(289): CodeIgniter\Autoloader\Autoloader->includeFile('D:\\Projects\\KPS\\PHP\\MyUMKM\\Sub\\Regular2\\DapurFirdaus\\CORE\\app\\API\\V1\\APIV1Controller.php')
 3 SYSTEMPATH\Autoloader\Autoloader.php(267): CodeIgniter\Autoloader\Autoloader->loadInNamespace('App\\API\\V1\\APIV1Controller')
 4 APPPATH\API\V1\Auth\Account\Login.php(10): CodeIgniter\Autoloader\Autoloader->loadClass('App\\API\\V1\\APIV1Controller')
 5 SYSTEMPATH\Autoloader\Autoloader.php(312): include_once('D:\\Projects\\KPS\\PHP\\MyUMKM\\Sub\\Regular2\\DapurFirdaus\\CORE\\app\\API\\V1\\Auth\\Account\\Login.php')
 6 SYSTEMPATH\Autoloader\Autoloader.php(289): CodeIgniter\Autoloader\Autoloader->includeFile('D:\\Projects\\KPS\\PHP\\MyUMKM\\Sub\\Regular2\\DapurFirdaus\\CORE\\app\\API\\V1\\Auth\\Account\\Login.php')
 7 SYSTEMPATH\Autoloader\Autoloader.php(267): CodeIgniter\Autoloader\Autoloader->loadInNamespace('App\\API\\V1\\Auth\\Account\\Login')
 8 [internal function]: CodeIgniter\Autoloader\Autoloader->loadClass('App\\API\\V1\\Auth\\Account\\Login')
 9 SYSTEMPATH\CodeIgniter.php(892): class_exists('\\App\\API\\V1\\Auth\\Account\\Login', true)
10 SYSTEMPATH\CodeIgniter.php(486): CodeIgniter\CodeIgniter->startController()
11 SYSTEMPATH\CodeIgniter.php(368): CodeIgniter\CodeIgniter->handleRequest(null, Object(Config\Cache), false)
12 FCPATH\index.php(71): CodeIgniter\CodeIgniter->run()
13 SYSTEMPATH\Commands\Server\rewrite.php(47): require_once('D:\\Projects\\KPS\\PHP\\MyUMKM\\Sub\\Regular2\\DapurFirdaus\\CORE\\public\\index.php')
WARNING - 2023-08-23 13:21:06 --> [DEPRECATED] Required parameter $return follows optional parameter $payload in APPPATH\API\V1\APIV1Controller.php on line 76.
 1 SYSTEMPATH\Autoloader\Autoloader.php(312): include_once()
 2 SYSTEMPATH\Autoloader\Autoloader.php(289): CodeIgniter\Autoloader\Autoloader->includeFile('D:\\Projects\\KPS\\PHP\\MyUMKM\\Sub\\Regular2\\DapurFirdaus\\CORE\\app\\API\\V1\\APIV1Controller.php')
 3 SYSTEMPATH\Autoloader\Autoloader.php(267): CodeIgniter\Autoloader\Autoloader->loadInNamespace('App\\API\\V1\\APIV1Controller')
 4 APPPATH\API\V1\Catalog\Product\Category\Insert.php(9): CodeIgniter\Autoloader\Autoloader->loadClass('App\\API\\V1\\APIV1Controller')
 5 SYSTEMPATH\Autoloader\Autoloader.php(312): include_once('D:\\Projects\\KPS\\PHP\\MyUMKM\\Sub\\Regular2\\DapurFirdaus\\CORE\\app\\API\\V1\\Catalog\\Product\\Category\\Insert.php')
 6 SYSTEMPATH\Autoloader\Autoloader.php(289): CodeIgniter\Autoloader\Autoloader->includeFile('D:\\Projects\\KPS\\PHP\\MyUMKM\\Sub\\Regular2\\DapurFirdaus\\CORE\\app\\API\\V1\\Catalog\\Product\\Category\\Insert.php')
 7 SYSTEMPATH\Autoloader\Autoloader.php(267): CodeIgniter\Autoloader\Autoloader->loadInNamespace('App\\API\\V1\\Catalog\\Product\\Category\\Insert')
 8 [internal function]: CodeIgniter\Autoloader\Autoloader->loadClass('App\\API\\V1\\Catalog\\Product\\Category\\Insert')
 9 SYSTEMPATH\CodeIgniter.php(892): class_exists('\\App\\API\\V1\\Catalog\\Product\\Category\\Insert', true)
10 SYSTEMPATH\CodeIgniter.php(486): CodeIgniter\CodeIgniter->startController()
11 SYSTEMPATH\CodeIgniter.php(368): CodeIgniter\CodeIgniter->handleRequest(null, Object(Config\Cache), false)
12 FCPATH\index.php(71): CodeIgniter\CodeIgniter->run()
13 SYSTEMPATH\Commands\Server\rewrite.php(47): require_once('D:\\Projects\\KPS\\PHP\\MyUMKM\\Sub\\Regular2\\DapurFirdaus\\CORE\\public\\index.php')
WARNING - 2023-08-23 13:21:53 --> [DEPRECATED] Required parameter $return follows optional parameter $payload in APPPATH\API\V1\APIV1Controller.php on line 76.
 1 SYSTEMPATH\Autoloader\Autoloader.php(312): include_once()
 2 SYSTEMPATH\Autoloader\Autoloader.php(289): CodeIgniter\Autoloader\Autoloader->includeFile('D:\\Projects\\KPS\\PHP\\MyUMKM\\Sub\\Regular2\\DapurFirdaus\\CORE\\app\\API\\V1\\APIV1Controller.php')
 3 SYSTEMPATH\Autoloader\Autoloader.php(267): CodeIgniter\Autoloader\Autoloader->loadInNamespace('App\\API\\V1\\APIV1Controller')
 4 APPPATH\API\V1\Catalog\Product\Category\Insert.php(9): CodeIgniter\Autoloader\Autoloader->loadClass('App\\API\\V1\\APIV1Controller')
 5 SYSTEMPATH\Autoloader\Autoloader.php(312): include_once('D:\\Projects\\KPS\\PHP\\MyUMKM\\Sub\\Regular2\\DapurFirdaus\\CORE\\app\\API\\V1\\Catalog\\Product\\Category\\Insert.php')
 6 SYSTEMPATH\Autoloader\Autoloader.php(289): CodeIgniter\Autoloader\Autoloader->includeFile('D:\\Projects\\KPS\\PHP\\MyUMKM\\Sub\\Regular2\\DapurFirdaus\\CORE\\app\\API\\V1\\Catalog\\Product\\Category\\Insert.php')
 7 SYSTEMPATH\Autoloader\Autoloader.php(267): CodeIgniter\Autoloader\Autoloader->loadInNamespace('App\\API\\V1\\Catalog\\Product\\Category\\Insert')
 8 [internal function]: CodeIgniter\Autoloader\Autoloader->loadClass('App\\API\\V1\\Catalog\\Product\\Category\\Insert')
 9 SYSTEMPATH\CodeIgniter.php(892): class_exists('\\App\\API\\V1\\Catalog\\Product\\Category\\Insert', true)
10 SYSTEMPATH\CodeIgniter.php(486): CodeIgniter\CodeIgniter->startController()
11 SYSTEMPATH\CodeIgniter.php(368): CodeIgniter\CodeIgniter->handleRequest(null, Object(Config\Cache), false)
12 FCPATH\index.php(71): CodeIgniter\CodeIgniter->run()
13 SYSTEMPATH\Commands\Server\rewrite.php(47): require_once('D:\\Projects\\KPS\\PHP\\MyUMKM\\Sub\\Regular2\\DapurFirdaus\\CORE\\public\\index.php')
WARNING - 2023-08-23 13:22:36 --> [DEPRECATED] Required parameter $return follows optional parameter $payload in APPPATH\API\V1\APIV1Controller.php on line 76.
 1 SYSTEMPATH\Autoloader\Autoloader.php(312): include_once()
 2 SYSTEMPATH\Autoloader\Autoloader.php(289): CodeIgniter\Autoloader\Autoloader->includeFile('D:\\Projects\\KPS\\PHP\\MyUMKM\\Sub\\Regular2\\DapurFirdaus\\CORE\\app\\API\\V1\\APIV1Controller.php')
 3 SYSTEMPATH\Autoloader\Autoloader.php(267): CodeIgniter\Autoloader\Autoloader->loadInNamespace('App\\API\\V1\\APIV1Controller')
 4 APPPATH\API\V1\Catalog\Product\Category\Insert.php(9): CodeIgniter\Autoloader\Autoloader->loadClass('App\\API\\V1\\APIV1Controller')
 5 SYSTEMPATH\Autoloader\Autoloader.php(312): include_once('D:\\Projects\\KPS\\PHP\\MyUMKM\\Sub\\Regular2\\DapurFirdaus\\CORE\\app\\API\\V1\\Catalog\\Product\\Category\\Insert.php')
 6 SYSTEMPATH\Autoloader\Autoloader.php(289): CodeIgniter\Autoloader\Autoloader->includeFile('D:\\Projects\\KPS\\PHP\\MyUMKM\\Sub\\Regular2\\DapurFirdaus\\CORE\\app\\API\\V1\\Catalog\\Product\\Category\\Insert.php')
 7 SYSTEMPATH\Autoloader\Autoloader.php(267): CodeIgniter\Autoloader\Autoloader->loadInNamespace('App\\API\\V1\\Catalog\\Product\\Category\\Insert')
 8 [internal function]: CodeIgniter\Autoloader\Autoloader->loadClass('App\\API\\V1\\Catalog\\Product\\Category\\Insert')
 9 SYSTEMPATH\CodeIgniter.php(892): class_exists('\\App\\API\\V1\\Catalog\\Product\\Category\\Insert', true)
10 SYSTEMPATH\CodeIgniter.php(486): CodeIgniter\CodeIgniter->startController()
11 SYSTEMPATH\CodeIgniter.php(368): CodeIgniter\CodeIgniter->handleRequest(null, Object(Config\Cache), false)
12 FCPATH\index.php(71): CodeIgniter\CodeIgniter->run()
13 SYSTEMPATH\Commands\Server\rewrite.php(47): require_once('D:\\Projects\\KPS\\PHP\\MyUMKM\\Sub\\Regular2\\DapurFirdaus\\CORE\\public\\index.php')
WARNING - 2023-08-23 13:22:42 --> [DEPRECATED] Required parameter $return follows optional parameter $payload in APPPATH\API\V1\APIV1Controller.php on line 76.
 1 SYSTEMPATH\Autoloader\Autoloader.php(312): include_once()
 2 SYSTEMPATH\Autoloader\Autoloader.php(289): CodeIgniter\Autoloader\Autoloader->includeFile('D:\\Projects\\KPS\\PHP\\MyUMKM\\Sub\\Regular2\\DapurFirdaus\\CORE\\app\\API\\V1\\APIV1Controller.php')
 3 SYSTEMPATH\Autoloader\Autoloader.php(267): CodeIgniter\Autoloader\Autoloader->loadInNamespace('App\\API\\V1\\APIV1Controller')
 4 APPPATH\API\V1\Catalog\Product\Category\Delete.php(11): CodeIgniter\Autoloader\Autoloader->loadClass('App\\API\\V1\\APIV1Controller')
 5 SYSTEMPATH\Autoloader\Autoloader.php(312): include_once('D:\\Projects\\KPS\\PHP\\MyUMKM\\Sub\\Regular2\\DapurFirdaus\\CORE\\app\\API\\V1\\Catalog\\Product\\Category\\Delete.php')
 6 SYSTEMPATH\Autoloader\Autoloader.php(289): CodeIgniter\Autoloader\Autoloader->includeFile('D:\\Projects\\KPS\\PHP\\MyUMKM\\Sub\\Regular2\\DapurFirdaus\\CORE\\app\\API\\V1\\Catalog\\Product\\Category\\Delete.php')
 7 SYSTEMPATH\Autoloader\Autoloader.php(267): CodeIgniter\Autoloader\Autoloader->loadInNamespace('App\\API\\V1\\Catalog\\Product\\Category\\Delete')
 8 [internal function]: CodeIgniter\Autoloader\Autoloader->loadClass('App\\API\\V1\\Catalog\\Product\\Category\\Delete')
 9 SYSTEMPATH\CodeIgniter.php(892): class_exists('\\App\\API\\V1\\Catalog\\Product\\Category\\Delete', true)
10 SYSTEMPATH\CodeIgniter.php(486): CodeIgniter\CodeIgniter->startController()
11 SYSTEMPATH\CodeIgniter.php(368): CodeIgniter\CodeIgniter->handleRequest(null, Object(Config\Cache), false)
12 FCPATH\index.php(71): CodeIgniter\CodeIgniter->run()
13 SYSTEMPATH\Commands\Server\rewrite.php(47): require_once('D:\\Projects\\KPS\\PHP\\MyUMKM\\Sub\\Regular2\\DapurFirdaus\\CORE\\public\\index.php')
WARNING - 2023-08-23 13:23:18 --> [DEPRECATED] Required parameter $return follows optional parameter $payload in APPPATH\API\V1\APIV1Controller.php on line 76.
 1 SYSTEMPATH\Autoloader\Autoloader.php(312): include_once()
 2 SYSTEMPATH\Autoloader\Autoloader.php(289): CodeIgniter\Autoloader\Autoloader->includeFile('D:\\Projects\\KPS\\PHP\\MyUMKM\\Sub\\Regular2\\DapurFirdaus\\CORE\\app\\API\\V1\\APIV1Controller.php')
 3 SYSTEMPATH\Autoloader\Autoloader.php(267): CodeIgniter\Autoloader\Autoloader->loadInNamespace('App\\API\\V1\\APIV1Controller')
 4 APPPATH\API\V1\Catalog\Product\Category\Insert.php(9): CodeIgniter\Autoloader\Autoloader->loadClass('App\\API\\V1\\APIV1Controller')
 5 SYSTEMPATH\Autoloader\Autoloader.php(312): include_once('D:\\Projects\\KPS\\PHP\\MyUMKM\\Sub\\Regular2\\DapurFirdaus\\CORE\\app\\API\\V1\\Catalog\\Product\\Category\\Insert.php')
 6 SYSTEMPATH\Autoloader\Autoloader.php(289): CodeIgniter\Autoloader\Autoloader->includeFile('D:\\Projects\\KPS\\PHP\\MyUMKM\\Sub\\Regular2\\DapurFirdaus\\CORE\\app\\API\\V1\\Catalog\\Product\\Category\\Insert.php')
 7 SYSTEMPATH\Autoloader\Autoloader.php(267): CodeIgniter\Autoloader\Autoloader->loadInNamespace('App\\API\\V1\\Catalog\\Product\\Category\\Insert')
 8 [internal function]: CodeIgniter\Autoloader\Autoloader->loadClass('App\\API\\V1\\Catalog\\Product\\Category\\Insert')
 9 SYSTEMPATH\CodeIgniter.php(892): class_exists('\\App\\API\\V1\\Catalog\\Product\\Category\\Insert', true)
10 SYSTEMPATH\CodeIgniter.php(486): CodeIgniter\CodeIgniter->startController()
11 SYSTEMPATH\CodeIgniter.php(368): CodeIgniter\CodeIgniter->handleRequest(null, Object(Config\Cache), false)
12 FCPATH\index.php(71): CodeIgniter\CodeIgniter->run()
13 SYSTEMPATH\Commands\Server\rewrite.php(47): require_once('D:\\Projects\\KPS\\PHP\\MyUMKM\\Sub\\Regular2\\DapurFirdaus\\CORE\\public\\index.php')
WARNING - 2023-08-23 13:23:32 --> [DEPRECATED] Required parameter $return follows optional parameter $payload in APPPATH\API\V1\APIV1Controller.php on line 76.
 1 SYSTEMPATH\Autoloader\Autoloader.php(312): include_once()
 2 SYSTEMPATH\Autoloader\Autoloader.php(289): CodeIgniter\Autoloader\Autoloader->includeFile('D:\\Projects\\KPS\\PHP\\MyUMKM\\Sub\\Regular2\\DapurFirdaus\\CORE\\app\\API\\V1\\APIV1Controller.php')
 3 SYSTEMPATH\Autoloader\Autoloader.php(267): CodeIgniter\Autoloader\Autoloader->loadInNamespace('App\\API\\V1\\APIV1Controller')
 4 APPPATH\API\V1\Catalog\Product\Category\Insert.php(9): CodeIgniter\Autoloader\Autoloader->loadClass('App\\API\\V1\\APIV1Controller')
 5 SYSTEMPATH\Autoloader\Autoloader.php(312): include_once('D:\\Projects\\KPS\\PHP\\MyUMKM\\Sub\\Regular2\\DapurFirdaus\\CORE\\app\\API\\V1\\Catalog\\Product\\Category\\Insert.php')
 6 SYSTEMPATH\Autoloader\Autoloader.php(289): CodeIgniter\Autoloader\Autoloader->includeFile('D:\\Projects\\KPS\\PHP\\MyUMKM\\Sub\\Regular2\\DapurFirdaus\\CORE\\app\\API\\V1\\Catalog\\Product\\Category\\Insert.php')
 7 SYSTEMPATH\Autoloader\Autoloader.php(267): CodeIgniter\Autoloader\Autoloader->loadInNamespace('App\\API\\V1\\Catalog\\Product\\Category\\Insert')
 8 [internal function]: CodeIgniter\Autoloader\Autoloader->loadClass('App\\API\\V1\\Catalog\\Product\\Category\\Insert')
 9 SYSTEMPATH\CodeIgniter.php(892): class_exists('\\App\\API\\V1\\Catalog\\Product\\Category\\Insert', true)
10 SYSTEMPATH\CodeIgniter.php(486): CodeIgniter\CodeIgniter->startController()
11 SYSTEMPATH\CodeIgniter.php(368): CodeIgniter\CodeIgniter->handleRequest(null, Object(Config\Cache), false)
12 FCPATH\index.php(71): CodeIgniter\CodeIgniter->run()
13 SYSTEMPATH\Commands\Server\rewrite.php(47): require_once('D:\\Projects\\KPS\\PHP\\MyUMKM\\Sub\\Regular2\\DapurFirdaus\\CORE\\public\\index.php')
WARNING - 2023-08-23 13:24:07 --> [DEPRECATED] Required parameter $return follows optional parameter $payload in APPPATH\API\V1\APIV1Controller.php on line 76.
 1 SYSTEMPATH\Autoloader\Autoloader.php(312): include_once()
 2 SYSTEMPATH\Autoloader\Autoloader.php(289): CodeIgniter\Autoloader\Autoloader->includeFile('D:\\Projects\\KPS\\PHP\\MyUMKM\\Sub\\Regular2\\DapurFirdaus\\CORE\\app\\API\\V1\\APIV1Controller.php')
 3 SYSTEMPATH\Autoloader\Autoloader.php(267): CodeIgniter\Autoloader\Autoloader->loadInNamespace('App\\API\\V1\\APIV1Controller')
 4 APPPATH\API\V1\Catalog\Product\Category\Update.php(12): CodeIgniter\Autoloader\Autoloader->loadClass('App\\API\\V1\\APIV1Controller')
 5 SYSTEMPATH\Autoloader\Autoloader.php(312): include_once('D:\\Projects\\KPS\\PHP\\MyUMKM\\Sub\\Regular2\\DapurFirdaus\\CORE\\app\\API\\V1\\Catalog\\Product\\Category\\Update.php')
 6 SYSTEMPATH\Autoloader\Autoloader.php(289): CodeIgniter\Autoloader\Autoloader->includeFile('D:\\Projects\\KPS\\PHP\\MyUMKM\\Sub\\Regular2\\DapurFirdaus\\CORE\\app\\API\\V1\\Catalog\\Product\\Category\\Update.php')
 7 SYSTEMPATH\Autoloader\Autoloader.php(267): CodeIgniter\Autoloader\Autoloader->loadInNamespace('App\\API\\V1\\Catalog\\Product\\Category\\Update')
 8 [internal function]: CodeIgniter\Autoloader\Autoloader->loadClass('App\\API\\V1\\Catalog\\Product\\Category\\Update')
 9 SYSTEMPATH\CodeIgniter.php(892): class_exists('\\App\\API\\V1\\Catalog\\Product\\Category\\Update', true)
10 SYSTEMPATH\CodeIgniter.php(486): CodeIgniter\CodeIgniter->startController()
11 SYSTEMPATH\CodeIgniter.php(368): CodeIgniter\CodeIgniter->handleRequest(null, Object(Config\Cache), false)
12 FCPATH\index.php(71): CodeIgniter\CodeIgniter->run()
13 SYSTEMPATH\Commands\Server\rewrite.php(47): require_once('D:\\Projects\\KPS\\PHP\\MyUMKM\\Sub\\Regular2\\DapurFirdaus\\CORE\\public\\index.php')
WARNING - 2023-08-23 13:24:10 --> [DEPRECATED] Required parameter $return follows optional parameter $payload in APPPATH\API\V1\APIV1Controller.php on line 76.
 1 SYSTEMPATH\Autoloader\Autoloader.php(312): include_once()
 2 SYSTEMPATH\Autoloader\Autoloader.php(289): CodeIgniter\Autoloader\Autoloader->includeFile('D:\\Projects\\KPS\\PHP\\MyUMKM\\Sub\\Regular2\\DapurFirdaus\\CORE\\app\\API\\V1\\APIV1Controller.php')
 3 SYSTEMPATH\Autoloader\Autoloader.php(267): CodeIgniter\Autoloader\Autoloader->loadInNamespace('App\\API\\V1\\APIV1Controller')
 4 APPPATH\API\V1\Catalog\Product\Category\Update.php(12): CodeIgniter\Autoloader\Autoloader->loadClass('App\\API\\V1\\APIV1Controller')
 5 SYSTEMPATH\Autoloader\Autoloader.php(312): include_once('D:\\Projects\\KPS\\PHP\\MyUMKM\\Sub\\Regular2\\DapurFirdaus\\CORE\\app\\API\\V1\\Catalog\\Product\\Category\\Update.php')
 6 SYSTEMPATH\Autoloader\Autoloader.php(289): CodeIgniter\Autoloader\Autoloader->includeFile('D:\\Projects\\KPS\\PHP\\MyUMKM\\Sub\\Regular2\\DapurFirdaus\\CORE\\app\\API\\V1\\Catalog\\Product\\Category\\Update.php')
 7 SYSTEMPATH\Autoloader\Autoloader.php(267): CodeIgniter\Autoloader\Autoloader->loadInNamespace('App\\API\\V1\\Catalog\\Product\\Category\\Update')
 8 [internal function]: CodeIgniter\Autoloader\Autoloader->loadClass('App\\API\\V1\\Catalog\\Product\\Category\\Update')
 9 SYSTEMPATH\CodeIgniter.php(892): class_exists('\\App\\API\\V1\\Catalog\\Product\\Category\\Update', true)
10 SYSTEMPATH\CodeIgniter.php(486): CodeIgniter\CodeIgniter->startController()
11 SYSTEMPATH\CodeIgniter.php(368): CodeIgniter\CodeIgniter->handleRequest(null, Object(Config\Cache), false)
12 FCPATH\index.php(71): CodeIgniter\CodeIgniter->run()
13 SYSTEMPATH\Commands\Server\rewrite.php(47): require_once('D:\\Projects\\KPS\\PHP\\MyUMKM\\Sub\\Regular2\\DapurFirdaus\\CORE\\public\\index.php')
WARNING - 2023-08-23 13:30:00 --> [DEPRECATED] Required parameter $return follows optional parameter $payload in APPPATH\API\V1\APIV1Controller.php on line 76.
 1 SYSTEMPATH\Autoloader\Autoloader.php(312): include_once()
 2 SYSTEMPATH\Autoloader\Autoloader.php(289): CodeIgniter\Autoloader\Autoloader->includeFile('D:\\Projects\\KPS\\PHP\\MyUMKM\\Sub\\Regular2\\DapurFirdaus\\CORE\\app\\API\\V1\\APIV1Controller.php')
 3 SYSTEMPATH\Autoloader\Autoloader.php(267): CodeIgniter\Autoloader\Autoloader->loadInNamespace('App\\API\\V1\\APIV1Controller')
 4 APPPATH\API\V1\Catalog\Product\Category\Delete.php(11): CodeIgniter\Autoloader\Autoloader->loadClass('App\\API\\V1\\APIV1Controller')
 5 SYSTEMPATH\Autoloader\Autoloader.php(312): include_once('D:\\Projects\\KPS\\PHP\\MyUMKM\\Sub\\Regular2\\DapurFirdaus\\CORE\\app\\API\\V1\\Catalog\\Product\\Category\\Delete.php')
 6 SYSTEMPATH\Autoloader\Autoloader.php(289): CodeIgniter\Autoloader\Autoloader->includeFile('D:\\Projects\\KPS\\PHP\\MyUMKM\\Sub\\Regular2\\DapurFirdaus\\CORE\\app\\API\\V1\\Catalog\\Product\\Category\\Delete.php')
 7 SYSTEMPATH\Autoloader\Autoloader.php(267): CodeIgniter\Autoloader\Autoloader->loadInNamespace('App\\API\\V1\\Catalog\\Product\\Category\\Delete')
 8 [internal function]: CodeIgniter\Autoloader\Autoloader->loadClass('App\\API\\V1\\Catalog\\Product\\Category\\Delete')
 9 SYSTEMPATH\CodeIgniter.php(892): class_exists('\\App\\API\\V1\\Catalog\\Product\\Category\\Delete', true)
10 SYSTEMPATH\CodeIgniter.php(486): CodeIgniter\CodeIgniter->startController()
11 SYSTEMPATH\CodeIgniter.php(368): CodeIgniter\CodeIgniter->handleRequest(null, Object(Config\Cache), false)
12 FCPATH\index.php(71): CodeIgniter\CodeIgniter->run()
13 SYSTEMPATH\Commands\Server\rewrite.php(47): require_once('D:\\Projects\\KPS\\PHP\\MyUMKM\\Sub\\Regular2\\DapurFirdaus\\CORE\\public\\index.php')
WARNING - 2023-08-23 13:30:15 --> [DEPRECATED] Required parameter $return follows optional parameter $payload in APPPATH\API\V1\APIV1Controller.php on line 76.
 1 SYSTEMPATH\Autoloader\Autoloader.php(312): include_once()
 2 SYSTEMPATH\Autoloader\Autoloader.php(289): CodeIgniter\Autoloader\Autoloader->includeFile('D:\\Projects\\KPS\\PHP\\MyUMKM\\Sub\\Regular2\\DapurFirdaus\\CORE\\app\\API\\V1\\APIV1Controller.php')
 3 SYSTEMPATH\Autoloader\Autoloader.php(267): CodeIgniter\Autoloader\Autoloader->loadInNamespace('App\\API\\V1\\APIV1Controller')
 4 APPPATH\API\V1\Catalog\Product\Category\Delete.php(11): CodeIgniter\Autoloader\Autoloader->loadClass('App\\API\\V1\\APIV1Controller')
 5 SYSTEMPATH\Autoloader\Autoloader.php(312): include_once('D:\\Projects\\KPS\\PHP\\MyUMKM\\Sub\\Regular2\\DapurFirdaus\\CORE\\app\\API\\V1\\Catalog\\Product\\Category\\Delete.php')
 6 SYSTEMPATH\Autoloader\Autoloader.php(289): CodeIgniter\Autoloader\Autoloader->includeFile('D:\\Projects\\KPS\\PHP\\MyUMKM\\Sub\\Regular2\\DapurFirdaus\\CORE\\app\\API\\V1\\Catalog\\Product\\Category\\Delete.php')
 7 SYSTEMPATH\Autoloader\Autoloader.php(267): CodeIgniter\Autoloader\Autoloader->loadInNamespace('App\\API\\V1\\Catalog\\Product\\Category\\Delete')
 8 [internal function]: CodeIgniter\Autoloader\Autoloader->loadClass('App\\API\\V1\\Catalog\\Product\\Category\\Delete')
 9 SYSTEMPATH\CodeIgniter.php(892): class_exists('\\App\\API\\V1\\Catalog\\Product\\Category\\Delete', true)
10 SYSTEMPATH\CodeIgniter.php(486): CodeIgniter\CodeIgniter->startController()
11 SYSTEMPATH\CodeIgniter.php(368): CodeIgniter\CodeIgniter->handleRequest(null, Object(Config\Cache), false)
12 FCPATH\index.php(71): CodeIgniter\CodeIgniter->run()
13 SYSTEMPATH\Commands\Server\rewrite.php(47): require_once('D:\\Projects\\KPS\\PHP\\MyUMKM\\Sub\\Regular2\\DapurFirdaus\\CORE\\public\\index.php')
WARNING - 2023-08-23 13:30:37 --> [DEPRECATED] Required parameter $return follows optional parameter $payload in APPPATH\API\V1\APIV1Controller.php on line 76.
 1 SYSTEMPATH\Autoloader\Autoloader.php(312): include_once()
 2 SYSTEMPATH\Autoloader\Autoloader.php(289): CodeIgniter\Autoloader\Autoloader->includeFile('D:\\Projects\\KPS\\PHP\\MyUMKM\\Sub\\Regular2\\DapurFirdaus\\CORE\\app\\API\\V1\\APIV1Controller.php')
 3 SYSTEMPATH\Autoloader\Autoloader.php(267): CodeIgniter\Autoloader\Autoloader->loadInNamespace('App\\API\\V1\\APIV1Controller')
 4 APPPATH\API\V1\Catalog\Product\Category\Insert.php(9): CodeIgniter\Autoloader\Autoloader->loadClass('App\\API\\V1\\APIV1Controller')
 5 SYSTEMPATH\Autoloader\Autoloader.php(312): include_once('D:\\Projects\\KPS\\PHP\\MyUMKM\\Sub\\Regular2\\DapurFirdaus\\CORE\\app\\API\\V1\\Catalog\\Product\\Category\\Insert.php')
 6 SYSTEMPATH\Autoloader\Autoloader.php(289): CodeIgniter\Autoloader\Autoloader->includeFile('D:\\Projects\\KPS\\PHP\\MyUMKM\\Sub\\Regular2\\DapurFirdaus\\CORE\\app\\API\\V1\\Catalog\\Product\\Category\\Insert.php')
 7 SYSTEMPATH\Autoloader\Autoloader.php(267): CodeIgniter\Autoloader\Autoloader->loadInNamespace('App\\API\\V1\\Catalog\\Product\\Category\\Insert')
 8 [internal function]: CodeIgniter\Autoloader\Autoloader->loadClass('App\\API\\V1\\Catalog\\Product\\Category\\Insert')
 9 SYSTEMPATH\CodeIgniter.php(892): class_exists('\\App\\API\\V1\\Catalog\\Product\\Category\\Insert', true)
10 SYSTEMPATH\CodeIgniter.php(486): CodeIgniter\CodeIgniter->startController()
11 SYSTEMPATH\CodeIgniter.php(368): CodeIgniter\CodeIgniter->handleRequest(null, Object(Config\Cache), false)
12 FCPATH\index.php(71): CodeIgniter\CodeIgniter->run()
13 SYSTEMPATH\Commands\Server\rewrite.php(47): require_once('D:\\Projects\\KPS\\PHP\\MyUMKM\\Sub\\Regular2\\DapurFirdaus\\CORE\\public\\index.php')
WARNING - 2023-08-23 13:41:37 --> [DEPRECATED] Required parameter $return follows optional parameter $payload in APPPATH\API\V1\APIV1Controller.php on line 76.
 1 SYSTEMPATH\Autoloader\Autoloader.php(312): include_once()
 2 SYSTEMPATH\Autoloader\Autoloader.php(289): CodeIgniter\Autoloader\Autoloader->includeFile('D:\\Projects\\KPS\\PHP\\MyUMKM\\Sub\\Regular2\\DapurFirdaus\\CORE\\app\\API\\V1\\APIV1Controller.php')
 3 SYSTEMPATH\Autoloader\Autoloader.php(267): CodeIgniter\Autoloader\Autoloader->loadInNamespace('App\\API\\V1\\APIV1Controller')
 4 APPPATH\API\V1\Catalog\Product\Category\Delete.php(11): CodeIgniter\Autoloader\Autoloader->loadClass('App\\API\\V1\\APIV1Controller')
 5 SYSTEMPATH\Autoloader\Autoloader.php(312): include_once('D:\\Projects\\KPS\\PHP\\MyUMKM\\Sub\\Regular2\\DapurFirdaus\\CORE\\app\\API\\V1\\Catalog\\Product\\Category\\Delete.php')
 6 SYSTEMPATH\Autoloader\Autoloader.php(289): CodeIgniter\Autoloader\Autoloader->includeFile('D:\\Projects\\KPS\\PHP\\MyUMKM\\Sub\\Regular2\\DapurFirdaus\\CORE\\app\\API\\V1\\Catalog\\Product\\Category\\Delete.php')
 7 SYSTEMPATH\Autoloader\Autoloader.php(267): CodeIgniter\Autoloader\Autoloader->loadInNamespace('App\\API\\V1\\Catalog\\Product\\Category\\Delete')
 8 [internal function]: CodeIgniter\Autoloader\Autoloader->loadClass('App\\API\\V1\\Catalog\\Product\\Category\\Delete')
 9 SYSTEMPATH\CodeIgniter.php(892): class_exists('\\App\\API\\V1\\Catalog\\Product\\Category\\Delete', true)
10 SYSTEMPATH\CodeIgniter.php(486): CodeIgniter\CodeIgniter->startController()
11 SYSTEMPATH\CodeIgniter.php(368): CodeIgniter\CodeIgniter->handleRequest(null, Object(Config\Cache), false)
12 FCPATH\index.php(71): CodeIgniter\CodeIgniter->run()
13 SYSTEMPATH\Commands\Server\rewrite.php(47): require_once('D:\\Projects\\KPS\\PHP\\MyUMKM\\Sub\\Regular2\\DapurFirdaus\\CORE\\public\\index.php')
WARNING - 2023-08-23 13:48:41 --> [DEPRECATED] Required parameter $return follows optional parameter $payload in APPPATH\API\V1\APIV1Controller.php on line 76.
 1 SYSTEMPATH\Autoloader\Autoloader.php(312): include_once()
 2 SYSTEMPATH\Autoloader\Autoloader.php(289): CodeIgniter\Autoloader\Autoloader->includeFile('D:\\Projects\\KPS\\PHP\\MyUMKM\\Sub\\Regular2\\DapurFirdaus\\CORE\\app\\API\\V1\\APIV1Controller.php')
 3 SYSTEMPATH\Autoloader\Autoloader.php(267): CodeIgniter\Autoloader\Autoloader->loadInNamespace('App\\API\\V1\\APIV1Controller')
 4 APPPATH\API\V1\Auth\Account\Login.php(10): CodeIgniter\Autoloader\Autoloader->loadClass('App\\API\\V1\\APIV1Controller')
 5 SYSTEMPATH\Autoloader\Autoloader.php(312): include_once('D:\\Projects\\KPS\\PHP\\MyUMKM\\Sub\\Regular2\\DapurFirdaus\\CORE\\app\\API\\V1\\Auth\\Account\\Login.php')
 6 SYSTEMPATH\Autoloader\Autoloader.php(289): CodeIgniter\Autoloader\Autoloader->includeFile('D:\\Projects\\KPS\\PHP\\MyUMKM\\Sub\\Regular2\\DapurFirdaus\\CORE\\app\\API\\V1\\Auth\\Account\\Login.php')
 7 SYSTEMPATH\Autoloader\Autoloader.php(267): CodeIgniter\Autoloader\Autoloader->loadInNamespace('App\\API\\V1\\Auth\\Account\\Login')
 8 [internal function]: CodeIgniter\Autoloader\Autoloader->loadClass('App\\API\\V1\\Auth\\Account\\Login')
 9 SYSTEMPATH\CodeIgniter.php(892): class_exists('\\App\\API\\V1\\Auth\\Account\\Login', true)
10 SYSTEMPATH\CodeIgniter.php(486): CodeIgniter\CodeIgniter->startController()
11 SYSTEMPATH\CodeIgniter.php(368): CodeIgniter\CodeIgniter->handleRequest(null, Object(Config\Cache), false)
12 FCPATH\index.php(71): CodeIgniter\CodeIgniter->run()
13 SYSTEMPATH\Commands\Server\rewrite.php(47): require_once('D:\\Projects\\KPS\\PHP\\MyUMKM\\Sub\\Regular2\\DapurFirdaus\\CORE\\public\\index.php')
WARNING - 2023-08-23 16:09:14 --> [DEPRECATED] Required parameter $return follows optional parameter $payload in APPPATH\API\V1\APIV1Controller.php on line 76.
 1 SYSTEMPATH\Autoloader\Autoloader.php(312): include_once()
 2 SYSTEMPATH\Autoloader\Autoloader.php(289): CodeIgniter\Autoloader\Autoloader->includeFile('D:\\Projects\\KPS\\PHP\\MyUMKM\\Sub\\Regular2\\DapurFirdaus\\CORE\\app\\API\\V1\\APIV1Controller.php')
 3 SYSTEMPATH\Autoloader\Autoloader.php(267): CodeIgniter\Autoloader\Autoloader->loadInNamespace('App\\API\\V1\\APIV1Controller')
 4 APPPATH\API\V1\Security\Password\Update.php(10): CodeIgniter\Autoloader\Autoloader->loadClass('App\\API\\V1\\APIV1Controller')
 5 SYSTEMPATH\Autoloader\Autoloader.php(312): include_once('D:\\Projects\\KPS\\PHP\\MyUMKM\\Sub\\Regular2\\DapurFirdaus\\CORE\\app\\API\\V1\\Security\\Password\\Update.php')
 6 SYSTEMPATH\Autoloader\Autoloader.php(289): CodeIgniter\Autoloader\Autoloader->includeFile('D:\\Projects\\KPS\\PHP\\MyUMKM\\Sub\\Regular2\\DapurFirdaus\\CORE\\app\\API\\V1\\Security\\Password\\Update.php')
 7 SYSTEMPATH\Autoloader\Autoloader.php(267): CodeIgniter\Autoloader\Autoloader->loadInNamespace('App\\API\\V1\\Security\\Password\\Update')
 8 [internal function]: CodeIgniter\Autoloader\Autoloader->loadClass('App\\API\\V1\\Security\\Password\\Update')
 9 SYSTEMPATH\CodeIgniter.php(892): class_exists('\\App\\API\\V1\\Security\\Password\\Update', true)
10 SYSTEMPATH\CodeIgniter.php(486): CodeIgniter\CodeIgniter->startController()
11 SYSTEMPATH\CodeIgniter.php(368): CodeIgniter\CodeIgniter->handleRequest(null, Object(Config\Cache), false)
12 FCPATH\index.php(71): CodeIgniter\CodeIgniter->run()
13 SYSTEMPATH\Commands\Server\rewrite.php(47): require_once('D:\\Projects\\KPS\\PHP\\MyUMKM\\Sub\\Regular2\\DapurFirdaus\\CORE\\public\\index.php')
WARNING - 2023-08-23 16:09:23 --> [DEPRECATED] Required parameter $return follows optional parameter $payload in APPPATH\API\V1\APIV1Controller.php on line 76.
 1 SYSTEMPATH\Autoloader\Autoloader.php(312): include_once()
 2 SYSTEMPATH\Autoloader\Autoloader.php(289): CodeIgniter\Autoloader\Autoloader->includeFile('D:\\Projects\\KPS\\PHP\\MyUMKM\\Sub\\Regular2\\DapurFirdaus\\CORE\\app\\API\\V1\\APIV1Controller.php')
 3 SYSTEMPATH\Autoloader\Autoloader.php(267): CodeIgniter\Autoloader\Autoloader->loadInNamespace('App\\API\\V1\\APIV1Controller')
 4 APPPATH\API\V1\Auth\Account\Login.php(10): CodeIgniter\Autoloader\Autoloader->loadClass('App\\API\\V1\\APIV1Controller')
 5 SYSTEMPATH\Autoloader\Autoloader.php(312): include_once('D:\\Projects\\KPS\\PHP\\MyUMKM\\Sub\\Regular2\\DapurFirdaus\\CORE\\app\\API\\V1\\Auth\\Account\\Login.php')
 6 SYSTEMPATH\Autoloader\Autoloader.php(289): CodeIgniter\Autoloader\Autoloader->includeFile('D:\\Projects\\KPS\\PHP\\MyUMKM\\Sub\\Regular2\\DapurFirdaus\\CORE\\app\\API\\V1\\Auth\\Account\\Login.php')
 7 SYSTEMPATH\Autoloader\Autoloader.php(267): CodeIgniter\Autoloader\Autoloader->loadInNamespace('App\\API\\V1\\Auth\\Account\\Login')
 8 [internal function]: CodeIgniter\Autoloader\Autoloader->loadClass('App\\API\\V1\\Auth\\Account\\Login')
 9 SYSTEMPATH\CodeIgniter.php(892): class_exists('\\App\\API\\V1\\Auth\\Account\\Login', true)
10 SYSTEMPATH\CodeIgniter.php(486): CodeIgniter\CodeIgniter->startController()
11 SYSTEMPATH\CodeIgniter.php(368): CodeIgniter\CodeIgniter->handleRequest(null, Object(Config\Cache), false)
12 FCPATH\index.php(71): CodeIgniter\CodeIgniter->run()
13 SYSTEMPATH\Commands\Server\rewrite.php(47): require_once('D:\\Projects\\KPS\\PHP\\MyUMKM\\Sub\\Regular2\\DapurFirdaus\\CORE\\public\\index.php')
WARNING - 2023-08-23 16:09:58 --> [DEPRECATED] Required parameter $return follows optional parameter $payload in APPPATH\API\V1\APIV1Controller.php on line 76.
 1 SYSTEMPATH\Autoloader\Autoloader.php(312): include_once()
 2 SYSTEMPATH\Autoloader\Autoloader.php(289): CodeIgniter\Autoloader\Autoloader->includeFile('D:\\Projects\\KPS\\PHP\\MyUMKM\\Sub\\Regular2\\DapurFirdaus\\CORE\\app\\API\\V1\\APIV1Controller.php')
 3 SYSTEMPATH\Autoloader\Autoloader.php(267): CodeIgniter\Autoloader\Autoloader->loadInNamespace('App\\API\\V1\\APIV1Controller')
 4 APPPATH\API\V1\Security\Password\Update.php(10): CodeIgniter\Autoloader\Autoloader->loadClass('App\\API\\V1\\APIV1Controller')
 5 SYSTEMPATH\Autoloader\Autoloader.php(312): include_once('D:\\Projects\\KPS\\PHP\\MyUMKM\\Sub\\Regular2\\DapurFirdaus\\CORE\\app\\API\\V1\\Security\\Password\\Update.php')
 6 SYSTEMPATH\Autoloader\Autoloader.php(289): CodeIgniter\Autoloader\Autoloader->includeFile('D:\\Projects\\KPS\\PHP\\MyUMKM\\Sub\\Regular2\\DapurFirdaus\\CORE\\app\\API\\V1\\Security\\Password\\Update.php')
 7 SYSTEMPATH\Autoloader\Autoloader.php(267): CodeIgniter\Autoloader\Autoloader->loadInNamespace('App\\API\\V1\\Security\\Password\\Update')
 8 [internal function]: CodeIgniter\Autoloader\Autoloader->loadClass('App\\API\\V1\\Security\\Password\\Update')
 9 SYSTEMPATH\CodeIgniter.php(892): class_exists('\\App\\API\\V1\\Security\\Password\\Update', true)
10 SYSTEMPATH\CodeIgniter.php(486): CodeIgniter\CodeIgniter->startController()
11 SYSTEMPATH\CodeIgniter.php(368): CodeIgniter\CodeIgniter->handleRequest(null, Object(Config\Cache), false)
12 FCPATH\index.php(71): CodeIgniter\CodeIgniter->run()
13 SYSTEMPATH\Commands\Server\rewrite.php(47): require_once('D:\\Projects\\KPS\\PHP\\MyUMKM\\Sub\\Regular2\\DapurFirdaus\\CORE\\public\\index.php')
WARNING - 2023-08-23 16:10:15 --> [DEPRECATED] Required parameter $return follows optional parameter $payload in APPPATH\API\V1\APIV1Controller.php on line 76.
 1 SYSTEMPATH\Autoloader\Autoloader.php(312): include_once()
 2 SYSTEMPATH\Autoloader\Autoloader.php(289): CodeIgniter\Autoloader\Autoloader->includeFile('D:\\Projects\\KPS\\PHP\\MyUMKM\\Sub\\Regular2\\DapurFirdaus\\CORE\\app\\API\\V1\\APIV1Controller.php')
 3 SYSTEMPATH\Autoloader\Autoloader.php(267): CodeIgniter\Autoloader\Autoloader->loadInNamespace('App\\API\\V1\\APIV1Controller')
 4 APPPATH\API\V1\Security\Password\Update.php(10): CodeIgniter\Autoloader\Autoloader->loadClass('App\\API\\V1\\APIV1Controller')
 5 SYSTEMPATH\Autoloader\Autoloader.php(312): include_once('D:\\Projects\\KPS\\PHP\\MyUMKM\\Sub\\Regular2\\DapurFirdaus\\CORE\\app\\API\\V1\\Security\\Password\\Update.php')
 6 SYSTEMPATH\Autoloader\Autoloader.php(289): CodeIgniter\Autoloader\Autoloader->includeFile('D:\\Projects\\KPS\\PHP\\MyUMKM\\Sub\\Regular2\\DapurFirdaus\\CORE\\app\\API\\V1\\Security\\Password\\Update.php')
 7 SYSTEMPATH\Autoloader\Autoloader.php(267): CodeIgniter\Autoloader\Autoloader->loadInNamespace('App\\API\\V1\\Security\\Password\\Update')
 8 [internal function]: CodeIgniter\Autoloader\Autoloader->loadClass('App\\API\\V1\\Security\\Password\\Update')
 9 SYSTEMPATH\CodeIgniter.php(892): class_exists('\\App\\API\\V1\\Security\\Password\\Update', true)
10 SYSTEMPATH\CodeIgniter.php(486): CodeIgniter\CodeIgniter->startController()
11 SYSTEMPATH\CodeIgniter.php(368): CodeIgniter\CodeIgniter->handleRequest(null, Object(Config\Cache), false)
12 FCPATH\index.php(71): CodeIgniter\CodeIgniter->run()
13 SYSTEMPATH\Commands\Server\rewrite.php(47): require_once('D:\\Projects\\KPS\\PHP\\MyUMKM\\Sub\\Regular2\\DapurFirdaus\\CORE\\public\\index.php')
WARNING - 2023-08-23 16:10:32 --> [DEPRECATED] Required parameter $return follows optional parameter $payload in APPPATH\API\V1\APIV1Controller.php on line 76.
 1 SYSTEMPATH\Autoloader\Autoloader.php(312): include_once()
 2 SYSTEMPATH\Autoloader\Autoloader.php(289): CodeIgniter\Autoloader\Autoloader->includeFile('D:\\Projects\\KPS\\PHP\\MyUMKM\\Sub\\Regular2\\DapurFirdaus\\CORE\\app\\API\\V1\\APIV1Controller.php')
 3 SYSTEMPATH\Autoloader\Autoloader.php(267): CodeIgniter\Autoloader\Autoloader->loadInNamespace('App\\API\\V1\\APIV1Controller')
 4 APPPATH\API\V1\Security\Password\Update.php(10): CodeIgniter\Autoloader\Autoloader->loadClass('App\\API\\V1\\APIV1Controller')
 5 SYSTEMPATH\Autoloader\Autoloader.php(312): include_once('D:\\Projects\\KPS\\PHP\\MyUMKM\\Sub\\Regular2\\DapurFirdaus\\CORE\\app\\API\\V1\\Security\\Password\\Update.php')
 6 SYSTEMPATH\Autoloader\Autoloader.php(289): CodeIgniter\Autoloader\Autoloader->includeFile('D:\\Projects\\KPS\\PHP\\MyUMKM\\Sub\\Regular2\\DapurFirdaus\\CORE\\app\\API\\V1\\Security\\Password\\Update.php')
 7 SYSTEMPATH\Autoloader\Autoloader.php(267): CodeIgniter\Autoloader\Autoloader->loadInNamespace('App\\API\\V1\\Security\\Password\\Update')
 8 [internal function]: CodeIgniter\Autoloader\Autoloader->loadClass('App\\API\\V1\\Security\\Password\\Update')
 9 SYSTEMPATH\CodeIgniter.php(892): class_exists('\\App\\API\\V1\\Security\\Password\\Update', true)
10 SYSTEMPATH\CodeIgniter.php(486): CodeIgniter\CodeIgniter->startController()
11 SYSTEMPATH\CodeIgniter.php(368): CodeIgniter\CodeIgniter->handleRequest(null, Object(Config\Cache), false)
12 FCPATH\index.php(71): CodeIgniter\CodeIgniter->run()
13 SYSTEMPATH\Commands\Server\rewrite.php(47): require_once('D:\\Projects\\KPS\\PHP\\MyUMKM\\Sub\\Regular2\\DapurFirdaus\\CORE\\public\\index.php')
WARNING - 2023-08-23 16:14:42 --> [DEPRECATED] Required parameter $return follows optional parameter $payload in APPPATH\API\V1\APIV1Controller.php on line 81.
 1 SYSTEMPATH\Autoloader\Autoloader.php(312): include_once()
 2 SYSTEMPATH\Autoloader\Autoloader.php(289): CodeIgniter\Autoloader\Autoloader->includeFile('D:\\Projects\\KPS\\PHP\\MyUMKM\\Sub\\Regular2\\DapurFirdaus\\CORE\\app\\API\\V1\\APIV1Controller.php')
 3 SYSTEMPATH\Autoloader\Autoloader.php(267): CodeIgniter\Autoloader\Autoloader->loadInNamespace('App\\API\\V1\\APIV1Controller')
 4 APPPATH\API\V1\Security\Password\Update.php(10): CodeIgniter\Autoloader\Autoloader->loadClass('App\\API\\V1\\APIV1Controller')
 5 SYSTEMPATH\Autoloader\Autoloader.php(312): include_once('D:\\Projects\\KPS\\PHP\\MyUMKM\\Sub\\Regular2\\DapurFirdaus\\CORE\\app\\API\\V1\\Security\\Password\\Update.php')
 6 SYSTEMPATH\Autoloader\Autoloader.php(289): CodeIgniter\Autoloader\Autoloader->includeFile('D:\\Projects\\KPS\\PHP\\MyUMKM\\Sub\\Regular2\\DapurFirdaus\\CORE\\app\\API\\V1\\Security\\Password\\Update.php')
 7 SYSTEMPATH\Autoloader\Autoloader.php(267): CodeIgniter\Autoloader\Autoloader->loadInNamespace('App\\API\\V1\\Security\\Password\\Update')
 8 [internal function]: CodeIgniter\Autoloader\Autoloader->loadClass('App\\API\\V1\\Security\\Password\\Update')
 9 SYSTEMPATH\CodeIgniter.php(892): class_exists('\\App\\API\\V1\\Security\\Password\\Update', true)
10 SYSTEMPATH\CodeIgniter.php(486): CodeIgniter\CodeIgniter->startController()
11 SYSTEMPATH\CodeIgniter.php(368): CodeIgniter\CodeIgniter->handleRequest(null, Object(Config\Cache), false)
12 FCPATH\index.php(71): CodeIgniter\CodeIgniter->run()
13 SYSTEMPATH\Commands\Server\rewrite.php(47): require_once('D:\\Projects\\KPS\\PHP\\MyUMKM\\Sub\\Regular2\\DapurFirdaus\\CORE\\public\\index.php')
WARNING - 2023-08-23 16:27:53 --> [DEPRECATED] Required parameter $return follows optional parameter $payload in APPPATH\API\V1\APIV1Controller.php on line 81.
 1 SYSTEMPATH\Autoloader\Autoloader.php(312): include_once()
 2 SYSTEMPATH\Autoloader\Autoloader.php(289): CodeIgniter\Autoloader\Autoloader->includeFile('D:\\Projects\\KPS\\PHP\\MyUMKM\\Sub\\Regular2\\DapurFirdaus\\CORE\\app\\API\\V1\\APIV1Controller.php')
 3 SYSTEMPATH\Autoloader\Autoloader.php(267): CodeIgniter\Autoloader\Autoloader->loadInNamespace('App\\API\\V1\\APIV1Controller')
 4 APPPATH\API\V1\Security\Password\Update.php(10): CodeIgniter\Autoloader\Autoloader->loadClass('App\\API\\V1\\APIV1Controller')
 5 SYSTEMPATH\Autoloader\Autoloader.php(312): include_once('D:\\Projects\\KPS\\PHP\\MyUMKM\\Sub\\Regular2\\DapurFirdaus\\CORE\\app\\API\\V1\\Security\\Password\\Update.php')
 6 SYSTEMPATH\Autoloader\Autoloader.php(289): CodeIgniter\Autoloader\Autoloader->includeFile('D:\\Projects\\KPS\\PHP\\MyUMKM\\Sub\\Regular2\\DapurFirdaus\\CORE\\app\\API\\V1\\Security\\Password\\Update.php')
 7 SYSTEMPATH\Autoloader\Autoloader.php(267): CodeIgniter\Autoloader\Autoloader->loadInNamespace('App\\API\\V1\\Security\\Password\\Update')
 8 [internal function]: CodeIgniter\Autoloader\Autoloader->loadClass('App\\API\\V1\\Security\\Password\\Update')
 9 SYSTEMPATH\CodeIgniter.php(892): class_exists('\\App\\API\\V1\\Security\\Password\\Update', true)
10 SYSTEMPATH\CodeIgniter.php(486): CodeIgniter\CodeIgniter->startController()
11 SYSTEMPATH\CodeIgniter.php(368): CodeIgniter\CodeIgniter->handleRequest(null, Object(Config\Cache), false)
12 FCPATH\index.php(71): CodeIgniter\CodeIgniter->run()
13 SYSTEMPATH\Commands\Server\rewrite.php(47): require_once('D:\\Projects\\KPS\\PHP\\MyUMKM\\Sub\\Regular2\\DapurFirdaus\\CORE\\public\\index.php')
WARNING - 2023-08-23 16:29:19 --> [DEPRECATED] Required parameter $return follows optional parameter $payload in APPPATH\API\V1\APIV1Controller.php on line 81.
 1 SYSTEMPATH\Autoloader\Autoloader.php(312): include_once()
 2 SYSTEMPATH\Autoloader\Autoloader.php(289): CodeIgniter\Autoloader\Autoloader->includeFile('D:\\Projects\\KPS\\PHP\\MyUMKM\\Sub\\Regular2\\DapurFirdaus\\CORE\\app\\API\\V1\\APIV1Controller.php')
 3 SYSTEMPATH\Autoloader\Autoloader.php(267): CodeIgniter\Autoloader\Autoloader->loadInNamespace('App\\API\\V1\\APIV1Controller')
 4 APPPATH\API\V1\Security\Password\Update.php(10): CodeIgniter\Autoloader\Autoloader->loadClass('App\\API\\V1\\APIV1Controller')
 5 SYSTEMPATH\Autoloader\Autoloader.php(312): include_once('D:\\Projects\\KPS\\PHP\\MyUMKM\\Sub\\Regular2\\DapurFirdaus\\CORE\\app\\API\\V1\\Security\\Password\\Update.php')
 6 SYSTEMPATH\Autoloader\Autoloader.php(289): CodeIgniter\Autoloader\Autoloader->includeFile('D:\\Projects\\KPS\\PHP\\MyUMKM\\Sub\\Regular2\\DapurFirdaus\\CORE\\app\\API\\V1\\Security\\Password\\Update.php')
 7 SYSTEMPATH\Autoloader\Autoloader.php(267): CodeIgniter\Autoloader\Autoloader->loadInNamespace('App\\API\\V1\\Security\\Password\\Update')
 8 [internal function]: CodeIgniter\Autoloader\Autoloader->loadClass('App\\API\\V1\\Security\\Password\\Update')
 9 SYSTEMPATH\CodeIgniter.php(892): class_exists('\\App\\API\\V1\\Security\\Password\\Update', true)
10 SYSTEMPATH\CodeIgniter.php(486): CodeIgniter\CodeIgniter->startController()
11 SYSTEMPATH\CodeIgniter.php(368): CodeIgniter\CodeIgniter->handleRequest(null, Object(Config\Cache), false)
12 FCPATH\index.php(71): CodeIgniter\CodeIgniter->run()
13 SYSTEMPATH\Commands\Server\rewrite.php(47): require_once('D:\\Projects\\KPS\\PHP\\MyUMKM\\Sub\\Regular2\\DapurFirdaus\\CORE\\public\\index.php')
CRITICAL - 2023-08-23 16:29:19 --> Undefined array key "id"
in APPPATH\API\V1\Security\Password\Update.php on line 89.
 1 APPPATH\API\V1\Security\Password\Update.php(89): CodeIgniter\Debug\Exceptions->errorHandler(2, 'Undefined array key "id"', 'D:\\Projects\\KPS\\PHP\\MyUMKM\\Sub\\Regular2\\DapurFirdaus\\CORE\\app\\API\\V1\\Security\\Password\\Update.php', 89)
 2 APPPATH\API\V1\Security\Password\Update.php(73): App\API\V1\Security\Password\Update->update()
 3 APPPATH\API\V1\Security\Password\Update.php(61): App\API\V1\Security\Password\Update->core()
 4 [internal function]: App\API\V1\Security\Password\Update->App\API\V1\Security\Password\{closure}([...], [], [...])
 5 APPPATH\API\V1\APIV1Controller.php(48): call_user_func(Object(Closure), [...], [], [...])
 6 [internal function]: App\API\V1\APIV1Controller->App\API\V1\{closure}()
 7 APPPATH\API\Library\Payload.php(137): call_user_func(Object(Closure))
 8 APPPATH\API\V1\APIV1Controller.php(56): App\API\Library\Payload->validate()
 9 APPPATH\API\V1\APIV1Controller.php(110): App\API\V1\APIV1Controller->payloadChecker()
10 APPPATH\Controllers\ControllerPreProcessor.php(205): App\API\V1\APIV1Controller->App\API\V1\{closure}([...])
11 APPPATH\API\V1\APIV1Controller.php(112): App\Controllers\ControllerPreProcessor->authHandler(Object(Closure), Object(Closure))
12 APPPATH\API\V1\APIV1Controller.php(70): App\API\V1\APIV1Controller->run()
13 APPPATH\API\V1\Security\Password\Update.php(62): App\API\V1\APIV1Controller->setup([...], [...], Object(Closure))
14 SYSTEMPATH\CodeIgniter.php(934): App\API\V1\Security\Password\Update->index()
15 SYSTEMPATH\CodeIgniter.php(499): CodeIgniter\CodeIgniter->runController(Object(App\API\V1\Security\Password\Update))
16 SYSTEMPATH\CodeIgniter.php(368): CodeIgniter\CodeIgniter->handleRequest(null, Object(Config\Cache), false)
17 FCPATH\index.php(71): CodeIgniter\CodeIgniter->run()
18 SYSTEMPATH\Commands\Server\rewrite.php(47): require_once('D:\\Projects\\KPS\\PHP\\MyUMKM\\Sub\\Regular2\\DapurFirdaus\\CORE\\public\\index.php')
WARNING - 2023-08-23 16:29:28 --> [DEPRECATED] Required parameter $return follows optional parameter $payload in APPPATH\API\V1\APIV1Controller.php on line 81.
 1 SYSTEMPATH\Autoloader\Autoloader.php(312): include_once()
 2 SYSTEMPATH\Autoloader\Autoloader.php(289): CodeIgniter\Autoloader\Autoloader->includeFile('D:\\Projects\\KPS\\PHP\\MyUMKM\\Sub\\Regular2\\DapurFirdaus\\CORE\\app\\API\\V1\\APIV1Controller.php')
 3 SYSTEMPATH\Autoloader\Autoloader.php(267): CodeIgniter\Autoloader\Autoloader->loadInNamespace('App\\API\\V1\\APIV1Controller')
 4 APPPATH\API\V1\Security\Password\Update.php(10): CodeIgniter\Autoloader\Autoloader->loadClass('App\\API\\V1\\APIV1Controller')
 5 SYSTEMPATH\Autoloader\Autoloader.php(312): include_once('D:\\Projects\\KPS\\PHP\\MyUMKM\\Sub\\Regular2\\DapurFirdaus\\CORE\\app\\API\\V1\\Security\\Password\\Update.php')
 6 SYSTEMPATH\Autoloader\Autoloader.php(289): CodeIgniter\Autoloader\Autoloader->includeFile('D:\\Projects\\KPS\\PHP\\MyUMKM\\Sub\\Regular2\\DapurFirdaus\\CORE\\app\\API\\V1\\Security\\Password\\Update.php')
 7 SYSTEMPATH\Autoloader\Autoloader.php(267): CodeIgniter\Autoloader\Autoloader->loadInNamespace('App\\API\\V1\\Security\\Password\\Update')
 8 [internal function]: CodeIgniter\Autoloader\Autoloader->loadClass('App\\API\\V1\\Security\\Password\\Update')
 9 SYSTEMPATH\CodeIgniter.php(892): class_exists('\\App\\API\\V1\\Security\\Password\\Update', true)
10 SYSTEMPATH\CodeIgniter.php(486): CodeIgniter\CodeIgniter->startController()
11 SYSTEMPATH\CodeIgniter.php(368): CodeIgniter\CodeIgniter->handleRequest(null, Object(Config\Cache), false)
12 FCPATH\index.php(71): CodeIgniter\CodeIgniter->run()
13 SYSTEMPATH\Commands\Server\rewrite.php(47): require_once('D:\\Projects\\KPS\\PHP\\MyUMKM\\Sub\\Regular2\\DapurFirdaus\\CORE\\public\\index.php')
WARNING - 2023-08-23 16:31:20 --> [DEPRECATED] Required parameter $return follows optional parameter $payload in APPPATH\API\V1\APIV1Controller.php on line 81.
 1 SYSTEMPATH\Autoloader\Autoloader.php(312): include_once()
 2 SYSTEMPATH\Autoloader\Autoloader.php(289): CodeIgniter\Autoloader\Autoloader->includeFile('D:\\Projects\\KPS\\PHP\\MyUMKM\\Sub\\Regular2\\DapurFirdaus\\CORE\\app\\API\\V1\\APIV1Controller.php')
 3 SYSTEMPATH\Autoloader\Autoloader.php(267): CodeIgniter\Autoloader\Autoloader->loadInNamespace('App\\API\\V1\\APIV1Controller')
 4 APPPATH\API\V1\Security\Password\Update.php(10): CodeIgniter\Autoloader\Autoloader->loadClass('App\\API\\V1\\APIV1Controller')
 5 SYSTEMPATH\Autoloader\Autoloader.php(312): include_once('D:\\Projects\\KPS\\PHP\\MyUMKM\\Sub\\Regular2\\DapurFirdaus\\CORE\\app\\API\\V1\\Security\\Password\\Update.php')
 6 SYSTEMPATH\Autoloader\Autoloader.php(289): CodeIgniter\Autoloader\Autoloader->includeFile('D:\\Projects\\KPS\\PHP\\MyUMKM\\Sub\\Regular2\\DapurFirdaus\\CORE\\app\\API\\V1\\Security\\Password\\Update.php')
 7 SYSTEMPATH\Autoloader\Autoloader.php(267): CodeIgniter\Autoloader\Autoloader->loadInNamespace('App\\API\\V1\\Security\\Password\\Update')
 8 [internal function]: CodeIgniter\Autoloader\Autoloader->loadClass('App\\API\\V1\\Security\\Password\\Update')
 9 SYSTEMPATH\CodeIgniter.php(892): class_exists('\\App\\API\\V1\\Security\\Password\\Update', true)
10 SYSTEMPATH\CodeIgniter.php(486): CodeIgniter\CodeIgniter->startController()
11 SYSTEMPATH\CodeIgniter.php(368): CodeIgniter\CodeIgniter->handleRequest(null, Object(Config\Cache), false)
12 FCPATH\index.php(71): CodeIgniter\CodeIgniter->run()
13 SYSTEMPATH\Commands\Server\rewrite.php(47): require_once('D:\\Projects\\KPS\\PHP\\MyUMKM\\Sub\\Regular2\\DapurFirdaus\\CORE\\public\\index.php')
WARNING - 2023-08-23 16:32:01 --> [DEPRECATED] Required parameter $return follows optional parameter $payload in APPPATH\API\V1\APIV1Controller.php on line 81.
 1 SYSTEMPATH\Autoloader\Autoloader.php(312): include_once()
 2 SYSTEMPATH\Autoloader\Autoloader.php(289): CodeIgniter\Autoloader\Autoloader->includeFile('D:\\Projects\\KPS\\PHP\\MyUMKM\\Sub\\Regular2\\DapurFirdaus\\CORE\\app\\API\\V1\\APIV1Controller.php')
 3 SYSTEMPATH\Autoloader\Autoloader.php(267): CodeIgniter\Autoloader\Autoloader->loadInNamespace('App\\API\\V1\\APIV1Controller')
 4 APPPATH\API\V1\Security\Password\Update.php(10): CodeIgniter\Autoloader\Autoloader->loadClass('App\\API\\V1\\APIV1Controller')
 5 SYSTEMPATH\Autoloader\Autoloader.php(312): include_once('D:\\Projects\\KPS\\PHP\\MyUMKM\\Sub\\Regular2\\DapurFirdaus\\CORE\\app\\API\\V1\\Security\\Password\\Update.php')
 6 SYSTEMPATH\Autoloader\Autoloader.php(289): CodeIgniter\Autoloader\Autoloader->includeFile('D:\\Projects\\KPS\\PHP\\MyUMKM\\Sub\\Regular2\\DapurFirdaus\\CORE\\app\\API\\V1\\Security\\Password\\Update.php')
 7 SYSTEMPATH\Autoloader\Autoloader.php(267): CodeIgniter\Autoloader\Autoloader->loadInNamespace('App\\API\\V1\\Security\\Password\\Update')
 8 [internal function]: CodeIgniter\Autoloader\Autoloader->loadClass('App\\API\\V1\\Security\\Password\\Update')
 9 SYSTEMPATH\CodeIgniter.php(892): class_exists('\\App\\API\\V1\\Security\\Password\\Update', true)
10 SYSTEMPATH\CodeIgniter.php(486): CodeIgniter\CodeIgniter->startController()
11 SYSTEMPATH\CodeIgniter.php(368): CodeIgniter\CodeIgniter->handleRequest(null, Object(Config\Cache), false)
12 FCPATH\index.php(71): CodeIgniter\CodeIgniter->run()
13 SYSTEMPATH\Commands\Server\rewrite.php(47): require_once('D:\\Projects\\KPS\\PHP\\MyUMKM\\Sub\\Regular2\\DapurFirdaus\\CORE\\public\\index.php')
WARNING - 2023-08-23 16:36:56 --> [DEPRECATED] Required parameter $return follows optional parameter $payload in APPPATH\API\V1\APIV1Controller.php on line 81.
 1 SYSTEMPATH\Autoloader\Autoloader.php(312): include_once()
 2 SYSTEMPATH\Autoloader\Autoloader.php(289): CodeIgniter\Autoloader\Autoloader->includeFile('D:\\Projects\\KPS\\PHP\\MyUMKM\\Sub\\Regular2\\DapurFirdaus\\CORE\\app\\API\\V1\\APIV1Controller.php')
 3 SYSTEMPATH\Autoloader\Autoloader.php(267): CodeIgniter\Autoloader\Autoloader->loadInNamespace('App\\API\\V1\\APIV1Controller')
 4 APPPATH\API\V1\Security\Password\Update.php(10): CodeIgniter\Autoloader\Autoloader->loadClass('App\\API\\V1\\APIV1Controller')
 5 SYSTEMPATH\Autoloader\Autoloader.php(312): include_once('D:\\Projects\\KPS\\PHP\\MyUMKM\\Sub\\Regular2\\DapurFirdaus\\CORE\\app\\API\\V1\\Security\\Password\\Update.php')
 6 SYSTEMPATH\Autoloader\Autoloader.php(289): CodeIgniter\Autoloader\Autoloader->includeFile('D:\\Projects\\KPS\\PHP\\MyUMKM\\Sub\\Regular2\\DapurFirdaus\\CORE\\app\\API\\V1\\Security\\Password\\Update.php')
 7 SYSTEMPATH\Autoloader\Autoloader.php(267): CodeIgniter\Autoloader\Autoloader->loadInNamespace('App\\API\\V1\\Security\\Password\\Update')
 8 [internal function]: CodeIgniter\Autoloader\Autoloader->loadClass('App\\API\\V1\\Security\\Password\\Update')
 9 SYSTEMPATH\CodeIgniter.php(892): class_exists('\\App\\API\\V1\\Security\\Password\\Update', true)
10 SYSTEMPATH\CodeIgniter.php(486): CodeIgniter\CodeIgniter->startController()
11 SYSTEMPATH\CodeIgniter.php(368): CodeIgniter\CodeIgniter->handleRequest(null, Object(Config\Cache), false)
12 FCPATH\index.php(71): CodeIgniter\CodeIgniter->run()
13 SYSTEMPATH\Commands\Server\rewrite.php(47): require_once('D:\\Projects\\KPS\\PHP\\MyUMKM\\Sub\\Regular2\\DapurFirdaus\\CORE\\public\\index.php')
CRITICAL - 2023-08-23 16:36:56 --> hash(): Argument #1 ($algo) must be a valid hashing algorithm
in APPPATH\API\V1\Security\Password\Update.php on line 90.
 1 APPPATH\API\V1\Security\Password\Update.php(90): hash('123456', 'sha256')
 2 APPPATH\API\V1\Security\Password\Update.php(73): App\API\V1\Security\Password\Update->update()
 3 APPPATH\API\V1\Security\Password\Update.php(61): App\API\V1\Security\Password\Update->core()
 4 [internal function]: App\API\V1\Security\Password\Update->App\API\V1\Security\Password\{closure}([...], [], [...])
 5 APPPATH\API\V1\APIV1Controller.php(48): call_user_func(Object(Closure), [...], [], [...])
 6 [internal function]: App\API\V1\APIV1Controller->App\API\V1\{closure}()
 7 APPPATH\API\Library\Payload.php(137): call_user_func(Object(Closure))
 8 APPPATH\API\V1\APIV1Controller.php(56): App\API\Library\Payload->validate()
 9 APPPATH\API\V1\APIV1Controller.php(110): App\API\V1\APIV1Controller->payloadChecker()
10 APPPATH\Controllers\ControllerPreProcessor.php(205): App\API\V1\APIV1Controller->App\API\V1\{closure}([...])
11 APPPATH\API\V1\APIV1Controller.php(112): App\Controllers\ControllerPreProcessor->authHandler(Object(Closure), Object(Closure))
12 APPPATH\API\V1\APIV1Controller.php(70): App\API\V1\APIV1Controller->run()
13 APPPATH\API\V1\Security\Password\Update.php(62): App\API\V1\APIV1Controller->setup([...], [...], Object(Closure))
14 SYSTEMPATH\CodeIgniter.php(934): App\API\V1\Security\Password\Update->index()
15 SYSTEMPATH\CodeIgniter.php(499): CodeIgniter\CodeIgniter->runController(Object(App\API\V1\Security\Password\Update))
16 SYSTEMPATH\CodeIgniter.php(368): CodeIgniter\CodeIgniter->handleRequest(null, Object(Config\Cache), false)
17 FCPATH\index.php(71): CodeIgniter\CodeIgniter->run()
18 SYSTEMPATH\Commands\Server\rewrite.php(47): require_once('D:\\Projects\\KPS\\PHP\\MyUMKM\\Sub\\Regular2\\DapurFirdaus\\CORE\\public\\index.php')
WARNING - 2023-08-23 16:37:23 --> [DEPRECATED] Required parameter $return follows optional parameter $payload in APPPATH\API\V1\APIV1Controller.php on line 81.
 1 SYSTEMPATH\Autoloader\Autoloader.php(312): include_once()
 2 SYSTEMPATH\Autoloader\Autoloader.php(289): CodeIgniter\Autoloader\Autoloader->includeFile('D:\\Projects\\KPS\\PHP\\MyUMKM\\Sub\\Regular2\\DapurFirdaus\\CORE\\app\\API\\V1\\APIV1Controller.php')
 3 SYSTEMPATH\Autoloader\Autoloader.php(267): CodeIgniter\Autoloader\Autoloader->loadInNamespace('App\\API\\V1\\APIV1Controller')
 4 APPPATH\API\V1\Security\Password\Update.php(10): CodeIgniter\Autoloader\Autoloader->loadClass('App\\API\\V1\\APIV1Controller')
 5 SYSTEMPATH\Autoloader\Autoloader.php(312): include_once('D:\\Projects\\KPS\\PHP\\MyUMKM\\Sub\\Regular2\\DapurFirdaus\\CORE\\app\\API\\V1\\Security\\Password\\Update.php')
 6 SYSTEMPATH\Autoloader\Autoloader.php(289): CodeIgniter\Autoloader\Autoloader->includeFile('D:\\Projects\\KPS\\PHP\\MyUMKM\\Sub\\Regular2\\DapurFirdaus\\CORE\\app\\API\\V1\\Security\\Password\\Update.php')
 7 SYSTEMPATH\Autoloader\Autoloader.php(267): CodeIgniter\Autoloader\Autoloader->loadInNamespace('App\\API\\V1\\Security\\Password\\Update')
 8 [internal function]: CodeIgniter\Autoloader\Autoloader->loadClass('App\\API\\V1\\Security\\Password\\Update')
 9 SYSTEMPATH\CodeIgniter.php(892): class_exists('\\App\\API\\V1\\Security\\Password\\Update', true)
10 SYSTEMPATH\CodeIgniter.php(486): CodeIgniter\CodeIgniter->startController()
11 SYSTEMPATH\CodeIgniter.php(368): CodeIgniter\CodeIgniter->handleRequest(null, Object(Config\Cache), false)
12 FCPATH\index.php(71): CodeIgniter\CodeIgniter->run()
13 SYSTEMPATH\Commands\Server\rewrite.php(47): require_once('D:\\Projects\\KPS\\PHP\\MyUMKM\\Sub\\Regular2\\DapurFirdaus\\CORE\\public\\index.php')
WARNING - 2023-08-23 16:38:11 --> [DEPRECATED] Required parameter $return follows optional parameter $payload in APPPATH\API\V1\APIV1Controller.php on line 81.
 1 SYSTEMPATH\Autoloader\Autoloader.php(312): include_once()
 2 SYSTEMPATH\Autoloader\Autoloader.php(289): CodeIgniter\Autoloader\Autoloader->includeFile('D:\\Projects\\KPS\\PHP\\MyUMKM\\Sub\\Regular2\\DapurFirdaus\\CORE\\app\\API\\V1\\APIV1Controller.php')
 3 SYSTEMPATH\Autoloader\Autoloader.php(267): CodeIgniter\Autoloader\Autoloader->loadInNamespace('App\\API\\V1\\APIV1Controller')
 4 APPPATH\API\V1\Security\Password\Update.php(10): CodeIgniter\Autoloader\Autoloader->loadClass('App\\API\\V1\\APIV1Controller')
 5 SYSTEMPATH\Autoloader\Autoloader.php(312): include_once('D:\\Projects\\KPS\\PHP\\MyUMKM\\Sub\\Regular2\\DapurFirdaus\\CORE\\app\\API\\V1\\Security\\Password\\Update.php')
 6 SYSTEMPATH\Autoloader\Autoloader.php(289): CodeIgniter\Autoloader\Autoloader->includeFile('D:\\Projects\\KPS\\PHP\\MyUMKM\\Sub\\Regular2\\DapurFirdaus\\CORE\\app\\API\\V1\\Security\\Password\\Update.php')
 7 SYSTEMPATH\Autoloader\Autoloader.php(267): CodeIgniter\Autoloader\Autoloader->loadInNamespace('App\\API\\V1\\Security\\Password\\Update')
 8 [internal function]: CodeIgniter\Autoloader\Autoloader->loadClass('App\\API\\V1\\Security\\Password\\Update')
 9 SYSTEMPATH\CodeIgniter.php(892): class_exists('\\App\\API\\V1\\Security\\Password\\Update', true)
10 SYSTEMPATH\CodeIgniter.php(486): CodeIgniter\CodeIgniter->startController()
11 SYSTEMPATH\CodeIgniter.php(368): CodeIgniter\CodeIgniter->handleRequest(null, Object(Config\Cache), false)
12 FCPATH\index.php(71): CodeIgniter\CodeIgniter->run()
13 SYSTEMPATH\Commands\Server\rewrite.php(47): require_once('D:\\Projects\\KPS\\PHP\\MyUMKM\\Sub\\Regular2\\DapurFirdaus\\CORE\\public\\index.php')
CRITICAL - 2023-08-23 16:38:11 --> hash(): Argument #1 ($algo) must be a valid hashing algorithm
in APPPATH\API\V1\Security\Password\Update.php on line 103.
 1 APPPATH\API\V1\Security\Password\Update.php(103): hash('123456', 'sha256')
 2 APPPATH\API\V1\Security\Password\Update.php(73): App\API\V1\Security\Password\Update->update()
 3 APPPATH\API\V1\Security\Password\Update.php(61): App\API\V1\Security\Password\Update->core()
 4 [internal function]: App\API\V1\Security\Password\Update->App\API\V1\Security\Password\{closure}([...], [], [...])
 5 APPPATH\API\V1\APIV1Controller.php(48): call_user_func(Object(Closure), [...], [], [...])
 6 [internal function]: App\API\V1\APIV1Controller->App\API\V1\{closure}()
 7 APPPATH\API\Library\Payload.php(137): call_user_func(Object(Closure))
 8 APPPATH\API\V1\APIV1Controller.php(56): App\API\Library\Payload->validate()
 9 APPPATH\API\V1\APIV1Controller.php(110): App\API\V1\APIV1Controller->payloadChecker()
10 APPPATH\Controllers\ControllerPreProcessor.php(205): App\API\V1\APIV1Controller->App\API\V1\{closure}([...])
11 APPPATH\API\V1\APIV1Controller.php(112): App\Controllers\ControllerPreProcessor->authHandler(Object(Closure), Object(Closure))
12 APPPATH\API\V1\APIV1Controller.php(70): App\API\V1\APIV1Controller->run()
13 APPPATH\API\V1\Security\Password\Update.php(62): App\API\V1\APIV1Controller->setup([...], [...], Object(Closure))
14 SYSTEMPATH\CodeIgniter.php(934): App\API\V1\Security\Password\Update->index()
15 SYSTEMPATH\CodeIgniter.php(499): CodeIgniter\CodeIgniter->runController(Object(App\API\V1\Security\Password\Update))
16 SYSTEMPATH\CodeIgniter.php(368): CodeIgniter\CodeIgniter->handleRequest(null, Object(Config\Cache), false)
17 FCPATH\index.php(71): CodeIgniter\CodeIgniter->run()
18 SYSTEMPATH\Commands\Server\rewrite.php(47): require_once('D:\\Projects\\KPS\\PHP\\MyUMKM\\Sub\\Regular2\\DapurFirdaus\\CORE\\public\\index.php')
WARNING - 2023-08-23 16:38:27 --> [DEPRECATED] Required parameter $return follows optional parameter $payload in APPPATH\API\V1\APIV1Controller.php on line 81.
 1 SYSTEMPATH\Autoloader\Autoloader.php(312): include_once()
 2 SYSTEMPATH\Autoloader\Autoloader.php(289): CodeIgniter\Autoloader\Autoloader->includeFile('D:\\Projects\\KPS\\PHP\\MyUMKM\\Sub\\Regular2\\DapurFirdaus\\CORE\\app\\API\\V1\\APIV1Controller.php')
 3 SYSTEMPATH\Autoloader\Autoloader.php(267): CodeIgniter\Autoloader\Autoloader->loadInNamespace('App\\API\\V1\\APIV1Controller')
 4 APPPATH\API\V1\Security\Password\Update.php(10): CodeIgniter\Autoloader\Autoloader->loadClass('App\\API\\V1\\APIV1Controller')
 5 SYSTEMPATH\Autoloader\Autoloader.php(312): include_once('D:\\Projects\\KPS\\PHP\\MyUMKM\\Sub\\Regular2\\DapurFirdaus\\CORE\\app\\API\\V1\\Security\\Password\\Update.php')
 6 SYSTEMPATH\Autoloader\Autoloader.php(289): CodeIgniter\Autoloader\Autoloader->includeFile('D:\\Projects\\KPS\\PHP\\MyUMKM\\Sub\\Regular2\\DapurFirdaus\\CORE\\app\\API\\V1\\Security\\Password\\Update.php')
 7 SYSTEMPATH\Autoloader\Autoloader.php(267): CodeIgniter\Autoloader\Autoloader->loadInNamespace('App\\API\\V1\\Security\\Password\\Update')
 8 [internal function]: CodeIgniter\Autoloader\Autoloader->loadClass('App\\API\\V1\\Security\\Password\\Update')
 9 SYSTEMPATH\CodeIgniter.php(892): class_exists('\\App\\API\\V1\\Security\\Password\\Update', true)
10 SYSTEMPATH\CodeIgniter.php(486): CodeIgniter\CodeIgniter->startController()
11 SYSTEMPATH\CodeIgniter.php(368): CodeIgniter\CodeIgniter->handleRequest(null, Object(Config\Cache), false)
12 FCPATH\index.php(71): CodeIgniter\CodeIgniter->run()
13 SYSTEMPATH\Commands\Server\rewrite.php(47): require_once('D:\\Projects\\KPS\\PHP\\MyUMKM\\Sub\\Regular2\\DapurFirdaus\\CORE\\public\\index.php')
WARNING - 2023-08-23 16:42:31 --> [DEPRECATED] Required parameter $return follows optional parameter $payload in APPPATH\API\V1\APIV1Controller.php on line 81.
 1 SYSTEMPATH\Autoloader\Autoloader.php(312): include_once()
 2 SYSTEMPATH\Autoloader\Autoloader.php(289): CodeIgniter\Autoloader\Autoloader->includeFile('D:\\Projects\\KPS\\PHP\\MyUMKM\\Sub\\Regular2\\DapurFirdaus\\CORE\\app\\API\\V1\\APIV1Controller.php')
 3 SYSTEMPATH\Autoloader\Autoloader.php(267): CodeIgniter\Autoloader\Autoloader->loadInNamespace('App\\API\\V1\\APIV1Controller')
 4 APPPATH\API\V1\Security\Password\Update.php(10): CodeIgniter\Autoloader\Autoloader->loadClass('App\\API\\V1\\APIV1Controller')
 5 SYSTEMPATH\Autoloader\Autoloader.php(312): include_once('D:\\Projects\\KPS\\PHP\\MyUMKM\\Sub\\Regular2\\DapurFirdaus\\CORE\\app\\API\\V1\\Security\\Password\\Update.php')
 6 SYSTEMPATH\Autoloader\Autoloader.php(289): CodeIgniter\Autoloader\Autoloader->includeFile('D:\\Projects\\KPS\\PHP\\MyUMKM\\Sub\\Regular2\\DapurFirdaus\\CORE\\app\\API\\V1\\Security\\Password\\Update.php')
 7 SYSTEMPATH\Autoloader\Autoloader.php(267): CodeIgniter\Autoloader\Autoloader->loadInNamespace('App\\API\\V1\\Security\\Password\\Update')
 8 [internal function]: CodeIgniter\Autoloader\Autoloader->loadClass('App\\API\\V1\\Security\\Password\\Update')
 9 SYSTEMPATH\CodeIgniter.php(892): class_exists('\\App\\API\\V1\\Security\\Password\\Update', true)
10 SYSTEMPATH\CodeIgniter.php(486): CodeIgniter\CodeIgniter->startController()
11 SYSTEMPATH\CodeIgniter.php(368): CodeIgniter\CodeIgniter->handleRequest(null, Object(Config\Cache), false)
12 FCPATH\index.php(71): CodeIgniter\CodeIgniter->run()
13 SYSTEMPATH\Commands\Server\rewrite.php(47): require_once('D:\\Projects\\KPS\\PHP\\MyUMKM\\Sub\\Regular2\\DapurFirdaus\\CORE\\public\\index.php')
WARNING - 2023-08-23 16:42:38 --> [DEPRECATED] Required parameter $return follows optional parameter $payload in APPPATH\API\V1\APIV1Controller.php on line 81.
 1 SYSTEMPATH\Autoloader\Autoloader.php(312): include_once()
 2 SYSTEMPATH\Autoloader\Autoloader.php(289): CodeIgniter\Autoloader\Autoloader->includeFile('D:\\Projects\\KPS\\PHP\\MyUMKM\\Sub\\Regular2\\DapurFirdaus\\CORE\\app\\API\\V1\\APIV1Controller.php')
 3 SYSTEMPATH\Autoloader\Autoloader.php(267): CodeIgniter\Autoloader\Autoloader->loadInNamespace('App\\API\\V1\\APIV1Controller')
 4 APPPATH\API\V1\Security\Password\Update.php(10): CodeIgniter\Autoloader\Autoloader->loadClass('App\\API\\V1\\APIV1Controller')
 5 SYSTEMPATH\Autoloader\Autoloader.php(312): include_once('D:\\Projects\\KPS\\PHP\\MyUMKM\\Sub\\Regular2\\DapurFirdaus\\CORE\\app\\API\\V1\\Security\\Password\\Update.php')
 6 SYSTEMPATH\Autoloader\Autoloader.php(289): CodeIgniter\Autoloader\Autoloader->includeFile('D:\\Projects\\KPS\\PHP\\MyUMKM\\Sub\\Regular2\\DapurFirdaus\\CORE\\app\\API\\V1\\Security\\Password\\Update.php')
 7 SYSTEMPATH\Autoloader\Autoloader.php(267): CodeIgniter\Autoloader\Autoloader->loadInNamespace('App\\API\\V1\\Security\\Password\\Update')
 8 [internal function]: CodeIgniter\Autoloader\Autoloader->loadClass('App\\API\\V1\\Security\\Password\\Update')
 9 SYSTEMPATH\CodeIgniter.php(892): class_exists('\\App\\API\\V1\\Security\\Password\\Update', true)
10 SYSTEMPATH\CodeIgniter.php(486): CodeIgniter\CodeIgniter->startController()
11 SYSTEMPATH\CodeIgniter.php(368): CodeIgniter\CodeIgniter->handleRequest(null, Object(Config\Cache), false)
12 FCPATH\index.php(71): CodeIgniter\CodeIgniter->run()
13 SYSTEMPATH\Commands\Server\rewrite.php(47): require_once('D:\\Projects\\KPS\\PHP\\MyUMKM\\Sub\\Regular2\\DapurFirdaus\\CORE\\public\\index.php')
