WARNING - 2023-08-07 10:50:08 --> [DEPRECATED] Optional parameter $payload declared before required parameter $return is implicitly treated as a required parameter in APPPATH\API\V1\APIV1Controller.php on line 77.
 1 SYSTEMPATH\Autoloader\Autoloader.php(312): include_once('D:\\Projects\\KPS\\PHP\\CI4_Cores\\vendor\\codeigniter4\\framework\\system\\Debug\\Exceptions.php')
 2 SYSTEMPATH\Autoloader\Autoloader.php(289): CodeIgniter\Autoloader\Autoloader->includeFile('D:\\Projects\\KPS\\PHP\\MyUMKM\\Sub\\DapurFirdaus\\app\\API\\V1\\APIV1Controller.php')
 3 SYSTEMPATH\Autoloader\Autoloader.php(267): CodeIgniter\Autoloader\Autoloader->loadInNamespace('App\\API\\V1\\APIV1Controller')
 4 APPPATH\API\V1\Auth\Account\Login.php(10): CodeIgniter\Autoloader\Autoloader->loadClass('App\\API\\V1\\APIV1Controller')
 5 SYSTEMPATH\Autoloader\Autoloader.php(312): include_once('D:\\Projects\\KPS\\PHP\\MyUMKM\\Sub\\DapurFirdaus\\app\\API\\V1\\Auth\\Account\\Login.php')
 6 SYSTEMPATH\Autoloader\Autoloader.php(289): CodeIgniter\Autoloader\Autoloader->includeFile('D:\\Projects\\KPS\\PHP\\MyUMKM\\Sub\\DapurFirdaus\\app\\API\\V1\\Auth\\Account\\Login.php')
 7 SYSTEMPATH\Autoloader\Autoloader.php(267): CodeIgniter\Autoloader\Autoloader->loadInNamespace('App\\API\\V1\\Auth\\Account\\Login')
 8 [internal function]: CodeIgniter\Autoloader\Autoloader->loadClass('App\\API\\V1\\Auth\\Account\\Login')
 9 SYSTEMPATH\CodeIgniter.php(892): class_exists('\\App\\API\\V1\\Auth\\Account\\Login', true)
10 SYSTEMPATH\CodeIgniter.php(486): CodeIgniter\CodeIgniter->startController()
11 SYSTEMPATH\CodeIgniter.php(368): CodeIgniter\CodeIgniter->handleRequest(null, Object(Config\Cache), false)
12 FCPATH\index.php(70): CodeIgniter\CodeIgniter->run()
13 SYSTEMPATH\Commands\Server\rewrite.php(47): require_once('D:\\Projects\\KPS\\PHP\\MyUMKM\\Sub\\DapurFirdaus\\public\\index.php')
WARNING - 2023-08-07 10:50:08 --> [DEPRECATED] Optional parameter $addon declared before required parameter $return is implicitly treated as a required parameter in APPPATH\API\V1\APIV1Controller.php on line 0.
 1 SYSTEMPATH\Autoloader\Autoloader.php(312): include_once('D:\\Projects\\KPS\\PHP\\CI4_Cores\\vendor\\codeigniter4\\framework\\system\\Debug\\Exceptions.php')
 2 SYSTEMPATH\Autoloader\Autoloader.php(289): CodeIgniter\Autoloader\Autoloader->includeFile('D:\\Projects\\KPS\\PHP\\MyUMKM\\Sub\\DapurFirdaus\\app\\API\\V1\\APIV1Controller.php')
 3 SYSTEMPATH\Autoloader\Autoloader.php(267): CodeIgniter\Autoloader\Autoloader->loadInNamespace('App\\API\\V1\\APIV1Controller')
 4 APPPATH\API\V1\Auth\Account\Login.php(10): CodeIgniter\Autoloader\Autoloader->loadClass('App\\API\\V1\\APIV1Controller')
 5 SYSTEMPATH\Autoloader\Autoloader.php(312): include_once('D:\\Projects\\KPS\\PHP\\MyUMKM\\Sub\\DapurFirdaus\\app\\API\\V1\\Auth\\Account\\Login.php')
 6 SYSTEMPATH\Autoloader\Autoloader.php(289): CodeIgniter\Autoloader\Autoloader->includeFile('D:\\Projects\\KPS\\PHP\\MyUMKM\\Sub\\DapurFirdaus\\app\\API\\V1\\Auth\\Account\\Login.php')
 7 SYSTEMPATH\Autoloader\Autoloader.php(267): CodeIgniter\Autoloader\Autoloader->loadInNamespace('App\\API\\V1\\Auth\\Account\\Login')
 8 [internal function]: CodeIgniter\Autoloader\Autoloader->loadClass('App\\API\\V1\\Auth\\Account\\Login')
 9 SYSTEMPATH\CodeIgniter.php(892): class_exists('\\App\\API\\V1\\Auth\\Account\\Login', true)
10 SYSTEMPATH\CodeIgniter.php(486): CodeIgniter\CodeIgniter->startController()
11 SYSTEMPATH\CodeIgniter.php(368): CodeIgniter\CodeIgniter->handleRequest(null, Object(Config\Cache), false)
12 FCPATH\index.php(70): CodeIgniter\CodeIgniter->run()
13 SYSTEMPATH\Commands\Server\rewrite.php(47): require_once('D:\\Projects\\KPS\\PHP\\MyUMKM\\Sub\\DapurFirdaus\\public\\index.php')
WARNING - 2023-08-07 10:50:08 --> [DEPRECATED] strpos(): Passing null to parameter #1 ($haystack) of type string is deprecated in APPPATH\API\APIController.php on line 206.
 1 APPPATH\API\APIController.php(206): strpos(null, 'form-data')
 2 APPPATH\API\V1\APIV1Controller.php(99): App\API\APIController->getFile()
 3 APPPATH\API\V1\APIV1Controller.php(66): App\API\V1\APIV1Controller->run()
 4 APPPATH\API\V1\Auth\Account\Login.php(52): App\API\V1\APIV1Controller->setup([...], [], Object(Closure))
 5 SYSTEMPATH\CodeIgniter.php(934): App\API\V1\Auth\Account\Login->index()
 6 SYSTEMPATH\CodeIgniter.php(499): CodeIgniter\CodeIgniter->runController(Object(App\API\V1\Auth\Account\Login))
 7 SYSTEMPATH\CodeIgniter.php(368): CodeIgniter\CodeIgniter->handleRequest(null, Object(Config\Cache), false)
 8 FCPATH\index.php(70): CodeIgniter\CodeIgniter->run()
 9 SYSTEMPATH\Commands\Server\rewrite.php(47): require_once('D:\\Projects\\KPS\\PHP\\MyUMKM\\Sub\\DapurFirdaus\\public\\index.php')
CRITICAL - 2023-08-07 10:50:08 --> Call to undefined method App\API\V1\Auth\Account\Login::responseData()
in APPPATH\API\V1\Auth\Account\Login.php on line 67.
 1 APPPATH\API\V1\Auth\Account\Login.php(51): App\API\V1\Auth\Account\Login->core()
 2 [internal function]: App\API\V1\Auth\Account\Login->App\API\V1\Auth\Account\{closure}([...], [])
 3 APPPATH\API\V1\APIV1Controller.php(43): call_user_func(Object(Closure), [...], [])
 4 [internal function]: App\API\V1\APIV1Controller->App\API\V1\{closure}()
 5 APPPATH\API\Library\Payload.php(125): call_user_func(Object(Closure))
 6 APPPATH\API\V1\APIV1Controller.php(50): App\API\Library\Payload->validate()
 7 APPPATH\API\V1\APIV1Controller.php(106): App\API\V1\APIV1Controller->payloadChecker()
 8 APPPATH\Controllers\ControllerPreProcessor.php(204): App\API\V1\APIV1Controller->App\API\V1\{closure}([...])
 9 APPPATH\API\V1\APIV1Controller.php(108): App\Controllers\ControllerPreProcessor->authHandler(Object(Closure), Object(Closure))
10 APPPATH\API\V1\APIV1Controller.php(66): App\API\V1\APIV1Controller->run()
11 APPPATH\API\V1\Auth\Account\Login.php(52): App\API\V1\APIV1Controller->setup([...], [], Object(Closure))
12 SYSTEMPATH\CodeIgniter.php(934): App\API\V1\Auth\Account\Login->index()
13 SYSTEMPATH\CodeIgniter.php(499): CodeIgniter\CodeIgniter->runController(Object(App\API\V1\Auth\Account\Login))
14 SYSTEMPATH\CodeIgniter.php(368): CodeIgniter\CodeIgniter->handleRequest(null, Object(Config\Cache), false)
15 FCPATH\index.php(70): CodeIgniter\CodeIgniter->run()
16 SYSTEMPATH\Commands\Server\rewrite.php(47): require_once('D:\\Projects\\KPS\\PHP\\MyUMKM\\Sub\\DapurFirdaus\\public\\index.php')
WARNING - 2023-08-07 10:50:38 --> [DEPRECATED] Optional parameter $payload declared before required parameter $return is implicitly treated as a required parameter in APPPATH\API\V1\APIV1Controller.php on line 77.
 1 SYSTEMPATH\Autoloader\Autoloader.php(312): include_once('D:\\Projects\\KPS\\PHP\\CI4_Cores\\vendor\\codeigniter4\\framework\\system\\Debug\\Exceptions.php')
 2 SYSTEMPATH\Autoloader\Autoloader.php(289): CodeIgniter\Autoloader\Autoloader->includeFile('D:\\Projects\\KPS\\PHP\\MyUMKM\\Sub\\DapurFirdaus\\app\\API\\V1\\APIV1Controller.php')
 3 SYSTEMPATH\Autoloader\Autoloader.php(267): CodeIgniter\Autoloader\Autoloader->loadInNamespace('App\\API\\V1\\APIV1Controller')
 4 APPPATH\API\V1\Auth\Account\Login.php(10): CodeIgniter\Autoloader\Autoloader->loadClass('App\\API\\V1\\APIV1Controller')
 5 SYSTEMPATH\Autoloader\Autoloader.php(312): include_once('D:\\Projects\\KPS\\PHP\\MyUMKM\\Sub\\DapurFirdaus\\app\\API\\V1\\Auth\\Account\\Login.php')
 6 SYSTEMPATH\Autoloader\Autoloader.php(289): CodeIgniter\Autoloader\Autoloader->includeFile('D:\\Projects\\KPS\\PHP\\MyUMKM\\Sub\\DapurFirdaus\\app\\API\\V1\\Auth\\Account\\Login.php')
 7 SYSTEMPATH\Autoloader\Autoloader.php(267): CodeIgniter\Autoloader\Autoloader->loadInNamespace('App\\API\\V1\\Auth\\Account\\Login')
 8 [internal function]: CodeIgniter\Autoloader\Autoloader->loadClass('App\\API\\V1\\Auth\\Account\\Login')
 9 SYSTEMPATH\CodeIgniter.php(892): class_exists('\\App\\API\\V1\\Auth\\Account\\Login', true)
10 SYSTEMPATH\CodeIgniter.php(486): CodeIgniter\CodeIgniter->startController()
11 SYSTEMPATH\CodeIgniter.php(368): CodeIgniter\CodeIgniter->handleRequest(null, Object(Config\Cache), false)
12 FCPATH\index.php(70): CodeIgniter\CodeIgniter->run()
13 SYSTEMPATH\Commands\Server\rewrite.php(47): require_once('D:\\Projects\\KPS\\PHP\\MyUMKM\\Sub\\DapurFirdaus\\public\\index.php')
WARNING - 2023-08-07 10:50:38 --> [DEPRECATED] Optional parameter $addon declared before required parameter $return is implicitly treated as a required parameter in APPPATH\API\V1\APIV1Controller.php on line 0.
 1 SYSTEMPATH\Autoloader\Autoloader.php(312): include_once('D:\\Projects\\KPS\\PHP\\CI4_Cores\\vendor\\codeigniter4\\framework\\system\\Debug\\Exceptions.php')
 2 SYSTEMPATH\Autoloader\Autoloader.php(289): CodeIgniter\Autoloader\Autoloader->includeFile('D:\\Projects\\KPS\\PHP\\MyUMKM\\Sub\\DapurFirdaus\\app\\API\\V1\\APIV1Controller.php')
 3 SYSTEMPATH\Autoloader\Autoloader.php(267): CodeIgniter\Autoloader\Autoloader->loadInNamespace('App\\API\\V1\\APIV1Controller')
 4 APPPATH\API\V1\Auth\Account\Login.php(10): CodeIgniter\Autoloader\Autoloader->loadClass('App\\API\\V1\\APIV1Controller')
 5 SYSTEMPATH\Autoloader\Autoloader.php(312): include_once('D:\\Projects\\KPS\\PHP\\MyUMKM\\Sub\\DapurFirdaus\\app\\API\\V1\\Auth\\Account\\Login.php')
 6 SYSTEMPATH\Autoloader\Autoloader.php(289): CodeIgniter\Autoloader\Autoloader->includeFile('D:\\Projects\\KPS\\PHP\\MyUMKM\\Sub\\DapurFirdaus\\app\\API\\V1\\Auth\\Account\\Login.php')
 7 SYSTEMPATH\Autoloader\Autoloader.php(267): CodeIgniter\Autoloader\Autoloader->loadInNamespace('App\\API\\V1\\Auth\\Account\\Login')
 8 [internal function]: CodeIgniter\Autoloader\Autoloader->loadClass('App\\API\\V1\\Auth\\Account\\Login')
 9 SYSTEMPATH\CodeIgniter.php(892): class_exists('\\App\\API\\V1\\Auth\\Account\\Login', true)
10 SYSTEMPATH\CodeIgniter.php(486): CodeIgniter\CodeIgniter->startController()
11 SYSTEMPATH\CodeIgniter.php(368): CodeIgniter\CodeIgniter->handleRequest(null, Object(Config\Cache), false)
12 FCPATH\index.php(70): CodeIgniter\CodeIgniter->run()
13 SYSTEMPATH\Commands\Server\rewrite.php(47): require_once('D:\\Projects\\KPS\\PHP\\MyUMKM\\Sub\\DapurFirdaus\\public\\index.php')
WARNING - 2023-08-07 10:50:38 --> [DEPRECATED] strpos(): Passing null to parameter #1 ($haystack) of type string is deprecated in APPPATH\API\APIController.php on line 206.
 1 APPPATH\API\APIController.php(206): strpos(null, 'form-data')
 2 APPPATH\API\V1\APIV1Controller.php(99): App\API\APIController->getFile()
 3 APPPATH\API\V1\APIV1Controller.php(66): App\API\V1\APIV1Controller->run()
 4 APPPATH\API\V1\Auth\Account\Login.php(52): App\API\V1\APIV1Controller->setup([...], [], Object(Closure))
 5 SYSTEMPATH\CodeIgniter.php(934): App\API\V1\Auth\Account\Login->index()
 6 SYSTEMPATH\CodeIgniter.php(499): CodeIgniter\CodeIgniter->runController(Object(App\API\V1\Auth\Account\Login))
 7 SYSTEMPATH\CodeIgniter.php(368): CodeIgniter\CodeIgniter->handleRequest(null, Object(Config\Cache), false)
 8 FCPATH\index.php(70): CodeIgniter\CodeIgniter->run()
 9 SYSTEMPATH\Commands\Server\rewrite.php(47): require_once('D:\\Projects\\KPS\\PHP\\MyUMKM\\Sub\\DapurFirdaus\\public\\index.php')
WARNING - 2023-08-07 10:50:48 --> [DEPRECATED] Optional parameter $payload declared before required parameter $return is implicitly treated as a required parameter in APPPATH\API\V1\APIV1Controller.php on line 77.
 1 SYSTEMPATH\Autoloader\Autoloader.php(312): include_once('D:\\Projects\\KPS\\PHP\\CI4_Cores\\vendor\\codeigniter4\\framework\\system\\Debug\\Exceptions.php')
 2 SYSTEMPATH\Autoloader\Autoloader.php(289): CodeIgniter\Autoloader\Autoloader->includeFile('D:\\Projects\\KPS\\PHP\\MyUMKM\\Sub\\DapurFirdaus\\app\\API\\V1\\APIV1Controller.php')
 3 SYSTEMPATH\Autoloader\Autoloader.php(267): CodeIgniter\Autoloader\Autoloader->loadInNamespace('App\\API\\V1\\APIV1Controller')
 4 APPPATH\API\V1\Catalog\Product\Category\Update.php(11): CodeIgniter\Autoloader\Autoloader->loadClass('App\\API\\V1\\APIV1Controller')
 5 SYSTEMPATH\Autoloader\Autoloader.php(312): include_once('D:\\Projects\\KPS\\PHP\\MyUMKM\\Sub\\DapurFirdaus\\app\\API\\V1\\Catalog\\Product\\Category\\Update.php')
 6 SYSTEMPATH\Autoloader\Autoloader.php(289): CodeIgniter\Autoloader\Autoloader->includeFile('D:\\Projects\\KPS\\PHP\\MyUMKM\\Sub\\DapurFirdaus\\app\\API\\V1\\Catalog\\Product\\Category\\Update.php')
 7 SYSTEMPATH\Autoloader\Autoloader.php(267): CodeIgniter\Autoloader\Autoloader->loadInNamespace('App\\API\\V1\\Catalog\\Product\\Category\\Update')
 8 [internal function]: CodeIgniter\Autoloader\Autoloader->loadClass('App\\API\\V1\\Catalog\\Product\\Category\\Update')
 9 SYSTEMPATH\CodeIgniter.php(892): class_exists('\\App\\API\\V1\\Catalog\\Product\\Category\\Update', true)
10 SYSTEMPATH\CodeIgniter.php(486): CodeIgniter\CodeIgniter->startController()
11 SYSTEMPATH\CodeIgniter.php(368): CodeIgniter\CodeIgniter->handleRequest(null, Object(Config\Cache), false)
12 FCPATH\index.php(70): CodeIgniter\CodeIgniter->run()
13 SYSTEMPATH\Commands\Server\rewrite.php(47): require_once('D:\\Projects\\KPS\\PHP\\MyUMKM\\Sub\\DapurFirdaus\\public\\index.php')
WARNING - 2023-08-07 10:50:48 --> [DEPRECATED] Optional parameter $addon declared before required parameter $return is implicitly treated as a required parameter in APPPATH\API\V1\APIV1Controller.php on line 0.
 1 SYSTEMPATH\Autoloader\Autoloader.php(312): include_once('D:\\Projects\\KPS\\PHP\\CI4_Cores\\vendor\\codeigniter4\\framework\\system\\Debug\\Exceptions.php')
 2 SYSTEMPATH\Autoloader\Autoloader.php(289): CodeIgniter\Autoloader\Autoloader->includeFile('D:\\Projects\\KPS\\PHP\\MyUMKM\\Sub\\DapurFirdaus\\app\\API\\V1\\APIV1Controller.php')
 3 SYSTEMPATH\Autoloader\Autoloader.php(267): CodeIgniter\Autoloader\Autoloader->loadInNamespace('App\\API\\V1\\APIV1Controller')
 4 APPPATH\API\V1\Catalog\Product\Category\Update.php(11): CodeIgniter\Autoloader\Autoloader->loadClass('App\\API\\V1\\APIV1Controller')
 5 SYSTEMPATH\Autoloader\Autoloader.php(312): include_once('D:\\Projects\\KPS\\PHP\\MyUMKM\\Sub\\DapurFirdaus\\app\\API\\V1\\Catalog\\Product\\Category\\Update.php')
 6 SYSTEMPATH\Autoloader\Autoloader.php(289): CodeIgniter\Autoloader\Autoloader->includeFile('D:\\Projects\\KPS\\PHP\\MyUMKM\\Sub\\DapurFirdaus\\app\\API\\V1\\Catalog\\Product\\Category\\Update.php')
 7 SYSTEMPATH\Autoloader\Autoloader.php(267): CodeIgniter\Autoloader\Autoloader->loadInNamespace('App\\API\\V1\\Catalog\\Product\\Category\\Update')
 8 [internal function]: CodeIgniter\Autoloader\Autoloader->loadClass('App\\API\\V1\\Catalog\\Product\\Category\\Update')
 9 SYSTEMPATH\CodeIgniter.php(892): class_exists('\\App\\API\\V1\\Catalog\\Product\\Category\\Update', true)
10 SYSTEMPATH\CodeIgniter.php(486): CodeIgniter\CodeIgniter->startController()
11 SYSTEMPATH\CodeIgniter.php(368): CodeIgniter\CodeIgniter->handleRequest(null, Object(Config\Cache), false)
12 FCPATH\index.php(70): CodeIgniter\CodeIgniter->run()
13 SYSTEMPATH\Commands\Server\rewrite.php(47): require_once('D:\\Projects\\KPS\\PHP\\MyUMKM\\Sub\\DapurFirdaus\\public\\index.php')
WARNING - 2023-08-07 10:58:56 --> [DEPRECATED] Optional parameter $payload declared before required parameter $return is implicitly treated as a required parameter in APPPATH\API\V1\APIV1Controller.php on line 77.
 1 SYSTEMPATH\Autoloader\Autoloader.php(312): include_once('D:\\Projects\\KPS\\PHP\\CI4_Cores\\vendor\\codeigniter4\\framework\\system\\Debug\\Exceptions.php')
 2 SYSTEMPATH\Autoloader\Autoloader.php(289): CodeIgniter\Autoloader\Autoloader->includeFile('D:\\Projects\\KPS\\PHP\\MyUMKM\\Sub\\DapurFirdaus\\app\\API\\V1\\APIV1Controller.php')
 3 SYSTEMPATH\Autoloader\Autoloader.php(267): CodeIgniter\Autoloader\Autoloader->loadInNamespace('App\\API\\V1\\APIV1Controller')
 4 APPPATH\API\V1\Catalog\Product\Category\Update.php(11): CodeIgniter\Autoloader\Autoloader->loadClass('App\\API\\V1\\APIV1Controller')
 5 SYSTEMPATH\Autoloader\Autoloader.php(312): include_once('D:\\Projects\\KPS\\PHP\\MyUMKM\\Sub\\DapurFirdaus\\app\\API\\V1\\Catalog\\Product\\Category\\Update.php')
 6 SYSTEMPATH\Autoloader\Autoloader.php(289): CodeIgniter\Autoloader\Autoloader->includeFile('D:\\Projects\\KPS\\PHP\\MyUMKM\\Sub\\DapurFirdaus\\app\\API\\V1\\Catalog\\Product\\Category\\Update.php')
 7 SYSTEMPATH\Autoloader\Autoloader.php(267): CodeIgniter\Autoloader\Autoloader->loadInNamespace('App\\API\\V1\\Catalog\\Product\\Category\\Update')
 8 [internal function]: CodeIgniter\Autoloader\Autoloader->loadClass('App\\API\\V1\\Catalog\\Product\\Category\\Update')
 9 SYSTEMPATH\CodeIgniter.php(892): class_exists('\\App\\API\\V1\\Catalog\\Product\\Category\\Update', true)
10 SYSTEMPATH\CodeIgniter.php(486): CodeIgniter\CodeIgniter->startController()
11 SYSTEMPATH\CodeIgniter.php(368): CodeIgniter\CodeIgniter->handleRequest(null, Object(Config\Cache), false)
12 FCPATH\index.php(70): CodeIgniter\CodeIgniter->run()
13 SYSTEMPATH\Commands\Server\rewrite.php(47): require_once('D:\\Projects\\KPS\\PHP\\MyUMKM\\Sub\\DapurFirdaus\\public\\index.php')
WARNING - 2023-08-07 10:58:56 --> [DEPRECATED] Optional parameter $addon declared before required parameter $return is implicitly treated as a required parameter in APPPATH\API\V1\APIV1Controller.php on line 0.
 1 SYSTEMPATH\Autoloader\Autoloader.php(312): include_once('D:\\Projects\\KPS\\PHP\\CI4_Cores\\vendor\\codeigniter4\\framework\\system\\Debug\\Exceptions.php')
 2 SYSTEMPATH\Autoloader\Autoloader.php(289): CodeIgniter\Autoloader\Autoloader->includeFile('D:\\Projects\\KPS\\PHP\\MyUMKM\\Sub\\DapurFirdaus\\app\\API\\V1\\APIV1Controller.php')
 3 SYSTEMPATH\Autoloader\Autoloader.php(267): CodeIgniter\Autoloader\Autoloader->loadInNamespace('App\\API\\V1\\APIV1Controller')
 4 APPPATH\API\V1\Catalog\Product\Category\Update.php(11): CodeIgniter\Autoloader\Autoloader->loadClass('App\\API\\V1\\APIV1Controller')
 5 SYSTEMPATH\Autoloader\Autoloader.php(312): include_once('D:\\Projects\\KPS\\PHP\\MyUMKM\\Sub\\DapurFirdaus\\app\\API\\V1\\Catalog\\Product\\Category\\Update.php')
 6 SYSTEMPATH\Autoloader\Autoloader.php(289): CodeIgniter\Autoloader\Autoloader->includeFile('D:\\Projects\\KPS\\PHP\\MyUMKM\\Sub\\DapurFirdaus\\app\\API\\V1\\Catalog\\Product\\Category\\Update.php')
 7 SYSTEMPATH\Autoloader\Autoloader.php(267): CodeIgniter\Autoloader\Autoloader->loadInNamespace('App\\API\\V1\\Catalog\\Product\\Category\\Update')
 8 [internal function]: CodeIgniter\Autoloader\Autoloader->loadClass('App\\API\\V1\\Catalog\\Product\\Category\\Update')
 9 SYSTEMPATH\CodeIgniter.php(892): class_exists('\\App\\API\\V1\\Catalog\\Product\\Category\\Update', true)
10 SYSTEMPATH\CodeIgniter.php(486): CodeIgniter\CodeIgniter->startController()
11 SYSTEMPATH\CodeIgniter.php(368): CodeIgniter\CodeIgniter->handleRequest(null, Object(Config\Cache), false)
12 FCPATH\index.php(70): CodeIgniter\CodeIgniter->run()
13 SYSTEMPATH\Commands\Server\rewrite.php(47): require_once('D:\\Projects\\KPS\\PHP\\MyUMKM\\Sub\\DapurFirdaus\\public\\index.php')
CRITICAL - 2023-08-07 10:58:56 --> Cannot use int as default value for parameter $enums of type array
in APPPATH\API\Library\Payload.php on line 296.
 1 [internal function]: CodeIgniter\Debug\Exceptions->shutdownHandler()
WARNING - 2023-08-07 10:59:25 --> [DEPRECATED] Optional parameter $payload declared before required parameter $return is implicitly treated as a required parameter in APPPATH\API\V1\APIV1Controller.php on line 77.
 1 SYSTEMPATH\Autoloader\Autoloader.php(312): include_once('D:\\Projects\\KPS\\PHP\\CI4_Cores\\vendor\\codeigniter4\\framework\\system\\Debug\\Exceptions.php')
 2 SYSTEMPATH\Autoloader\Autoloader.php(289): CodeIgniter\Autoloader\Autoloader->includeFile('D:\\Projects\\KPS\\PHP\\MyUMKM\\Sub\\DapurFirdaus\\app\\API\\V1\\APIV1Controller.php')
 3 SYSTEMPATH\Autoloader\Autoloader.php(267): CodeIgniter\Autoloader\Autoloader->loadInNamespace('App\\API\\V1\\APIV1Controller')
 4 APPPATH\API\V1\Catalog\Product\Category\Update.php(11): CodeIgniter\Autoloader\Autoloader->loadClass('App\\API\\V1\\APIV1Controller')
 5 SYSTEMPATH\Autoloader\Autoloader.php(312): include_once('D:\\Projects\\KPS\\PHP\\MyUMKM\\Sub\\DapurFirdaus\\app\\API\\V1\\Catalog\\Product\\Category\\Update.php')
 6 SYSTEMPATH\Autoloader\Autoloader.php(289): CodeIgniter\Autoloader\Autoloader->includeFile('D:\\Projects\\KPS\\PHP\\MyUMKM\\Sub\\DapurFirdaus\\app\\API\\V1\\Catalog\\Product\\Category\\Update.php')
 7 SYSTEMPATH\Autoloader\Autoloader.php(267): CodeIgniter\Autoloader\Autoloader->loadInNamespace('App\\API\\V1\\Catalog\\Product\\Category\\Update')
 8 [internal function]: CodeIgniter\Autoloader\Autoloader->loadClass('App\\API\\V1\\Catalog\\Product\\Category\\Update')
 9 SYSTEMPATH\CodeIgniter.php(892): class_exists('\\App\\API\\V1\\Catalog\\Product\\Category\\Update', true)
10 SYSTEMPATH\CodeIgniter.php(486): CodeIgniter\CodeIgniter->startController()
11 SYSTEMPATH\CodeIgniter.php(368): CodeIgniter\CodeIgniter->handleRequest(null, Object(Config\Cache), false)
12 FCPATH\index.php(70): CodeIgniter\CodeIgniter->run()
13 SYSTEMPATH\Commands\Server\rewrite.php(47): require_once('D:\\Projects\\KPS\\PHP\\MyUMKM\\Sub\\DapurFirdaus\\public\\index.php')
WARNING - 2023-08-07 10:59:25 --> [DEPRECATED] Optional parameter $addon declared before required parameter $return is implicitly treated as a required parameter in APPPATH\API\V1\APIV1Controller.php on line 0.
 1 SYSTEMPATH\Autoloader\Autoloader.php(312): include_once('D:\\Projects\\KPS\\PHP\\CI4_Cores\\vendor\\codeigniter4\\framework\\system\\Debug\\Exceptions.php')
 2 SYSTEMPATH\Autoloader\Autoloader.php(289): CodeIgniter\Autoloader\Autoloader->includeFile('D:\\Projects\\KPS\\PHP\\MyUMKM\\Sub\\DapurFirdaus\\app\\API\\V1\\APIV1Controller.php')
 3 SYSTEMPATH\Autoloader\Autoloader.php(267): CodeIgniter\Autoloader\Autoloader->loadInNamespace('App\\API\\V1\\APIV1Controller')
 4 APPPATH\API\V1\Catalog\Product\Category\Update.php(11): CodeIgniter\Autoloader\Autoloader->loadClass('App\\API\\V1\\APIV1Controller')
 5 SYSTEMPATH\Autoloader\Autoloader.php(312): include_once('D:\\Projects\\KPS\\PHP\\MyUMKM\\Sub\\DapurFirdaus\\app\\API\\V1\\Catalog\\Product\\Category\\Update.php')
 6 SYSTEMPATH\Autoloader\Autoloader.php(289): CodeIgniter\Autoloader\Autoloader->includeFile('D:\\Projects\\KPS\\PHP\\MyUMKM\\Sub\\DapurFirdaus\\app\\API\\V1\\Catalog\\Product\\Category\\Update.php')
 7 SYSTEMPATH\Autoloader\Autoloader.php(267): CodeIgniter\Autoloader\Autoloader->loadInNamespace('App\\API\\V1\\Catalog\\Product\\Category\\Update')
 8 [internal function]: CodeIgniter\Autoloader\Autoloader->loadClass('App\\API\\V1\\Catalog\\Product\\Category\\Update')
 9 SYSTEMPATH\CodeIgniter.php(892): class_exists('\\App\\API\\V1\\Catalog\\Product\\Category\\Update', true)
10 SYSTEMPATH\CodeIgniter.php(486): CodeIgniter\CodeIgniter->startController()
11 SYSTEMPATH\CodeIgniter.php(368): CodeIgniter\CodeIgniter->handleRequest(null, Object(Config\Cache), false)
12 FCPATH\index.php(70): CodeIgniter\CodeIgniter->run()
13 SYSTEMPATH\Commands\Server\rewrite.php(47): require_once('D:\\Projects\\KPS\\PHP\\MyUMKM\\Sub\\DapurFirdaus\\public\\index.php')
CRITICAL - 2023-08-07 10:59:25 --> Cannot use int as default value for parameter $enums of type array
in APPPATH\API\Library\Payload.php on line 296.
 1 [internal function]: CodeIgniter\Debug\Exceptions->shutdownHandler()
WARNING - 2023-08-07 10:59:47 --> [DEPRECATED] Optional parameter $payload declared before required parameter $return is implicitly treated as a required parameter in APPPATH\API\V1\APIV1Controller.php on line 77.
 1 SYSTEMPATH\Autoloader\Autoloader.php(312): include_once('D:\\Projects\\KPS\\PHP\\CI4_Cores\\vendor\\codeigniter4\\framework\\system\\Debug\\Exceptions.php')
 2 SYSTEMPATH\Autoloader\Autoloader.php(289): CodeIgniter\Autoloader\Autoloader->includeFile('D:\\Projects\\KPS\\PHP\\MyUMKM\\Sub\\DapurFirdaus\\app\\API\\V1\\APIV1Controller.php')
 3 SYSTEMPATH\Autoloader\Autoloader.php(267): CodeIgniter\Autoloader\Autoloader->loadInNamespace('App\\API\\V1\\APIV1Controller')
 4 APPPATH\API\V1\Catalog\Product\Category\Update.php(11): CodeIgniter\Autoloader\Autoloader->loadClass('App\\API\\V1\\APIV1Controller')
 5 SYSTEMPATH\Autoloader\Autoloader.php(312): include_once('D:\\Projects\\KPS\\PHP\\MyUMKM\\Sub\\DapurFirdaus\\app\\API\\V1\\Catalog\\Product\\Category\\Update.php')
 6 SYSTEMPATH\Autoloader\Autoloader.php(289): CodeIgniter\Autoloader\Autoloader->includeFile('D:\\Projects\\KPS\\PHP\\MyUMKM\\Sub\\DapurFirdaus\\app\\API\\V1\\Catalog\\Product\\Category\\Update.php')
 7 SYSTEMPATH\Autoloader\Autoloader.php(267): CodeIgniter\Autoloader\Autoloader->loadInNamespace('App\\API\\V1\\Catalog\\Product\\Category\\Update')
 8 [internal function]: CodeIgniter\Autoloader\Autoloader->loadClass('App\\API\\V1\\Catalog\\Product\\Category\\Update')
 9 SYSTEMPATH\CodeIgniter.php(892): class_exists('\\App\\API\\V1\\Catalog\\Product\\Category\\Update', true)
10 SYSTEMPATH\CodeIgniter.php(486): CodeIgniter\CodeIgniter->startController()
11 SYSTEMPATH\CodeIgniter.php(368): CodeIgniter\CodeIgniter->handleRequest(null, Object(Config\Cache), false)
12 FCPATH\index.php(70): CodeIgniter\CodeIgniter->run()
13 SYSTEMPATH\Commands\Server\rewrite.php(47): require_once('D:\\Projects\\KPS\\PHP\\MyUMKM\\Sub\\DapurFirdaus\\public\\index.php')
WARNING - 2023-08-07 10:59:47 --> [DEPRECATED] Optional parameter $addon declared before required parameter $return is implicitly treated as a required parameter in APPPATH\API\V1\APIV1Controller.php on line 0.
 1 SYSTEMPATH\Autoloader\Autoloader.php(312): include_once('D:\\Projects\\KPS\\PHP\\CI4_Cores\\vendor\\codeigniter4\\framework\\system\\Debug\\Exceptions.php')
 2 SYSTEMPATH\Autoloader\Autoloader.php(289): CodeIgniter\Autoloader\Autoloader->includeFile('D:\\Projects\\KPS\\PHP\\MyUMKM\\Sub\\DapurFirdaus\\app\\API\\V1\\APIV1Controller.php')
 3 SYSTEMPATH\Autoloader\Autoloader.php(267): CodeIgniter\Autoloader\Autoloader->loadInNamespace('App\\API\\V1\\APIV1Controller')
 4 APPPATH\API\V1\Catalog\Product\Category\Update.php(11): CodeIgniter\Autoloader\Autoloader->loadClass('App\\API\\V1\\APIV1Controller')
 5 SYSTEMPATH\Autoloader\Autoloader.php(312): include_once('D:\\Projects\\KPS\\PHP\\MyUMKM\\Sub\\DapurFirdaus\\app\\API\\V1\\Catalog\\Product\\Category\\Update.php')
 6 SYSTEMPATH\Autoloader\Autoloader.php(289): CodeIgniter\Autoloader\Autoloader->includeFile('D:\\Projects\\KPS\\PHP\\MyUMKM\\Sub\\DapurFirdaus\\app\\API\\V1\\Catalog\\Product\\Category\\Update.php')
 7 SYSTEMPATH\Autoloader\Autoloader.php(267): CodeIgniter\Autoloader\Autoloader->loadInNamespace('App\\API\\V1\\Catalog\\Product\\Category\\Update')
 8 [internal function]: CodeIgniter\Autoloader\Autoloader->loadClass('App\\API\\V1\\Catalog\\Product\\Category\\Update')
 9 SYSTEMPATH\CodeIgniter.php(892): class_exists('\\App\\API\\V1\\Catalog\\Product\\Category\\Update', true)
10 SYSTEMPATH\CodeIgniter.php(486): CodeIgniter\CodeIgniter->startController()
11 SYSTEMPATH\CodeIgniter.php(368): CodeIgniter\CodeIgniter->handleRequest(null, Object(Config\Cache), false)
12 FCPATH\index.php(70): CodeIgniter\CodeIgniter->run()
13 SYSTEMPATH\Commands\Server\rewrite.php(47): require_once('D:\\Projects\\KPS\\PHP\\MyUMKM\\Sub\\DapurFirdaus\\public\\index.php')
CRITICAL - 2023-08-07 10:59:48 --> App\API\Library\Payload::_ENUM(): Argument #2 ($enums) must be of type array, string given, called in D:\Projects\KPS\PHP\MyUMKM\Sub\DapurFirdaus\app\API\Library\Payload.php on line 99
in APPPATH\API\Library\Payload.php on line 296.
 1 APPPATH\API\Library\Payload.php(99): App\API\Library\Payload::_ENUM('iwuahiduhi', '"SHOW", "HIDE"')
 2 APPPATH\API\V1\APIV1Controller.php(50): App\API\Library\Payload->validate()
 3 APPPATH\API\V1\APIV1Controller.php(106): App\API\V1\APIV1Controller->payloadChecker()
 4 APPPATH\Controllers\ControllerPreProcessor.php(204): App\API\V1\APIV1Controller->App\API\V1\{closure}([...])
 5 APPPATH\API\V1\APIV1Controller.php(108): App\Controllers\ControllerPreProcessor->authHandler(Object(Closure), Object(Closure))
 6 APPPATH\API\V1\APIV1Controller.php(66): App\API\V1\APIV1Controller->run()
 7 APPPATH\API\V1\Catalog\Product\Category\Update.php(60): App\API\V1\APIV1Controller->setup([...], [...], Object(Closure))
 8 SYSTEMPATH\CodeIgniter.php(934): App\API\V1\Catalog\Product\Category\Update->index('MQ==', 'MQ==')
 9 SYSTEMPATH\CodeIgniter.php(499): CodeIgniter\CodeIgniter->runController(Object(App\API\V1\Catalog\Product\Category\Update))
10 SYSTEMPATH\CodeIgniter.php(368): CodeIgniter\CodeIgniter->handleRequest(null, Object(Config\Cache), false)
11 FCPATH\index.php(70): CodeIgniter\CodeIgniter->run()
12 SYSTEMPATH\Commands\Server\rewrite.php(47): require_once('D:\\Projects\\KPS\\PHP\\MyUMKM\\Sub\\DapurFirdaus\\public\\index.php')
WARNING - 2023-08-07 11:00:03 --> [DEPRECATED] Optional parameter $payload declared before required parameter $return is implicitly treated as a required parameter in APPPATH\API\V1\APIV1Controller.php on line 77.
 1 SYSTEMPATH\Autoloader\Autoloader.php(312): include_once('D:\\Projects\\KPS\\PHP\\CI4_Cores\\vendor\\codeigniter4\\framework\\system\\Debug\\Exceptions.php')
 2 SYSTEMPATH\Autoloader\Autoloader.php(289): CodeIgniter\Autoloader\Autoloader->includeFile('D:\\Projects\\KPS\\PHP\\MyUMKM\\Sub\\DapurFirdaus\\app\\API\\V1\\APIV1Controller.php')
 3 SYSTEMPATH\Autoloader\Autoloader.php(267): CodeIgniter\Autoloader\Autoloader->loadInNamespace('App\\API\\V1\\APIV1Controller')
 4 APPPATH\API\V1\Catalog\Product\Category\Update.php(11): CodeIgniter\Autoloader\Autoloader->loadClass('App\\API\\V1\\APIV1Controller')
 5 SYSTEMPATH\Autoloader\Autoloader.php(312): include_once('D:\\Projects\\KPS\\PHP\\MyUMKM\\Sub\\DapurFirdaus\\app\\API\\V1\\Catalog\\Product\\Category\\Update.php')
 6 SYSTEMPATH\Autoloader\Autoloader.php(289): CodeIgniter\Autoloader\Autoloader->includeFile('D:\\Projects\\KPS\\PHP\\MyUMKM\\Sub\\DapurFirdaus\\app\\API\\V1\\Catalog\\Product\\Category\\Update.php')
 7 SYSTEMPATH\Autoloader\Autoloader.php(267): CodeIgniter\Autoloader\Autoloader->loadInNamespace('App\\API\\V1\\Catalog\\Product\\Category\\Update')
 8 [internal function]: CodeIgniter\Autoloader\Autoloader->loadClass('App\\API\\V1\\Catalog\\Product\\Category\\Update')
 9 SYSTEMPATH\CodeIgniter.php(892): class_exists('\\App\\API\\V1\\Catalog\\Product\\Category\\Update', true)
10 SYSTEMPATH\CodeIgniter.php(486): CodeIgniter\CodeIgniter->startController()
11 SYSTEMPATH\CodeIgniter.php(368): CodeIgniter\CodeIgniter->handleRequest(null, Object(Config\Cache), false)
12 FCPATH\index.php(70): CodeIgniter\CodeIgniter->run()
13 SYSTEMPATH\Commands\Server\rewrite.php(47): require_once('D:\\Projects\\KPS\\PHP\\MyUMKM\\Sub\\DapurFirdaus\\public\\index.php')
WARNING - 2023-08-07 11:00:03 --> [DEPRECATED] Optional parameter $addon declared before required parameter $return is implicitly treated as a required parameter in APPPATH\API\V1\APIV1Controller.php on line 0.
 1 SYSTEMPATH\Autoloader\Autoloader.php(312): include_once('D:\\Projects\\KPS\\PHP\\CI4_Cores\\vendor\\codeigniter4\\framework\\system\\Debug\\Exceptions.php')
 2 SYSTEMPATH\Autoloader\Autoloader.php(289): CodeIgniter\Autoloader\Autoloader->includeFile('D:\\Projects\\KPS\\PHP\\MyUMKM\\Sub\\DapurFirdaus\\app\\API\\V1\\APIV1Controller.php')
 3 SYSTEMPATH\Autoloader\Autoloader.php(267): CodeIgniter\Autoloader\Autoloader->loadInNamespace('App\\API\\V1\\APIV1Controller')
 4 APPPATH\API\V1\Catalog\Product\Category\Update.php(11): CodeIgniter\Autoloader\Autoloader->loadClass('App\\API\\V1\\APIV1Controller')
 5 SYSTEMPATH\Autoloader\Autoloader.php(312): include_once('D:\\Projects\\KPS\\PHP\\MyUMKM\\Sub\\DapurFirdaus\\app\\API\\V1\\Catalog\\Product\\Category\\Update.php')
 6 SYSTEMPATH\Autoloader\Autoloader.php(289): CodeIgniter\Autoloader\Autoloader->includeFile('D:\\Projects\\KPS\\PHP\\MyUMKM\\Sub\\DapurFirdaus\\app\\API\\V1\\Catalog\\Product\\Category\\Update.php')
 7 SYSTEMPATH\Autoloader\Autoloader.php(267): CodeIgniter\Autoloader\Autoloader->loadInNamespace('App\\API\\V1\\Catalog\\Product\\Category\\Update')
 8 [internal function]: CodeIgniter\Autoloader\Autoloader->loadClass('App\\API\\V1\\Catalog\\Product\\Category\\Update')
 9 SYSTEMPATH\CodeIgniter.php(892): class_exists('\\App\\API\\V1\\Catalog\\Product\\Category\\Update', true)
10 SYSTEMPATH\CodeIgniter.php(486): CodeIgniter\CodeIgniter->startController()
11 SYSTEMPATH\CodeIgniter.php(368): CodeIgniter\CodeIgniter->handleRequest(null, Object(Config\Cache), false)
12 FCPATH\index.php(70): CodeIgniter\CodeIgniter->run()
13 SYSTEMPATH\Commands\Server\rewrite.php(47): require_once('D:\\Projects\\KPS\\PHP\\MyUMKM\\Sub\\DapurFirdaus\\public\\index.php')
CRITICAL - 2023-08-07 11:00:03 --> App\API\Library\Payload::_ENUM(): Argument #2 ($enums) must be of type array, string given, called in D:\Projects\KPS\PHP\MyUMKM\Sub\DapurFirdaus\app\API\Library\Payload.php on line 99
in APPPATH\API\Library\Payload.php on line 296.
 1 APPPATH\API\Library\Payload.php(99): App\API\Library\Payload::_ENUM('iwuahiduhi', '"SHOW", "HIDE"')
 2 APPPATH\API\V1\APIV1Controller.php(50): App\API\Library\Payload->validate()
 3 APPPATH\API\V1\APIV1Controller.php(106): App\API\V1\APIV1Controller->payloadChecker()
 4 APPPATH\Controllers\ControllerPreProcessor.php(204): App\API\V1\APIV1Controller->App\API\V1\{closure}([...])
 5 APPPATH\API\V1\APIV1Controller.php(108): App\Controllers\ControllerPreProcessor->authHandler(Object(Closure), Object(Closure))
 6 APPPATH\API\V1\APIV1Controller.php(66): App\API\V1\APIV1Controller->run()
 7 APPPATH\API\V1\Catalog\Product\Category\Update.php(60): App\API\V1\APIV1Controller->setup([...], [...], Object(Closure))
 8 SYSTEMPATH\CodeIgniter.php(934): App\API\V1\Catalog\Product\Category\Update->index('MQ==', 'MQ==')
 9 SYSTEMPATH\CodeIgniter.php(499): CodeIgniter\CodeIgniter->runController(Object(App\API\V1\Catalog\Product\Category\Update))
10 SYSTEMPATH\CodeIgniter.php(368): CodeIgniter\CodeIgniter->handleRequest(null, Object(Config\Cache), false)
11 FCPATH\index.php(70): CodeIgniter\CodeIgniter->run()
12 SYSTEMPATH\Commands\Server\rewrite.php(47): require_once('D:\\Projects\\KPS\\PHP\\MyUMKM\\Sub\\DapurFirdaus\\public\\index.php')
WARNING - 2023-08-07 11:00:24 --> [DEPRECATED] Optional parameter $payload declared before required parameter $return is implicitly treated as a required parameter in APPPATH\API\V1\APIV1Controller.php on line 77.
 1 SYSTEMPATH\Autoloader\Autoloader.php(312): include_once('D:\\Projects\\KPS\\PHP\\CI4_Cores\\vendor\\codeigniter4\\framework\\system\\Debug\\Exceptions.php')
 2 SYSTEMPATH\Autoloader\Autoloader.php(289): CodeIgniter\Autoloader\Autoloader->includeFile('D:\\Projects\\KPS\\PHP\\MyUMKM\\Sub\\DapurFirdaus\\app\\API\\V1\\APIV1Controller.php')
 3 SYSTEMPATH\Autoloader\Autoloader.php(267): CodeIgniter\Autoloader\Autoloader->loadInNamespace('App\\API\\V1\\APIV1Controller')
 4 APPPATH\API\V1\Catalog\Product\Category\Update.php(11): CodeIgniter\Autoloader\Autoloader->loadClass('App\\API\\V1\\APIV1Controller')
 5 SYSTEMPATH\Autoloader\Autoloader.php(312): include_once('D:\\Projects\\KPS\\PHP\\MyUMKM\\Sub\\DapurFirdaus\\app\\API\\V1\\Catalog\\Product\\Category\\Update.php')
 6 SYSTEMPATH\Autoloader\Autoloader.php(289): CodeIgniter\Autoloader\Autoloader->includeFile('D:\\Projects\\KPS\\PHP\\MyUMKM\\Sub\\DapurFirdaus\\app\\API\\V1\\Catalog\\Product\\Category\\Update.php')
 7 SYSTEMPATH\Autoloader\Autoloader.php(267): CodeIgniter\Autoloader\Autoloader->loadInNamespace('App\\API\\V1\\Catalog\\Product\\Category\\Update')
 8 [internal function]: CodeIgniter\Autoloader\Autoloader->loadClass('App\\API\\V1\\Catalog\\Product\\Category\\Update')
 9 SYSTEMPATH\CodeIgniter.php(892): class_exists('\\App\\API\\V1\\Catalog\\Product\\Category\\Update', true)
10 SYSTEMPATH\CodeIgniter.php(486): CodeIgniter\CodeIgniter->startController()
11 SYSTEMPATH\CodeIgniter.php(368): CodeIgniter\CodeIgniter->handleRequest(null, Object(Config\Cache), false)
12 FCPATH\index.php(70): CodeIgniter\CodeIgniter->run()
13 SYSTEMPATH\Commands\Server\rewrite.php(47): require_once('D:\\Projects\\KPS\\PHP\\MyUMKM\\Sub\\DapurFirdaus\\public\\index.php')
WARNING - 2023-08-07 11:00:24 --> [DEPRECATED] Optional parameter $addon declared before required parameter $return is implicitly treated as a required parameter in APPPATH\API\V1\APIV1Controller.php on line 0.
 1 SYSTEMPATH\Autoloader\Autoloader.php(312): include_once('D:\\Projects\\KPS\\PHP\\CI4_Cores\\vendor\\codeigniter4\\framework\\system\\Debug\\Exceptions.php')
 2 SYSTEMPATH\Autoloader\Autoloader.php(289): CodeIgniter\Autoloader\Autoloader->includeFile('D:\\Projects\\KPS\\PHP\\MyUMKM\\Sub\\DapurFirdaus\\app\\API\\V1\\APIV1Controller.php')
 3 SYSTEMPATH\Autoloader\Autoloader.php(267): CodeIgniter\Autoloader\Autoloader->loadInNamespace('App\\API\\V1\\APIV1Controller')
 4 APPPATH\API\V1\Catalog\Product\Category\Update.php(11): CodeIgniter\Autoloader\Autoloader->loadClass('App\\API\\V1\\APIV1Controller')
 5 SYSTEMPATH\Autoloader\Autoloader.php(312): include_once('D:\\Projects\\KPS\\PHP\\MyUMKM\\Sub\\DapurFirdaus\\app\\API\\V1\\Catalog\\Product\\Category\\Update.php')
 6 SYSTEMPATH\Autoloader\Autoloader.php(289): CodeIgniter\Autoloader\Autoloader->includeFile('D:\\Projects\\KPS\\PHP\\MyUMKM\\Sub\\DapurFirdaus\\app\\API\\V1\\Catalog\\Product\\Category\\Update.php')
 7 SYSTEMPATH\Autoloader\Autoloader.php(267): CodeIgniter\Autoloader\Autoloader->loadInNamespace('App\\API\\V1\\Catalog\\Product\\Category\\Update')
 8 [internal function]: CodeIgniter\Autoloader\Autoloader->loadClass('App\\API\\V1\\Catalog\\Product\\Category\\Update')
 9 SYSTEMPATH\CodeIgniter.php(892): class_exists('\\App\\API\\V1\\Catalog\\Product\\Category\\Update', true)
10 SYSTEMPATH\CodeIgniter.php(486): CodeIgniter\CodeIgniter->startController()
11 SYSTEMPATH\CodeIgniter.php(368): CodeIgniter\CodeIgniter->handleRequest(null, Object(Config\Cache), false)
12 FCPATH\index.php(70): CodeIgniter\CodeIgniter->run()
13 SYSTEMPATH\Commands\Server\rewrite.php(47): require_once('D:\\Projects\\KPS\\PHP\\MyUMKM\\Sub\\DapurFirdaus\\public\\index.php')
CRITICAL - 2023-08-07 11:00:24 --> in_array(): Argument #2 ($haystack) must be of type array, string given
in APPPATH\API\Library\Payload.php on line 302.
 1 APPPATH\API\Library\Payload.php(302): in_array('iwuahiduhi', '"SHOW", "HIDE"')
 2 APPPATH\API\Library\Payload.php(99): App\API\Library\Payload::_ENUM('iwuahiduhi', '"SHOW", "HIDE"')
 3 APPPATH\API\V1\APIV1Controller.php(50): App\API\Library\Payload->validate()
 4 APPPATH\API\V1\APIV1Controller.php(106): App\API\V1\APIV1Controller->payloadChecker()
 5 APPPATH\Controllers\ControllerPreProcessor.php(204): App\API\V1\APIV1Controller->App\API\V1\{closure}([...])
 6 APPPATH\API\V1\APIV1Controller.php(108): App\Controllers\ControllerPreProcessor->authHandler(Object(Closure), Object(Closure))
 7 APPPATH\API\V1\APIV1Controller.php(66): App\API\V1\APIV1Controller->run()
 8 APPPATH\API\V1\Catalog\Product\Category\Update.php(60): App\API\V1\APIV1Controller->setup([...], [...], Object(Closure))
 9 SYSTEMPATH\CodeIgniter.php(934): App\API\V1\Catalog\Product\Category\Update->index('MQ==', 'MQ==')
10 SYSTEMPATH\CodeIgniter.php(499): CodeIgniter\CodeIgniter->runController(Object(App\API\V1\Catalog\Product\Category\Update))
11 SYSTEMPATH\CodeIgniter.php(368): CodeIgniter\CodeIgniter->handleRequest(null, Object(Config\Cache), false)
12 FCPATH\index.php(70): CodeIgniter\CodeIgniter->run()
13 SYSTEMPATH\Commands\Server\rewrite.php(47): require_once('D:\\Projects\\KPS\\PHP\\MyUMKM\\Sub\\DapurFirdaus\\public\\index.php')
WARNING - 2023-08-07 11:01:08 --> [DEPRECATED] Optional parameter $payload declared before required parameter $return is implicitly treated as a required parameter in APPPATH\API\V1\APIV1Controller.php on line 77.
 1 SYSTEMPATH\Autoloader\Autoloader.php(312): include_once('D:\\Projects\\KPS\\PHP\\CI4_Cores\\vendor\\codeigniter4\\framework\\system\\Debug\\Exceptions.php')
 2 SYSTEMPATH\Autoloader\Autoloader.php(289): CodeIgniter\Autoloader\Autoloader->includeFile('D:\\Projects\\KPS\\PHP\\MyUMKM\\Sub\\DapurFirdaus\\app\\API\\V1\\APIV1Controller.php')
 3 SYSTEMPATH\Autoloader\Autoloader.php(267): CodeIgniter\Autoloader\Autoloader->loadInNamespace('App\\API\\V1\\APIV1Controller')
 4 APPPATH\API\V1\Catalog\Product\Category\Update.php(11): CodeIgniter\Autoloader\Autoloader->loadClass('App\\API\\V1\\APIV1Controller')
 5 SYSTEMPATH\Autoloader\Autoloader.php(312): include_once('D:\\Projects\\KPS\\PHP\\MyUMKM\\Sub\\DapurFirdaus\\app\\API\\V1\\Catalog\\Product\\Category\\Update.php')
 6 SYSTEMPATH\Autoloader\Autoloader.php(289): CodeIgniter\Autoloader\Autoloader->includeFile('D:\\Projects\\KPS\\PHP\\MyUMKM\\Sub\\DapurFirdaus\\app\\API\\V1\\Catalog\\Product\\Category\\Update.php')
 7 SYSTEMPATH\Autoloader\Autoloader.php(267): CodeIgniter\Autoloader\Autoloader->loadInNamespace('App\\API\\V1\\Catalog\\Product\\Category\\Update')
 8 [internal function]: CodeIgniter\Autoloader\Autoloader->loadClass('App\\API\\V1\\Catalog\\Product\\Category\\Update')
 9 SYSTEMPATH\CodeIgniter.php(892): class_exists('\\App\\API\\V1\\Catalog\\Product\\Category\\Update', true)
10 SYSTEMPATH\CodeIgniter.php(486): CodeIgniter\CodeIgniter->startController()
11 SYSTEMPATH\CodeIgniter.php(368): CodeIgniter\CodeIgniter->handleRequest(null, Object(Config\Cache), false)
12 FCPATH\index.php(70): CodeIgniter\CodeIgniter->run()
13 SYSTEMPATH\Commands\Server\rewrite.php(47): require_once('D:\\Projects\\KPS\\PHP\\MyUMKM\\Sub\\DapurFirdaus\\public\\index.php')
WARNING - 2023-08-07 11:01:08 --> [DEPRECATED] Optional parameter $addon declared before required parameter $return is implicitly treated as a required parameter in APPPATH\API\V1\APIV1Controller.php on line 0.
 1 SYSTEMPATH\Autoloader\Autoloader.php(312): include_once('D:\\Projects\\KPS\\PHP\\CI4_Cores\\vendor\\codeigniter4\\framework\\system\\Debug\\Exceptions.php')
 2 SYSTEMPATH\Autoloader\Autoloader.php(289): CodeIgniter\Autoloader\Autoloader->includeFile('D:\\Projects\\KPS\\PHP\\MyUMKM\\Sub\\DapurFirdaus\\app\\API\\V1\\APIV1Controller.php')
 3 SYSTEMPATH\Autoloader\Autoloader.php(267): CodeIgniter\Autoloader\Autoloader->loadInNamespace('App\\API\\V1\\APIV1Controller')
 4 APPPATH\API\V1\Catalog\Product\Category\Update.php(11): CodeIgniter\Autoloader\Autoloader->loadClass('App\\API\\V1\\APIV1Controller')
 5 SYSTEMPATH\Autoloader\Autoloader.php(312): include_once('D:\\Projects\\KPS\\PHP\\MyUMKM\\Sub\\DapurFirdaus\\app\\API\\V1\\Catalog\\Product\\Category\\Update.php')
 6 SYSTEMPATH\Autoloader\Autoloader.php(289): CodeIgniter\Autoloader\Autoloader->includeFile('D:\\Projects\\KPS\\PHP\\MyUMKM\\Sub\\DapurFirdaus\\app\\API\\V1\\Catalog\\Product\\Category\\Update.php')
 7 SYSTEMPATH\Autoloader\Autoloader.php(267): CodeIgniter\Autoloader\Autoloader->loadInNamespace('App\\API\\V1\\Catalog\\Product\\Category\\Update')
 8 [internal function]: CodeIgniter\Autoloader\Autoloader->loadClass('App\\API\\V1\\Catalog\\Product\\Category\\Update')
 9 SYSTEMPATH\CodeIgniter.php(892): class_exists('\\App\\API\\V1\\Catalog\\Product\\Category\\Update', true)
10 SYSTEMPATH\CodeIgniter.php(486): CodeIgniter\CodeIgniter->startController()
11 SYSTEMPATH\CodeIgniter.php(368): CodeIgniter\CodeIgniter->handleRequest(null, Object(Config\Cache), false)
12 FCPATH\index.php(70): CodeIgniter\CodeIgniter->run()
13 SYSTEMPATH\Commands\Server\rewrite.php(47): require_once('D:\\Projects\\KPS\\PHP\\MyUMKM\\Sub\\DapurFirdaus\\public\\index.php')
WARNING - 2023-08-07 11:01:36 --> [DEPRECATED] Optional parameter $payload declared before required parameter $return is implicitly treated as a required parameter in APPPATH\API\V1\APIV1Controller.php on line 77.
 1 SYSTEMPATH\Autoloader\Autoloader.php(312): include_once('D:\\Projects\\KPS\\PHP\\CI4_Cores\\vendor\\codeigniter4\\framework\\system\\Debug\\Exceptions.php')
 2 SYSTEMPATH\Autoloader\Autoloader.php(289): CodeIgniter\Autoloader\Autoloader->includeFile('D:\\Projects\\KPS\\PHP\\MyUMKM\\Sub\\DapurFirdaus\\app\\API\\V1\\APIV1Controller.php')
 3 SYSTEMPATH\Autoloader\Autoloader.php(267): CodeIgniter\Autoloader\Autoloader->loadInNamespace('App\\API\\V1\\APIV1Controller')
 4 APPPATH\API\V1\Catalog\Product\Category\Update.php(11): CodeIgniter\Autoloader\Autoloader->loadClass('App\\API\\V1\\APIV1Controller')
 5 SYSTEMPATH\Autoloader\Autoloader.php(312): include_once('D:\\Projects\\KPS\\PHP\\MyUMKM\\Sub\\DapurFirdaus\\app\\API\\V1\\Catalog\\Product\\Category\\Update.php')
 6 SYSTEMPATH\Autoloader\Autoloader.php(289): CodeIgniter\Autoloader\Autoloader->includeFile('D:\\Projects\\KPS\\PHP\\MyUMKM\\Sub\\DapurFirdaus\\app\\API\\V1\\Catalog\\Product\\Category\\Update.php')
 7 SYSTEMPATH\Autoloader\Autoloader.php(267): CodeIgniter\Autoloader\Autoloader->loadInNamespace('App\\API\\V1\\Catalog\\Product\\Category\\Update')
 8 [internal function]: CodeIgniter\Autoloader\Autoloader->loadClass('App\\API\\V1\\Catalog\\Product\\Category\\Update')
 9 SYSTEMPATH\CodeIgniter.php(892): class_exists('\\App\\API\\V1\\Catalog\\Product\\Category\\Update', true)
10 SYSTEMPATH\CodeIgniter.php(486): CodeIgniter\CodeIgniter->startController()
11 SYSTEMPATH\CodeIgniter.php(368): CodeIgniter\CodeIgniter->handleRequest(null, Object(Config\Cache), false)
12 FCPATH\index.php(70): CodeIgniter\CodeIgniter->run()
13 SYSTEMPATH\Commands\Server\rewrite.php(47): require_once('D:\\Projects\\KPS\\PHP\\MyUMKM\\Sub\\DapurFirdaus\\public\\index.php')
WARNING - 2023-08-07 11:01:36 --> [DEPRECATED] Optional parameter $addon declared before required parameter $return is implicitly treated as a required parameter in APPPATH\API\V1\APIV1Controller.php on line 0.
 1 SYSTEMPATH\Autoloader\Autoloader.php(312): include_once('D:\\Projects\\KPS\\PHP\\CI4_Cores\\vendor\\codeigniter4\\framework\\system\\Debug\\Exceptions.php')
 2 SYSTEMPATH\Autoloader\Autoloader.php(289): CodeIgniter\Autoloader\Autoloader->includeFile('D:\\Projects\\KPS\\PHP\\MyUMKM\\Sub\\DapurFirdaus\\app\\API\\V1\\APIV1Controller.php')
 3 SYSTEMPATH\Autoloader\Autoloader.php(267): CodeIgniter\Autoloader\Autoloader->loadInNamespace('App\\API\\V1\\APIV1Controller')
 4 APPPATH\API\V1\Catalog\Product\Category\Update.php(11): CodeIgniter\Autoloader\Autoloader->loadClass('App\\API\\V1\\APIV1Controller')
 5 SYSTEMPATH\Autoloader\Autoloader.php(312): include_once('D:\\Projects\\KPS\\PHP\\MyUMKM\\Sub\\DapurFirdaus\\app\\API\\V1\\Catalog\\Product\\Category\\Update.php')
 6 SYSTEMPATH\Autoloader\Autoloader.php(289): CodeIgniter\Autoloader\Autoloader->includeFile('D:\\Projects\\KPS\\PHP\\MyUMKM\\Sub\\DapurFirdaus\\app\\API\\V1\\Catalog\\Product\\Category\\Update.php')
 7 SYSTEMPATH\Autoloader\Autoloader.php(267): CodeIgniter\Autoloader\Autoloader->loadInNamespace('App\\API\\V1\\Catalog\\Product\\Category\\Update')
 8 [internal function]: CodeIgniter\Autoloader\Autoloader->loadClass('App\\API\\V1\\Catalog\\Product\\Category\\Update')
 9 SYSTEMPATH\CodeIgniter.php(892): class_exists('\\App\\API\\V1\\Catalog\\Product\\Category\\Update', true)
10 SYSTEMPATH\CodeIgniter.php(486): CodeIgniter\CodeIgniter->startController()
11 SYSTEMPATH\CodeIgniter.php(368): CodeIgniter\CodeIgniter->handleRequest(null, Object(Config\Cache), false)
12 FCPATH\index.php(70): CodeIgniter\CodeIgniter->run()
13 SYSTEMPATH\Commands\Server\rewrite.php(47): require_once('D:\\Projects\\KPS\\PHP\\MyUMKM\\Sub\\DapurFirdaus\\public\\index.php')
WARNING - 2023-08-07 11:02:15 --> [DEPRECATED] Optional parameter $payload declared before required parameter $return is implicitly treated as a required parameter in APPPATH\API\V1\APIV1Controller.php on line 77.
 1 SYSTEMPATH\Autoloader\Autoloader.php(312): include_once('D:\\Projects\\KPS\\PHP\\CI4_Cores\\vendor\\codeigniter4\\framework\\system\\Debug\\Exceptions.php')
 2 SYSTEMPATH\Autoloader\Autoloader.php(289): CodeIgniter\Autoloader\Autoloader->includeFile('D:\\Projects\\KPS\\PHP\\MyUMKM\\Sub\\DapurFirdaus\\app\\API\\V1\\APIV1Controller.php')
 3 SYSTEMPATH\Autoloader\Autoloader.php(267): CodeIgniter\Autoloader\Autoloader->loadInNamespace('App\\API\\V1\\APIV1Controller')
 4 APPPATH\API\V1\Catalog\Product\Category\Update.php(11): CodeIgniter\Autoloader\Autoloader->loadClass('App\\API\\V1\\APIV1Controller')
 5 SYSTEMPATH\Autoloader\Autoloader.php(312): include_once('D:\\Projects\\KPS\\PHP\\MyUMKM\\Sub\\DapurFirdaus\\app\\API\\V1\\Catalog\\Product\\Category\\Update.php')
 6 SYSTEMPATH\Autoloader\Autoloader.php(289): CodeIgniter\Autoloader\Autoloader->includeFile('D:\\Projects\\KPS\\PHP\\MyUMKM\\Sub\\DapurFirdaus\\app\\API\\V1\\Catalog\\Product\\Category\\Update.php')
 7 SYSTEMPATH\Autoloader\Autoloader.php(267): CodeIgniter\Autoloader\Autoloader->loadInNamespace('App\\API\\V1\\Catalog\\Product\\Category\\Update')
 8 [internal function]: CodeIgniter\Autoloader\Autoloader->loadClass('App\\API\\V1\\Catalog\\Product\\Category\\Update')
 9 SYSTEMPATH\CodeIgniter.php(892): class_exists('\\App\\API\\V1\\Catalog\\Product\\Category\\Update', true)
10 SYSTEMPATH\CodeIgniter.php(486): CodeIgniter\CodeIgniter->startController()
11 SYSTEMPATH\CodeIgniter.php(368): CodeIgniter\CodeIgniter->handleRequest(null, Object(Config\Cache), false)
12 FCPATH\index.php(70): CodeIgniter\CodeIgniter->run()
13 SYSTEMPATH\Commands\Server\rewrite.php(47): require_once('D:\\Projects\\KPS\\PHP\\MyUMKM\\Sub\\DapurFirdaus\\public\\index.php')
WARNING - 2023-08-07 11:02:15 --> [DEPRECATED] Optional parameter $addon declared before required parameter $return is implicitly treated as a required parameter in APPPATH\API\V1\APIV1Controller.php on line 0.
 1 SYSTEMPATH\Autoloader\Autoloader.php(312): include_once('D:\\Projects\\KPS\\PHP\\CI4_Cores\\vendor\\codeigniter4\\framework\\system\\Debug\\Exceptions.php')
 2 SYSTEMPATH\Autoloader\Autoloader.php(289): CodeIgniter\Autoloader\Autoloader->includeFile('D:\\Projects\\KPS\\PHP\\MyUMKM\\Sub\\DapurFirdaus\\app\\API\\V1\\APIV1Controller.php')
 3 SYSTEMPATH\Autoloader\Autoloader.php(267): CodeIgniter\Autoloader\Autoloader->loadInNamespace('App\\API\\V1\\APIV1Controller')
 4 APPPATH\API\V1\Catalog\Product\Category\Update.php(11): CodeIgniter\Autoloader\Autoloader->loadClass('App\\API\\V1\\APIV1Controller')
 5 SYSTEMPATH\Autoloader\Autoloader.php(312): include_once('D:\\Projects\\KPS\\PHP\\MyUMKM\\Sub\\DapurFirdaus\\app\\API\\V1\\Catalog\\Product\\Category\\Update.php')
 6 SYSTEMPATH\Autoloader\Autoloader.php(289): CodeIgniter\Autoloader\Autoloader->includeFile('D:\\Projects\\KPS\\PHP\\MyUMKM\\Sub\\DapurFirdaus\\app\\API\\V1\\Catalog\\Product\\Category\\Update.php')
 7 SYSTEMPATH\Autoloader\Autoloader.php(267): CodeIgniter\Autoloader\Autoloader->loadInNamespace('App\\API\\V1\\Catalog\\Product\\Category\\Update')
 8 [internal function]: CodeIgniter\Autoloader\Autoloader->loadClass('App\\API\\V1\\Catalog\\Product\\Category\\Update')
 9 SYSTEMPATH\CodeIgniter.php(892): class_exists('\\App\\API\\V1\\Catalog\\Product\\Category\\Update', true)
10 SYSTEMPATH\CodeIgniter.php(486): CodeIgniter\CodeIgniter->startController()
11 SYSTEMPATH\CodeIgniter.php(368): CodeIgniter\CodeIgniter->handleRequest(null, Object(Config\Cache), false)
12 FCPATH\index.php(70): CodeIgniter\CodeIgniter->run()
13 SYSTEMPATH\Commands\Server\rewrite.php(47): require_once('D:\\Projects\\KPS\\PHP\\MyUMKM\\Sub\\DapurFirdaus\\public\\index.php')
WARNING - 2023-08-07 11:11:50 --> [DEPRECATED] Optional parameter $payload declared before required parameter $return is implicitly treated as a required parameter in APPPATH\API\V1\APIV1Controller.php on line 77.
 1 SYSTEMPATH\Autoloader\Autoloader.php(312): include_once('D:\\Projects\\KPS\\PHP\\CI4_Cores\\vendor\\codeigniter4\\framework\\system\\Debug\\Exceptions.php')
 2 SYSTEMPATH\Autoloader\Autoloader.php(289): CodeIgniter\Autoloader\Autoloader->includeFile('D:\\Projects\\KPS\\PHP\\MyUMKM\\Sub\\DapurFirdaus\\app\\API\\V1\\APIV1Controller.php')
 3 SYSTEMPATH\Autoloader\Autoloader.php(267): CodeIgniter\Autoloader\Autoloader->loadInNamespace('App\\API\\V1\\APIV1Controller')
 4 APPPATH\API\V1\Catalog\Product\Category\Update.php(11): CodeIgniter\Autoloader\Autoloader->loadClass('App\\API\\V1\\APIV1Controller')
 5 SYSTEMPATH\Autoloader\Autoloader.php(312): include_once('D:\\Projects\\KPS\\PHP\\MyUMKM\\Sub\\DapurFirdaus\\app\\API\\V1\\Catalog\\Product\\Category\\Update.php')
 6 SYSTEMPATH\Autoloader\Autoloader.php(289): CodeIgniter\Autoloader\Autoloader->includeFile('D:\\Projects\\KPS\\PHP\\MyUMKM\\Sub\\DapurFirdaus\\app\\API\\V1\\Catalog\\Product\\Category\\Update.php')
 7 SYSTEMPATH\Autoloader\Autoloader.php(267): CodeIgniter\Autoloader\Autoloader->loadInNamespace('App\\API\\V1\\Catalog\\Product\\Category\\Update')
 8 [internal function]: CodeIgniter\Autoloader\Autoloader->loadClass('App\\API\\V1\\Catalog\\Product\\Category\\Update')
 9 SYSTEMPATH\CodeIgniter.php(892): class_exists('\\App\\API\\V1\\Catalog\\Product\\Category\\Update', true)
10 SYSTEMPATH\CodeIgniter.php(486): CodeIgniter\CodeIgniter->startController()
11 SYSTEMPATH\CodeIgniter.php(368): CodeIgniter\CodeIgniter->handleRequest(null, Object(Config\Cache), false)
12 FCPATH\index.php(70): CodeIgniter\CodeIgniter->run()
13 SYSTEMPATH\Commands\Server\rewrite.php(47): require_once('D:\\Projects\\KPS\\PHP\\MyUMKM\\Sub\\DapurFirdaus\\public\\index.php')
WARNING - 2023-08-07 11:11:50 --> [DEPRECATED] Optional parameter $addon declared before required parameter $return is implicitly treated as a required parameter in APPPATH\API\V1\APIV1Controller.php on line 0.
 1 SYSTEMPATH\Autoloader\Autoloader.php(312): include_once('D:\\Projects\\KPS\\PHP\\CI4_Cores\\vendor\\codeigniter4\\framework\\system\\Debug\\Exceptions.php')
 2 SYSTEMPATH\Autoloader\Autoloader.php(289): CodeIgniter\Autoloader\Autoloader->includeFile('D:\\Projects\\KPS\\PHP\\MyUMKM\\Sub\\DapurFirdaus\\app\\API\\V1\\APIV1Controller.php')
 3 SYSTEMPATH\Autoloader\Autoloader.php(267): CodeIgniter\Autoloader\Autoloader->loadInNamespace('App\\API\\V1\\APIV1Controller')
 4 APPPATH\API\V1\Catalog\Product\Category\Update.php(11): CodeIgniter\Autoloader\Autoloader->loadClass('App\\API\\V1\\APIV1Controller')
 5 SYSTEMPATH\Autoloader\Autoloader.php(312): include_once('D:\\Projects\\KPS\\PHP\\MyUMKM\\Sub\\DapurFirdaus\\app\\API\\V1\\Catalog\\Product\\Category\\Update.php')
 6 SYSTEMPATH\Autoloader\Autoloader.php(289): CodeIgniter\Autoloader\Autoloader->includeFile('D:\\Projects\\KPS\\PHP\\MyUMKM\\Sub\\DapurFirdaus\\app\\API\\V1\\Catalog\\Product\\Category\\Update.php')
 7 SYSTEMPATH\Autoloader\Autoloader.php(267): CodeIgniter\Autoloader\Autoloader->loadInNamespace('App\\API\\V1\\Catalog\\Product\\Category\\Update')
 8 [internal function]: CodeIgniter\Autoloader\Autoloader->loadClass('App\\API\\V1\\Catalog\\Product\\Category\\Update')
 9 SYSTEMPATH\CodeIgniter.php(892): class_exists('\\App\\API\\V1\\Catalog\\Product\\Category\\Update', true)
10 SYSTEMPATH\CodeIgniter.php(486): CodeIgniter\CodeIgniter->startController()
11 SYSTEMPATH\CodeIgniter.php(368): CodeIgniter\CodeIgniter->handleRequest(null, Object(Config\Cache), false)
12 FCPATH\index.php(70): CodeIgniter\CodeIgniter->run()
13 SYSTEMPATH\Commands\Server\rewrite.php(47): require_once('D:\\Projects\\KPS\\PHP\\MyUMKM\\Sub\\DapurFirdaus\\public\\index.php')
WARNING - 2023-08-07 11:11:55 --> [DEPRECATED] Optional parameter $payload declared before required parameter $return is implicitly treated as a required parameter in APPPATH\API\V1\APIV1Controller.php on line 77.
 1 SYSTEMPATH\Autoloader\Autoloader.php(312): include_once('D:\\Projects\\KPS\\PHP\\CI4_Cores\\vendor\\codeigniter4\\framework\\system\\Debug\\Exceptions.php')
 2 SYSTEMPATH\Autoloader\Autoloader.php(289): CodeIgniter\Autoloader\Autoloader->includeFile('D:\\Projects\\KPS\\PHP\\MyUMKM\\Sub\\DapurFirdaus\\app\\API\\V1\\APIV1Controller.php')
 3 SYSTEMPATH\Autoloader\Autoloader.php(267): CodeIgniter\Autoloader\Autoloader->loadInNamespace('App\\API\\V1\\APIV1Controller')
 4 APPPATH\API\V1\Catalog\Product\Category\Update.php(11): CodeIgniter\Autoloader\Autoloader->loadClass('App\\API\\V1\\APIV1Controller')
 5 SYSTEMPATH\Autoloader\Autoloader.php(312): include_once('D:\\Projects\\KPS\\PHP\\MyUMKM\\Sub\\DapurFirdaus\\app\\API\\V1\\Catalog\\Product\\Category\\Update.php')
 6 SYSTEMPATH\Autoloader\Autoloader.php(289): CodeIgniter\Autoloader\Autoloader->includeFile('D:\\Projects\\KPS\\PHP\\MyUMKM\\Sub\\DapurFirdaus\\app\\API\\V1\\Catalog\\Product\\Category\\Update.php')
 7 SYSTEMPATH\Autoloader\Autoloader.php(267): CodeIgniter\Autoloader\Autoloader->loadInNamespace('App\\API\\V1\\Catalog\\Product\\Category\\Update')
 8 [internal function]: CodeIgniter\Autoloader\Autoloader->loadClass('App\\API\\V1\\Catalog\\Product\\Category\\Update')
 9 SYSTEMPATH\CodeIgniter.php(892): class_exists('\\App\\API\\V1\\Catalog\\Product\\Category\\Update', true)
10 SYSTEMPATH\CodeIgniter.php(486): CodeIgniter\CodeIgniter->startController()
11 SYSTEMPATH\CodeIgniter.php(368): CodeIgniter\CodeIgniter->handleRequest(null, Object(Config\Cache), false)
12 FCPATH\index.php(70): CodeIgniter\CodeIgniter->run()
13 SYSTEMPATH\Commands\Server\rewrite.php(47): require_once('D:\\Projects\\KPS\\PHP\\MyUMKM\\Sub\\DapurFirdaus\\public\\index.php')
WARNING - 2023-08-07 11:11:55 --> [DEPRECATED] Optional parameter $addon declared before required parameter $return is implicitly treated as a required parameter in APPPATH\API\V1\APIV1Controller.php on line 0.
 1 SYSTEMPATH\Autoloader\Autoloader.php(312): include_once('D:\\Projects\\KPS\\PHP\\CI4_Cores\\vendor\\codeigniter4\\framework\\system\\Debug\\Exceptions.php')
 2 SYSTEMPATH\Autoloader\Autoloader.php(289): CodeIgniter\Autoloader\Autoloader->includeFile('D:\\Projects\\KPS\\PHP\\MyUMKM\\Sub\\DapurFirdaus\\app\\API\\V1\\APIV1Controller.php')
 3 SYSTEMPATH\Autoloader\Autoloader.php(267): CodeIgniter\Autoloader\Autoloader->loadInNamespace('App\\API\\V1\\APIV1Controller')
 4 APPPATH\API\V1\Catalog\Product\Category\Update.php(11): CodeIgniter\Autoloader\Autoloader->loadClass('App\\API\\V1\\APIV1Controller')
 5 SYSTEMPATH\Autoloader\Autoloader.php(312): include_once('D:\\Projects\\KPS\\PHP\\MyUMKM\\Sub\\DapurFirdaus\\app\\API\\V1\\Catalog\\Product\\Category\\Update.php')
 6 SYSTEMPATH\Autoloader\Autoloader.php(289): CodeIgniter\Autoloader\Autoloader->includeFile('D:\\Projects\\KPS\\PHP\\MyUMKM\\Sub\\DapurFirdaus\\app\\API\\V1\\Catalog\\Product\\Category\\Update.php')
 7 SYSTEMPATH\Autoloader\Autoloader.php(267): CodeIgniter\Autoloader\Autoloader->loadInNamespace('App\\API\\V1\\Catalog\\Product\\Category\\Update')
 8 [internal function]: CodeIgniter\Autoloader\Autoloader->loadClass('App\\API\\V1\\Catalog\\Product\\Category\\Update')
 9 SYSTEMPATH\CodeIgniter.php(892): class_exists('\\App\\API\\V1\\Catalog\\Product\\Category\\Update', true)
10 SYSTEMPATH\CodeIgniter.php(486): CodeIgniter\CodeIgniter->startController()
11 SYSTEMPATH\CodeIgniter.php(368): CodeIgniter\CodeIgniter->handleRequest(null, Object(Config\Cache), false)
12 FCPATH\index.php(70): CodeIgniter\CodeIgniter->run()
13 SYSTEMPATH\Commands\Server\rewrite.php(47): require_once('D:\\Projects\\KPS\\PHP\\MyUMKM\\Sub\\DapurFirdaus\\public\\index.php')
WARNING - 2023-08-07 11:12:22 --> [DEPRECATED] Optional parameter $payload declared before required parameter $return is implicitly treated as a required parameter in APPPATH\API\V1\APIV1Controller.php on line 77.
 1 SYSTEMPATH\Autoloader\Autoloader.php(312): include_once('D:\\Projects\\KPS\\PHP\\CI4_Cores\\vendor\\codeigniter4\\framework\\system\\Debug\\Exceptions.php')
 2 SYSTEMPATH\Autoloader\Autoloader.php(289): CodeIgniter\Autoloader\Autoloader->includeFile('D:\\Projects\\KPS\\PHP\\MyUMKM\\Sub\\DapurFirdaus\\app\\API\\V1\\APIV1Controller.php')
 3 SYSTEMPATH\Autoloader\Autoloader.php(267): CodeIgniter\Autoloader\Autoloader->loadInNamespace('App\\API\\V1\\APIV1Controller')
 4 APPPATH\API\V1\Catalog\Product\Category\Update.php(11): CodeIgniter\Autoloader\Autoloader->loadClass('App\\API\\V1\\APIV1Controller')
 5 SYSTEMPATH\Autoloader\Autoloader.php(312): include_once('D:\\Projects\\KPS\\PHP\\MyUMKM\\Sub\\DapurFirdaus\\app\\API\\V1\\Catalog\\Product\\Category\\Update.php')
 6 SYSTEMPATH\Autoloader\Autoloader.php(289): CodeIgniter\Autoloader\Autoloader->includeFile('D:\\Projects\\KPS\\PHP\\MyUMKM\\Sub\\DapurFirdaus\\app\\API\\V1\\Catalog\\Product\\Category\\Update.php')
 7 SYSTEMPATH\Autoloader\Autoloader.php(267): CodeIgniter\Autoloader\Autoloader->loadInNamespace('App\\API\\V1\\Catalog\\Product\\Category\\Update')
 8 [internal function]: CodeIgniter\Autoloader\Autoloader->loadClass('App\\API\\V1\\Catalog\\Product\\Category\\Update')
 9 SYSTEMPATH\CodeIgniter.php(892): class_exists('\\App\\API\\V1\\Catalog\\Product\\Category\\Update', true)
10 SYSTEMPATH\CodeIgniter.php(486): CodeIgniter\CodeIgniter->startController()
11 SYSTEMPATH\CodeIgniter.php(368): CodeIgniter\CodeIgniter->handleRequest(null, Object(Config\Cache), false)
12 FCPATH\index.php(70): CodeIgniter\CodeIgniter->run()
13 SYSTEMPATH\Commands\Server\rewrite.php(47): require_once('D:\\Projects\\KPS\\PHP\\MyUMKM\\Sub\\DapurFirdaus\\public\\index.php')
WARNING - 2023-08-07 11:12:22 --> [DEPRECATED] Optional parameter $addon declared before required parameter $return is implicitly treated as a required parameter in APPPATH\API\V1\APIV1Controller.php on line 0.
 1 SYSTEMPATH\Autoloader\Autoloader.php(312): include_once('D:\\Projects\\KPS\\PHP\\CI4_Cores\\vendor\\codeigniter4\\framework\\system\\Debug\\Exceptions.php')
 2 SYSTEMPATH\Autoloader\Autoloader.php(289): CodeIgniter\Autoloader\Autoloader->includeFile('D:\\Projects\\KPS\\PHP\\MyUMKM\\Sub\\DapurFirdaus\\app\\API\\V1\\APIV1Controller.php')
 3 SYSTEMPATH\Autoloader\Autoloader.php(267): CodeIgniter\Autoloader\Autoloader->loadInNamespace('App\\API\\V1\\APIV1Controller')
 4 APPPATH\API\V1\Catalog\Product\Category\Update.php(11): CodeIgniter\Autoloader\Autoloader->loadClass('App\\API\\V1\\APIV1Controller')
 5 SYSTEMPATH\Autoloader\Autoloader.php(312): include_once('D:\\Projects\\KPS\\PHP\\MyUMKM\\Sub\\DapurFirdaus\\app\\API\\V1\\Catalog\\Product\\Category\\Update.php')
 6 SYSTEMPATH\Autoloader\Autoloader.php(289): CodeIgniter\Autoloader\Autoloader->includeFile('D:\\Projects\\KPS\\PHP\\MyUMKM\\Sub\\DapurFirdaus\\app\\API\\V1\\Catalog\\Product\\Category\\Update.php')
 7 SYSTEMPATH\Autoloader\Autoloader.php(267): CodeIgniter\Autoloader\Autoloader->loadInNamespace('App\\API\\V1\\Catalog\\Product\\Category\\Update')
 8 [internal function]: CodeIgniter\Autoloader\Autoloader->loadClass('App\\API\\V1\\Catalog\\Product\\Category\\Update')
 9 SYSTEMPATH\CodeIgniter.php(892): class_exists('\\App\\API\\V1\\Catalog\\Product\\Category\\Update', true)
10 SYSTEMPATH\CodeIgniter.php(486): CodeIgniter\CodeIgniter->startController()
11 SYSTEMPATH\CodeIgniter.php(368): CodeIgniter\CodeIgniter->handleRequest(null, Object(Config\Cache), false)
12 FCPATH\index.php(70): CodeIgniter\CodeIgniter->run()
13 SYSTEMPATH\Commands\Server\rewrite.php(47): require_once('D:\\Projects\\KPS\\PHP\\MyUMKM\\Sub\\DapurFirdaus\\public\\index.php')
WARNING - 2023-08-07 11:12:38 --> [DEPRECATED] Optional parameter $payload declared before required parameter $return is implicitly treated as a required parameter in APPPATH\API\V1\APIV1Controller.php on line 77.
 1 SYSTEMPATH\Autoloader\Autoloader.php(312): include_once('D:\\Projects\\KPS\\PHP\\CI4_Cores\\vendor\\codeigniter4\\framework\\system\\Debug\\Exceptions.php')
 2 SYSTEMPATH\Autoloader\Autoloader.php(289): CodeIgniter\Autoloader\Autoloader->includeFile('D:\\Projects\\KPS\\PHP\\MyUMKM\\Sub\\DapurFirdaus\\app\\API\\V1\\APIV1Controller.php')
 3 SYSTEMPATH\Autoloader\Autoloader.php(267): CodeIgniter\Autoloader\Autoloader->loadInNamespace('App\\API\\V1\\APIV1Controller')
 4 APPPATH\API\V1\Catalog\Product\Category\Update.php(11): CodeIgniter\Autoloader\Autoloader->loadClass('App\\API\\V1\\APIV1Controller')
 5 SYSTEMPATH\Autoloader\Autoloader.php(312): include_once('D:\\Projects\\KPS\\PHP\\MyUMKM\\Sub\\DapurFirdaus\\app\\API\\V1\\Catalog\\Product\\Category\\Update.php')
 6 SYSTEMPATH\Autoloader\Autoloader.php(289): CodeIgniter\Autoloader\Autoloader->includeFile('D:\\Projects\\KPS\\PHP\\MyUMKM\\Sub\\DapurFirdaus\\app\\API\\V1\\Catalog\\Product\\Category\\Update.php')
 7 SYSTEMPATH\Autoloader\Autoloader.php(267): CodeIgniter\Autoloader\Autoloader->loadInNamespace('App\\API\\V1\\Catalog\\Product\\Category\\Update')
 8 [internal function]: CodeIgniter\Autoloader\Autoloader->loadClass('App\\API\\V1\\Catalog\\Product\\Category\\Update')
 9 SYSTEMPATH\CodeIgniter.php(892): class_exists('\\App\\API\\V1\\Catalog\\Product\\Category\\Update', true)
10 SYSTEMPATH\CodeIgniter.php(486): CodeIgniter\CodeIgniter->startController()
11 SYSTEMPATH\CodeIgniter.php(368): CodeIgniter\CodeIgniter->handleRequest(null, Object(Config\Cache), false)
12 FCPATH\index.php(70): CodeIgniter\CodeIgniter->run()
13 SYSTEMPATH\Commands\Server\rewrite.php(47): require_once('D:\\Projects\\KPS\\PHP\\MyUMKM\\Sub\\DapurFirdaus\\public\\index.php')
WARNING - 2023-08-07 11:12:38 --> [DEPRECATED] Optional parameter $addon declared before required parameter $return is implicitly treated as a required parameter in APPPATH\API\V1\APIV1Controller.php on line 0.
 1 SYSTEMPATH\Autoloader\Autoloader.php(312): include_once('D:\\Projects\\KPS\\PHP\\CI4_Cores\\vendor\\codeigniter4\\framework\\system\\Debug\\Exceptions.php')
 2 SYSTEMPATH\Autoloader\Autoloader.php(289): CodeIgniter\Autoloader\Autoloader->includeFile('D:\\Projects\\KPS\\PHP\\MyUMKM\\Sub\\DapurFirdaus\\app\\API\\V1\\APIV1Controller.php')
 3 SYSTEMPATH\Autoloader\Autoloader.php(267): CodeIgniter\Autoloader\Autoloader->loadInNamespace('App\\API\\V1\\APIV1Controller')
 4 APPPATH\API\V1\Catalog\Product\Category\Update.php(11): CodeIgniter\Autoloader\Autoloader->loadClass('App\\API\\V1\\APIV1Controller')
 5 SYSTEMPATH\Autoloader\Autoloader.php(312): include_once('D:\\Projects\\KPS\\PHP\\MyUMKM\\Sub\\DapurFirdaus\\app\\API\\V1\\Catalog\\Product\\Category\\Update.php')
 6 SYSTEMPATH\Autoloader\Autoloader.php(289): CodeIgniter\Autoloader\Autoloader->includeFile('D:\\Projects\\KPS\\PHP\\MyUMKM\\Sub\\DapurFirdaus\\app\\API\\V1\\Catalog\\Product\\Category\\Update.php')
 7 SYSTEMPATH\Autoloader\Autoloader.php(267): CodeIgniter\Autoloader\Autoloader->loadInNamespace('App\\API\\V1\\Catalog\\Product\\Category\\Update')
 8 [internal function]: CodeIgniter\Autoloader\Autoloader->loadClass('App\\API\\V1\\Catalog\\Product\\Category\\Update')
 9 SYSTEMPATH\CodeIgniter.php(892): class_exists('\\App\\API\\V1\\Catalog\\Product\\Category\\Update', true)
10 SYSTEMPATH\CodeIgniter.php(486): CodeIgniter\CodeIgniter->startController()
11 SYSTEMPATH\CodeIgniter.php(368): CodeIgniter\CodeIgniter->handleRequest(null, Object(Config\Cache), false)
12 FCPATH\index.php(70): CodeIgniter\CodeIgniter->run()
13 SYSTEMPATH\Commands\Server\rewrite.php(47): require_once('D:\\Projects\\KPS\\PHP\\MyUMKM\\Sub\\DapurFirdaus\\public\\index.php')
WARNING - 2023-08-07 11:13:09 --> [DEPRECATED] Optional parameter $payload declared before required parameter $return is implicitly treated as a required parameter in APPPATH\API\V1\APIV1Controller.php on line 77.
 1 SYSTEMPATH\Autoloader\Autoloader.php(312): include_once('D:\\Projects\\KPS\\PHP\\CI4_Cores\\vendor\\codeigniter4\\framework\\system\\Debug\\Exceptions.php')
 2 SYSTEMPATH\Autoloader\Autoloader.php(289): CodeIgniter\Autoloader\Autoloader->includeFile('D:\\Projects\\KPS\\PHP\\MyUMKM\\Sub\\DapurFirdaus\\app\\API\\V1\\APIV1Controller.php')
 3 SYSTEMPATH\Autoloader\Autoloader.php(267): CodeIgniter\Autoloader\Autoloader->loadInNamespace('App\\API\\V1\\APIV1Controller')
 4 APPPATH\API\V1\Catalog\Product\Category\Update.php(11): CodeIgniter\Autoloader\Autoloader->loadClass('App\\API\\V1\\APIV1Controller')
 5 SYSTEMPATH\Autoloader\Autoloader.php(312): include_once('D:\\Projects\\KPS\\PHP\\MyUMKM\\Sub\\DapurFirdaus\\app\\API\\V1\\Catalog\\Product\\Category\\Update.php')
 6 SYSTEMPATH\Autoloader\Autoloader.php(289): CodeIgniter\Autoloader\Autoloader->includeFile('D:\\Projects\\KPS\\PHP\\MyUMKM\\Sub\\DapurFirdaus\\app\\API\\V1\\Catalog\\Product\\Category\\Update.php')
 7 SYSTEMPATH\Autoloader\Autoloader.php(267): CodeIgniter\Autoloader\Autoloader->loadInNamespace('App\\API\\V1\\Catalog\\Product\\Category\\Update')
 8 [internal function]: CodeIgniter\Autoloader\Autoloader->loadClass('App\\API\\V1\\Catalog\\Product\\Category\\Update')
 9 SYSTEMPATH\CodeIgniter.php(892): class_exists('\\App\\API\\V1\\Catalog\\Product\\Category\\Update', true)
10 SYSTEMPATH\CodeIgniter.php(486): CodeIgniter\CodeIgniter->startController()
11 SYSTEMPATH\CodeIgniter.php(368): CodeIgniter\CodeIgniter->handleRequest(null, Object(Config\Cache), false)
12 FCPATH\index.php(70): CodeIgniter\CodeIgniter->run()
13 SYSTEMPATH\Commands\Server\rewrite.php(47): require_once('D:\\Projects\\KPS\\PHP\\MyUMKM\\Sub\\DapurFirdaus\\public\\index.php')
WARNING - 2023-08-07 11:13:09 --> [DEPRECATED] Optional parameter $addon declared before required parameter $return is implicitly treated as a required parameter in APPPATH\API\V1\APIV1Controller.php on line 0.
 1 SYSTEMPATH\Autoloader\Autoloader.php(312): include_once('D:\\Projects\\KPS\\PHP\\CI4_Cores\\vendor\\codeigniter4\\framework\\system\\Debug\\Exceptions.php')
 2 SYSTEMPATH\Autoloader\Autoloader.php(289): CodeIgniter\Autoloader\Autoloader->includeFile('D:\\Projects\\KPS\\PHP\\MyUMKM\\Sub\\DapurFirdaus\\app\\API\\V1\\APIV1Controller.php')
 3 SYSTEMPATH\Autoloader\Autoloader.php(267): CodeIgniter\Autoloader\Autoloader->loadInNamespace('App\\API\\V1\\APIV1Controller')
 4 APPPATH\API\V1\Catalog\Product\Category\Update.php(11): CodeIgniter\Autoloader\Autoloader->loadClass('App\\API\\V1\\APIV1Controller')
 5 SYSTEMPATH\Autoloader\Autoloader.php(312): include_once('D:\\Projects\\KPS\\PHP\\MyUMKM\\Sub\\DapurFirdaus\\app\\API\\V1\\Catalog\\Product\\Category\\Update.php')
 6 SYSTEMPATH\Autoloader\Autoloader.php(289): CodeIgniter\Autoloader\Autoloader->includeFile('D:\\Projects\\KPS\\PHP\\MyUMKM\\Sub\\DapurFirdaus\\app\\API\\V1\\Catalog\\Product\\Category\\Update.php')
 7 SYSTEMPATH\Autoloader\Autoloader.php(267): CodeIgniter\Autoloader\Autoloader->loadInNamespace('App\\API\\V1\\Catalog\\Product\\Category\\Update')
 8 [internal function]: CodeIgniter\Autoloader\Autoloader->loadClass('App\\API\\V1\\Catalog\\Product\\Category\\Update')
 9 SYSTEMPATH\CodeIgniter.php(892): class_exists('\\App\\API\\V1\\Catalog\\Product\\Category\\Update', true)
10 SYSTEMPATH\CodeIgniter.php(486): CodeIgniter\CodeIgniter->startController()
11 SYSTEMPATH\CodeIgniter.php(368): CodeIgniter\CodeIgniter->handleRequest(null, Object(Config\Cache), false)
12 FCPATH\index.php(70): CodeIgniter\CodeIgniter->run()
13 SYSTEMPATH\Commands\Server\rewrite.php(47): require_once('D:\\Projects\\KPS\\PHP\\MyUMKM\\Sub\\DapurFirdaus\\public\\index.php')
WARNING - 2023-08-07 11:13:18 --> [DEPRECATED] Optional parameter $payload declared before required parameter $return is implicitly treated as a required parameter in APPPATH\API\V1\APIV1Controller.php on line 77.
 1 SYSTEMPATH\Autoloader\Autoloader.php(312): include_once('D:\\Projects\\KPS\\PHP\\CI4_Cores\\vendor\\codeigniter4\\framework\\system\\Debug\\Exceptions.php')
 2 SYSTEMPATH\Autoloader\Autoloader.php(289): CodeIgniter\Autoloader\Autoloader->includeFile('D:\\Projects\\KPS\\PHP\\MyUMKM\\Sub\\DapurFirdaus\\app\\API\\V1\\APIV1Controller.php')
 3 SYSTEMPATH\Autoloader\Autoloader.php(267): CodeIgniter\Autoloader\Autoloader->loadInNamespace('App\\API\\V1\\APIV1Controller')
 4 APPPATH\API\V1\Catalog\Product\Category\Update.php(11): CodeIgniter\Autoloader\Autoloader->loadClass('App\\API\\V1\\APIV1Controller')
 5 SYSTEMPATH\Autoloader\Autoloader.php(312): include_once('D:\\Projects\\KPS\\PHP\\MyUMKM\\Sub\\DapurFirdaus\\app\\API\\V1\\Catalog\\Product\\Category\\Update.php')
 6 SYSTEMPATH\Autoloader\Autoloader.php(289): CodeIgniter\Autoloader\Autoloader->includeFile('D:\\Projects\\KPS\\PHP\\MyUMKM\\Sub\\DapurFirdaus\\app\\API\\V1\\Catalog\\Product\\Category\\Update.php')
 7 SYSTEMPATH\Autoloader\Autoloader.php(267): CodeIgniter\Autoloader\Autoloader->loadInNamespace('App\\API\\V1\\Catalog\\Product\\Category\\Update')
 8 [internal function]: CodeIgniter\Autoloader\Autoloader->loadClass('App\\API\\V1\\Catalog\\Product\\Category\\Update')
 9 SYSTEMPATH\CodeIgniter.php(892): class_exists('\\App\\API\\V1\\Catalog\\Product\\Category\\Update', true)
10 SYSTEMPATH\CodeIgniter.php(486): CodeIgniter\CodeIgniter->startController()
11 SYSTEMPATH\CodeIgniter.php(368): CodeIgniter\CodeIgniter->handleRequest(null, Object(Config\Cache), false)
12 FCPATH\index.php(70): CodeIgniter\CodeIgniter->run()
13 SYSTEMPATH\Commands\Server\rewrite.php(47): require_once('D:\\Projects\\KPS\\PHP\\MyUMKM\\Sub\\DapurFirdaus\\public\\index.php')
WARNING - 2023-08-07 11:13:18 --> [DEPRECATED] Optional parameter $addon declared before required parameter $return is implicitly treated as a required parameter in APPPATH\API\V1\APIV1Controller.php on line 0.
 1 SYSTEMPATH\Autoloader\Autoloader.php(312): include_once('D:\\Projects\\KPS\\PHP\\CI4_Cores\\vendor\\codeigniter4\\framework\\system\\Debug\\Exceptions.php')
 2 SYSTEMPATH\Autoloader\Autoloader.php(289): CodeIgniter\Autoloader\Autoloader->includeFile('D:\\Projects\\KPS\\PHP\\MyUMKM\\Sub\\DapurFirdaus\\app\\API\\V1\\APIV1Controller.php')
 3 SYSTEMPATH\Autoloader\Autoloader.php(267): CodeIgniter\Autoloader\Autoloader->loadInNamespace('App\\API\\V1\\APIV1Controller')
 4 APPPATH\API\V1\Catalog\Product\Category\Update.php(11): CodeIgniter\Autoloader\Autoloader->loadClass('App\\API\\V1\\APIV1Controller')
 5 SYSTEMPATH\Autoloader\Autoloader.php(312): include_once('D:\\Projects\\KPS\\PHP\\MyUMKM\\Sub\\DapurFirdaus\\app\\API\\V1\\Catalog\\Product\\Category\\Update.php')
 6 SYSTEMPATH\Autoloader\Autoloader.php(289): CodeIgniter\Autoloader\Autoloader->includeFile('D:\\Projects\\KPS\\PHP\\MyUMKM\\Sub\\DapurFirdaus\\app\\API\\V1\\Catalog\\Product\\Category\\Update.php')
 7 SYSTEMPATH\Autoloader\Autoloader.php(267): CodeIgniter\Autoloader\Autoloader->loadInNamespace('App\\API\\V1\\Catalog\\Product\\Category\\Update')
 8 [internal function]: CodeIgniter\Autoloader\Autoloader->loadClass('App\\API\\V1\\Catalog\\Product\\Category\\Update')
 9 SYSTEMPATH\CodeIgniter.php(892): class_exists('\\App\\API\\V1\\Catalog\\Product\\Category\\Update', true)
10 SYSTEMPATH\CodeIgniter.php(486): CodeIgniter\CodeIgniter->startController()
11 SYSTEMPATH\CodeIgniter.php(368): CodeIgniter\CodeIgniter->handleRequest(null, Object(Config\Cache), false)
12 FCPATH\index.php(70): CodeIgniter\CodeIgniter->run()
13 SYSTEMPATH\Commands\Server\rewrite.php(47): require_once('D:\\Projects\\KPS\\PHP\\MyUMKM\\Sub\\DapurFirdaus\\public\\index.php')
WARNING - 2023-08-07 11:13:30 --> [DEPRECATED] Optional parameter $payload declared before required parameter $return is implicitly treated as a required parameter in APPPATH\API\V1\APIV1Controller.php on line 77.
 1 SYSTEMPATH\Autoloader\Autoloader.php(312): include_once('D:\\Projects\\KPS\\PHP\\CI4_Cores\\vendor\\codeigniter4\\framework\\system\\Debug\\Exceptions.php')
 2 SYSTEMPATH\Autoloader\Autoloader.php(289): CodeIgniter\Autoloader\Autoloader->includeFile('D:\\Projects\\KPS\\PHP\\MyUMKM\\Sub\\DapurFirdaus\\app\\API\\V1\\APIV1Controller.php')
 3 SYSTEMPATH\Autoloader\Autoloader.php(267): CodeIgniter\Autoloader\Autoloader->loadInNamespace('App\\API\\V1\\APIV1Controller')
 4 APPPATH\API\V1\Catalog\Product\Category\Update.php(11): CodeIgniter\Autoloader\Autoloader->loadClass('App\\API\\V1\\APIV1Controller')
 5 SYSTEMPATH\Autoloader\Autoloader.php(312): include_once('D:\\Projects\\KPS\\PHP\\MyUMKM\\Sub\\DapurFirdaus\\app\\API\\V1\\Catalog\\Product\\Category\\Update.php')
 6 SYSTEMPATH\Autoloader\Autoloader.php(289): CodeIgniter\Autoloader\Autoloader->includeFile('D:\\Projects\\KPS\\PHP\\MyUMKM\\Sub\\DapurFirdaus\\app\\API\\V1\\Catalog\\Product\\Category\\Update.php')
 7 SYSTEMPATH\Autoloader\Autoloader.php(267): CodeIgniter\Autoloader\Autoloader->loadInNamespace('App\\API\\V1\\Catalog\\Product\\Category\\Update')
 8 [internal function]: CodeIgniter\Autoloader\Autoloader->loadClass('App\\API\\V1\\Catalog\\Product\\Category\\Update')
 9 SYSTEMPATH\CodeIgniter.php(892): class_exists('\\App\\API\\V1\\Catalog\\Product\\Category\\Update', true)
10 SYSTEMPATH\CodeIgniter.php(486): CodeIgniter\CodeIgniter->startController()
11 SYSTEMPATH\CodeIgniter.php(368): CodeIgniter\CodeIgniter->handleRequest(null, Object(Config\Cache), false)
12 FCPATH\index.php(70): CodeIgniter\CodeIgniter->run()
13 SYSTEMPATH\Commands\Server\rewrite.php(47): require_once('D:\\Projects\\KPS\\PHP\\MyUMKM\\Sub\\DapurFirdaus\\public\\index.php')
WARNING - 2023-08-07 11:13:30 --> [DEPRECATED] Optional parameter $addon declared before required parameter $return is implicitly treated as a required parameter in APPPATH\API\V1\APIV1Controller.php on line 0.
 1 SYSTEMPATH\Autoloader\Autoloader.php(312): include_once('D:\\Projects\\KPS\\PHP\\CI4_Cores\\vendor\\codeigniter4\\framework\\system\\Debug\\Exceptions.php')
 2 SYSTEMPATH\Autoloader\Autoloader.php(289): CodeIgniter\Autoloader\Autoloader->includeFile('D:\\Projects\\KPS\\PHP\\MyUMKM\\Sub\\DapurFirdaus\\app\\API\\V1\\APIV1Controller.php')
 3 SYSTEMPATH\Autoloader\Autoloader.php(267): CodeIgniter\Autoloader\Autoloader->loadInNamespace('App\\API\\V1\\APIV1Controller')
 4 APPPATH\API\V1\Catalog\Product\Category\Update.php(11): CodeIgniter\Autoloader\Autoloader->loadClass('App\\API\\V1\\APIV1Controller')
 5 SYSTEMPATH\Autoloader\Autoloader.php(312): include_once('D:\\Projects\\KPS\\PHP\\MyUMKM\\Sub\\DapurFirdaus\\app\\API\\V1\\Catalog\\Product\\Category\\Update.php')
 6 SYSTEMPATH\Autoloader\Autoloader.php(289): CodeIgniter\Autoloader\Autoloader->includeFile('D:\\Projects\\KPS\\PHP\\MyUMKM\\Sub\\DapurFirdaus\\app\\API\\V1\\Catalog\\Product\\Category\\Update.php')
 7 SYSTEMPATH\Autoloader\Autoloader.php(267): CodeIgniter\Autoloader\Autoloader->loadInNamespace('App\\API\\V1\\Catalog\\Product\\Category\\Update')
 8 [internal function]: CodeIgniter\Autoloader\Autoloader->loadClass('App\\API\\V1\\Catalog\\Product\\Category\\Update')
 9 SYSTEMPATH\CodeIgniter.php(892): class_exists('\\App\\API\\V1\\Catalog\\Product\\Category\\Update', true)
10 SYSTEMPATH\CodeIgniter.php(486): CodeIgniter\CodeIgniter->startController()
11 SYSTEMPATH\CodeIgniter.php(368): CodeIgniter\CodeIgniter->handleRequest(null, Object(Config\Cache), false)
12 FCPATH\index.php(70): CodeIgniter\CodeIgniter->run()
13 SYSTEMPATH\Commands\Server\rewrite.php(47): require_once('D:\\Projects\\KPS\\PHP\\MyUMKM\\Sub\\DapurFirdaus\\public\\index.php')
WARNING - 2023-08-07 11:15:24 --> [DEPRECATED] Optional parameter $payload declared before required parameter $return is implicitly treated as a required parameter in APPPATH\API\V1\APIV1Controller.php on line 77.
 1 SYSTEMPATH\Autoloader\Autoloader.php(312): include_once('D:\\Projects\\KPS\\PHP\\CI4_Cores\\vendor\\codeigniter4\\framework\\system\\Debug\\Exceptions.php')
 2 SYSTEMPATH\Autoloader\Autoloader.php(289): CodeIgniter\Autoloader\Autoloader->includeFile('D:\\Projects\\KPS\\PHP\\MyUMKM\\Sub\\DapurFirdaus\\app\\API\\V1\\APIV1Controller.php')
 3 SYSTEMPATH\Autoloader\Autoloader.php(267): CodeIgniter\Autoloader\Autoloader->loadInNamespace('App\\API\\V1\\APIV1Controller')
 4 APPPATH\API\V1\Catalog\Product\Category\Update.php(11): CodeIgniter\Autoloader\Autoloader->loadClass('App\\API\\V1\\APIV1Controller')
 5 SYSTEMPATH\Autoloader\Autoloader.php(312): include_once('D:\\Projects\\KPS\\PHP\\MyUMKM\\Sub\\DapurFirdaus\\app\\API\\V1\\Catalog\\Product\\Category\\Update.php')
 6 SYSTEMPATH\Autoloader\Autoloader.php(289): CodeIgniter\Autoloader\Autoloader->includeFile('D:\\Projects\\KPS\\PHP\\MyUMKM\\Sub\\DapurFirdaus\\app\\API\\V1\\Catalog\\Product\\Category\\Update.php')
 7 SYSTEMPATH\Autoloader\Autoloader.php(267): CodeIgniter\Autoloader\Autoloader->loadInNamespace('App\\API\\V1\\Catalog\\Product\\Category\\Update')
 8 [internal function]: CodeIgniter\Autoloader\Autoloader->loadClass('App\\API\\V1\\Catalog\\Product\\Category\\Update')
 9 SYSTEMPATH\CodeIgniter.php(892): class_exists('\\App\\API\\V1\\Catalog\\Product\\Category\\Update', true)
10 SYSTEMPATH\CodeIgniter.php(486): CodeIgniter\CodeIgniter->startController()
11 SYSTEMPATH\CodeIgniter.php(368): CodeIgniter\CodeIgniter->handleRequest(null, Object(Config\Cache), false)
12 FCPATH\index.php(70): CodeIgniter\CodeIgniter->run()
13 SYSTEMPATH\Commands\Server\rewrite.php(47): require_once('D:\\Projects\\KPS\\PHP\\MyUMKM\\Sub\\DapurFirdaus\\public\\index.php')
WARNING - 2023-08-07 11:15:24 --> [DEPRECATED] Optional parameter $addon declared before required parameter $return is implicitly treated as a required parameter in APPPATH\API\V1\APIV1Controller.php on line 0.
 1 SYSTEMPATH\Autoloader\Autoloader.php(312): include_once('D:\\Projects\\KPS\\PHP\\CI4_Cores\\vendor\\codeigniter4\\framework\\system\\Debug\\Exceptions.php')
 2 SYSTEMPATH\Autoloader\Autoloader.php(289): CodeIgniter\Autoloader\Autoloader->includeFile('D:\\Projects\\KPS\\PHP\\MyUMKM\\Sub\\DapurFirdaus\\app\\API\\V1\\APIV1Controller.php')
 3 SYSTEMPATH\Autoloader\Autoloader.php(267): CodeIgniter\Autoloader\Autoloader->loadInNamespace('App\\API\\V1\\APIV1Controller')
 4 APPPATH\API\V1\Catalog\Product\Category\Update.php(11): CodeIgniter\Autoloader\Autoloader->loadClass('App\\API\\V1\\APIV1Controller')
 5 SYSTEMPATH\Autoloader\Autoloader.php(312): include_once('D:\\Projects\\KPS\\PHP\\MyUMKM\\Sub\\DapurFirdaus\\app\\API\\V1\\Catalog\\Product\\Category\\Update.php')
 6 SYSTEMPATH\Autoloader\Autoloader.php(289): CodeIgniter\Autoloader\Autoloader->includeFile('D:\\Projects\\KPS\\PHP\\MyUMKM\\Sub\\DapurFirdaus\\app\\API\\V1\\Catalog\\Product\\Category\\Update.php')
 7 SYSTEMPATH\Autoloader\Autoloader.php(267): CodeIgniter\Autoloader\Autoloader->loadInNamespace('App\\API\\V1\\Catalog\\Product\\Category\\Update')
 8 [internal function]: CodeIgniter\Autoloader\Autoloader->loadClass('App\\API\\V1\\Catalog\\Product\\Category\\Update')
 9 SYSTEMPATH\CodeIgniter.php(892): class_exists('\\App\\API\\V1\\Catalog\\Product\\Category\\Update', true)
10 SYSTEMPATH\CodeIgniter.php(486): CodeIgniter\CodeIgniter->startController()
11 SYSTEMPATH\CodeIgniter.php(368): CodeIgniter\CodeIgniter->handleRequest(null, Object(Config\Cache), false)
12 FCPATH\index.php(70): CodeIgniter\CodeIgniter->run()
13 SYSTEMPATH\Commands\Server\rewrite.php(47): require_once('D:\\Projects\\KPS\\PHP\\MyUMKM\\Sub\\DapurFirdaus\\public\\index.php')
WARNING - 2023-08-07 11:15:35 --> [DEPRECATED] Optional parameter $payload declared before required parameter $return is implicitly treated as a required parameter in APPPATH\API\V1\APIV1Controller.php on line 77.
 1 SYSTEMPATH\Autoloader\Autoloader.php(312): include_once('D:\\Projects\\KPS\\PHP\\CI4_Cores\\vendor\\codeigniter4\\framework\\system\\Debug\\Exceptions.php')
 2 SYSTEMPATH\Autoloader\Autoloader.php(289): CodeIgniter\Autoloader\Autoloader->includeFile('D:\\Projects\\KPS\\PHP\\MyUMKM\\Sub\\DapurFirdaus\\app\\API\\V1\\APIV1Controller.php')
 3 SYSTEMPATH\Autoloader\Autoloader.php(267): CodeIgniter\Autoloader\Autoloader->loadInNamespace('App\\API\\V1\\APIV1Controller')
 4 APPPATH\API\V1\Catalog\Product\Category\Update.php(11): CodeIgniter\Autoloader\Autoloader->loadClass('App\\API\\V1\\APIV1Controller')
 5 SYSTEMPATH\Autoloader\Autoloader.php(312): include_once('D:\\Projects\\KPS\\PHP\\MyUMKM\\Sub\\DapurFirdaus\\app\\API\\V1\\Catalog\\Product\\Category\\Update.php')
 6 SYSTEMPATH\Autoloader\Autoloader.php(289): CodeIgniter\Autoloader\Autoloader->includeFile('D:\\Projects\\KPS\\PHP\\MyUMKM\\Sub\\DapurFirdaus\\app\\API\\V1\\Catalog\\Product\\Category\\Update.php')
 7 SYSTEMPATH\Autoloader\Autoloader.php(267): CodeIgniter\Autoloader\Autoloader->loadInNamespace('App\\API\\V1\\Catalog\\Product\\Category\\Update')
 8 [internal function]: CodeIgniter\Autoloader\Autoloader->loadClass('App\\API\\V1\\Catalog\\Product\\Category\\Update')
 9 SYSTEMPATH\CodeIgniter.php(892): class_exists('\\App\\API\\V1\\Catalog\\Product\\Category\\Update', true)
10 SYSTEMPATH\CodeIgniter.php(486): CodeIgniter\CodeIgniter->startController()
11 SYSTEMPATH\CodeIgniter.php(368): CodeIgniter\CodeIgniter->handleRequest(null, Object(Config\Cache), false)
12 FCPATH\index.php(70): CodeIgniter\CodeIgniter->run()
13 SYSTEMPATH\Commands\Server\rewrite.php(47): require_once('D:\\Projects\\KPS\\PHP\\MyUMKM\\Sub\\DapurFirdaus\\public\\index.php')
WARNING - 2023-08-07 11:15:35 --> [DEPRECATED] Optional parameter $addon declared before required parameter $return is implicitly treated as a required parameter in APPPATH\API\V1\APIV1Controller.php on line 0.
 1 SYSTEMPATH\Autoloader\Autoloader.php(312): include_once('D:\\Projects\\KPS\\PHP\\CI4_Cores\\vendor\\codeigniter4\\framework\\system\\Debug\\Exceptions.php')
 2 SYSTEMPATH\Autoloader\Autoloader.php(289): CodeIgniter\Autoloader\Autoloader->includeFile('D:\\Projects\\KPS\\PHP\\MyUMKM\\Sub\\DapurFirdaus\\app\\API\\V1\\APIV1Controller.php')
 3 SYSTEMPATH\Autoloader\Autoloader.php(267): CodeIgniter\Autoloader\Autoloader->loadInNamespace('App\\API\\V1\\APIV1Controller')
 4 APPPATH\API\V1\Catalog\Product\Category\Update.php(11): CodeIgniter\Autoloader\Autoloader->loadClass('App\\API\\V1\\APIV1Controller')
 5 SYSTEMPATH\Autoloader\Autoloader.php(312): include_once('D:\\Projects\\KPS\\PHP\\MyUMKM\\Sub\\DapurFirdaus\\app\\API\\V1\\Catalog\\Product\\Category\\Update.php')
 6 SYSTEMPATH\Autoloader\Autoloader.php(289): CodeIgniter\Autoloader\Autoloader->includeFile('D:\\Projects\\KPS\\PHP\\MyUMKM\\Sub\\DapurFirdaus\\app\\API\\V1\\Catalog\\Product\\Category\\Update.php')
 7 SYSTEMPATH\Autoloader\Autoloader.php(267): CodeIgniter\Autoloader\Autoloader->loadInNamespace('App\\API\\V1\\Catalog\\Product\\Category\\Update')
 8 [internal function]: CodeIgniter\Autoloader\Autoloader->loadClass('App\\API\\V1\\Catalog\\Product\\Category\\Update')
 9 SYSTEMPATH\CodeIgniter.php(892): class_exists('\\App\\API\\V1\\Catalog\\Product\\Category\\Update', true)
10 SYSTEMPATH\CodeIgniter.php(486): CodeIgniter\CodeIgniter->startController()
11 SYSTEMPATH\CodeIgniter.php(368): CodeIgniter\CodeIgniter->handleRequest(null, Object(Config\Cache), false)
12 FCPATH\index.php(70): CodeIgniter\CodeIgniter->run()
13 SYSTEMPATH\Commands\Server\rewrite.php(47): require_once('D:\\Projects\\KPS\\PHP\\MyUMKM\\Sub\\DapurFirdaus\\public\\index.php')
WARNING - 2023-08-07 11:16:10 --> [DEPRECATED] Optional parameter $payload declared before required parameter $return is implicitly treated as a required parameter in APPPATH\API\V1\APIV1Controller.php on line 77.
 1 SYSTEMPATH\Autoloader\Autoloader.php(312): include_once('D:\\Projects\\KPS\\PHP\\CI4_Cores\\vendor\\codeigniter4\\framework\\system\\Debug\\Exceptions.php')
 2 SYSTEMPATH\Autoloader\Autoloader.php(289): CodeIgniter\Autoloader\Autoloader->includeFile('D:\\Projects\\KPS\\PHP\\MyUMKM\\Sub\\DapurFirdaus\\app\\API\\V1\\APIV1Controller.php')
 3 SYSTEMPATH\Autoloader\Autoloader.php(267): CodeIgniter\Autoloader\Autoloader->loadInNamespace('App\\API\\V1\\APIV1Controller')
 4 APPPATH\API\V1\Catalog\Product\Category\Update.php(11): CodeIgniter\Autoloader\Autoloader->loadClass('App\\API\\V1\\APIV1Controller')
 5 SYSTEMPATH\Autoloader\Autoloader.php(312): include_once('D:\\Projects\\KPS\\PHP\\MyUMKM\\Sub\\DapurFirdaus\\app\\API\\V1\\Catalog\\Product\\Category\\Update.php')
 6 SYSTEMPATH\Autoloader\Autoloader.php(289): CodeIgniter\Autoloader\Autoloader->includeFile('D:\\Projects\\KPS\\PHP\\MyUMKM\\Sub\\DapurFirdaus\\app\\API\\V1\\Catalog\\Product\\Category\\Update.php')
 7 SYSTEMPATH\Autoloader\Autoloader.php(267): CodeIgniter\Autoloader\Autoloader->loadInNamespace('App\\API\\V1\\Catalog\\Product\\Category\\Update')
 8 [internal function]: CodeIgniter\Autoloader\Autoloader->loadClass('App\\API\\V1\\Catalog\\Product\\Category\\Update')
 9 SYSTEMPATH\CodeIgniter.php(892): class_exists('\\App\\API\\V1\\Catalog\\Product\\Category\\Update', true)
10 SYSTEMPATH\CodeIgniter.php(486): CodeIgniter\CodeIgniter->startController()
11 SYSTEMPATH\CodeIgniter.php(368): CodeIgniter\CodeIgniter->handleRequest(null, Object(Config\Cache), false)
12 FCPATH\index.php(70): CodeIgniter\CodeIgniter->run()
13 SYSTEMPATH\Commands\Server\rewrite.php(47): require_once('D:\\Projects\\KPS\\PHP\\MyUMKM\\Sub\\DapurFirdaus\\public\\index.php')
WARNING - 2023-08-07 11:16:10 --> [DEPRECATED] Optional parameter $addon declared before required parameter $return is implicitly treated as a required parameter in APPPATH\API\V1\APIV1Controller.php on line 0.
 1 SYSTEMPATH\Autoloader\Autoloader.php(312): include_once('D:\\Projects\\KPS\\PHP\\CI4_Cores\\vendor\\codeigniter4\\framework\\system\\Debug\\Exceptions.php')
 2 SYSTEMPATH\Autoloader\Autoloader.php(289): CodeIgniter\Autoloader\Autoloader->includeFile('D:\\Projects\\KPS\\PHP\\MyUMKM\\Sub\\DapurFirdaus\\app\\API\\V1\\APIV1Controller.php')
 3 SYSTEMPATH\Autoloader\Autoloader.php(267): CodeIgniter\Autoloader\Autoloader->loadInNamespace('App\\API\\V1\\APIV1Controller')
 4 APPPATH\API\V1\Catalog\Product\Category\Update.php(11): CodeIgniter\Autoloader\Autoloader->loadClass('App\\API\\V1\\APIV1Controller')
 5 SYSTEMPATH\Autoloader\Autoloader.php(312): include_once('D:\\Projects\\KPS\\PHP\\MyUMKM\\Sub\\DapurFirdaus\\app\\API\\V1\\Catalog\\Product\\Category\\Update.php')
 6 SYSTEMPATH\Autoloader\Autoloader.php(289): CodeIgniter\Autoloader\Autoloader->includeFile('D:\\Projects\\KPS\\PHP\\MyUMKM\\Sub\\DapurFirdaus\\app\\API\\V1\\Catalog\\Product\\Category\\Update.php')
 7 SYSTEMPATH\Autoloader\Autoloader.php(267): CodeIgniter\Autoloader\Autoloader->loadInNamespace('App\\API\\V1\\Catalog\\Product\\Category\\Update')
 8 [internal function]: CodeIgniter\Autoloader\Autoloader->loadClass('App\\API\\V1\\Catalog\\Product\\Category\\Update')
 9 SYSTEMPATH\CodeIgniter.php(892): class_exists('\\App\\API\\V1\\Catalog\\Product\\Category\\Update', true)
10 SYSTEMPATH\CodeIgniter.php(486): CodeIgniter\CodeIgniter->startController()
11 SYSTEMPATH\CodeIgniter.php(368): CodeIgniter\CodeIgniter->handleRequest(null, Object(Config\Cache), false)
12 FCPATH\index.php(70): CodeIgniter\CodeIgniter->run()
13 SYSTEMPATH\Commands\Server\rewrite.php(47): require_once('D:\\Projects\\KPS\\PHP\\MyUMKM\\Sub\\DapurFirdaus\\public\\index.php')
WARNING - 2023-08-07 11:17:10 --> [DEPRECATED] Optional parameter $payload declared before required parameter $return is implicitly treated as a required parameter in APPPATH\API\V1\APIV1Controller.php on line 77.
 1 SYSTEMPATH\Autoloader\Autoloader.php(312): include_once('D:\\Projects\\KPS\\PHP\\CI4_Cores\\vendor\\codeigniter4\\framework\\system\\Debug\\Exceptions.php')
 2 SYSTEMPATH\Autoloader\Autoloader.php(289): CodeIgniter\Autoloader\Autoloader->includeFile('D:\\Projects\\KPS\\PHP\\MyUMKM\\Sub\\DapurFirdaus\\app\\API\\V1\\APIV1Controller.php')
 3 SYSTEMPATH\Autoloader\Autoloader.php(267): CodeIgniter\Autoloader\Autoloader->loadInNamespace('App\\API\\V1\\APIV1Controller')
 4 APPPATH\API\V1\Catalog\Product\Category\Update.php(11): CodeIgniter\Autoloader\Autoloader->loadClass('App\\API\\V1\\APIV1Controller')
 5 SYSTEMPATH\Autoloader\Autoloader.php(312): include_once('D:\\Projects\\KPS\\PHP\\MyUMKM\\Sub\\DapurFirdaus\\app\\API\\V1\\Catalog\\Product\\Category\\Update.php')
 6 SYSTEMPATH\Autoloader\Autoloader.php(289): CodeIgniter\Autoloader\Autoloader->includeFile('D:\\Projects\\KPS\\PHP\\MyUMKM\\Sub\\DapurFirdaus\\app\\API\\V1\\Catalog\\Product\\Category\\Update.php')
 7 SYSTEMPATH\Autoloader\Autoloader.php(267): CodeIgniter\Autoloader\Autoloader->loadInNamespace('App\\API\\V1\\Catalog\\Product\\Category\\Update')
 8 [internal function]: CodeIgniter\Autoloader\Autoloader->loadClass('App\\API\\V1\\Catalog\\Product\\Category\\Update')
 9 SYSTEMPATH\CodeIgniter.php(892): class_exists('\\App\\API\\V1\\Catalog\\Product\\Category\\Update', true)
10 SYSTEMPATH\CodeIgniter.php(486): CodeIgniter\CodeIgniter->startController()
11 SYSTEMPATH\CodeIgniter.php(368): CodeIgniter\CodeIgniter->handleRequest(null, Object(Config\Cache), false)
12 FCPATH\index.php(70): CodeIgniter\CodeIgniter->run()
13 SYSTEMPATH\Commands\Server\rewrite.php(47): require_once('D:\\Projects\\KPS\\PHP\\MyUMKM\\Sub\\DapurFirdaus\\public\\index.php')
WARNING - 2023-08-07 11:17:10 --> [DEPRECATED] Optional parameter $addon declared before required parameter $return is implicitly treated as a required parameter in APPPATH\API\V1\APIV1Controller.php on line 0.
 1 SYSTEMPATH\Autoloader\Autoloader.php(312): include_once('D:\\Projects\\KPS\\PHP\\CI4_Cores\\vendor\\codeigniter4\\framework\\system\\Debug\\Exceptions.php')
 2 SYSTEMPATH\Autoloader\Autoloader.php(289): CodeIgniter\Autoloader\Autoloader->includeFile('D:\\Projects\\KPS\\PHP\\MyUMKM\\Sub\\DapurFirdaus\\app\\API\\V1\\APIV1Controller.php')
 3 SYSTEMPATH\Autoloader\Autoloader.php(267): CodeIgniter\Autoloader\Autoloader->loadInNamespace('App\\API\\V1\\APIV1Controller')
 4 APPPATH\API\V1\Catalog\Product\Category\Update.php(11): CodeIgniter\Autoloader\Autoloader->loadClass('App\\API\\V1\\APIV1Controller')
 5 SYSTEMPATH\Autoloader\Autoloader.php(312): include_once('D:\\Projects\\KPS\\PHP\\MyUMKM\\Sub\\DapurFirdaus\\app\\API\\V1\\Catalog\\Product\\Category\\Update.php')
 6 SYSTEMPATH\Autoloader\Autoloader.php(289): CodeIgniter\Autoloader\Autoloader->includeFile('D:\\Projects\\KPS\\PHP\\MyUMKM\\Sub\\DapurFirdaus\\app\\API\\V1\\Catalog\\Product\\Category\\Update.php')
 7 SYSTEMPATH\Autoloader\Autoloader.php(267): CodeIgniter\Autoloader\Autoloader->loadInNamespace('App\\API\\V1\\Catalog\\Product\\Category\\Update')
 8 [internal function]: CodeIgniter\Autoloader\Autoloader->loadClass('App\\API\\V1\\Catalog\\Product\\Category\\Update')
 9 SYSTEMPATH\CodeIgniter.php(892): class_exists('\\App\\API\\V1\\Catalog\\Product\\Category\\Update', true)
10 SYSTEMPATH\CodeIgniter.php(486): CodeIgniter\CodeIgniter->startController()
11 SYSTEMPATH\CodeIgniter.php(368): CodeIgniter\CodeIgniter->handleRequest(null, Object(Config\Cache), false)
12 FCPATH\index.php(70): CodeIgniter\CodeIgniter->run()
13 SYSTEMPATH\Commands\Server\rewrite.php(47): require_once('D:\\Projects\\KPS\\PHP\\MyUMKM\\Sub\\DapurFirdaus\\public\\index.php')
WARNING - 2023-08-07 11:17:23 --> [DEPRECATED] Optional parameter $payload declared before required parameter $return is implicitly treated as a required parameter in APPPATH\API\V1\APIV1Controller.php on line 77.
 1 SYSTEMPATH\Autoloader\Autoloader.php(312): include_once('D:\\Projects\\KPS\\PHP\\CI4_Cores\\vendor\\codeigniter4\\framework\\system\\Debug\\Exceptions.php')
 2 SYSTEMPATH\Autoloader\Autoloader.php(289): CodeIgniter\Autoloader\Autoloader->includeFile('D:\\Projects\\KPS\\PHP\\MyUMKM\\Sub\\DapurFirdaus\\app\\API\\V1\\APIV1Controller.php')
 3 SYSTEMPATH\Autoloader\Autoloader.php(267): CodeIgniter\Autoloader\Autoloader->loadInNamespace('App\\API\\V1\\APIV1Controller')
 4 APPPATH\API\V1\Catalog\Product\Category\Update.php(11): CodeIgniter\Autoloader\Autoloader->loadClass('App\\API\\V1\\APIV1Controller')
 5 SYSTEMPATH\Autoloader\Autoloader.php(312): include_once('D:\\Projects\\KPS\\PHP\\MyUMKM\\Sub\\DapurFirdaus\\app\\API\\V1\\Catalog\\Product\\Category\\Update.php')
 6 SYSTEMPATH\Autoloader\Autoloader.php(289): CodeIgniter\Autoloader\Autoloader->includeFile('D:\\Projects\\KPS\\PHP\\MyUMKM\\Sub\\DapurFirdaus\\app\\API\\V1\\Catalog\\Product\\Category\\Update.php')
 7 SYSTEMPATH\Autoloader\Autoloader.php(267): CodeIgniter\Autoloader\Autoloader->loadInNamespace('App\\API\\V1\\Catalog\\Product\\Category\\Update')
 8 [internal function]: CodeIgniter\Autoloader\Autoloader->loadClass('App\\API\\V1\\Catalog\\Product\\Category\\Update')
 9 SYSTEMPATH\CodeIgniter.php(892): class_exists('\\App\\API\\V1\\Catalog\\Product\\Category\\Update', true)
10 SYSTEMPATH\CodeIgniter.php(486): CodeIgniter\CodeIgniter->startController()
11 SYSTEMPATH\CodeIgniter.php(368): CodeIgniter\CodeIgniter->handleRequest(null, Object(Config\Cache), false)
12 FCPATH\index.php(70): CodeIgniter\CodeIgniter->run()
13 SYSTEMPATH\Commands\Server\rewrite.php(47): require_once('D:\\Projects\\KPS\\PHP\\MyUMKM\\Sub\\DapurFirdaus\\public\\index.php')
WARNING - 2023-08-07 11:17:23 --> [DEPRECATED] Optional parameter $addon declared before required parameter $return is implicitly treated as a required parameter in APPPATH\API\V1\APIV1Controller.php on line 0.
 1 SYSTEMPATH\Autoloader\Autoloader.php(312): include_once('D:\\Projects\\KPS\\PHP\\CI4_Cores\\vendor\\codeigniter4\\framework\\system\\Debug\\Exceptions.php')
 2 SYSTEMPATH\Autoloader\Autoloader.php(289): CodeIgniter\Autoloader\Autoloader->includeFile('D:\\Projects\\KPS\\PHP\\MyUMKM\\Sub\\DapurFirdaus\\app\\API\\V1\\APIV1Controller.php')
 3 SYSTEMPATH\Autoloader\Autoloader.php(267): CodeIgniter\Autoloader\Autoloader->loadInNamespace('App\\API\\V1\\APIV1Controller')
 4 APPPATH\API\V1\Catalog\Product\Category\Update.php(11): CodeIgniter\Autoloader\Autoloader->loadClass('App\\API\\V1\\APIV1Controller')
 5 SYSTEMPATH\Autoloader\Autoloader.php(312): include_once('D:\\Projects\\KPS\\PHP\\MyUMKM\\Sub\\DapurFirdaus\\app\\API\\V1\\Catalog\\Product\\Category\\Update.php')
 6 SYSTEMPATH\Autoloader\Autoloader.php(289): CodeIgniter\Autoloader\Autoloader->includeFile('D:\\Projects\\KPS\\PHP\\MyUMKM\\Sub\\DapurFirdaus\\app\\API\\V1\\Catalog\\Product\\Category\\Update.php')
 7 SYSTEMPATH\Autoloader\Autoloader.php(267): CodeIgniter\Autoloader\Autoloader->loadInNamespace('App\\API\\V1\\Catalog\\Product\\Category\\Update')
 8 [internal function]: CodeIgniter\Autoloader\Autoloader->loadClass('App\\API\\V1\\Catalog\\Product\\Category\\Update')
 9 SYSTEMPATH\CodeIgniter.php(892): class_exists('\\App\\API\\V1\\Catalog\\Product\\Category\\Update', true)
10 SYSTEMPATH\CodeIgniter.php(486): CodeIgniter\CodeIgniter->startController()
11 SYSTEMPATH\CodeIgniter.php(368): CodeIgniter\CodeIgniter->handleRequest(null, Object(Config\Cache), false)
12 FCPATH\index.php(70): CodeIgniter\CodeIgniter->run()
13 SYSTEMPATH\Commands\Server\rewrite.php(47): require_once('D:\\Projects\\KPS\\PHP\\MyUMKM\\Sub\\DapurFirdaus\\public\\index.php')
