CRITICAL - 2023-05-27 21:06:39 --> Invalid file: "_commercial/layout/template.php"
in SYSTEMPATH\Exceptions\FrameworkException.php on line 33.
 1 SYSTEMPATH\View\View.php(201): CodeIgniter\Exceptions\FrameworkException::forInvalidFile('_commercial/layout/template.php')
 2 SYSTEMPATH\View\View.php(229): CodeIgniter\View\View->render('_commercial/layout/template.php', [], true)
 3 SYSTEMPATH\Common.php(1184): CodeIgniter\View\View->render('_commercial/home/index', [], true)
 4 APPPATH\Controllers\Commercial\CommercialController.php(47): view('_commercial/home/index', [...])
 5 APPPATH\Controllers\Commercial\HomePage.php(23): App\Controllers\Commercial\CommercialController->view('home/index', [...])
 6 SYSTEMPATH\CodeIgniter.php(934): App\Controllers\Commercial\HomePage->index()
 7 SYSTEMPATH\CodeIgniter.php(499): CodeIgniter\CodeIgniter->runController(Object(App\Controllers\Commercial\HomePage))
 8 SYSTEMPATH\CodeIgniter.php(368): CodeIgniter\CodeIgniter->handleRequest(null, Object(Config\Cache), false)
 9 FCPATH\index.php(67): CodeIgniter\CodeIgniter->run()
10 SYSTEMPATH\Commands\Server\rewrite.php(47): require_once('FCPATH\\index.php')
CRITICAL - 2023-05-27 21:06:39 --> Invalid file: "_commercial/layout/template.php"
in SYSTEMPATH\Exceptions\FrameworkException.php on line 33.
 1 SYSTEMPATH\View\View.php(201): CodeIgniter\Exceptions\FrameworkException::forInvalidFile('_commercial/layout/template.php')
 2 SYSTEMPATH\View\View.php(229): CodeIgniter\View\View->render('_commercial/layout/template.php', [], true)
 3 SYSTEMPATH\Common.php(1184): CodeIgniter\View\View->render('_commercial/home/index', [], true)
 4 APPPATH\Controllers\Commercial\CommercialController.php(47): view('_commercial/home/index', [...])
 5 APPPATH\Controllers\Commercial\HomePage.php(23): App\Controllers\Commercial\CommercialController->view('home/index', [...])
 6 SYSTEMPATH\CodeIgniter.php(934): App\Controllers\Commercial\HomePage->index()
 7 SYSTEMPATH\CodeIgniter.php(499): CodeIgniter\CodeIgniter->runController(Object(App\Controllers\Commercial\HomePage))
 8 SYSTEMPATH\CodeIgniter.php(368): CodeIgniter\CodeIgniter->handleRequest(null, Object(Config\Cache), false)
 9 FCPATH\index.php(67): CodeIgniter\CodeIgniter->run()
10 SYSTEMPATH\Commands\Server\rewrite.php(47): require_once('FCPATH\\index.php')
CRITICAL - 2023-05-27 21:15:13 --> Call to undefined method App\Controllers\Commercial\HomePage::metaData()
in APPPATH\Controllers\Commercial\HomePage.php on line 20.
 1 SYSTEMPATH\CodeIgniter.php(934): App\Controllers\Commercial\HomePage->index()
 2 SYSTEMPATH\CodeIgniter.php(499): CodeIgniter\CodeIgniter->runController(Object(App\Controllers\Commercial\HomePage))
 3 SYSTEMPATH\CodeIgniter.php(368): CodeIgniter\CodeIgniter->handleRequest(null, Object(Config\Cache), false)
 4 FCPATH\index.php(67): CodeIgniter\CodeIgniter->run()
 5 SYSTEMPATH\Commands\Server\rewrite.php(47): require_once('FCPATH\\index.php')
CRITICAL - 2023-05-27 21:16:00 --> Invalid file: "_uitest/home/index.php"
in SYSTEMPATH\Exceptions\FrameworkException.php on line 33.
 1 SYSTEMPATH\View\View.php(201): CodeIgniter\Exceptions\FrameworkException::forInvalidFile('_uitest/home/index.php')
 2 SYSTEMPATH\Common.php(1184): CodeIgniter\View\View->render('_uitest/home/index', [], true)
 3 APPPATH\Controllers\ControllerPreProcessor.php(118): view('_uitest/home/index', [...])
 4 APPPATH\Controllers\Commercial\CommercialController.php(52): App\Controllers\ControllerPreProcessor->view('home/index')
 5 APPPATH\Controllers\Commercial\HomePage.php(19): App\Controllers\Commercial\CommercialController->viewPage('home/index')
 6 SYSTEMPATH\CodeIgniter.php(934): App\Controllers\Commercial\HomePage->index()
 7 SYSTEMPATH\CodeIgniter.php(499): CodeIgniter\CodeIgniter->runController(Object(App\Controllers\Commercial\HomePage))
 8 SYSTEMPATH\CodeIgniter.php(368): CodeIgniter\CodeIgniter->handleRequest(null, Object(Config\Cache), false)
 9 FCPATH\index.php(67): CodeIgniter\CodeIgniter->run()
10 SYSTEMPATH\Commands\Server\rewrite.php(47): require_once('FCPATH\\index.php')
CRITICAL - 2023-05-27 21:16:10 --> Undefined variable: init_path
in APPPATH\Views\_commercial\home\index.php on line 1.
 1 APPPATH\Views\_commercial\home\index.php(1): CodeIgniter\Debug\Exceptions->errorHandler(8, 'Undefined variable: init_path', 'APPPATH\\Views\\_commercial\\home\\index.php', 1, [...])
 2 SYSTEMPATH\View\View.php(213): include('APPPATH\\Views\\_commercial\\home\\index.php')
 3 SYSTEMPATH\View\View.php(216): CodeIgniter\View\View->CodeIgniter\View\{closure}()
 4 SYSTEMPATH\Common.php(1184): CodeIgniter\View\View->render('_commercial/home/index', [], true)
 5 APPPATH\Controllers\ControllerPreProcessor.php(118): view('_commercial/home/index', [...])
 6 APPPATH\Controllers\Commercial\CommercialController.php(52): App\Controllers\ControllerPreProcessor->view('home/index')
 7 APPPATH\Controllers\Commercial\HomePage.php(19): App\Controllers\Commercial\CommercialController->viewPage('home/index')
 8 SYSTEMPATH\CodeIgniter.php(934): App\Controllers\Commercial\HomePage->index()
 9 SYSTEMPATH\CodeIgniter.php(499): CodeIgniter\CodeIgniter->runController(Object(App\Controllers\Commercial\HomePage))
10 SYSTEMPATH\CodeIgniter.php(368): CodeIgniter\CodeIgniter->handleRequest(null, Object(Config\Cache), false)
11 FCPATH\index.php(67): CodeIgniter\CodeIgniter->run()
12 SYSTEMPATH\Commands\Server\rewrite.php(47): require_once('FCPATH\\index.php')
CRITICAL - 2023-05-27 21:19:01 --> Call to undefined method App\Controllers\Commercial\Catalog\Product::metaData()
in APPPATH\Controllers\Commercial\Catalog\Product.php on line 22.
 1 SYSTEMPATH\CodeIgniter.php(934): App\Controllers\Commercial\Catalog\Product->index('culinary')
 2 SYSTEMPATH\CodeIgniter.php(499): CodeIgniter\CodeIgniter->runController(Object(App\Controllers\Commercial\Catalog\Product))
 3 SYSTEMPATH\CodeIgniter.php(368): CodeIgniter\CodeIgniter->handleRequest(null, Object(Config\Cache), false)
 4 FCPATH\index.php(67): CodeIgniter\CodeIgniter->run()
 5 SYSTEMPATH\Commands\Server\rewrite.php(47): require_once('FCPATH\\index.php')
CRITICAL - 2023-05-27 21:19:30 --> Call to undefined method App\Controllers\Commercial\Catalog\Product::metaData()
in APPPATH\Controllers\Commercial\Catalog\Product.php on line 22.
 1 SYSTEMPATH\CodeIgniter.php(934): App\Controllers\Commercial\Catalog\Product->index('culinary')
 2 SYSTEMPATH\CodeIgniter.php(499): CodeIgniter\CodeIgniter->runController(Object(App\Controllers\Commercial\Catalog\Product))
 3 SYSTEMPATH\CodeIgniter.php(368): CodeIgniter\CodeIgniter->handleRequest(null, Object(Config\Cache), false)
 4 FCPATH\index.php(67): CodeIgniter\CodeIgniter->run()
 5 SYSTEMPATH\Commands\Server\rewrite.php(47): require_once('FCPATH\\index.php')
CRITICAL - 2023-05-27 21:21:23 --> Call to undefined method App\Controllers\Commercial\Catalog\Product::metaData()
in APPPATH\Controllers\Commercial\Catalog\Product.php on line 22.
 1 SYSTEMPATH\CodeIgniter.php(934): App\Controllers\Commercial\Catalog\Product->index('culinary')
 2 SYSTEMPATH\CodeIgniter.php(499): CodeIgniter\CodeIgniter->runController(Object(App\Controllers\Commercial\Catalog\Product))
 3 SYSTEMPATH\CodeIgniter.php(368): CodeIgniter\CodeIgniter->handleRequest(null, Object(Config\Cache), false)
 4 FCPATH\index.php(67): CodeIgniter\CodeIgniter->run()
 5 SYSTEMPATH\Commands\Server\rewrite.php(47): require_once('FCPATH\\index.php')
CRITICAL - 2023-05-27 21:25:46 --> Call to undefined method App\Controllers\Commercial\Catalog\Product::metaData()
in APPPATH\Controllers\Commercial\Catalog\Product.php on line 22.
 1 SYSTEMPATH\CodeIgniter.php(934): App\Controllers\Commercial\Catalog\Product->index('culinary')
 2 SYSTEMPATH\CodeIgniter.php(499): CodeIgniter\CodeIgniter->runController(Object(App\Controllers\Commercial\Catalog\Product))
 3 SYSTEMPATH\CodeIgniter.php(368): CodeIgniter\CodeIgniter->handleRequest(null, Object(Config\Cache), false)
 4 FCPATH\index.php(67): CodeIgniter\CodeIgniter->run()
 5 SYSTEMPATH\Commands\Server\rewrite.php(47): require_once('FCPATH\\index.php')
CRITICAL - 2023-05-27 21:26:01 --> Undefined variable: init_path
in APPPATH\Views\_commercial\contact\index.php on line 1.
 1 APPPATH\Views\_commercial\contact\index.php(1): CodeIgniter\Debug\Exceptions->errorHandler(8, 'Undefined variable: init_path', 'APPPATH\\Views\\_commercial\\contact\\index.php', 1, [...])
 2 SYSTEMPATH\View\View.php(213): include('APPPATH\\Views\\_commercial\\contact\\index.php')
 3 SYSTEMPATH\View\View.php(216): CodeIgniter\View\View->CodeIgniter\View\{closure}()
 4 SYSTEMPATH\Common.php(1184): CodeIgniter\View\View->render('_commercial/contact/index', [], true)
 5 APPPATH\Controllers\ControllerPreProcessor.php(118): view('_commercial/contact/index', [...])
 6 APPPATH\Controllers\Commercial\CommercialController.php(52): App\Controllers\ControllerPreProcessor->view('contact/index')
 7 APPPATH\Controllers\Commercial\Contact.php(19): App\Controllers\Commercial\CommercialController->viewPage('contact/index')
 8 SYSTEMPATH\CodeIgniter.php(934): App\Controllers\Commercial\Contact->index()
 9 SYSTEMPATH\CodeIgniter.php(499): CodeIgniter\CodeIgniter->runController(Object(App\Controllers\Commercial\Contact))
10 SYSTEMPATH\CodeIgniter.php(368): CodeIgniter\CodeIgniter->handleRequest(null, Object(Config\Cache), false)
11 FCPATH\index.php(67): CodeIgniter\CodeIgniter->run()
12 SYSTEMPATH\Commands\Server\rewrite.php(47): require_once('FCPATH\\index.php')
CRITICAL - 2023-05-27 21:28:46 --> Call to undefined method App\Controllers\Commercial\Catalog\Product::metaData()
in APPPATH\Controllers\Commercial\Catalog\Product.php on line 22.
 1 SYSTEMPATH\CodeIgniter.php(934): App\Controllers\Commercial\Catalog\Product->index('cookies')
 2 SYSTEMPATH\CodeIgniter.php(499): CodeIgniter\CodeIgniter->runController(Object(App\Controllers\Commercial\Catalog\Product))
 3 SYSTEMPATH\CodeIgniter.php(368): CodeIgniter\CodeIgniter->handleRequest(null, Object(Config\Cache), false)
 4 FCPATH\index.php(67): CodeIgniter\CodeIgniter->run()
 5 SYSTEMPATH\Commands\Server\rewrite.php(47): require_once('FCPATH\\index.php')
CRITICAL - 2023-05-27 21:29:49 --> Call to undefined method App\Controllers\Commercial\Catalog\Product::metaData()
in APPPATH\Controllers\Commercial\Catalog\Product.php on line 22.
 1 SYSTEMPATH\CodeIgniter.php(934): App\Controllers\Commercial\Catalog\Product->index('cookies')
 2 SYSTEMPATH\CodeIgniter.php(499): CodeIgniter\CodeIgniter->runController(Object(App\Controllers\Commercial\Catalog\Product))
 3 SYSTEMPATH\CodeIgniter.php(368): CodeIgniter\CodeIgniter->handleRequest(null, Object(Config\Cache), false)
 4 FCPATH\index.php(67): CodeIgniter\CodeIgniter->run()
 5 SYSTEMPATH\Commands\Server\rewrite.php(47): require_once('FCPATH\\index.php')
CRITICAL - 2023-05-27 21:31:15 --> Call to undefined method App\Controllers\Commercial\Catalog\Product::metaData()
in APPPATH\Controllers\Commercial\Catalog\Product.php on line 22.
 1 SYSTEMPATH\CodeIgniter.php(934): App\Controllers\Commercial\Catalog\Product->index('cookies')
 2 SYSTEMPATH\CodeIgniter.php(499): CodeIgniter\CodeIgniter->runController(Object(App\Controllers\Commercial\Catalog\Product))
 3 SYSTEMPATH\CodeIgniter.php(368): CodeIgniter\CodeIgniter->handleRequest(null, Object(Config\Cache), false)
 4 FCPATH\index.php(67): CodeIgniter\CodeIgniter->run()
 5 SYSTEMPATH\Commands\Server\rewrite.php(47): require_once('FCPATH\\index.php')
CRITICAL - 2023-05-27 21:33:04 --> Call to undefined method App\Controllers\Commercial\Catalog\Product::metaData()
in APPPATH\Controllers\Commercial\Catalog\Product.php on line 25.
 1 SYSTEMPATH\CodeIgniter.php(934): App\Controllers\Commercial\Catalog\Product->index('cookies')
 2 SYSTEMPATH\CodeIgniter.php(499): CodeIgniter\CodeIgniter->runController(Object(App\Controllers\Commercial\Catalog\Product))
 3 SYSTEMPATH\CodeIgniter.php(368): CodeIgniter\CodeIgniter->handleRequest(null, Object(Config\Cache), false)
 4 FCPATH\index.php(67): CodeIgniter\CodeIgniter->run()
 5 SYSTEMPATH\Commands\Server\rewrite.php(47): require_once('FCPATH\\index.php')
CRITICAL - 2023-05-27 21:34:28 --> Call to undefined method App\Controllers\Commercial\Catalog\Product::metaData()
in APPPATH\Controllers\Commercial\Catalog\Product.php on line 25.
 1 SYSTEMPATH\CodeIgniter.php(934): App\Controllers\Commercial\Catalog\Product->index('cookies')
 2 SYSTEMPATH\CodeIgniter.php(499): CodeIgniter\CodeIgniter->runController(Object(App\Controllers\Commercial\Catalog\Product))
 3 SYSTEMPATH\CodeIgniter.php(368): CodeIgniter\CodeIgniter->handleRequest(null, Object(Config\Cache), false)
 4 FCPATH\index.php(67): CodeIgniter\CodeIgniter->run()
 5 SYSTEMPATH\Commands\Server\rewrite.php(47): require_once('FCPATH\\index.php')
CRITICAL - 2023-05-27 21:34:39 --> Call to a member function header() on null
in APPPATH\Controllers\Error.php on line 83.
 1 APPPATH\Controllers\Commercial\Catalog\Product.php(49): App\Controllers\Error->error500()
 2 SYSTEMPATH\CodeIgniter.php(934): App\Controllers\Commercial\Catalog\Product->index('cookies')
 3 SYSTEMPATH\CodeIgniter.php(499): CodeIgniter\CodeIgniter->runController(Object(App\Controllers\Commercial\Catalog\Product))
 4 SYSTEMPATH\CodeIgniter.php(368): CodeIgniter\CodeIgniter->handleRequest(null, Object(Config\Cache), false)
 5 FCPATH\index.php(67): CodeIgniter\CodeIgniter->run()
 6 SYSTEMPATH\Commands\Server\rewrite.php(47): require_once('FCPATH\\index.php')
CRITICAL - 2023-05-27 21:34:41 --> Call to a member function header() on null
in APPPATH\Controllers\Error.php on line 83.
 1 APPPATH\Controllers\Commercial\Catalog\Product.php(49): App\Controllers\Error->error500()
 2 SYSTEMPATH\CodeIgniter.php(934): App\Controllers\Commercial\Catalog\Product->index('cookies')
 3 SYSTEMPATH\CodeIgniter.php(499): CodeIgniter\CodeIgniter->runController(Object(App\Controllers\Commercial\Catalog\Product))
 4 SYSTEMPATH\CodeIgniter.php(368): CodeIgniter\CodeIgniter->handleRequest(null, Object(Config\Cache), false)
 5 FCPATH\index.php(67): CodeIgniter\CodeIgniter->run()
 6 SYSTEMPATH\Commands\Server\rewrite.php(47): require_once('FCPATH\\index.php')
CRITICAL - 2023-05-27 21:34:42 --> Call to a member function header() on null
in APPPATH\Controllers\Error.php on line 83.
 1 APPPATH\Controllers\Commercial\Catalog\Product.php(49): App\Controllers\Error->error500()
 2 SYSTEMPATH\CodeIgniter.php(934): App\Controllers\Commercial\Catalog\Product->index('cookies')
 3 SYSTEMPATH\CodeIgniter.php(499): CodeIgniter\CodeIgniter->runController(Object(App\Controllers\Commercial\Catalog\Product))
 4 SYSTEMPATH\CodeIgniter.php(368): CodeIgniter\CodeIgniter->handleRequest(null, Object(Config\Cache), false)
 5 FCPATH\index.php(67): CodeIgniter\CodeIgniter->run()
 6 SYSTEMPATH\Commands\Server\rewrite.php(47): require_once('FCPATH\\index.php')
CRITICAL - 2023-05-27 21:35:11 --> Call to a member function header() on null
in APPPATH\Controllers\Error.php on line 85.
 1 APPPATH\Controllers\Commercial\Catalog\Product.php(49): App\Controllers\Error->error500()
 2 SYSTEMPATH\CodeIgniter.php(934): App\Controllers\Commercial\Catalog\Product->index('cookies')
 3 SYSTEMPATH\CodeIgniter.php(499): CodeIgniter\CodeIgniter->runController(Object(App\Controllers\Commercial\Catalog\Product))
 4 SYSTEMPATH\CodeIgniter.php(368): CodeIgniter\CodeIgniter->handleRequest(null, Object(Config\Cache), false)
 5 FCPATH\index.php(67): CodeIgniter\CodeIgniter->run()
 6 SYSTEMPATH\Commands\Server\rewrite.php(47): require_once('FCPATH\\index.php')
CRITICAL - 2023-05-27 21:35:23 --> Call to a member function header() on null
in APPPATH\Controllers\Error.php on line 85.
 1 APPPATH\Controllers\Commercial\Catalog\Product.php(49): App\Controllers\Error->error500()
 2 SYSTEMPATH\CodeIgniter.php(934): App\Controllers\Commercial\Catalog\Product->index('cookies')
 3 SYSTEMPATH\CodeIgniter.php(499): CodeIgniter\CodeIgniter->runController(Object(App\Controllers\Commercial\Catalog\Product))
 4 SYSTEMPATH\CodeIgniter.php(368): CodeIgniter\CodeIgniter->handleRequest(null, Object(Config\Cache), false)
 5 FCPATH\index.php(67): CodeIgniter\CodeIgniter->run()
 6 SYSTEMPATH\Commands\Server\rewrite.php(47): require_once('FCPATH\\index.php')
CRITICAL - 2023-05-27 21:37:08 --> Call to a member function header() on null
in APPPATH\Controllers\Error.php on line 85.
 1 APPPATH\Controllers\Commercial\Catalog\Product.php(49): App\Controllers\Error->error500()
 2 SYSTEMPATH\CodeIgniter.php(934): App\Controllers\Commercial\Catalog\Product->index('cookies')
 3 SYSTEMPATH\CodeIgniter.php(499): CodeIgniter\CodeIgniter->runController(Object(App\Controllers\Commercial\Catalog\Product))
 4 SYSTEMPATH\CodeIgniter.php(368): CodeIgniter\CodeIgniter->handleRequest(null, Object(Config\Cache), false)
 5 FCPATH\index.php(67): CodeIgniter\CodeIgniter->run()
 6 SYSTEMPATH\Commands\Server\rewrite.php(47): require_once('FCPATH\\index.php')
CRITICAL - 2023-05-27 21:37:09 --> Call to a member function header() on null
in APPPATH\Controllers\Error.php on line 85.
 1 APPPATH\Controllers\Commercial\Catalog\Product.php(49): App\Controllers\Error->error500()
 2 SYSTEMPATH\CodeIgniter.php(934): App\Controllers\Commercial\Catalog\Product->index('cookies')
 3 SYSTEMPATH\CodeIgniter.php(499): CodeIgniter\CodeIgniter->runController(Object(App\Controllers\Commercial\Catalog\Product))
 4 SYSTEMPATH\CodeIgniter.php(368): CodeIgniter\CodeIgniter->handleRequest(null, Object(Config\Cache), false)
 5 FCPATH\index.php(67): CodeIgniter\CodeIgniter->run()
 6 SYSTEMPATH\Commands\Server\rewrite.php(47): require_once('FCPATH\\index.php')
CRITICAL - 2023-05-27 21:37:09 --> Call to a member function header() on null
in APPPATH\Controllers\Error.php on line 85.
 1 APPPATH\Controllers\Commercial\Catalog\Product.php(49): App\Controllers\Error->error500()
 2 SYSTEMPATH\CodeIgniter.php(934): App\Controllers\Commercial\Catalog\Product->index('cookies')
 3 SYSTEMPATH\CodeIgniter.php(499): CodeIgniter\CodeIgniter->runController(Object(App\Controllers\Commercial\Catalog\Product))
 4 SYSTEMPATH\CodeIgniter.php(368): CodeIgniter\CodeIgniter->handleRequest(null, Object(Config\Cache), false)
 5 FCPATH\index.php(67): CodeIgniter\CodeIgniter->run()
 6 SYSTEMPATH\Commands\Server\rewrite.php(47): require_once('FCPATH\\index.php')
CRITICAL - 2023-05-27 21:37:29 --> Call to a member function header() on null
in APPPATH\Controllers\Error.php on line 87.
 1 APPPATH\Controllers\Commercial\Catalog\Product.php(49): App\Controllers\Error->error500()
 2 SYSTEMPATH\CodeIgniter.php(934): App\Controllers\Commercial\Catalog\Product->index('cookies')
 3 SYSTEMPATH\CodeIgniter.php(499): CodeIgniter\CodeIgniter->runController(Object(App\Controllers\Commercial\Catalog\Product))
 4 SYSTEMPATH\CodeIgniter.php(368): CodeIgniter\CodeIgniter->handleRequest(null, Object(Config\Cache), false)
 5 FCPATH\index.php(67): CodeIgniter\CodeIgniter->run()
 6 SYSTEMPATH\Commands\Server\rewrite.php(47): require_once('FCPATH\\index.php')
CRITICAL - 2023-05-27 21:38:05 --> Call to a member function header() on null
in APPPATH\Controllers\Error.php on line 89.
 1 APPPATH\Controllers\Commercial\Catalog\Product.php(49): App\Controllers\Error->error500()
 2 SYSTEMPATH\CodeIgniter.php(934): App\Controllers\Commercial\Catalog\Product->index('cookies')
 3 SYSTEMPATH\CodeIgniter.php(499): CodeIgniter\CodeIgniter->runController(Object(App\Controllers\Commercial\Catalog\Product))
 4 SYSTEMPATH\CodeIgniter.php(368): CodeIgniter\CodeIgniter->handleRequest(null, Object(Config\Cache), false)
 5 FCPATH\index.php(67): CodeIgniter\CodeIgniter->run()
 6 SYSTEMPATH\Commands\Server\rewrite.php(47): require_once('FCPATH\\index.php')
CRITICAL - 2023-05-27 21:40:35 --> Call to undefined method App\Controllers\Commercial\Catalog\Product::metaData()
in APPPATH\Controllers\Commercial\Catalog\Product.php on line 23.
 1 SYSTEMPATH\CodeIgniter.php(934): App\Controllers\Commercial\Catalog\Product->index('cookies')
 2 SYSTEMPATH\CodeIgniter.php(499): CodeIgniter\CodeIgniter->runController(Object(App\Controllers\Commercial\Catalog\Product))
 3 SYSTEMPATH\CodeIgniter.php(368): CodeIgniter\CodeIgniter->handleRequest(null, Object(Config\Cache), false)
 4 FCPATH\index.php(67): CodeIgniter\CodeIgniter->run()
 5 SYSTEMPATH\Commands\Server\rewrite.php(47): require_once('FCPATH\\index.php')
