CRITICAL - 2023-05-30 14:54:58 --> Call to undefined method App\Controllers\Commercial\Catalog\Service::metaData()
in APPPATH\Controllers\Commercial\Catalog\Service.php on line 21.
 1 SYSTEMPATH\CodeIgniter.php(934): App\Controllers\Commercial\Catalog\Service->index('surat-kendaraan')
 2 SYSTEMPATH\CodeIgniter.php(499): CodeIgniter\CodeIgniter->runController(Object(App\Controllers\Commercial\Catalog\Service))
 3 SYSTEMPATH\CodeIgniter.php(368): CodeIgniter\CodeIgniter->handleRequest(null, Object(Config\Cache), false)
 4 FCPATH\index.php(67): CodeIgniter\CodeIgniter->run()
 5 SYSTEMPATH\Commands\Server\rewrite.php(47): require_once('FCPATH\\index.php')
CRITICAL - 2023-05-30 14:56:57 --> Undefined index: image_path
in APPPATH\Controllers\Commercial\Catalog\Service.php on line 64.
 1 APPPATH\Controllers\Commercial\Catalog\Service.php(64): CodeIgniter\Debug\Exceptions->errorHandler(8, 'Undefined index: image_path', 'APPPATH\\Controllers\\Commercial\\Catalog\\Service.php', 64, [...])
 2 APPPATH\Controllers\ControllerPreProcessor.php(177): App\Controllers\Commercial\Catalog\Service->App\Controllers\Commercial\Catalog\{closure}([...])
 3 APPPATH\Controllers\Commercial\Catalog\Service.php(58): App\Controllers\ControllerPreProcessor->tryCatch(Object(Closure), 'surat-kendaraan')
 4 APPPATH\Controllers\Commercial\Catalog\Service.php(20): App\Controllers\Commercial\Catalog\Service->catalogCategoryDetail('surat-kendaraan')
 5 SYSTEMPATH\CodeIgniter.php(934): App\Controllers\Commercial\Catalog\Service->index('surat-kendaraan')
 6 SYSTEMPATH\CodeIgniter.php(499): CodeIgniter\CodeIgniter->runController(Object(App\Controllers\Commercial\Catalog\Service))
 7 SYSTEMPATH\CodeIgniter.php(368): CodeIgniter\CodeIgniter->handleRequest(null, Object(Config\Cache), false)
 8 FCPATH\index.php(67): CodeIgniter\CodeIgniter->run()
 9 SYSTEMPATH\Commands\Server\rewrite.php(47): require_once('FCPATH\\index.php')
CRITICAL - 2023-05-30 14:58:23 --> Undefined variable: site_name
in APPPATH\Views\_commercial\catalog\service\category_detail.php on line 39.
 1 APPPATH\Views\_commercial\catalog\service\category_detail.php(39): CodeIgniter\Debug\Exceptions->errorHandler(8, 'Undefined variable: site_name', 'APPPATH\\Views\\_commercial\\catalog\\service\\category_detail.php', 39, [...])
 2 SYSTEMPATH\View\View.php(213): include('APPPATH\\Views\\_commercial\\catalog\\service\\category_detail.php')
 3 SYSTEMPATH\View\View.php(216): CodeIgniter\View\View->CodeIgniter\View\{closure}()
 4 SYSTEMPATH\Common.php(1184): CodeIgniter\View\View->render('_commercial/catalog/service/category_detail', [], true)
 5 APPPATH\Controllers\ControllerPreProcessor.php(141): view('_commercial/catalog/service/category_detail', [...])
 6 APPPATH\Controllers\Commercial\CommercialController.php(56): App\Controllers\ControllerPreProcessor->view('catalog/service/category_detail')
 7 APPPATH\Controllers\Commercial\Catalog\Service.php(53): App\Controllers\Commercial\CommercialController->viewPage('catalog/service/category_detail')
 8 APPPATH\Controllers\ControllerPreProcessor.php(177): App\Controllers\Commercial\Catalog\Service->App\Controllers\Commercial\Catalog\{closure}([...])
 9 APPPATH\Controllers\Commercial\Catalog\Service.php(40): App\Controllers\ControllerPreProcessor->tryCatch(Object(Closure), 'surat-kendaraan')
10 APPPATH\Controllers\Commercial\Catalog\Service.php(20): App\Controllers\Commercial\Catalog\Service->catalogCategoryDetail('surat-kendaraan')
11 SYSTEMPATH\CodeIgniter.php(934): App\Controllers\Commercial\Catalog\Service->index('surat-kendaraan')
12 SYSTEMPATH\CodeIgniter.php(499): CodeIgniter\CodeIgniter->runController(Object(App\Controllers\Commercial\Catalog\Service))
13 SYSTEMPATH\CodeIgniter.php(368): CodeIgniter\CodeIgniter->handleRequest(null, Object(Config\Cache), false)
14 FCPATH\index.php(67): CodeIgniter\CodeIgniter->run()
15 SYSTEMPATH\Commands\Server\rewrite.php(47): require_once('FCPATH\\index.php')
CRITICAL - 2023-05-30 14:59:50 --> Undefined variable: init_path
in APPPATH\Views\_commercial\catalog\service\index.php on line 1.
 1 APPPATH\Views\_commercial\catalog\service\index.php(1): CodeIgniter\Debug\Exceptions->errorHandler(8, 'Undefined variable: init_path', 'APPPATH\\Views\\_commercial\\catalog\\service\\index.php', 1, [...])
 2 SYSTEMPATH\View\View.php(213): include('APPPATH\\Views\\_commercial\\catalog\\service\\index.php')
 3 SYSTEMPATH\View\View.php(216): CodeIgniter\View\View->CodeIgniter\View\{closure}()
 4 SYSTEMPATH\Common.php(1184): CodeIgniter\View\View->render('_commercial/catalog/service/index', [], true)
 5 APPPATH\Controllers\ControllerPreProcessor.php(141): view('_commercial/catalog/service/index', [...])
 6 APPPATH\Controllers\Commercial\CommercialController.php(56): App\Controllers\ControllerPreProcessor->view('catalog/service/index')
 7 APPPATH\Controllers\Commercial\Catalog\Service.php(31): App\Controllers\Commercial\CommercialController->viewPage('catalog/service/index')
 8 APPPATH\Controllers\ControllerPreProcessor.php(177): App\Controllers\Commercial\Catalog\Service->App\Controllers\Commercial\Catalog\{closure}([])
 9 APPPATH\Controllers\Commercial\Catalog\Service.php(32): App\Controllers\ControllerPreProcessor->tryCatch(Object(Closure))
10 APPPATH\Controllers\Commercial\Catalog\Service.php(21): App\Controllers\Commercial\Catalog\Service->allCatalogCategory()
11 SYSTEMPATH\CodeIgniter.php(934): App\Controllers\Commercial\Catalog\Service->index()
12 SYSTEMPATH\CodeIgniter.php(499): CodeIgniter\CodeIgniter->runController(Object(App\Controllers\Commercial\Catalog\Service))
13 SYSTEMPATH\CodeIgniter.php(368): CodeIgniter\CodeIgniter->handleRequest(null, Object(Config\Cache), false)
14 FCPATH\index.php(67): CodeIgniter\CodeIgniter->run()
15 SYSTEMPATH\Commands\Server\rewrite.php(47): require_once('FCPATH\\index.php')
CRITICAL - 2023-05-30 17:38:55 --> The namespace delimiter is a backslash (\), not a slash (/). Route handler: "\App\Controllers\Admin\Auth/Login::index"
in SYSTEMPATH\Router\Router.php on line 474.
 1 SYSTEMPATH\Router\Router.php(474): CodeIgniter\Router\Exceptions\RouterException::forInvalidControllerName('\\App\\Controllers\\Admin\\Auth/Login::index')
 2 SYSTEMPATH\Router\Router.php(182): CodeIgniter\Router\Router->checkRoutes('login')
 3 SYSTEMPATH\CodeIgniter.php(815): CodeIgniter\Router\Router->handle('login')
 4 SYSTEMPATH\CodeIgniter.php(449): CodeIgniter\CodeIgniter->tryToRouteIt(Object(CodeIgniter\Router\RouteCollection))
 5 SYSTEMPATH\CodeIgniter.php(368): CodeIgniter\CodeIgniter->handleRequest(null, Object(Config\Cache), false)
 6 FCPATH\index.php(67): CodeIgniter\CodeIgniter->run()
 7 SYSTEMPATH\Commands\Server\rewrite.php(47): require_once('FCPATH\\index.php')
CRITICAL - 2023-05-30 17:39:11 --> The namespace delimiter is a backslash (\), not a slash (/). Route handler: "\App\Controllers\Admin\Auth/Login::index"
in SYSTEMPATH\Router\Router.php on line 474.
 1 SYSTEMPATH\Router\Router.php(474): CodeIgniter\Router\Exceptions\RouterException::forInvalidControllerName('\\App\\Controllers\\Admin\\Auth/Login::index')
 2 SYSTEMPATH\Router\Router.php(182): CodeIgniter\Router\Router->checkRoutes('login')
 3 SYSTEMPATH\CodeIgniter.php(815): CodeIgniter\Router\Router->handle('login')
 4 SYSTEMPATH\CodeIgniter.php(449): CodeIgniter\CodeIgniter->tryToRouteIt(Object(CodeIgniter\Router\RouteCollection))
 5 SYSTEMPATH\CodeIgniter.php(368): CodeIgniter\CodeIgniter->handleRequest(null, Object(Config\Cache), false)
 6 FCPATH\index.php(67): CodeIgniter\CodeIgniter->run()
 7 SYSTEMPATH\Commands\Server\rewrite.php(47): require_once('FCPATH\\index.php')
CRITICAL - 2023-05-30 17:40:21 --> The namespace delimiter is a backslash (\), not a slash (/). Route handler: "\App\Controllers\Admin\Auth/Login::index"
in SYSTEMPATH\Router\Router.php on line 474.
 1 SYSTEMPATH\Router\Router.php(474): CodeIgniter\Router\Exceptions\RouterException::forInvalidControllerName('\\App\\Controllers\\Admin\\Auth/Login::index')
 2 SYSTEMPATH\Router\Router.php(182): CodeIgniter\Router\Router->checkRoutes('login')
 3 SYSTEMPATH\CodeIgniter.php(815): CodeIgniter\Router\Router->handle('login')
 4 SYSTEMPATH\CodeIgniter.php(449): CodeIgniter\CodeIgniter->tryToRouteIt(Object(CodeIgniter\Router\RouteCollection))
 5 SYSTEMPATH\CodeIgniter.php(368): CodeIgniter\CodeIgniter->handleRequest(null, Object(Config\Cache), false)
 6 FCPATH\index.php(67): CodeIgniter\CodeIgniter->run()
 7 SYSTEMPATH\Commands\Server\rewrite.php(47): require_once('FCPATH\\index.php')
CRITICAL - 2023-05-30 17:41:03 --> The namespace delimiter is a backslash (\), not a slash (/). Route handler: "\App\Controllers\Admin\Auth/Login::index"
in SYSTEMPATH\Router\Router.php on line 474.
 1 SYSTEMPATH\Router\Router.php(474): CodeIgniter\Router\Exceptions\RouterException::forInvalidControllerName('\\App\\Controllers\\Admin\\Auth/Login::index')
 2 SYSTEMPATH\Router\Router.php(182): CodeIgniter\Router\Router->checkRoutes('login')
 3 SYSTEMPATH\CodeIgniter.php(815): CodeIgniter\Router\Router->handle('login')
 4 SYSTEMPATH\CodeIgniter.php(449): CodeIgniter\CodeIgniter->tryToRouteIt(Object(CodeIgniter\Router\RouteCollection))
 5 SYSTEMPATH\CodeIgniter.php(368): CodeIgniter\CodeIgniter->handleRequest(null, Object(Config\Cache), false)
 6 FCPATH\index.php(67): CodeIgniter\CodeIgniter->run()
 7 SYSTEMPATH\Commands\Server\rewrite.php(47): require_once('FCPATH\\index.php')
CRITICAL - 2023-05-30 17:41:12 --> The namespace delimiter is a backslash (\), not a slash (/). Route handler: "\App\Controllers\Admin\Auth/Login::index"
in SYSTEMPATH\Router\Router.php on line 474.
 1 SYSTEMPATH\Router\Router.php(474): CodeIgniter\Router\Exceptions\RouterException::forInvalidControllerName('\\App\\Controllers\\Admin\\Auth/Login::index')
 2 SYSTEMPATH\Router\Router.php(182): CodeIgniter\Router\Router->checkRoutes('login')
 3 SYSTEMPATH\CodeIgniter.php(815): CodeIgniter\Router\Router->handle('login')
 4 SYSTEMPATH\CodeIgniter.php(449): CodeIgniter\CodeIgniter->tryToRouteIt(Object(CodeIgniter\Router\RouteCollection))
 5 SYSTEMPATH\CodeIgniter.php(368): CodeIgniter\CodeIgniter->handleRequest(null, Object(Config\Cache), false)
 6 FCPATH\index.php(67): CodeIgniter\CodeIgniter->run()
 7 SYSTEMPATH\Commands\Server\rewrite.php(47): require_once('FCPATH\\index.php')
CRITICAL - 2023-05-30 17:45:53 --> The namespace delimiter is a backslash (\), not a slash (/). Route handler: "\App\Controllers\Admin\Auth/Login::index"
in SYSTEMPATH\Router\Router.php on line 474.
 1 SYSTEMPATH\Router\Router.php(474): CodeIgniter\Router\Exceptions\RouterException::forInvalidControllerName('\\App\\Controllers\\Admin\\Auth/Login::index')
 2 SYSTEMPATH\Router\Router.php(182): CodeIgniter\Router\Router->checkRoutes('login')
 3 SYSTEMPATH\CodeIgniter.php(815): CodeIgniter\Router\Router->handle('login')
 4 SYSTEMPATH\CodeIgniter.php(449): CodeIgniter\CodeIgniter->tryToRouteIt(Object(CodeIgniter\Router\RouteCollection))
 5 SYSTEMPATH\CodeIgniter.php(368): CodeIgniter\CodeIgniter->handleRequest(null, Object(Config\Cache), false)
 6 FCPATH\index.php(67): CodeIgniter\CodeIgniter->run()
 7 SYSTEMPATH\Commands\Server\rewrite.php(47): require_once('FCPATH\\index.php')
CRITICAL - 2023-05-30 17:46:08 --> The namespace delimiter is a backslash (\), not a slash (/). Route handler: "\App\Controllers\Admin\Auth/Login::index"
in SYSTEMPATH\Router\Router.php on line 474.
 1 SYSTEMPATH\Router\Router.php(474): CodeIgniter\Router\Exceptions\RouterException::forInvalidControllerName('\\App\\Controllers\\Admin\\Auth/Login::index')
 2 SYSTEMPATH\Router\Router.php(182): CodeIgniter\Router\Router->checkRoutes('login')
 3 SYSTEMPATH\CodeIgniter.php(815): CodeIgniter\Router\Router->handle('login')
 4 SYSTEMPATH\CodeIgniter.php(449): CodeIgniter\CodeIgniter->tryToRouteIt(Object(CodeIgniter\Router\RouteCollection))
 5 SYSTEMPATH\CodeIgniter.php(368): CodeIgniter\CodeIgniter->handleRequest(null, Object(Config\Cache), false)
 6 FCPATH\index.php(67): CodeIgniter\CodeIgniter->run()
 7 SYSTEMPATH\Commands\Server\rewrite.php(47): require_once('FCPATH\\index.php')
CRITICAL - 2023-05-30 17:46:30 --> The namespace delimiter is a backslash (\), not a slash (/). Route handler: "\App\Controllers\Admin\Auth/Login::index"
in SYSTEMPATH\Router\Router.php on line 474.
 1 SYSTEMPATH\Router\Router.php(474): CodeIgniter\Router\Exceptions\RouterException::forInvalidControllerName('\\App\\Controllers\\Admin\\Auth/Login::index')
 2 SYSTEMPATH\Router\Router.php(182): CodeIgniter\Router\Router->checkRoutes('login')
 3 SYSTEMPATH\CodeIgniter.php(815): CodeIgniter\Router\Router->handle('login')
 4 SYSTEMPATH\CodeIgniter.php(449): CodeIgniter\CodeIgniter->tryToRouteIt(Object(CodeIgniter\Router\RouteCollection))
 5 SYSTEMPATH\CodeIgniter.php(368): CodeIgniter\CodeIgniter->handleRequest(null, Object(Config\Cache), false)
 6 FCPATH\index.php(67): CodeIgniter\CodeIgniter->run()
 7 SYSTEMPATH\Commands\Server\rewrite.php(47): require_once('FCPATH\\index.php')
CRITICAL - 2023-05-30 17:46:49 --> The namespace delimiter is a backslash (\), not a slash (/). Route handler: "\App\Controllers\Admin\Auth/Login::index"
in SYSTEMPATH\Router\Router.php on line 474.
 1 SYSTEMPATH\Router\Router.php(474): CodeIgniter\Router\Exceptions\RouterException::forInvalidControllerName('\\App\\Controllers\\Admin\\Auth/Login::index')
 2 SYSTEMPATH\Router\Router.php(182): CodeIgniter\Router\Router->checkRoutes('login')
 3 SYSTEMPATH\CodeIgniter.php(815): CodeIgniter\Router\Router->handle('login')
 4 SYSTEMPATH\CodeIgniter.php(449): CodeIgniter\CodeIgniter->tryToRouteIt(Object(CodeIgniter\Router\RouteCollection))
 5 SYSTEMPATH\CodeIgniter.php(368): CodeIgniter\CodeIgniter->handleRequest(null, Object(Config\Cache), false)
 6 FCPATH\index.php(67): CodeIgniter\CodeIgniter->run()
 7 SYSTEMPATH\Commands\Server\rewrite.php(47): require_once('FCPATH\\index.php')
CRITICAL - 2023-05-30 17:47:26 --> The namespace delimiter is a backslash (\), not a slash (/). Route handler: "\App\Controllers\Admin\Auth/Login::index"
in SYSTEMPATH\Router\Router.php on line 474.
 1 SYSTEMPATH\Router\Router.php(474): CodeIgniter\Router\Exceptions\RouterException::forInvalidControllerName('\\App\\Controllers\\Admin\\Auth/Login::index')
 2 SYSTEMPATH\Router\Router.php(182): CodeIgniter\Router\Router->checkRoutes('login')
 3 SYSTEMPATH\CodeIgniter.php(815): CodeIgniter\Router\Router->handle('login')
 4 SYSTEMPATH\CodeIgniter.php(449): CodeIgniter\CodeIgniter->tryToRouteIt(Object(CodeIgniter\Router\RouteCollection))
 5 SYSTEMPATH\CodeIgniter.php(368): CodeIgniter\CodeIgniter->handleRequest(null, Object(Config\Cache), false)
 6 FCPATH\index.php(67): CodeIgniter\CodeIgniter->run()
 7 SYSTEMPATH\Commands\Server\rewrite.php(47): require_once('FCPATH\\index.php')
CRITICAL - 2023-05-30 18:10:27 --> Undefined variable: init_path
in APPPATH\Views\_admin\error\404.php on line 1.
 1 APPPATH\Views\_admin\error\404.php(1): CodeIgniter\Debug\Exceptions->errorHandler(8, 'Undefined variable: init_path', 'APPPATH\\Views\\_admin\\error\\404.php', 1, [...])
 2 SYSTEMPATH\View\View.php(213): include('APPPATH\\Views\\_admin\\error\\404.php')
 3 SYSTEMPATH\View\View.php(216): CodeIgniter\View\View->CodeIgniter\View\{closure}()
 4 SYSTEMPATH\Common.php(1184): CodeIgniter\View\View->render('_admin/error/404', [], true)
 5 APPPATH\Controllers\ControllerPreProcessor.php(141): view('_admin/error/404', [...])
 6 APPPATH\Controllers\Admin\AdminController.php(65): App\Controllers\ControllerPreProcessor->view('error/404')
 7 SYSTEMPATH\CodeIgniter.php(934): App\Controllers\Admin\AdminController->error404()
 8 SYSTEMPATH\CodeIgniter.php(499): CodeIgniter\CodeIgniter->runController(Object(App\Controllers\Admin\Pages))
 9 SYSTEMPATH\CodeIgniter.php(368): CodeIgniter\CodeIgniter->handleRequest(null, Object(Config\Cache), false)
10 FCPATH\index.php(67): CodeIgniter\CodeIgniter->run()
11 SYSTEMPATH\Commands\Server\rewrite.php(47): require_once('FCPATH\\index.php')
CRITICAL - 2023-05-30 18:13:08 --> Undefined variable: init_path
in APPPATH\Views\_admin\error\404.php on line 1.
 1 APPPATH\Views\_admin\error\404.php(1): CodeIgniter\Debug\Exceptions->errorHandler(8, 'Undefined variable: init_path', 'APPPATH\\Views\\_admin\\error\\404.php', 1, [...])
 2 SYSTEMPATH\View\View.php(213): include('APPPATH\\Views\\_admin\\error\\404.php')
 3 SYSTEMPATH\View\View.php(216): CodeIgniter\View\View->CodeIgniter\View\{closure}()
 4 SYSTEMPATH\Common.php(1184): CodeIgniter\View\View->render('_admin/error/404', [], true)
 5 APPPATH\Controllers\ControllerPreProcessor.php(141): view('_admin/error/404', [...])
 6 APPPATH\Controllers\Admin\AdminController.php(65): App\Controllers\ControllerPreProcessor->view('error/404')
 7 SYSTEMPATH\CodeIgniter.php(934): App\Controllers\Admin\AdminController->error404()
 8 SYSTEMPATH\CodeIgniter.php(499): CodeIgniter\CodeIgniter->runController(Object(App\Controllers\Admin\Pages))
 9 SYSTEMPATH\CodeIgniter.php(368): CodeIgniter\CodeIgniter->handleRequest(null, Object(Config\Cache), false)
10 FCPATH\index.php(67): CodeIgniter\CodeIgniter->run()
11 SYSTEMPATH\Commands\Server\rewrite.php(47): require_once('FCPATH\\index.php')
CRITICAL - 2023-05-30 18:14:12 --> Undefined variable: init_path
in APPPATH\Views\_admin\error\404.php on line 1.
 1 APPPATH\Views\_admin\error\404.php(1): CodeIgniter\Debug\Exceptions->errorHandler(8, 'Undefined variable: init_path', 'APPPATH\\Views\\_admin\\error\\404.php', 1, [...])
 2 SYSTEMPATH\View\View.php(213): include('APPPATH\\Views\\_admin\\error\\404.php')
 3 SYSTEMPATH\View\View.php(216): CodeIgniter\View\View->CodeIgniter\View\{closure}()
 4 SYSTEMPATH\Common.php(1184): CodeIgniter\View\View->render('_admin/error/404', [], true)
 5 APPPATH\Controllers\ControllerPreProcessor.php(141): view('_admin/error/404', [...])
 6 APPPATH\Controllers\Admin\AdminController.php(65): App\Controllers\ControllerPreProcessor->view('error/404')
 7 SYSTEMPATH\CodeIgniter.php(934): App\Controllers\Admin\AdminController->error404()
 8 SYSTEMPATH\CodeIgniter.php(499): CodeIgniter\CodeIgniter->runController(Object(App\Controllers\Admin\Pages))
 9 SYSTEMPATH\CodeIgniter.php(368): CodeIgniter\CodeIgniter->handleRequest(null, Object(Config\Cache), false)
10 FCPATH\index.php(67): CodeIgniter\CodeIgniter->run()
11 SYSTEMPATH\Commands\Server\rewrite.php(47): require_once('FCPATH\\index.php')
CRITICAL - 2023-05-30 18:15:04 --> Undefined variable: init_path
in APPPATH\Views\_admin\error\404.php on line 1.
 1 APPPATH\Views\_admin\error\404.php(1): CodeIgniter\Debug\Exceptions->errorHandler(8, 'Undefined variable: init_path', 'APPPATH\\Views\\_admin\\error\\404.php', 1, [...])
 2 SYSTEMPATH\View\View.php(213): include('APPPATH\\Views\\_admin\\error\\404.php')
 3 SYSTEMPATH\View\View.php(216): CodeIgniter\View\View->CodeIgniter\View\{closure}()
 4 SYSTEMPATH\Common.php(1184): CodeIgniter\View\View->render('_admin/error/404', [], true)
 5 APPPATH\Controllers\ControllerPreProcessor.php(141): view('_admin/error/404', [...])
 6 APPPATH\Controllers\Admin\AdminController.php(65): App\Controllers\ControllerPreProcessor->view('error/404')
 7 SYSTEMPATH\CodeIgniter.php(934): App\Controllers\Admin\AdminController->error404()
 8 SYSTEMPATH\CodeIgniter.php(499): CodeIgniter\CodeIgniter->runController(Object(App\Controllers\Admin\Pages))
 9 SYSTEMPATH\CodeIgniter.php(368): CodeIgniter\CodeIgniter->handleRequest(null, Object(Config\Cache), false)
10 FCPATH\index.php(67): CodeIgniter\CodeIgniter->run()
11 SYSTEMPATH\Commands\Server\rewrite.php(47): require_once('FCPATH\\index.php')
CRITICAL - 2023-05-30 18:15:46 --> Undefined variable: init_path
in APPPATH\Views\_admin\error\404.php on line 1.
 1 APPPATH\Views\_admin\error\404.php(1): CodeIgniter\Debug\Exceptions->errorHandler(8, 'Undefined variable: init_path', 'APPPATH\\Views\\_admin\\error\\404.php', 1, [...])
 2 SYSTEMPATH\View\View.php(213): include('APPPATH\\Views\\_admin\\error\\404.php')
 3 SYSTEMPATH\View\View.php(216): CodeIgniter\View\View->CodeIgniter\View\{closure}()
 4 SYSTEMPATH\Common.php(1184): CodeIgniter\View\View->render('_admin/error/404', [], true)
 5 APPPATH\Controllers\ControllerPreProcessor.php(141): view('_admin/error/404', [...])
 6 APPPATH\Controllers\Admin\AdminController.php(65): App\Controllers\ControllerPreProcessor->view('error/404')
 7 SYSTEMPATH\CodeIgniter.php(934): App\Controllers\Admin\AdminController->error404()
 8 SYSTEMPATH\CodeIgniter.php(499): CodeIgniter\CodeIgniter->runController(Object(App\Controllers\Admin\AdminController))
 9 SYSTEMPATH\CodeIgniter.php(368): CodeIgniter\CodeIgniter->handleRequest(null, Object(Config\Cache), false)
10 FCPATH\index.php(67): CodeIgniter\CodeIgniter->run()
11 SYSTEMPATH\Commands\Server\rewrite.php(47): require_once('FCPATH\\index.php')
CRITICAL - 2023-05-30 18:16:07 --> Invalid file: "_admin/components/footer.php"
in SYSTEMPATH\Exceptions\FrameworkException.php on line 33.
 1 SYSTEMPATH\View\View.php(201): CodeIgniter\Exceptions\FrameworkException::forInvalidFile('_admin/components/footer.php')
 2 SYSTEMPATH\View\View.php(431): CodeIgniter\View\View->render('_admin/components/footer.php', null, true)
 3 APPPATH\Views\_admin\error\404.php(32): CodeIgniter\View\View->include('_admin/components/footer.php')
 4 SYSTEMPATH\View\View.php(213): include('APPPATH\\Views\\_admin\\error\\404.php')
 5 SYSTEMPATH\View\View.php(216): CodeIgniter\View\View->CodeIgniter\View\{closure}()
 6 SYSTEMPATH\Common.php(1184): CodeIgniter\View\View->render('_admin/error/404', [], true)
 7 APPPATH\Controllers\ControllerPreProcessor.php(141): view('_admin/error/404', [...])
 8 APPPATH\Controllers\Admin\AdminController.php(65): App\Controllers\ControllerPreProcessor->view('error/404')
 9 SYSTEMPATH\CodeIgniter.php(934): App\Controllers\Admin\AdminController->error404()
10 SYSTEMPATH\CodeIgniter.php(499): CodeIgniter\CodeIgniter->runController(Object(App\Controllers\Admin\AdminController))
11 SYSTEMPATH\CodeIgniter.php(368): CodeIgniter\CodeIgniter->handleRequest(null, Object(Config\Cache), false)
12 FCPATH\index.php(67): CodeIgniter\CodeIgniter->run()
13 SYSTEMPATH\Commands\Server\rewrite.php(47): require_once('FCPATH\\index.php')
