CRITICAL - 2023-05-11 14:51:23 --> Undefined variable: init_path
in APPPATH\Views\_commercial\error\404.php on line 1.
 1 APPPATH\Views\_commercial\error\404.php(1): CodeIgniter\Debug\Exceptions->errorHandler(8, 'Undefined variable: init_path', 'APPPATH\\Views\\_commercial\\error\\404.php', 1, [...])
 2 SYSTEMPATH\View\View.php(213): include('APPPATH\\Views\\_commercial\\error\\404.php')
 3 SYSTEMPATH\View\View.php(216): CodeIgniter\View\View->CodeIgniter\View\{closure}()
 4 SYSTEMPATH\Common.php(1184): CodeIgniter\View\View->render('_commercial/error/404', [], true)
 5 APPPATH\Controllers\Commercial\CommercialController.php(80): view('_commercial/error/404', [...])
 6 SYSTEMPATH\CodeIgniter.php(934): App\Controllers\Commercial\CommercialController->error404()
 7 SYSTEMPATH\CodeIgniter.php(499): CodeIgniter\CodeIgniter->runController(Object(App\Controllers\Commercial\CommercialController))
 8 SYSTEMPATH\CodeIgniter.php(368): CodeIgniter\CodeIgniter->handleRequest(null, Object(Config\Cache), false)
 9 FCPATH\index.php(67): CodeIgniter\CodeIgniter->run()
10 SYSTEMPATH\Commands\Server\rewrite.php(47): require_once('FCPATH\\index.php')
CRITICAL - 2023-05-11 15:01:06 --> Too few arguments to function App\Controllers\Commercial\Catalog\Product::index(), 0 passed in D:\Projects\KPS\PHP\CI4_Cores\vendor\codeigniter4\framework\system\CodeIgniter.php on line 934 and exactly 1 expected
in APPPATH\Controllers\Commercial\Catalog\Product.php on line 17.
 1 SYSTEMPATH\CodeIgniter.php(934): App\Controllers\Commercial\Catalog\Product->index()
 2 SYSTEMPATH\CodeIgniter.php(499): CodeIgniter\CodeIgniter->runController(Object(App\Controllers\Commercial\Catalog\Product))
 3 SYSTEMPATH\CodeIgniter.php(368): CodeIgniter\CodeIgniter->handleRequest(null, Object(Config\Cache), false)
 4 FCPATH\index.php(67): CodeIgniter\CodeIgniter->run()
 5 SYSTEMPATH\Commands\Server\rewrite.php(47): require_once('FCPATH\\index.php')
CRITICAL - 2023-05-11 15:04:23 --> Undefined index: category_name
in APPPATH\Views\_commercial\catalog\service\detail.php on line 16.
 1 APPPATH\Views\_commercial\catalog\service\detail.php(16): CodeIgniter\Debug\Exceptions->errorHandler(8, 'Undefined index: category_name', 'APPPATH\\Views\\_commercial\\catalog\\service\\detail.php', 16, [...])
 2 SYSTEMPATH\View\View.php(213): include('APPPATH\\Views\\_commercial\\catalog\\service\\detail.php')
 3 SYSTEMPATH\View\View.php(216): CodeIgniter\View\View->CodeIgniter\View\{closure}()
 4 SYSTEMPATH\Common.php(1184): CodeIgniter\View\View->render('_commercial/catalog/service/detail', [], true)
 5 APPPATH\Controllers\Commercial\CommercialController.php(42): view('_commercial/catalog/service/detail', [...])
 6 APPPATH\Controllers\Commercial\Catalog\Service.php(28): App\Controllers\Commercial\CommercialController->view('catalog/service/detail', [...])
 7 SYSTEMPATH\CodeIgniter.php(934): App\Controllers\Commercial\Catalog\Service->index('$1')
 8 SYSTEMPATH\CodeIgniter.php(499): CodeIgniter\CodeIgniter->runController(Object(App\Controllers\Commercial\Catalog\Service))
 9 SYSTEMPATH\CodeIgniter.php(368): CodeIgniter\CodeIgniter->handleRequest(null, Object(Config\Cache), false)
10 FCPATH\index.php(67): CodeIgniter\CodeIgniter->run()
11 SYSTEMPATH\Commands\Server\rewrite.php(47): require_once('FCPATH\\index.php')
CRITICAL - 2023-05-11 15:04:33 --> Undefined index: category_name
in APPPATH\Views\_commercial\catalog\service\detail.php on line 16.
 1 APPPATH\Views\_commercial\catalog\service\detail.php(16): CodeIgniter\Debug\Exceptions->errorHandler(8, 'Undefined index: category_name', 'APPPATH\\Views\\_commercial\\catalog\\service\\detail.php', 16, [...])
 2 SYSTEMPATH\View\View.php(213): include('APPPATH\\Views\\_commercial\\catalog\\service\\detail.php')
 3 SYSTEMPATH\View\View.php(216): CodeIgniter\View\View->CodeIgniter\View\{closure}()
 4 SYSTEMPATH\Common.php(1184): CodeIgniter\View\View->render('_commercial/catalog/service/detail', [], true)
 5 APPPATH\Controllers\Commercial\CommercialController.php(42): view('_commercial/catalog/service/detail', [...])
 6 APPPATH\Controllers\Commercial\Catalog\Service.php(28): App\Controllers\Commercial\CommercialController->view('catalog/service/detail', [...])
 7 SYSTEMPATH\CodeIgniter.php(934): App\Controllers\Commercial\Catalog\Service->index('$1')
 8 SYSTEMPATH\CodeIgniter.php(499): CodeIgniter\CodeIgniter->runController(Object(App\Controllers\Commercial\Catalog\Service))
 9 SYSTEMPATH\CodeIgniter.php(368): CodeIgniter\CodeIgniter->handleRequest(null, Object(Config\Cache), false)
10 FCPATH\index.php(67): CodeIgniter\CodeIgniter->run()
11 SYSTEMPATH\Commands\Server\rewrite.php(47): require_once('FCPATH\\index.php')
CRITICAL - 2023-05-11 15:17:16 --> Undefined variable: i
in APPPATH\Views\_commercial\catalog\product\index.php on line 34.
 1 APPPATH\Views\_commercial\catalog\product\index.php(34): CodeIgniter\Debug\Exceptions->errorHandler(8, 'Undefined variable: i', 'APPPATH\\Views\\_commercial\\catalog\\product\\index.php', 34, [...])
 2 SYSTEMPATH\View\View.php(213): include('APPPATH\\Views\\_commercial\\catalog\\product\\index.php')
 3 SYSTEMPATH\View\View.php(216): CodeIgniter\View\View->CodeIgniter\View\{closure}()
 4 SYSTEMPATH\Common.php(1184): CodeIgniter\View\View->render('_commercial/catalog/product/index', [], true)
 5 APPPATH\Controllers\Commercial\CommercialController.php(42): view('_commercial/catalog/product/index', [...])
 6 APPPATH\Controllers\Commercial\Catalog\Product.php(34): App\Controllers\Commercial\CommercialController->view('catalog/product/index', [...])
 7 SYSTEMPATH\CodeIgniter.php(934): App\Controllers\Commercial\Catalog\Product->index()
 8 SYSTEMPATH\CodeIgniter.php(499): CodeIgniter\CodeIgniter->runController(Object(App\Controllers\Commercial\Catalog\Product))
 9 SYSTEMPATH\CodeIgniter.php(368): CodeIgniter\CodeIgniter->handleRequest(null, Object(Config\Cache), false)
10 FCPATH\index.php(67): CodeIgniter\CodeIgniter->run()
11 SYSTEMPATH\Commands\Server\rewrite.php(47): require_once('FCPATH\\index.php')
CRITICAL - 2023-05-11 16:17:33 --> Array to string conversion
in APPPATH\Models\Catalog\Catalog.php on line 60.
 1 APPPATH\Models\Catalog\Catalog.php(60): CodeIgniter\Debug\Exceptions->errorHandler(8, 'Array to string conversion', 'APPPATH\\Models\\Catalog\\Catalog.php', 60, [...])
 2 APPPATH\Controllers\Commercial\Catalog\Product.php(80): App\Models\Catalog\Catalog->allCatalogs([...])
 3 APPPATH\Controllers\Commercial\Catalog\Product.php(27): App\Controllers\Commercial\Catalog\Product->catalogList(1, 'cookies')
 4 SYSTEMPATH\CodeIgniter.php(934): App\Controllers\Commercial\Catalog\Product->index('cookies')
 5 SYSTEMPATH\CodeIgniter.php(499): CodeIgniter\CodeIgniter->runController(Object(App\Controllers\Commercial\Catalog\Product))
 6 SYSTEMPATH\CodeIgniter.php(368): CodeIgniter\CodeIgniter->handleRequest(null, Object(Config\Cache), false)
 7 FCPATH\index.php(67): CodeIgniter\CodeIgniter->run()
 8 SYSTEMPATH\Commands\Server\rewrite.php(47): require_once('FCPATH\\index.php')
CRITICAL - 2023-05-11 16:17:56 --> Array to string conversion
in APPPATH\Models\Catalog\Catalog.php on line 60.
 1 APPPATH\Models\Catalog\Catalog.php(60): CodeIgniter\Debug\Exceptions->errorHandler(8, 'Array to string conversion', 'APPPATH\\Models\\Catalog\\Catalog.php', 60, [...])
 2 APPPATH\Controllers\Commercial\Catalog\Product.php(80): App\Models\Catalog\Catalog->allCatalogs([...])
 3 APPPATH\Controllers\Commercial\Catalog\Product.php(27): App\Controllers\Commercial\Catalog\Product->catalogList(1, 'cookies')
 4 SYSTEMPATH\CodeIgniter.php(934): App\Controllers\Commercial\Catalog\Product->index('cookies')
 5 SYSTEMPATH\CodeIgniter.php(499): CodeIgniter\CodeIgniter->runController(Object(App\Controllers\Commercial\Catalog\Product))
 6 SYSTEMPATH\CodeIgniter.php(368): CodeIgniter\CodeIgniter->handleRequest(null, Object(Config\Cache), false)
 7 FCPATH\index.php(67): CodeIgniter\CodeIgniter->run()
 8 SYSTEMPATH\Commands\Server\rewrite.php(47): require_once('FCPATH\\index.php')
CRITICAL - 2023-05-11 16:19:05 --> whereIn() expects $values to be of type array or closure
in SYSTEMPATH\Database\BaseBuilder.php on line 940.
 1 SYSTEMPATH\Database\BaseBuilder.php(827): CodeIgniter\Database\BaseBuilder->_whereIn('
                myu_catalog.category_id = (
                    SELECT myu_catalog_category.id
                    FROM myu_catalog_category

                    WHERE myu_catalog_category.slug IN (product/cookies)
                )
            ', null, false, 'AND ', null)
 2 SYSTEMPATH\Model.php(840): CodeIgniter\Database\BaseBuilder->whereIn('
                myu_catalog.category_id = (
                    SELECT myu_catalog_category.id
                    FROM myu_catalog_category

                    WHERE myu_catalog_category.slug IN (product/cookies)
                )
            ')
 3 APPPATH\Models\Catalog\Catalog.php(63): CodeIgniter\Model->__call('whereIn', [...])
 4 APPPATH\Controllers\Commercial\Catalog\Product.php(80): App\Models\Catalog\Catalog->allCatalogs([...])
 5 APPPATH\Controllers\Commercial\Catalog\Product.php(27): App\Controllers\Commercial\Catalog\Product->catalogList(1, 'cookies')
 6 SYSTEMPATH\CodeIgniter.php(934): App\Controllers\Commercial\Catalog\Product->index('cookies')
 7 SYSTEMPATH\CodeIgniter.php(499): CodeIgniter\CodeIgniter->runController(Object(App\Controllers\Commercial\Catalog\Product))
 8 SYSTEMPATH\CodeIgniter.php(368): CodeIgniter\CodeIgniter->handleRequest(null, Object(Config\Cache), false)
 9 FCPATH\index.php(67): CodeIgniter\CodeIgniter->run()
10 SYSTEMPATH\Commands\Server\rewrite.php(47): require_once('FCPATH\\index.php')
CRITICAL - 2023-05-11 16:19:17 --> whereIn() expects $values to be of type array or closure
in SYSTEMPATH\Database\BaseBuilder.php on line 940.
 1 SYSTEMPATH\Database\BaseBuilder.php(827): CodeIgniter\Database\BaseBuilder->_whereIn('
                myu_catalog.category_id = (
                    SELECT myu_catalog_category.id
                    FROM myu_catalog_category

                    WHERE myu_catalog_category.slug IN (product/cookies)
                )
            ', null, false, 'AND ', null)
 2 SYSTEMPATH\Model.php(840): CodeIgniter\Database\BaseBuilder->whereIn('
                myu_catalog.category_id = (
                    SELECT myu_catalog_category.id
                    FROM myu_catalog_category

                    WHERE myu_catalog_category.slug IN (product/cookies)
                )
            ')
 3 APPPATH\Models\Catalog\Catalog.php(65): CodeIgniter\Model->__call('whereIn', [...])
 4 APPPATH\Controllers\Commercial\Catalog\Product.php(80): App\Models\Catalog\Catalog->allCatalogs([...])
 5 APPPATH\Controllers\Commercial\Catalog\Product.php(27): App\Controllers\Commercial\Catalog\Product->catalogList(1, 'cookies')
 6 SYSTEMPATH\CodeIgniter.php(934): App\Controllers\Commercial\Catalog\Product->index('cookies')
 7 SYSTEMPATH\CodeIgniter.php(499): CodeIgniter\CodeIgniter->runController(Object(App\Controllers\Commercial\Catalog\Product))
 8 SYSTEMPATH\CodeIgniter.php(368): CodeIgniter\CodeIgniter->handleRequest(null, Object(Config\Cache), false)
 9 FCPATH\index.php(67): CodeIgniter\CodeIgniter->run()
10 SYSTEMPATH\Commands\Server\rewrite.php(47): require_once('FCPATH\\index.php')
CRITICAL - 2023-05-11 16:20:18 --> whereIn() expects $values to be of type array or closure
in SYSTEMPATH\Database\BaseBuilder.php on line 940.
 1 SYSTEMPATH\Database\BaseBuilder.php(827): CodeIgniter\Database\BaseBuilder->_whereIn('
                myu_catalog.category_id = (
                    SELECT myu_catalog_category.id
                    FROM myu_catalog_category

                    WHERE myu_catalog_category.slug IN (\'product/cookies)
                )
            ', null, false, 'AND ', null)
 2 SYSTEMPATH\Model.php(840): CodeIgniter\Database\BaseBuilder->whereIn('
                myu_catalog.category_id = (
                    SELECT myu_catalog_category.id
                    FROM myu_catalog_category

                    WHERE myu_catalog_category.slug IN (\'product/cookies)
                )
            ')
 3 APPPATH\Models\Catalog\Catalog.php(65): CodeIgniter\Model->__call('whereIn', [...])
 4 APPPATH\Controllers\Commercial\Catalog\Product.php(80): App\Models\Catalog\Catalog->allCatalogs([...])
 5 APPPATH\Controllers\Commercial\Catalog\Product.php(27): App\Controllers\Commercial\Catalog\Product->catalogList(1, 'cookies')
 6 SYSTEMPATH\CodeIgniter.php(934): App\Controllers\Commercial\Catalog\Product->index('cookies')
 7 SYSTEMPATH\CodeIgniter.php(499): CodeIgniter\CodeIgniter->runController(Object(App\Controllers\Commercial\Catalog\Product))
 8 SYSTEMPATH\CodeIgniter.php(368): CodeIgniter\CodeIgniter->handleRequest(null, Object(Config\Cache), false)
 9 FCPATH\index.php(67): CodeIgniter\CodeIgniter->run()
10 SYSTEMPATH\Commands\Server\rewrite.php(47): require_once('FCPATH\\index.php')
CRITICAL - 2023-05-11 16:20:25 --> whereIn() expects $values to be of type array or closure
in SYSTEMPATH\Database\BaseBuilder.php on line 940.
 1 SYSTEMPATH\Database\BaseBuilder.php(827): CodeIgniter\Database\BaseBuilder->_whereIn('
                myu_catalog.category_id = (
                    SELECT myu_catalog_category.id
                    FROM myu_catalog_category

                    WHERE myu_catalog_category.slug IN (\'product/cookies\')
                )
            ', null, false, 'AND ', null)
 2 SYSTEMPATH\Model.php(840): CodeIgniter\Database\BaseBuilder->whereIn('
                myu_catalog.category_id = (
                    SELECT myu_catalog_category.id
                    FROM myu_catalog_category

                    WHERE myu_catalog_category.slug IN (\'product/cookies\')
                )
            ')
 3 APPPATH\Models\Catalog\Catalog.php(65): CodeIgniter\Model->__call('whereIn', [...])
 4 APPPATH\Controllers\Commercial\Catalog\Product.php(80): App\Models\Catalog\Catalog->allCatalogs([...])
 5 APPPATH\Controllers\Commercial\Catalog\Product.php(27): App\Controllers\Commercial\Catalog\Product->catalogList(1, 'cookies')
 6 SYSTEMPATH\CodeIgniter.php(934): App\Controllers\Commercial\Catalog\Product->index('cookies')
 7 SYSTEMPATH\CodeIgniter.php(499): CodeIgniter\CodeIgniter->runController(Object(App\Controllers\Commercial\Catalog\Product))
 8 SYSTEMPATH\CodeIgniter.php(368): CodeIgniter\CodeIgniter->handleRequest(null, Object(Config\Cache), false)
 9 FCPATH\index.php(67): CodeIgniter\CodeIgniter->run()
10 SYSTEMPATH\Commands\Server\rewrite.php(47): require_once('FCPATH\\index.php')
CRITICAL - 2023-05-11 16:20:49 --> whereIn() expects $values to be of type array or closure
in SYSTEMPATH\Database\BaseBuilder.php on line 940.
 1 SYSTEMPATH\Database\BaseBuilder.php(827): CodeIgniter\Database\BaseBuilder->_whereIn('
                myu_catalog.category_id = (
                    SELECT myu_catalog_category.id
                    FROM myu_catalog_category

                    WHERE myu_catalog_category.slug IN (\'product/cookies\', \'product/testing\')
                )
            ', null, false, 'AND ', null)
 2 SYSTEMPATH\Model.php(840): CodeIgniter\Database\BaseBuilder->whereIn('
                myu_catalog.category_id = (
                    SELECT myu_catalog_category.id
                    FROM myu_catalog_category

                    WHERE myu_catalog_category.slug IN (\'product/cookies\', \'product/testing\')
                )
            ')
 3 APPPATH\Models\Catalog\Catalog.php(65): CodeIgniter\Model->__call('whereIn', [...])
 4 APPPATH\Controllers\Commercial\Catalog\Product.php(80): App\Models\Catalog\Catalog->allCatalogs([...])
 5 APPPATH\Controllers\Commercial\Catalog\Product.php(27): App\Controllers\Commercial\Catalog\Product->catalogList(1, 'cookies')
 6 SYSTEMPATH\CodeIgniter.php(934): App\Controllers\Commercial\Catalog\Product->index('cookies')
 7 SYSTEMPATH\CodeIgniter.php(499): CodeIgniter\CodeIgniter->runController(Object(App\Controllers\Commercial\Catalog\Product))
 8 SYSTEMPATH\CodeIgniter.php(368): CodeIgniter\CodeIgniter->handleRequest(null, Object(Config\Cache), false)
 9 FCPATH\index.php(67): CodeIgniter\CodeIgniter->run()
10 SYSTEMPATH\Commands\Server\rewrite.php(47): require_once('FCPATH\\index.php')
CRITICAL - 2023-05-11 16:21:06 --> whereIn() expects $values to be of type array or closure
in SYSTEMPATH\Database\BaseBuilder.php on line 940.
 1 SYSTEMPATH\Database\BaseBuilder.php(827): CodeIgniter\Database\BaseBuilder->_whereIn('
                myu_catalog.category_id = (
                    SELECT myu_catalog_category.id
                    FROM myu_catalog_category

                    WHERE myu_catalog_category.slug IN (\'product/cookies\')
                )
            ', null, false, 'AND ', null)
 2 SYSTEMPATH\Model.php(840): CodeIgniter\Database\BaseBuilder->whereIn('
                myu_catalog.category_id = (
                    SELECT myu_catalog_category.id
                    FROM myu_catalog_category

                    WHERE myu_catalog_category.slug IN (\'product/cookies\')
                )
            ')
 3 APPPATH\Models\Catalog\Catalog.php(65): CodeIgniter\Model->__call('whereIn', [...])
 4 APPPATH\Controllers\Commercial\Catalog\Product.php(80): App\Models\Catalog\Catalog->allCatalogs([...])
 5 APPPATH\Controllers\Commercial\Catalog\Product.php(27): App\Controllers\Commercial\Catalog\Product->catalogList(1, 'cookies')
 6 SYSTEMPATH\CodeIgniter.php(934): App\Controllers\Commercial\Catalog\Product->index('cookies')
 7 SYSTEMPATH\CodeIgniter.php(499): CodeIgniter\CodeIgniter->runController(Object(App\Controllers\Commercial\Catalog\Product))
 8 SYSTEMPATH\CodeIgniter.php(368): CodeIgniter\CodeIgniter->handleRequest(null, Object(Config\Cache), false)
 9 FCPATH\index.php(67): CodeIgniter\CodeIgniter->run()
10 SYSTEMPATH\Commands\Server\rewrite.php(47): require_once('FCPATH\\index.php')
CRITICAL - 2023-05-11 16:21:11 --> Illegal string offset 'image_path'
in APPPATH\Views\_commercial\catalog\product\detail.php on line 49.
 1 APPPATH\Views\_commercial\catalog\product\detail.php(49): CodeIgniter\Debug\Exceptions->errorHandler(2, 'Illegal string offset \'image_path\'', 'APPPATH\\Views\\_commercial\\catalog\\product\\detail.php', 49, [...])
 2 SYSTEMPATH\View\View.php(213): include('APPPATH\\Views\\_commercial\\catalog\\product\\detail.php')
 3 SYSTEMPATH\View\View.php(216): CodeIgniter\View\View->CodeIgniter\View\{closure}()
 4 SYSTEMPATH\Common.php(1184): CodeIgniter\View\View->render('_commercial/catalog/product/detail', [], true)
 5 APPPATH\Controllers\Commercial\CommercialController.php(42): view('_commercial/catalog/product/detail', [...])
 6 APPPATH\Controllers\Commercial\Catalog\Product.php(30): App\Controllers\Commercial\CommercialController->view('catalog/product/detail', [...])
 7 SYSTEMPATH\CodeIgniter.php(934): App\Controllers\Commercial\Catalog\Product->index('cookies')
 8 SYSTEMPATH\CodeIgniter.php(499): CodeIgniter\CodeIgniter->runController(Object(App\Controllers\Commercial\Catalog\Product))
 9 SYSTEMPATH\CodeIgniter.php(368): CodeIgniter\CodeIgniter->handleRequest(null, Object(Config\Cache), false)
10 FCPATH\index.php(67): CodeIgniter\CodeIgniter->run()
11 SYSTEMPATH\Commands\Server\rewrite.php(47): require_once('FCPATH\\index.php')
CRITICAL - 2023-05-11 16:22:19 --> whereIn() expects $values to be of type array or closure
in SYSTEMPATH\Database\BaseBuilder.php on line 940.
 1 SYSTEMPATH\Database\BaseBuilder.php(827): CodeIgniter\Database\BaseBuilder->_whereIn('myu_catalog.category_id', '(
                    SELECT myu_catalog_category.id
                    FROM myu_catalog_category

                    WHERE myu_catalog_category.slug IN (\'product/cookies\')
                )', false, 'AND ', null)
 2 SYSTEMPATH\Model.php(840): CodeIgniter\Database\BaseBuilder->whereIn('myu_catalog.category_id', '(
                    SELECT myu_catalog_category.id
                    FROM myu_catalog_category

                    WHERE myu_catalog_category.slug IN (\'product/cookies\')
                )')
 3 APPPATH\Models\Catalog\Catalog.php(66): CodeIgniter\Model->__call('whereIn', [...])
 4 APPPATH\Controllers\Commercial\Catalog\Product.php(80): App\Models\Catalog\Catalog->allCatalogs([...])
 5 APPPATH\Controllers\Commercial\Catalog\Product.php(27): App\Controllers\Commercial\Catalog\Product->catalogList(1, 'cookies')
 6 SYSTEMPATH\CodeIgniter.php(934): App\Controllers\Commercial\Catalog\Product->index('cookies')
 7 SYSTEMPATH\CodeIgniter.php(499): CodeIgniter\CodeIgniter->runController(Object(App\Controllers\Commercial\Catalog\Product))
 8 SYSTEMPATH\CodeIgniter.php(368): CodeIgniter\CodeIgniter->handleRequest(null, Object(Config\Cache), false)
 9 FCPATH\index.php(67): CodeIgniter\CodeIgniter->run()
10 SYSTEMPATH\Commands\Server\rewrite.php(47): require_once('FCPATH\\index.php')
CRITICAL - 2023-05-11 16:23:45 --> Illegal string offset 'image_path'
in APPPATH\Views\_commercial\catalog\product\detail.php on line 49.
 1 APPPATH\Views\_commercial\catalog\product\detail.php(49): CodeIgniter\Debug\Exceptions->errorHandler(2, 'Illegal string offset \'image_path\'', 'APPPATH\\Views\\_commercial\\catalog\\product\\detail.php', 49, [...])
 2 SYSTEMPATH\View\View.php(213): include('APPPATH\\Views\\_commercial\\catalog\\product\\detail.php')
 3 SYSTEMPATH\View\View.php(216): CodeIgniter\View\View->CodeIgniter\View\{closure}()
 4 SYSTEMPATH\Common.php(1184): CodeIgniter\View\View->render('_commercial/catalog/product/detail', [], true)
 5 APPPATH\Controllers\Commercial\CommercialController.php(42): view('_commercial/catalog/product/detail', [...])
 6 APPPATH\Controllers\Commercial\Catalog\Product.php(30): App\Controllers\Commercial\CommercialController->view('catalog/product/detail', [...])
 7 SYSTEMPATH\CodeIgniter.php(934): App\Controllers\Commercial\Catalog\Product->index('cookies')
 8 SYSTEMPATH\CodeIgniter.php(499): CodeIgniter\CodeIgniter->runController(Object(App\Controllers\Commercial\Catalog\Product))
 9 SYSTEMPATH\CodeIgniter.php(368): CodeIgniter\CodeIgniter->handleRequest(null, Object(Config\Cache), false)
10 FCPATH\index.php(67): CodeIgniter\CodeIgniter->run()
11 SYSTEMPATH\Commands\Server\rewrite.php(47): require_once('FCPATH\\index.php')
CRITICAL - 2023-05-11 16:24:13 --> Illegal string offset 'image_path'
in APPPATH\Views\_commercial\catalog\product\detail.php on line 49.
 1 APPPATH\Views\_commercial\catalog\product\detail.php(49): CodeIgniter\Debug\Exceptions->errorHandler(2, 'Illegal string offset \'image_path\'', 'APPPATH\\Views\\_commercial\\catalog\\product\\detail.php', 49, [...])
 2 SYSTEMPATH\View\View.php(213): include('APPPATH\\Views\\_commercial\\catalog\\product\\detail.php')
 3 SYSTEMPATH\View\View.php(216): CodeIgniter\View\View->CodeIgniter\View\{closure}()
 4 SYSTEMPATH\Common.php(1184): CodeIgniter\View\View->render('_commercial/catalog/product/detail', [], true)
 5 APPPATH\Controllers\Commercial\CommercialController.php(42): view('_commercial/catalog/product/detail', [...])
 6 APPPATH\Controllers\Commercial\Catalog\Product.php(30): App\Controllers\Commercial\CommercialController->view('catalog/product/detail', [...])
 7 SYSTEMPATH\CodeIgniter.php(934): App\Controllers\Commercial\Catalog\Product->index('cookies')
 8 SYSTEMPATH\CodeIgniter.php(499): CodeIgniter\CodeIgniter->runController(Object(App\Controllers\Commercial\Catalog\Product))
 9 SYSTEMPATH\CodeIgniter.php(368): CodeIgniter\CodeIgniter->handleRequest(null, Object(Config\Cache), false)
10 FCPATH\index.php(67): CodeIgniter\CodeIgniter->run()
11 SYSTEMPATH\Commands\Server\rewrite.php(47): require_once('FCPATH\\index.php')
CRITICAL - 2023-05-11 16:24:29 --> Illegal string offset 'image_path'
in APPPATH\Views\_commercial\catalog\product\detail.php on line 49.
 1 APPPATH\Views\_commercial\catalog\product\detail.php(49): CodeIgniter\Debug\Exceptions->errorHandler(2, 'Illegal string offset \'image_path\'', 'APPPATH\\Views\\_commercial\\catalog\\product\\detail.php', 49, [...])
 2 SYSTEMPATH\View\View.php(213): include('APPPATH\\Views\\_commercial\\catalog\\product\\detail.php')
 3 SYSTEMPATH\View\View.php(216): CodeIgniter\View\View->CodeIgniter\View\{closure}()
 4 SYSTEMPATH\Common.php(1184): CodeIgniter\View\View->render('_commercial/catalog/product/detail', [], true)
 5 APPPATH\Controllers\Commercial\CommercialController.php(42): view('_commercial/catalog/product/detail', [...])
 6 APPPATH\Controllers\Commercial\Catalog\Product.php(30): App\Controllers\Commercial\CommercialController->view('catalog/product/detail', [...])
 7 SYSTEMPATH\CodeIgniter.php(934): App\Controllers\Commercial\Catalog\Product->index('cookies')
 8 SYSTEMPATH\CodeIgniter.php(499): CodeIgniter\CodeIgniter->runController(Object(App\Controllers\Commercial\Catalog\Product))
 9 SYSTEMPATH\CodeIgniter.php(368): CodeIgniter\CodeIgniter->handleRequest(null, Object(Config\Cache), false)
10 FCPATH\index.php(67): CodeIgniter\CodeIgniter->run()
11 SYSTEMPATH\Commands\Server\rewrite.php(47): require_once('FCPATH\\index.php')
CRITICAL - 2023-05-11 16:24:48 --> Illegal string offset 'image_path'
in APPPATH\Views\_commercial\catalog\product\detail.php on line 49.
 1 APPPATH\Views\_commercial\catalog\product\detail.php(49): CodeIgniter\Debug\Exceptions->errorHandler(2, 'Illegal string offset \'image_path\'', 'APPPATH\\Views\\_commercial\\catalog\\product\\detail.php', 49, [...])
 2 SYSTEMPATH\View\View.php(213): include('APPPATH\\Views\\_commercial\\catalog\\product\\detail.php')
 3 SYSTEMPATH\View\View.php(216): CodeIgniter\View\View->CodeIgniter\View\{closure}()
 4 SYSTEMPATH\Common.php(1184): CodeIgniter\View\View->render('_commercial/catalog/product/detail', [], true)
 5 APPPATH\Controllers\Commercial\CommercialController.php(42): view('_commercial/catalog/product/detail', [...])
 6 APPPATH\Controllers\Commercial\Catalog\Product.php(30): App\Controllers\Commercial\CommercialController->view('catalog/product/detail', [...])
 7 SYSTEMPATH\CodeIgniter.php(934): App\Controllers\Commercial\Catalog\Product->index('cookies')
 8 SYSTEMPATH\CodeIgniter.php(499): CodeIgniter\CodeIgniter->runController(Object(App\Controllers\Commercial\Catalog\Product))
 9 SYSTEMPATH\CodeIgniter.php(368): CodeIgniter\CodeIgniter->handleRequest(null, Object(Config\Cache), false)
10 FCPATH\index.php(67): CodeIgniter\CodeIgniter->run()
11 SYSTEMPATH\Commands\Server\rewrite.php(47): require_once('FCPATH\\index.php')
CRITICAL - 2023-05-11 16:25:11 --> Illegal string offset 'image_path'
in APPPATH\Views\_commercial\catalog\product\detail.php on line 49.
 1 APPPATH\Views\_commercial\catalog\product\detail.php(49): CodeIgniter\Debug\Exceptions->errorHandler(2, 'Illegal string offset \'image_path\'', 'APPPATH\\Views\\_commercial\\catalog\\product\\detail.php', 49, [...])
 2 SYSTEMPATH\View\View.php(213): include('APPPATH\\Views\\_commercial\\catalog\\product\\detail.php')
 3 SYSTEMPATH\View\View.php(216): CodeIgniter\View\View->CodeIgniter\View\{closure}()
 4 SYSTEMPATH\Common.php(1184): CodeIgniter\View\View->render('_commercial/catalog/product/detail', [], true)
 5 APPPATH\Controllers\Commercial\CommercialController.php(42): view('_commercial/catalog/product/detail', [...])
 6 APPPATH\Controllers\Commercial\Catalog\Product.php(30): App\Controllers\Commercial\CommercialController->view('catalog/product/detail', [...])
 7 SYSTEMPATH\CodeIgniter.php(934): App\Controllers\Commercial\Catalog\Product->index('cookies')
 8 SYSTEMPATH\CodeIgniter.php(499): CodeIgniter\CodeIgniter->runController(Object(App\Controllers\Commercial\Catalog\Product))
 9 SYSTEMPATH\CodeIgniter.php(368): CodeIgniter\CodeIgniter->handleRequest(null, Object(Config\Cache), false)
10 FCPATH\index.php(67): CodeIgniter\CodeIgniter->run()
11 SYSTEMPATH\Commands\Server\rewrite.php(47): require_once('FCPATH\\index.php')
CRITICAL - 2023-05-11 16:25:18 --> Illegal string offset 'image_path'
in APPPATH\Views\_commercial\catalog\product\detail.php on line 49.
 1 APPPATH\Views\_commercial\catalog\product\detail.php(49): CodeIgniter\Debug\Exceptions->errorHandler(2, 'Illegal string offset \'image_path\'', 'APPPATH\\Views\\_commercial\\catalog\\product\\detail.php', 49, [...])
 2 SYSTEMPATH\View\View.php(213): include('APPPATH\\Views\\_commercial\\catalog\\product\\detail.php')
 3 SYSTEMPATH\View\View.php(216): CodeIgniter\View\View->CodeIgniter\View\{closure}()
 4 SYSTEMPATH\Common.php(1184): CodeIgniter\View\View->render('_commercial/catalog/product/detail', [], true)
 5 APPPATH\Controllers\Commercial\CommercialController.php(42): view('_commercial/catalog/product/detail', [...])
 6 APPPATH\Controllers\Commercial\Catalog\Product.php(30): App\Controllers\Commercial\CommercialController->view('catalog/product/detail', [...])
 7 SYSTEMPATH\CodeIgniter.php(934): App\Controllers\Commercial\Catalog\Product->index('cookies')
 8 SYSTEMPATH\CodeIgniter.php(499): CodeIgniter\CodeIgniter->runController(Object(App\Controllers\Commercial\Catalog\Product))
 9 SYSTEMPATH\CodeIgniter.php(368): CodeIgniter\CodeIgniter->handleRequest(null, Object(Config\Cache), false)
10 FCPATH\index.php(67): CodeIgniter\CodeIgniter->run()
11 SYSTEMPATH\Commands\Server\rewrite.php(47): require_once('FCPATH\\index.php')
CRITICAL - 2023-05-11 16:25:33 --> Illegal string offset 'image_path'
in APPPATH\Views\_commercial\catalog\product\detail.php on line 49.
 1 APPPATH\Views\_commercial\catalog\product\detail.php(49): CodeIgniter\Debug\Exceptions->errorHandler(2, 'Illegal string offset \'image_path\'', 'APPPATH\\Views\\_commercial\\catalog\\product\\detail.php', 49, [...])
 2 SYSTEMPATH\View\View.php(213): include('APPPATH\\Views\\_commercial\\catalog\\product\\detail.php')
 3 SYSTEMPATH\View\View.php(216): CodeIgniter\View\View->CodeIgniter\View\{closure}()
 4 SYSTEMPATH\Common.php(1184): CodeIgniter\View\View->render('_commercial/catalog/product/detail', [], true)
 5 APPPATH\Controllers\Commercial\CommercialController.php(42): view('_commercial/catalog/product/detail', [...])
 6 APPPATH\Controllers\Commercial\Catalog\Product.php(30): App\Controllers\Commercial\CommercialController->view('catalog/product/detail', [...])
 7 SYSTEMPATH\CodeIgniter.php(934): App\Controllers\Commercial\Catalog\Product->index('cookies')
 8 SYSTEMPATH\CodeIgniter.php(499): CodeIgniter\CodeIgniter->runController(Object(App\Controllers\Commercial\Catalog\Product))
 9 SYSTEMPATH\CodeIgniter.php(368): CodeIgniter\CodeIgniter->handleRequest(null, Object(Config\Cache), false)
10 FCPATH\index.php(67): CodeIgniter\CodeIgniter->run()
11 SYSTEMPATH\Commands\Server\rewrite.php(47): require_once('FCPATH\\index.php')
CRITICAL - 2023-05-11 16:26:01 --> Illegal string offset 'image_path'
in APPPATH\Views\_commercial\catalog\product\detail.php on line 47.
 1 APPPATH\Views\_commercial\catalog\product\detail.php(47): CodeIgniter\Debug\Exceptions->errorHandler(2, 'Illegal string offset \'image_path\'', 'APPPATH\\Views\\_commercial\\catalog\\product\\detail.php', 47, [...])
 2 SYSTEMPATH\View\View.php(213): include('APPPATH\\Views\\_commercial\\catalog\\product\\detail.php')
 3 SYSTEMPATH\View\View.php(216): CodeIgniter\View\View->CodeIgniter\View\{closure}()
 4 SYSTEMPATH\Common.php(1184): CodeIgniter\View\View->render('_commercial/catalog/product/detail', [], true)
 5 APPPATH\Controllers\Commercial\CommercialController.php(42): view('_commercial/catalog/product/detail', [...])
 6 APPPATH\Controllers\Commercial\Catalog\Product.php(30): App\Controllers\Commercial\CommercialController->view('catalog/product/detail', [...])
 7 SYSTEMPATH\CodeIgniter.php(934): App\Controllers\Commercial\Catalog\Product->index('cookies')
 8 SYSTEMPATH\CodeIgniter.php(499): CodeIgniter\CodeIgniter->runController(Object(App\Controllers\Commercial\Catalog\Product))
 9 SYSTEMPATH\CodeIgniter.php(368): CodeIgniter\CodeIgniter->handleRequest(null, Object(Config\Cache), false)
10 FCPATH\index.php(67): CodeIgniter\CodeIgniter->run()
11 SYSTEMPATH\Commands\Server\rewrite.php(47): require_once('FCPATH\\index.php')
CRITICAL - 2023-05-11 16:26:08 --> Illegal string offset 'image_path'
in APPPATH\Views\_commercial\catalog\product\detail.php on line 47.
 1 APPPATH\Views\_commercial\catalog\product\detail.php(47): CodeIgniter\Debug\Exceptions->errorHandler(2, 'Illegal string offset \'image_path\'', 'APPPATH\\Views\\_commercial\\catalog\\product\\detail.php', 47, [...])
 2 SYSTEMPATH\View\View.php(213): include('APPPATH\\Views\\_commercial\\catalog\\product\\detail.php')
 3 SYSTEMPATH\View\View.php(216): CodeIgniter\View\View->CodeIgniter\View\{closure}()
 4 SYSTEMPATH\Common.php(1184): CodeIgniter\View\View->render('_commercial/catalog/product/detail', [], true)
 5 APPPATH\Controllers\Commercial\CommercialController.php(42): view('_commercial/catalog/product/detail', [...])
 6 APPPATH\Controllers\Commercial\Catalog\Product.php(30): App\Controllers\Commercial\CommercialController->view('catalog/product/detail', [...])
 7 SYSTEMPATH\CodeIgniter.php(934): App\Controllers\Commercial\Catalog\Product->index('cookies')
 8 SYSTEMPATH\CodeIgniter.php(499): CodeIgniter\CodeIgniter->runController(Object(App\Controllers\Commercial\Catalog\Product))
 9 SYSTEMPATH\CodeIgniter.php(368): CodeIgniter\CodeIgniter->handleRequest(null, Object(Config\Cache), false)
10 FCPATH\index.php(67): CodeIgniter\CodeIgniter->run()
11 SYSTEMPATH\Commands\Server\rewrite.php(47): require_once('FCPATH\\index.php')
CRITICAL - 2023-05-11 16:26:22 --> Illegal string offset 'image_path'
in APPPATH\Views\_commercial\catalog\product\detail.php on line 47.
 1 APPPATH\Views\_commercial\catalog\product\detail.php(47): CodeIgniter\Debug\Exceptions->errorHandler(2, 'Illegal string offset \'image_path\'', 'APPPATH\\Views\\_commercial\\catalog\\product\\detail.php', 47, [...])
 2 SYSTEMPATH\View\View.php(213): include('APPPATH\\Views\\_commercial\\catalog\\product\\detail.php')
 3 SYSTEMPATH\View\View.php(216): CodeIgniter\View\View->CodeIgniter\View\{closure}()
 4 SYSTEMPATH\Common.php(1184): CodeIgniter\View\View->render('_commercial/catalog/product/detail', [], true)
 5 APPPATH\Controllers\Commercial\CommercialController.php(42): view('_commercial/catalog/product/detail', [...])
 6 APPPATH\Controllers\Commercial\Catalog\Product.php(30): App\Controllers\Commercial\CommercialController->view('catalog/product/detail', [...])
 7 SYSTEMPATH\CodeIgniter.php(934): App\Controllers\Commercial\Catalog\Product->index('cookies')
 8 SYSTEMPATH\CodeIgniter.php(499): CodeIgniter\CodeIgniter->runController(Object(App\Controllers\Commercial\Catalog\Product))
 9 SYSTEMPATH\CodeIgniter.php(368): CodeIgniter\CodeIgniter->handleRequest(null, Object(Config\Cache), false)
10 FCPATH\index.php(67): CodeIgniter\CodeIgniter->run()
11 SYSTEMPATH\Commands\Server\rewrite.php(47): require_once('FCPATH\\index.php')
CRITICAL - 2023-05-11 16:26:28 --> Illegal string offset 'image_path'
in APPPATH\Views\_commercial\catalog\product\detail.php on line 47.
 1 APPPATH\Views\_commercial\catalog\product\detail.php(47): CodeIgniter\Debug\Exceptions->errorHandler(2, 'Illegal string offset \'image_path\'', 'APPPATH\\Views\\_commercial\\catalog\\product\\detail.php', 47, [...])
 2 SYSTEMPATH\View\View.php(213): include('APPPATH\\Views\\_commercial\\catalog\\product\\detail.php')
 3 SYSTEMPATH\View\View.php(216): CodeIgniter\View\View->CodeIgniter\View\{closure}()
 4 SYSTEMPATH\Common.php(1184): CodeIgniter\View\View->render('_commercial/catalog/product/detail', [], true)
 5 APPPATH\Controllers\Commercial\CommercialController.php(42): view('_commercial/catalog/product/detail', [...])
 6 APPPATH\Controllers\Commercial\Catalog\Product.php(30): App\Controllers\Commercial\CommercialController->view('catalog/product/detail', [...])
 7 SYSTEMPATH\CodeIgniter.php(934): App\Controllers\Commercial\Catalog\Product->index('cookies')
 8 SYSTEMPATH\CodeIgniter.php(499): CodeIgniter\CodeIgniter->runController(Object(App\Controllers\Commercial\Catalog\Product))
 9 SYSTEMPATH\CodeIgniter.php(368): CodeIgniter\CodeIgniter->handleRequest(null, Object(Config\Cache), false)
10 FCPATH\index.php(67): CodeIgniter\CodeIgniter->run()
11 SYSTEMPATH\Commands\Server\rewrite.php(47): require_once('FCPATH\\index.php')
CRITICAL - 2023-05-11 16:27:34 --> Array to string conversion
in APPPATH\Views\_commercial\catalog\product\detail.php on line 49.
 1 APPPATH\Views\_commercial\catalog\product\detail.php(49): CodeIgniter\Debug\Exceptions->errorHandler(8, 'Array to string conversion', 'APPPATH\\Views\\_commercial\\catalog\\product\\detail.php', 49, [...])
 2 SYSTEMPATH\View\View.php(213): include('APPPATH\\Views\\_commercial\\catalog\\product\\detail.php')
 3 SYSTEMPATH\View\View.php(216): CodeIgniter\View\View->CodeIgniter\View\{closure}()
 4 SYSTEMPATH\Common.php(1184): CodeIgniter\View\View->render('_commercial/catalog/product/detail', [], true)
 5 APPPATH\Controllers\Commercial\CommercialController.php(42): view('_commercial/catalog/product/detail', [...])
 6 APPPATH\Controllers\Commercial\Catalog\Product.php(30): App\Controllers\Commercial\CommercialController->view('catalog/product/detail', [...])
 7 SYSTEMPATH\CodeIgniter.php(934): App\Controllers\Commercial\Catalog\Product->index('cookies')
 8 SYSTEMPATH\CodeIgniter.php(499): CodeIgniter\CodeIgniter->runController(Object(App\Controllers\Commercial\Catalog\Product))
 9 SYSTEMPATH\CodeIgniter.php(368): CodeIgniter\CodeIgniter->handleRequest(null, Object(Config\Cache), false)
10 FCPATH\index.php(67): CodeIgniter\CodeIgniter->run()
11 SYSTEMPATH\Commands\Server\rewrite.php(47): require_once('FCPATH\\index.php')
CRITICAL - 2023-05-11 16:28:06 --> Array to string conversion
in APPPATH\Views\_commercial\catalog\product\detail.php on line 51.
 1 APPPATH\Views\_commercial\catalog\product\detail.php(51): CodeIgniter\Debug\Exceptions->errorHandler(8, 'Array to string conversion', 'APPPATH\\Views\\_commercial\\catalog\\product\\detail.php', 51, [...])
 2 SYSTEMPATH\View\View.php(213): include('APPPATH\\Views\\_commercial\\catalog\\product\\detail.php')
 3 SYSTEMPATH\View\View.php(216): CodeIgniter\View\View->CodeIgniter\View\{closure}()
 4 SYSTEMPATH\Common.php(1184): CodeIgniter\View\View->render('_commercial/catalog/product/detail', [], true)
 5 APPPATH\Controllers\Commercial\CommercialController.php(42): view('_commercial/catalog/product/detail', [...])
 6 APPPATH\Controllers\Commercial\Catalog\Product.php(30): App\Controllers\Commercial\CommercialController->view('catalog/product/detail', [...])
 7 SYSTEMPATH\CodeIgniter.php(934): App\Controllers\Commercial\Catalog\Product->index('cookies')
 8 SYSTEMPATH\CodeIgniter.php(499): CodeIgniter\CodeIgniter->runController(Object(App\Controllers\Commercial\Catalog\Product))
 9 SYSTEMPATH\CodeIgniter.php(368): CodeIgniter\CodeIgniter->handleRequest(null, Object(Config\Cache), false)
10 FCPATH\index.php(67): CodeIgniter\CodeIgniter->run()
11 SYSTEMPATH\Commands\Server\rewrite.php(47): require_once('FCPATH\\index.php')
CRITICAL - 2023-05-11 16:28:39 --> file_get_contents(D:\Projects\KPS\PHP\MyUMKM\Sub\DapurFirdaus\writable\uploads/image): failed to open stream: Permission denied
in APPPATH\Controllers\CDN\Files.php on line 50.
 1 [internal function]: CodeIgniter\Debug\Exceptions->errorHandler(2, 'file_get_contents(D:\\Projects\\KPS\\PHP\\MyUMKM\\Sub\\DapurFirdaus\\writable\\uploads/image): failed to open stream: Permission denied', 'APPPATH\\Controllers\\CDN\\Files.php', 50, [...])
 2 APPPATH\Controllers\CDN\Files.php(50): file_get_contents('ROOTPATH\\writable\\uploads\\image')
 3 SYSTEMPATH\CodeIgniter.php(934): App\Controllers\CDN\Files->index('image')
 4 SYSTEMPATH\CodeIgniter.php(499): CodeIgniter\CodeIgniter->runController(Object(App\Controllers\CDN\Files))
 5 SYSTEMPATH\CodeIgniter.php(368): CodeIgniter\CodeIgniter->handleRequest(null, Object(Config\Cache), false)
 6 FCPATH\index.php(67): CodeIgniter\CodeIgniter->run()
 7 SYSTEMPATH\Commands\Server\rewrite.php(47): require_once('FCPATH\\index.php')
CRITICAL - 2023-05-11 16:31:30 --> file_get_contents(D:\Projects\KPS\PHP\MyUMKM\Sub\DapurFirdaus\writable\uploads/image): failed to open stream: Permission denied
in APPPATH\Controllers\CDN\Files.php on line 50.
 1 [internal function]: CodeIgniter\Debug\Exceptions->errorHandler(2, 'file_get_contents(D:\\Projects\\KPS\\PHP\\MyUMKM\\Sub\\DapurFirdaus\\writable\\uploads/image): failed to open stream: Permission denied', 'APPPATH\\Controllers\\CDN\\Files.php', 50, [...])
 2 APPPATH\Controllers\CDN\Files.php(50): file_get_contents('ROOTPATH\\writable\\uploads\\image')
 3 SYSTEMPATH\CodeIgniter.php(934): App\Controllers\CDN\Files->index('image')
 4 SYSTEMPATH\CodeIgniter.php(499): CodeIgniter\CodeIgniter->runController(Object(App\Controllers\CDN\Files))
 5 SYSTEMPATH\CodeIgniter.php(368): CodeIgniter\CodeIgniter->handleRequest(null, Object(Config\Cache), false)
 6 FCPATH\index.php(67): CodeIgniter\CodeIgniter->run()
 7 SYSTEMPATH\Commands\Server\rewrite.php(47): require_once('FCPATH\\index.php')
CRITICAL - 2023-05-11 16:33:48 --> file_get_contents(D:\Projects\KPS\PHP\MyUMKM\Sub\DapurFirdaus\writable\uploads/image): failed to open stream: Permission denied
in APPPATH\Controllers\CDN\Files.php on line 50.
 1 [internal function]: CodeIgniter\Debug\Exceptions->errorHandler(2, 'file_get_contents(D:\\Projects\\KPS\\PHP\\MyUMKM\\Sub\\DapurFirdaus\\writable\\uploads/image): failed to open stream: Permission denied', 'APPPATH\\Controllers\\CDN\\Files.php', 50, [...])
 2 APPPATH\Controllers\CDN\Files.php(50): file_get_contents('ROOTPATH\\writable\\uploads\\image')
 3 SYSTEMPATH\CodeIgniter.php(934): App\Controllers\CDN\Files->index('image')
 4 SYSTEMPATH\CodeIgniter.php(499): CodeIgniter\CodeIgniter->runController(Object(App\Controllers\CDN\Files))
 5 SYSTEMPATH\CodeIgniter.php(368): CodeIgniter\CodeIgniter->handleRequest(null, Object(Config\Cache), false)
 6 FCPATH\index.php(67): CodeIgniter\CodeIgniter->run()
 7 SYSTEMPATH\Commands\Server\rewrite.php(47): require_once('FCPATH\\index.php')
CRITICAL - 2023-05-11 16:34:00 --> file_get_contents(D:\Projects\KPS\PHP\MyUMKM\Sub\DapurFirdaus\writable\uploads/image): failed to open stream: Permission denied
in APPPATH\Controllers\CDN\Files.php on line 50.
 1 [internal function]: CodeIgniter\Debug\Exceptions->errorHandler(2, 'file_get_contents(D:\\Projects\\KPS\\PHP\\MyUMKM\\Sub\\DapurFirdaus\\writable\\uploads/image): failed to open stream: Permission denied', 'APPPATH\\Controllers\\CDN\\Files.php', 50, [...])
 2 APPPATH\Controllers\CDN\Files.php(50): file_get_contents('ROOTPATH\\writable\\uploads\\image')
 3 SYSTEMPATH\CodeIgniter.php(934): App\Controllers\CDN\Files->index('image')
 4 SYSTEMPATH\CodeIgniter.php(499): CodeIgniter\CodeIgniter->runController(Object(App\Controllers\CDN\Files))
 5 SYSTEMPATH\CodeIgniter.php(368): CodeIgniter\CodeIgniter->handleRequest(null, Object(Config\Cache), false)
 6 FCPATH\index.php(67): CodeIgniter\CodeIgniter->run()
 7 SYSTEMPATH\Commands\Server\rewrite.php(47): require_once('FCPATH\\index.php')
CRITICAL - 2023-05-11 16:34:47 --> file_get_contents(D:\Projects\KPS\PHP\MyUMKM\Sub\DapurFirdaus\writable\uploads/image): failed to open stream: Permission denied
in APPPATH\Controllers\CDN\Files.php on line 50.
 1 [internal function]: CodeIgniter\Debug\Exceptions->errorHandler(2, 'file_get_contents(D:\\Projects\\KPS\\PHP\\MyUMKM\\Sub\\DapurFirdaus\\writable\\uploads/image): failed to open stream: Permission denied', 'APPPATH\\Controllers\\CDN\\Files.php', 50, [...])
 2 APPPATH\Controllers\CDN\Files.php(50): file_get_contents('ROOTPATH\\writable\\uploads\\image')
 3 SYSTEMPATH\CodeIgniter.php(934): App\Controllers\CDN\Files->index('image')
 4 SYSTEMPATH\CodeIgniter.php(499): CodeIgniter\CodeIgniter->runController(Object(App\Controllers\CDN\Files))
 5 SYSTEMPATH\CodeIgniter.php(368): CodeIgniter\CodeIgniter->handleRequest(null, Object(Config\Cache), false)
 6 FCPATH\index.php(67): CodeIgniter\CodeIgniter->run()
 7 SYSTEMPATH\Commands\Server\rewrite.php(47): require_once('FCPATH\\index.php')
CRITICAL - 2023-05-11 16:35:10 --> file_get_contents(D:\Projects\KPS\PHP\MyUMKM\Sub\DapurFirdaus\writable\uploads/image): failed to open stream: Permission denied
in APPPATH\Controllers\CDN\Files.php on line 50.
 1 [internal function]: CodeIgniter\Debug\Exceptions->errorHandler(2, 'file_get_contents(D:\\Projects\\KPS\\PHP\\MyUMKM\\Sub\\DapurFirdaus\\writable\\uploads/image): failed to open stream: Permission denied', 'APPPATH\\Controllers\\CDN\\Files.php', 50, [...])
 2 APPPATH\Controllers\CDN\Files.php(50): file_get_contents('ROOTPATH\\writable\\uploads\\image')
 3 SYSTEMPATH\CodeIgniter.php(934): App\Controllers\CDN\Files->index('image')
 4 SYSTEMPATH\CodeIgniter.php(499): CodeIgniter\CodeIgniter->runController(Object(App\Controllers\CDN\Files))
 5 SYSTEMPATH\CodeIgniter.php(368): CodeIgniter\CodeIgniter->handleRequest(null, Object(Config\Cache), false)
 6 FCPATH\index.php(67): CodeIgniter\CodeIgniter->run()
 7 SYSTEMPATH\Commands\Server\rewrite.php(47): require_once('FCPATH\\index.php')
CRITICAL - 2023-05-11 16:35:20 --> Undefined index: category_name
in APPPATH\Views\_commercial\catalog\product\detail.php on line 16.
 1 APPPATH\Views\_commercial\catalog\product\detail.php(16): CodeIgniter\Debug\Exceptions->errorHandler(8, 'Undefined index: category_name', 'APPPATH\\Views\\_commercial\\catalog\\product\\detail.php', 16, [...])
 2 SYSTEMPATH\View\View.php(213): include('APPPATH\\Views\\_commercial\\catalog\\product\\detail.php')
 3 SYSTEMPATH\View\View.php(216): CodeIgniter\View\View->CodeIgniter\View\{closure}()
 4 SYSTEMPATH\Common.php(1184): CodeIgniter\View\View->render('_commercial/catalog/product/detail', [], true)
 5 APPPATH\Controllers\Commercial\CommercialController.php(42): view('_commercial/catalog/product/detail', [...])
 6 APPPATH\Controllers\Commercial\Catalog\Product.php(32): App\Controllers\Commercial\CommercialController->view('catalog/product/detail', [...])
 7 SYSTEMPATH\CodeIgniter.php(934): App\Controllers\Commercial\Catalog\Product->index('1')
 8 SYSTEMPATH\CodeIgniter.php(499): CodeIgniter\CodeIgniter->runController(Object(App\Controllers\Commercial\Catalog\Product))
 9 SYSTEMPATH\CodeIgniter.php(368): CodeIgniter\CodeIgniter->handleRequest(null, Object(Config\Cache), false)
10 FCPATH\index.php(67): CodeIgniter\CodeIgniter->run()
11 SYSTEMPATH\Commands\Server\rewrite.php(47): require_once('FCPATH\\index.php')
CRITICAL - 2023-05-11 16:40:23 --> Undefined index: category_name
in APPPATH\Views\_commercial\catalog\product\detail.php on line 16.
 1 APPPATH\Views\_commercial\catalog\product\detail.php(16): CodeIgniter\Debug\Exceptions->errorHandler(8, 'Undefined index: category_name', 'APPPATH\\Views\\_commercial\\catalog\\product\\detail.php', 16, [...])
 2 SYSTEMPATH\View\View.php(213): include('APPPATH\\Views\\_commercial\\catalog\\product\\detail.php')
 3 SYSTEMPATH\View\View.php(216): CodeIgniter\View\View->CodeIgniter\View\{closure}()
 4 SYSTEMPATH\Common.php(1184): CodeIgniter\View\View->render('_commercial/catalog/product/detail', [], true)
 5 APPPATH\Controllers\Commercial\CommercialController.php(42): view('_commercial/catalog/product/detail', [...])
 6 APPPATH\Controllers\Commercial\Catalog\Product.php(32): App\Controllers\Commercial\CommercialController->view('catalog/product/detail', [...])
 7 SYSTEMPATH\CodeIgniter.php(934): App\Controllers\Commercial\Catalog\Product->index('1')
 8 SYSTEMPATH\CodeIgniter.php(499): CodeIgniter\CodeIgniter->runController(Object(App\Controllers\Commercial\Catalog\Product))
 9 SYSTEMPATH\CodeIgniter.php(368): CodeIgniter\CodeIgniter->handleRequest(null, Object(Config\Cache), false)
10 FCPATH\index.php(67): CodeIgniter\CodeIgniter->run()
11 SYSTEMPATH\Commands\Server\rewrite.php(47): require_once('FCPATH\\index.php')
CRITICAL - 2023-05-11 16:40:27 --> file_get_contents(D:\Projects\KPS\PHP\MyUMKM\Sub\DapurFirdaus\writable\uploads/image): failed to open stream: Permission denied
in APPPATH\Controllers\CDN\Files.php on line 50.
 1 [internal function]: CodeIgniter\Debug\Exceptions->errorHandler(2, 'file_get_contents(D:\\Projects\\KPS\\PHP\\MyUMKM\\Sub\\DapurFirdaus\\writable\\uploads/image): failed to open stream: Permission denied', 'APPPATH\\Controllers\\CDN\\Files.php', 50, [...])
 2 APPPATH\Controllers\CDN\Files.php(50): file_get_contents('ROOTPATH\\writable\\uploads\\image')
 3 SYSTEMPATH\CodeIgniter.php(934): App\Controllers\CDN\Files->index('image')
 4 SYSTEMPATH\CodeIgniter.php(499): CodeIgniter\CodeIgniter->runController(Object(App\Controllers\CDN\Files))
 5 SYSTEMPATH\CodeIgniter.php(368): CodeIgniter\CodeIgniter->handleRequest(null, Object(Config\Cache), false)
 6 FCPATH\index.php(67): CodeIgniter\CodeIgniter->run()
 7 SYSTEMPATH\Commands\Server\rewrite.php(47): require_once('FCPATH\\index.php')
CRITICAL - 2023-05-11 16:41:56 --> Undefined index: price
in APPPATH\Views\_commercial\catalog\product\detail.php on line 60.
 1 APPPATH\Views\_commercial\catalog\product\detail.php(60): CodeIgniter\Debug\Exceptions->errorHandler(8, 'Undefined index: price', 'APPPATH\\Views\\_commercial\\catalog\\product\\detail.php', 60, [...])
 2 SYSTEMPATH\View\View.php(213): include('APPPATH\\Views\\_commercial\\catalog\\product\\detail.php')
 3 SYSTEMPATH\View\View.php(216): CodeIgniter\View\View->CodeIgniter\View\{closure}()
 4 SYSTEMPATH\Common.php(1184): CodeIgniter\View\View->render('_commercial/catalog/product/detail', [], true)
 5 APPPATH\Controllers\Commercial\CommercialController.php(42): view('_commercial/catalog/product/detail', [...])
 6 APPPATH\Controllers\Commercial\Catalog\Product.php(32): App\Controllers\Commercial\CommercialController->view('catalog/product/detail', [...])
 7 SYSTEMPATH\CodeIgniter.php(934): App\Controllers\Commercial\Catalog\Product->index('cookies')
 8 SYSTEMPATH\CodeIgniter.php(499): CodeIgniter\CodeIgniter->runController(Object(App\Controllers\Commercial\Catalog\Product))
 9 SYSTEMPATH\CodeIgniter.php(368): CodeIgniter\CodeIgniter->handleRequest(null, Object(Config\Cache), false)
10 FCPATH\index.php(67): CodeIgniter\CodeIgniter->run()
11 SYSTEMPATH\Commands\Server\rewrite.php(47): require_once('FCPATH\\index.php')
CRITICAL - 2023-05-11 16:42:25 --> file_get_contents(D:\Projects\KPS\PHP\MyUMKM\Sub\DapurFirdaus\writable\uploads/image): failed to open stream: Permission denied
in APPPATH\Controllers\CDN\Files.php on line 50.
 1 [internal function]: CodeIgniter\Debug\Exceptions->errorHandler(2, 'file_get_contents(D:\\Projects\\KPS\\PHP\\MyUMKM\\Sub\\DapurFirdaus\\writable\\uploads/image): failed to open stream: Permission denied', 'APPPATH\\Controllers\\CDN\\Files.php', 50, [...])
 2 APPPATH\Controllers\CDN\Files.php(50): file_get_contents('ROOTPATH\\writable\\uploads\\image')
 3 SYSTEMPATH\CodeIgniter.php(934): App\Controllers\CDN\Files->index('image')
 4 SYSTEMPATH\CodeIgniter.php(499): CodeIgniter\CodeIgniter->runController(Object(App\Controllers\CDN\Files))
 5 SYSTEMPATH\CodeIgniter.php(368): CodeIgniter\CodeIgniter->handleRequest(null, Object(Config\Cache), false)
 6 FCPATH\index.php(67): CodeIgniter\CodeIgniter->run()
 7 SYSTEMPATH\Commands\Server\rewrite.php(47): require_once('FCPATH\\index.php')
CRITICAL - 2023-05-11 19:29:12 --> file_get_contents(D:\Projects\KPS\PHP\MyUMKM\Sub\DapurFirdaus\writable\uploads/image): failed to open stream: Permission denied
in APPPATH\Controllers\CDN\Files.php on line 50.
 1 [internal function]: CodeIgniter\Debug\Exceptions->errorHandler(2, 'file_get_contents(D:\\Projects\\KPS\\PHP\\MyUMKM\\Sub\\DapurFirdaus\\writable\\uploads/image): failed to open stream: Permission denied', 'APPPATH\\Controllers\\CDN\\Files.php', 50, [...])
 2 APPPATH\Controllers\CDN\Files.php(50): file_get_contents('ROOTPATH\\writable\\uploads\\image')
 3 SYSTEMPATH\CodeIgniter.php(934): App\Controllers\CDN\Files->index('image')
 4 SYSTEMPATH\CodeIgniter.php(499): CodeIgniter\CodeIgniter->runController(Object(App\Controllers\CDN\Files))
 5 SYSTEMPATH\CodeIgniter.php(368): CodeIgniter\CodeIgniter->handleRequest(null, Object(Config\Cache), false)
 6 FCPATH\index.php(67): CodeIgniter\CodeIgniter->run()
 7 SYSTEMPATH\Commands\Server\rewrite.php(47): require_once('FCPATH\\index.php')
