CRITICAL - 2023-06-06 06:02:27 --> "Authentication" filter must have a matching alias defined.
in SYSTEMPATH\Filters\Filters.php on line 340.
 1 SYSTEMPATH\Filters\Filters.php(340): CodeIgniter\Filters\Exceptions\FilterException::forNoAlias('Authentication')
 2 SYSTEMPATH\CodeIgniter.php(466): CodeIgniter\Filters\Filters->enableFilter('Authentication', 'before')
 3 SYSTEMPATH\CodeIgniter.php(368): CodeIgniter\CodeIgniter->handleRequest(null, Object(Config\Cache), false)
 4 FCPATH\index.php(67): CodeIgniter\CodeIgniter->run()
 5 SYSTEMPATH\Commands\Server\rewrite.php(47): require_once('D:\\Projects\\KPS\\PHP\\MyUMKM\\Sub\\DapurFirdaus\\public\\index.php')
CRITICAL - 2023-06-06 06:02:27 --> "Authentication" filter must have a matching alias defined.
in SYSTEMPATH\Filters\Filters.php on line 340.
 1 SYSTEMPATH\Filters\Filters.php(340): CodeIgniter\Filters\Exceptions\FilterException::forNoAlias('Authentication')
 2 SYSTEMPATH\CodeIgniter.php(466): CodeIgniter\Filters\Filters->enableFilter('Authentication', 'before')
 3 SYSTEMPATH\CodeIgniter.php(368): CodeIgniter\CodeIgniter->handleRequest(null, Object(Config\Cache), false)
 4 FCPATH\index.php(67): CodeIgniter\CodeIgniter->run()
 5 SYSTEMPATH\Commands\Server\rewrite.php(47): require_once('D:\\Projects\\KPS\\PHP\\MyUMKM\\Sub\\DapurFirdaus\\public\\index.php')
CRITICAL - 2023-06-06 06:05:58 --> "Authentication" filter must have a matching alias defined.
in SYSTEMPATH\Filters\Filters.php on line 340.
 1 SYSTEMPATH\Filters\Filters.php(340): CodeIgniter\Filters\Exceptions\FilterException::forNoAlias('Authentication')
 2 SYSTEMPATH\CodeIgniter.php(466): CodeIgniter\Filters\Filters->enableFilter('Authentication', 'before')
 3 SYSTEMPATH\CodeIgniter.php(368): CodeIgniter\CodeIgniter->handleRequest(null, Object(Config\Cache), false)
 4 FCPATH\index.php(67): CodeIgniter\CodeIgniter->run()
 5 SYSTEMPATH\Commands\Server\rewrite.php(47): require_once('D:\\Projects\\KPS\\PHP\\MyUMKM\\Sub\\DapurFirdaus\\public\\index.php')
CRITICAL - 2023-06-06 06:16:05 --> "Authentication" filter must have a matching alias defined.
in SYSTEMPATH\Filters\Filters.php on line 340.
 1 SYSTEMPATH\Filters\Filters.php(340): CodeIgniter\Filters\Exceptions\FilterException::forNoAlias('Authentication')
 2 SYSTEMPATH\CodeIgniter.php(466): CodeIgniter\Filters\Filters->enableFilter('Authentication', 'before')
 3 SYSTEMPATH\CodeIgniter.php(368): CodeIgniter\CodeIgniter->handleRequest(null, Object(Config\Cache), false)
 4 FCPATH\index.php(67): CodeIgniter\CodeIgniter->run()
 5 SYSTEMPATH\Commands\Server\rewrite.php(47): require_once('D:\\Projects\\KPS\\PHP\\MyUMKM\\Sub\\DapurFirdaus\\public\\index.php')
CRITICAL - 2023-06-06 06:16:15 --> "Authentication" filter must have a matching alias defined.
in SYSTEMPATH\Filters\Filters.php on line 340.
 1 SYSTEMPATH\Filters\Filters.php(340): CodeIgniter\Filters\Exceptions\FilterException::forNoAlias('Authentication')
 2 SYSTEMPATH\CodeIgniter.php(466): CodeIgniter\Filters\Filters->enableFilter('Authentication', 'before')
 3 SYSTEMPATH\CodeIgniter.php(368): CodeIgniter\CodeIgniter->handleRequest(null, Object(Config\Cache), false)
 4 FCPATH\index.php(67): CodeIgniter\CodeIgniter->run()
 5 SYSTEMPATH\Commands\Server\rewrite.php(47): require_once('D:\\Projects\\KPS\\PHP\\MyUMKM\\Sub\\DapurFirdaus\\public\\index.php')
CRITICAL - 2023-06-06 06:24:26 --> "Authentication" filter must have a matching alias defined.
in SYSTEMPATH\Filters\Filters.php on line 340.
 1 SYSTEMPATH\Filters\Filters.php(340): CodeIgniter\Filters\Exceptions\FilterException::forNoAlias('Authentication')
 2 SYSTEMPATH\CodeIgniter.php(466): CodeIgniter\Filters\Filters->enableFilter('Authentication', 'before')
 3 SYSTEMPATH\CodeIgniter.php(368): CodeIgniter\CodeIgniter->handleRequest(null, Object(Config\Cache), false)
 4 FCPATH\index.php(67): CodeIgniter\CodeIgniter->run()
 5 SYSTEMPATH\Commands\Server\rewrite.php(47): require_once('D:\\Projects\\KPS\\PHP\\MyUMKM\\Sub\\DapurFirdaus\\public\\index.php')
CRITICAL - 2023-06-06 06:24:59 --> Invalid file: "_admin/home/index.php"
in SYSTEMPATH\Exceptions\FrameworkException.php on line 33.
 1 SYSTEMPATH\View\View.php(201): CodeIgniter\Exceptions\FrameworkException::forInvalidFile('_admin/home/index.php')
 2 SYSTEMPATH\Common.php(1184): CodeIgniter\View\View->render('_admin/home/index', [], true)
 3 APPPATH\Controllers\ControllerPreProcessor.php(142): view('_admin/home/index', [...])
 4 APPPATH\Controllers\Admin\AdminController.php(60): App\Controllers\ControllerPreProcessor->view('home/index')
 5 APPPATH\Controllers\Admin\Pages.php(31): App\Controllers\Admin\AdminController->viewPage('home/index')
 6 SYSTEMPATH\CodeIgniter.php(934): App\Controllers\Admin\Pages->index()
 7 SYSTEMPATH\CodeIgniter.php(499): CodeIgniter\CodeIgniter->runController(Object(App\Controllers\Admin\Pages))
 8 SYSTEMPATH\CodeIgniter.php(368): CodeIgniter\CodeIgniter->handleRequest(null, Object(Config\Cache), false)
 9 FCPATH\index.php(67): CodeIgniter\CodeIgniter->run()
10 SYSTEMPATH\Commands\Server\rewrite.php(47): require_once('D:\\Projects\\KPS\\PHP\\MyUMKM\\Sub\\DapurFirdaus\\public\\index.php')
CRITICAL - 2023-06-06 06:26:53 --> Invalid file: "_admin/portal/home.php"
in SYSTEMPATH\Exceptions\FrameworkException.php on line 33.
 1 SYSTEMPATH\View\View.php(201): CodeIgniter\Exceptions\FrameworkException::forInvalidFile('_admin/portal/home.php')
 2 SYSTEMPATH\Common.php(1184): CodeIgniter\View\View->render('_admin/portal/home', [], true)
 3 APPPATH\Controllers\ControllerPreProcessor.php(142): view('_admin/portal/home', [...])
 4 APPPATH\Controllers\Admin\AdminController.php(60): App\Controllers\ControllerPreProcessor->view('portal/home')
 5 APPPATH\Controllers\Admin\Pages.php(31): App\Controllers\Admin\AdminController->viewPage('portal/home')
 6 SYSTEMPATH\CodeIgniter.php(934): App\Controllers\Admin\Pages->index()
 7 SYSTEMPATH\CodeIgniter.php(499): CodeIgniter\CodeIgniter->runController(Object(App\Controllers\Admin\Pages))
 8 SYSTEMPATH\CodeIgniter.php(368): CodeIgniter\CodeIgniter->handleRequest(null, Object(Config\Cache), false)
 9 FCPATH\index.php(67): CodeIgniter\CodeIgniter->run()
10 SYSTEMPATH\Commands\Server\rewrite.php(47): require_once('D:\\Projects\\KPS\\PHP\\MyUMKM\\Sub\\DapurFirdaus\\public\\index.php')
CRITICAL - 2023-06-06 06:28:49 --> Attempt to read property "status" on null
in APPPATH\Controllers\Admin\AdminController.php on line 68.
 1 APPPATH\Controllers\Admin\AdminController.php(68): CodeIgniter\Debug\Exceptions->errorHandler(2, 'Attempt to read property "status" on null', 'D:\\Projects\\KPS\\PHP\\MyUMKM\\Sub\\DapurFirdaus\\app\\Controllers\\Admin\\AdminController.php', 68)
 2 APPPATH\Controllers\Admin\Auth\Login.php(29): App\Controllers\Admin\AdminController->viewPage('auth/login')
 3 APPPATH\Controllers\ControllerPreProcessor.php(180): App\Controllers\Admin\Auth\Login->App\Controllers\Admin\Auth\{closure}([])
 4 APPPATH\Controllers\Admin\Auth\Login.php(30): App\Controllers\ControllerPreProcessor->tryCatch(Object(Closure))
 5 APPPATH\Controllers\Admin\Auth\Login.php(19): App\Controllers\Admin\Auth\Login->login()
 6 SYSTEMPATH\CodeIgniter.php(934): App\Controllers\Admin\Auth\Login->index()
 7 SYSTEMPATH\CodeIgniter.php(499): CodeIgniter\CodeIgniter->runController(Object(App\Controllers\Admin\Auth\Login))
 8 SYSTEMPATH\CodeIgniter.php(368): CodeIgniter\CodeIgniter->handleRequest(null, Object(Config\Cache), false)
 9 FCPATH\index.php(67): CodeIgniter\CodeIgniter->run()
10 SYSTEMPATH\Commands\Server\rewrite.php(47): require_once('D:\\Projects\\KPS\\PHP\\MyUMKM\\Sub\\DapurFirdaus\\public\\index.php')
CRITICAL - 2023-06-06 06:30:06 --> Attempt to read property "status" on null
in APPPATH\Controllers\Admin\AdminController.php on line 70.
 1 APPPATH\Controllers\Admin\AdminController.php(70): CodeIgniter\Debug\Exceptions->errorHandler(2, 'Attempt to read property "status" on null', 'D:\\Projects\\KPS\\PHP\\MyUMKM\\Sub\\DapurFirdaus\\app\\Controllers\\Admin\\AdminController.php', 70)
 2 APPPATH\Controllers\Admin\Auth\Login.php(29): App\Controllers\Admin\AdminController->viewPage('auth/login')
 3 APPPATH\Controllers\ControllerPreProcessor.php(180): App\Controllers\Admin\Auth\Login->App\Controllers\Admin\Auth\{closure}([])
 4 APPPATH\Controllers\Admin\Auth\Login.php(30): App\Controllers\ControllerPreProcessor->tryCatch(Object(Closure))
 5 APPPATH\Controllers\Admin\Auth\Login.php(19): App\Controllers\Admin\Auth\Login->login()
 6 SYSTEMPATH\CodeIgniter.php(934): App\Controllers\Admin\Auth\Login->index()
 7 SYSTEMPATH\CodeIgniter.php(499): CodeIgniter\CodeIgniter->runController(Object(App\Controllers\Admin\Auth\Login))
 8 SYSTEMPATH\CodeIgniter.php(368): CodeIgniter\CodeIgniter->handleRequest(null, Object(Config\Cache), false)
 9 FCPATH\index.php(67): CodeIgniter\CodeIgniter->run()
10 SYSTEMPATH\Commands\Server\rewrite.php(47): require_once('D:\\Projects\\KPS\\PHP\\MyUMKM\\Sub\\DapurFirdaus\\public\\index.php')
CRITICAL - 2023-06-06 06:32:17 --> Attempt to read property "status" on null
in APPPATH\Controllers\Admin\AdminController.php on line 68.
 1 APPPATH\Controllers\Admin\AdminController.php(68): CodeIgniter\Debug\Exceptions->errorHandler(2, 'Attempt to read property "status" on null', 'D:\\Projects\\KPS\\PHP\\MyUMKM\\Sub\\DapurFirdaus\\app\\Controllers\\Admin\\AdminController.php', 68)
 2 APPPATH\Controllers\Admin\Auth\Login.php(29): App\Controllers\Admin\AdminController->viewPage('auth/login')
 3 APPPATH\Controllers\ControllerPreProcessor.php(180): App\Controllers\Admin\Auth\Login->App\Controllers\Admin\Auth\{closure}([])
 4 APPPATH\Controllers\Admin\Auth\Login.php(30): App\Controllers\ControllerPreProcessor->tryCatch(Object(Closure))
 5 APPPATH\Controllers\Admin\Auth\Login.php(19): App\Controllers\Admin\Auth\Login->login()
 6 SYSTEMPATH\CodeIgniter.php(934): App\Controllers\Admin\Auth\Login->index()
 7 SYSTEMPATH\CodeIgniter.php(499): CodeIgniter\CodeIgniter->runController(Object(App\Controllers\Admin\Auth\Login))
 8 SYSTEMPATH\CodeIgniter.php(368): CodeIgniter\CodeIgniter->handleRequest(null, Object(Config\Cache), false)
 9 FCPATH\index.php(70): CodeIgniter\CodeIgniter->run()
10 SYSTEMPATH\Commands\Server\rewrite.php(47): require_once('D:\\Projects\\KPS\\PHP\\MyUMKM\\Sub\\DapurFirdaus\\public\\index.php')
CRITICAL - 2023-06-06 06:34:21 --> Attempt to read property "status" on null
in APPPATH\Controllers\Admin\AdminController.php on line 68.
 1 APPPATH\Controllers\Admin\AdminController.php(68): CodeIgniter\Debug\Exceptions->errorHandler(2, 'Attempt to read property "status" on null', 'D:\\Projects\\KPS\\PHP\\MyUMKM\\Sub\\DapurFirdaus\\app\\Controllers\\Admin\\AdminController.php', 68)
 2 APPPATH\Controllers\Admin\Auth\Login.php(29): App\Controllers\Admin\AdminController->viewPage('auth/login')
 3 APPPATH\Controllers\ControllerPreProcessor.php(180): App\Controllers\Admin\Auth\Login->App\Controllers\Admin\Auth\{closure}([])
 4 APPPATH\Controllers\Admin\Auth\Login.php(30): App\Controllers\ControllerPreProcessor->tryCatch(Object(Closure))
 5 APPPATH\Controllers\Admin\Auth\Login.php(19): App\Controllers\Admin\Auth\Login->login()
 6 SYSTEMPATH\CodeIgniter.php(934): App\Controllers\Admin\Auth\Login->index()
 7 SYSTEMPATH\CodeIgniter.php(499): CodeIgniter\CodeIgniter->runController(Object(App\Controllers\Admin\Auth\Login))
 8 SYSTEMPATH\CodeIgniter.php(368): CodeIgniter\CodeIgniter->handleRequest(null, Object(Config\Cache), false)
 9 FCPATH\index.php(70): CodeIgniter\CodeIgniter->run()
10 SYSTEMPATH\Commands\Server\rewrite.php(47): require_once('D:\\Projects\\KPS\\PHP\\MyUMKM\\Sub\\DapurFirdaus\\public\\index.php')
CRITICAL - 2023-06-06 06:37:12 --> Attempt to read property "status" on null
in APPPATH\Controllers\Admin\AdminController.php on line 68.
 1 APPPATH\Controllers\Admin\AdminController.php(68): CodeIgniter\Debug\Exceptions->errorHandler(2, 'Attempt to read property "status" on null', 'D:\\Projects\\KPS\\PHP\\MyUMKM\\Sub\\DapurFirdaus\\app\\Controllers\\Admin\\AdminController.php', 68)
 2 APPPATH\Controllers\Admin\Auth\Login.php(29): App\Controllers\Admin\AdminController->viewPage('auth/login')
 3 APPPATH\Controllers\ControllerPreProcessor.php(180): App\Controllers\Admin\Auth\Login->App\Controllers\Admin\Auth\{closure}([])
 4 APPPATH\Controllers\Admin\Auth\Login.php(30): App\Controllers\ControllerPreProcessor->tryCatch(Object(Closure))
 5 APPPATH\Controllers\Admin\Auth\Login.php(19): App\Controllers\Admin\Auth\Login->login()
 6 SYSTEMPATH\CodeIgniter.php(934): App\Controllers\Admin\Auth\Login->index()
 7 SYSTEMPATH\CodeIgniter.php(499): CodeIgniter\CodeIgniter->runController(Object(App\Controllers\Admin\Auth\Login))
 8 SYSTEMPATH\CodeIgniter.php(368): CodeIgniter\CodeIgniter->handleRequest(null, Object(Config\Cache), false)
 9 FCPATH\index.php(70): CodeIgniter\CodeIgniter->run()
10 SYSTEMPATH\Commands\Server\rewrite.php(47): require_once('D:\\Projects\\KPS\\PHP\\MyUMKM\\Sub\\DapurFirdaus\\public\\index.php')
CRITICAL - 2023-06-06 06:38:50 --> Attempt to read property "status" on null
in APPPATH\Controllers\Admin\AdminController.php on line 68.
 1 APPPATH\Controllers\Admin\AdminController.php(68): CodeIgniter\Debug\Exceptions->errorHandler(2, 'Attempt to read property "status" on null', 'D:\\Projects\\KPS\\PHP\\MyUMKM\\Sub\\DapurFirdaus\\app\\Controllers\\Admin\\AdminController.php', 68)
 2 APPPATH\Controllers\Admin\Auth\Login.php(29): App\Controllers\Admin\AdminController->viewPage('auth/login')
 3 APPPATH\Controllers\ControllerPreProcessor.php(180): App\Controllers\Admin\Auth\Login->App\Controllers\Admin\Auth\{closure}([])
 4 APPPATH\Controllers\Admin\Auth\Login.php(30): App\Controllers\ControllerPreProcessor->tryCatch(Object(Closure))
 5 APPPATH\Controllers\Admin\Auth\Login.php(19): App\Controllers\Admin\Auth\Login->login()
 6 SYSTEMPATH\CodeIgniter.php(934): App\Controllers\Admin\Auth\Login->index()
 7 SYSTEMPATH\CodeIgniter.php(499): CodeIgniter\CodeIgniter->runController(Object(App\Controllers\Admin\Auth\Login))
 8 SYSTEMPATH\CodeIgniter.php(368): CodeIgniter\CodeIgniter->handleRequest(null, Object(Config\Cache), false)
 9 FCPATH\index.php(70): CodeIgniter\CodeIgniter->run()
10 SYSTEMPATH\Commands\Server\rewrite.php(47): require_once('D:\\Projects\\KPS\\PHP\\MyUMKM\\Sub\\DapurFirdaus\\public\\index.php')
CRITICAL - 2023-06-06 06:40:05 --> Attempt to read property "status" on null
in APPPATH\Controllers\Admin\AdminController.php on line 68.
 1 APPPATH\Controllers\Admin\AdminController.php(68): CodeIgniter\Debug\Exceptions->errorHandler(2, 'Attempt to read property "status" on null', 'D:\\Projects\\KPS\\PHP\\MyUMKM\\Sub\\DapurFirdaus\\app\\Controllers\\Admin\\AdminController.php', 68)
 2 APPPATH\Controllers\Admin\Auth\Login.php(29): App\Controllers\Admin\AdminController->viewPage('auth/login')
 3 APPPATH\Controllers\ControllerPreProcessor.php(180): App\Controllers\Admin\Auth\Login->App\Controllers\Admin\Auth\{closure}([])
 4 APPPATH\Controllers\Admin\Auth\Login.php(30): App\Controllers\ControllerPreProcessor->tryCatch(Object(Closure))
 5 APPPATH\Controllers\Admin\Auth\Login.php(19): App\Controllers\Admin\Auth\Login->login()
 6 SYSTEMPATH\CodeIgniter.php(934): App\Controllers\Admin\Auth\Login->index()
 7 SYSTEMPATH\CodeIgniter.php(499): CodeIgniter\CodeIgniter->runController(Object(App\Controllers\Admin\Auth\Login))
 8 SYSTEMPATH\CodeIgniter.php(368): CodeIgniter\CodeIgniter->handleRequest(null, Object(Config\Cache), false)
 9 FCPATH\index.php(70): CodeIgniter\CodeIgniter->run()
10 SYSTEMPATH\Commands\Server\rewrite.php(47): require_once('D:\\Projects\\KPS\\PHP\\MyUMKM\\Sub\\DapurFirdaus\\public\\index.php')
CRITICAL - 2023-06-06 06:40:32 --> Attempt to read property "status" on null
in APPPATH\Controllers\Admin\AdminController.php on line 70.
 1 APPPATH\Controllers\Admin\AdminController.php(70): CodeIgniter\Debug\Exceptions->errorHandler(2, 'Attempt to read property "status" on null', 'D:\\Projects\\KPS\\PHP\\MyUMKM\\Sub\\DapurFirdaus\\app\\Controllers\\Admin\\AdminController.php', 70)
 2 APPPATH\Controllers\Admin\Auth\Login.php(29): App\Controllers\Admin\AdminController->viewPage('auth/login')
 3 APPPATH\Controllers\ControllerPreProcessor.php(180): App\Controllers\Admin\Auth\Login->App\Controllers\Admin\Auth\{closure}([])
 4 APPPATH\Controllers\Admin\Auth\Login.php(30): App\Controllers\ControllerPreProcessor->tryCatch(Object(Closure))
 5 APPPATH\Controllers\Admin\Auth\Login.php(19): App\Controllers\Admin\Auth\Login->login()
 6 SYSTEMPATH\CodeIgniter.php(934): App\Controllers\Admin\Auth\Login->index()
 7 SYSTEMPATH\CodeIgniter.php(499): CodeIgniter\CodeIgniter->runController(Object(App\Controllers\Admin\Auth\Login))
 8 SYSTEMPATH\CodeIgniter.php(368): CodeIgniter\CodeIgniter->handleRequest(null, Object(Config\Cache), false)
 9 FCPATH\index.php(70): CodeIgniter\CodeIgniter->run()
10 SYSTEMPATH\Commands\Server\rewrite.php(47): require_once('D:\\Projects\\KPS\\PHP\\MyUMKM\\Sub\\DapurFirdaus\\public\\index.php')
CRITICAL - 2023-06-06 06:41:04 --> Attempt to read property "status" on null
in APPPATH\Controllers\Admin\AdminController.php on line 68.
 1 APPPATH\Controllers\Admin\AdminController.php(68): CodeIgniter\Debug\Exceptions->errorHandler(2, 'Attempt to read property "status" on null', 'D:\\Projects\\KPS\\PHP\\MyUMKM\\Sub\\DapurFirdaus\\app\\Controllers\\Admin\\AdminController.php', 68)
 2 APPPATH\Controllers\Admin\Auth\Login.php(29): App\Controllers\Admin\AdminController->viewPage('auth/login')
 3 APPPATH\Controllers\ControllerPreProcessor.php(180): App\Controllers\Admin\Auth\Login->App\Controllers\Admin\Auth\{closure}([])
 4 APPPATH\Controllers\Admin\Auth\Login.php(30): App\Controllers\ControllerPreProcessor->tryCatch(Object(Closure))
 5 APPPATH\Controllers\Admin\Auth\Login.php(19): App\Controllers\Admin\Auth\Login->login()
 6 SYSTEMPATH\CodeIgniter.php(934): App\Controllers\Admin\Auth\Login->index()
 7 SYSTEMPATH\CodeIgniter.php(499): CodeIgniter\CodeIgniter->runController(Object(App\Controllers\Admin\Auth\Login))
 8 SYSTEMPATH\CodeIgniter.php(368): CodeIgniter\CodeIgniter->handleRequest(null, Object(Config\Cache), false)
 9 FCPATH\index.php(70): CodeIgniter\CodeIgniter->run()
10 SYSTEMPATH\Commands\Server\rewrite.php(47): require_once('D:\\Projects\\KPS\\PHP\\MyUMKM\\Sub\\DapurFirdaus\\public\\index.php')
CRITICAL - 2023-06-06 06:41:05 --> Attempt to read property "status" on null
in APPPATH\Controllers\Admin\AdminController.php on line 68.
 1 APPPATH\Controllers\Admin\AdminController.php(68): CodeIgniter\Debug\Exceptions->errorHandler(2, 'Attempt to read property "status" on null', 'D:\\Projects\\KPS\\PHP\\MyUMKM\\Sub\\DapurFirdaus\\app\\Controllers\\Admin\\AdminController.php', 68)
 2 APPPATH\Controllers\Admin\Auth\Login.php(29): App\Controllers\Admin\AdminController->viewPage('auth/login')
 3 APPPATH\Controllers\ControllerPreProcessor.php(180): App\Controllers\Admin\Auth\Login->App\Controllers\Admin\Auth\{closure}([])
 4 APPPATH\Controllers\Admin\Auth\Login.php(30): App\Controllers\ControllerPreProcessor->tryCatch(Object(Closure))
 5 APPPATH\Controllers\Admin\Auth\Login.php(19): App\Controllers\Admin\Auth\Login->login()
 6 SYSTEMPATH\CodeIgniter.php(934): App\Controllers\Admin\Auth\Login->index()
 7 SYSTEMPATH\CodeIgniter.php(499): CodeIgniter\CodeIgniter->runController(Object(App\Controllers\Admin\Auth\Login))
 8 SYSTEMPATH\CodeIgniter.php(368): CodeIgniter\CodeIgniter->handleRequest(null, Object(Config\Cache), false)
 9 FCPATH\index.php(70): CodeIgniter\CodeIgniter->run()
10 SYSTEMPATH\Commands\Server\rewrite.php(47): require_once('D:\\Projects\\KPS\\PHP\\MyUMKM\\Sub\\DapurFirdaus\\public\\index.php')
ERROR - 2023-06-06 06:45:23 --> mysqli_sql_exception: Unknown column 'account_data.id' in 'field list' in D:\Projects\KPS\PHP\CI4_Cores\vendor\codeigniter4\framework\system\Database\MySQLi\Connection.php:295
Stack trace:
#0 D:\Projects\KPS\PHP\CI4_Cores\vendor\codeigniter4\framework\system\Database\MySQLi\Connection.php(295): mysqli->query('SELECT `account...', 0)
#1 D:\Projects\KPS\PHP\CI4_Cores\vendor\codeigniter4\framework\system\Database\BaseConnection.php(692): CodeIgniter\Database\MySQLi\Connection->execute('SELECT `account...')
#2 D:\Projects\KPS\PHP\CI4_Cores\vendor\codeigniter4\framework\system\Database\BaseConnection.php(606): CodeIgniter\Database\BaseConnection->simpleQuery('SELECT `account...')
#3 D:\Projects\KPS\PHP\CI4_Cores\vendor\codeigniter4\framework\system\Database\BaseBuilder.php(1616): CodeIgniter\Database\BaseConnection->query('SELECT `account...', Array, false)
#4 D:\Projects\KPS\PHP\CI4_Cores\vendor\codeigniter4\framework\system\Model.php(840): CodeIgniter\Database\BaseBuilder->get()
#5 D:\Projects\KPS\PHP\MyUMKM\Sub\DapurFirdaus\app\Models\Account.php(115): CodeIgniter\Model->__call('get', Array)
#6 D:\Projects\KPS\PHP\MyUMKM\Sub\DapurFirdaus\app\Filters\Auth\Bearer.php(52): App\Models\Account->data(Array)
#7 D:\Projects\KPS\PHP\CI4_Cores\vendor\codeigniter4\framework\system\Filters\Filters.php(173): App\Filters\Auth\Bearer->before(Object(CodeIgniter\HTTP\IncomingRequest), NULL)
#8 D:\Projects\KPS\PHP\CI4_Cores\vendor\codeigniter4\framework\system\CodeIgniter.php(473): CodeIgniter\Filters\Filters->run('login', 'before')
#9 D:\Projects\KPS\PHP\CI4_Cores\vendor\codeigniter4\framework\system\CodeIgniter.php(368): CodeIgniter\CodeIgniter->handleRequest(NULL, Object(Config\Cache), false)
#10 D:\Projects\KPS\PHP\MyUMKM\Sub\DapurFirdaus\public\index.php(70): CodeIgniter\CodeIgniter->run()
#11 D:\Projects\KPS\PHP\CI4_Cores\vendor\codeigniter4\framework\system\Commands\Server\rewrite.php(47): require_once('D:\\Projects\\KPS...')
#12 {main}
CRITICAL - 2023-06-06 06:45:23 --> Unknown column 'account_data.id' in 'field list'
in SYSTEMPATH\Database\MySQLi\Connection.php on line 295.
 1 SYSTEMPATH\Database\MySQLi\Connection.php(295): mysqli->query('SELECT `account_data`.`id` AS `account_id`, `account_data`.`uuid` AS `uuid`, `account_data`.`username` AS `username`, `account_data`.`email` AS `email`, `account_data`.`authority` AS `authority`, `account_data`.`registration_data` AS `registration_data`
FROM `myu_account`
WHERE `account_data`.`uuid` = \'65ff9394-77c6-4954-ad09-4fee59c1c501\'', 0)
 2 SYSTEMPATH\Database\BaseConnection.php(692): CodeIgniter\Database\MySQLi\Connection->execute('SELECT `account_data`.`id` AS `account_id`, `account_data`.`uuid` AS `uuid`, `account_data`.`username` AS `username`, `account_data`.`email` AS `email`, `account_data`.`authority` AS `authority`, `account_data`.`registration_data` AS `registration_data`
FROM `myu_account`
WHERE `account_data`.`uuid` = \'65ff9394-77c6-4954-ad09-4fee59c1c501\'')
 3 SYSTEMPATH\Database\BaseConnection.php(606): CodeIgniter\Database\BaseConnection->simpleQuery('SELECT `account_data`.`id` AS `account_id`, `account_data`.`uuid` AS `uuid`, `account_data`.`username` AS `username`, `account_data`.`email` AS `email`, `account_data`.`authority` AS `authority`, `account_data`.`registration_data` AS `registration_data`
FROM `myu_account`
WHERE `account_data`.`uuid` = \'65ff9394-77c6-4954-ad09-4fee59c1c501\'')
 4 SYSTEMPATH\Database\BaseBuilder.php(1616): CodeIgniter\Database\BaseConnection->query('SELECT `account_data`.`id` AS `account_id`, `account_data`.`uuid` AS `uuid`, `account_data`.`username` AS `username`, `account_data`.`email` AS `email`, `account_data`.`authority` AS `authority`, `account_data`.`registration_data` AS `registration_data`
FROM `myu_account`
WHERE `account_data`.`uuid` = :account_data.uuid:', [...], false)
 5 SYSTEMPATH\Model.php(840): CodeIgniter\Database\BaseBuilder->get()
 6 APPPATH\Models\Account.php(115): CodeIgniter\Model->__call('get', [])
 7 APPPATH\Filters\Auth\Bearer.php(52): App\Models\Account->data([...])
 8 SYSTEMPATH\Filters\Filters.php(173): App\Filters\Auth\Bearer->before(Object(CodeIgniter\HTTP\IncomingRequest), null)
 9 SYSTEMPATH\CodeIgniter.php(473): CodeIgniter\Filters\Filters->run('login', 'before')
10 SYSTEMPATH\CodeIgniter.php(368): CodeIgniter\CodeIgniter->handleRequest(null, Object(Config\Cache), false)
11 FCPATH\index.php(70): CodeIgniter\CodeIgniter->run()
12 SYSTEMPATH\Commands\Server\rewrite.php(47): require_once('D:\\Projects\\KPS\\PHP\\MyUMKM\\Sub\\DapurFirdaus\\public\\index.php')
ERROR - 2023-06-06 06:45:27 --> mysqli_sql_exception: Unknown column 'account_data.id' in 'field list' in D:\Projects\KPS\PHP\CI4_Cores\vendor\codeigniter4\framework\system\Database\MySQLi\Connection.php:295
Stack trace:
#0 D:\Projects\KPS\PHP\CI4_Cores\vendor\codeigniter4\framework\system\Database\MySQLi\Connection.php(295): mysqli->query('SELECT `account...', 0)
#1 D:\Projects\KPS\PHP\CI4_Cores\vendor\codeigniter4\framework\system\Database\BaseConnection.php(692): CodeIgniter\Database\MySQLi\Connection->execute('SELECT `account...')
#2 D:\Projects\KPS\PHP\CI4_Cores\vendor\codeigniter4\framework\system\Database\BaseConnection.php(606): CodeIgniter\Database\BaseConnection->simpleQuery('SELECT `account...')
#3 D:\Projects\KPS\PHP\CI4_Cores\vendor\codeigniter4\framework\system\Database\BaseBuilder.php(1616): CodeIgniter\Database\BaseConnection->query('SELECT `account...', Array, false)
#4 D:\Projects\KPS\PHP\CI4_Cores\vendor\codeigniter4\framework\system\Model.php(840): CodeIgniter\Database\BaseBuilder->get()
#5 D:\Projects\KPS\PHP\MyUMKM\Sub\DapurFirdaus\app\Models\Account.php(115): CodeIgniter\Model->__call('get', Array)
#6 D:\Projects\KPS\PHP\MyUMKM\Sub\DapurFirdaus\app\Filters\Auth\Bearer.php(52): App\Models\Account->data(Array)
#7 D:\Projects\KPS\PHP\CI4_Cores\vendor\codeigniter4\framework\system\Filters\Filters.php(173): App\Filters\Auth\Bearer->before(Object(CodeIgniter\HTTP\IncomingRequest), NULL)
#8 D:\Projects\KPS\PHP\CI4_Cores\vendor\codeigniter4\framework\system\CodeIgniter.php(473): CodeIgniter\Filters\Filters->run('/', 'before')
#9 D:\Projects\KPS\PHP\CI4_Cores\vendor\codeigniter4\framework\system\CodeIgniter.php(368): CodeIgniter\CodeIgniter->handleRequest(NULL, Object(Config\Cache), false)
#10 D:\Projects\KPS\PHP\MyUMKM\Sub\DapurFirdaus\public\index.php(70): CodeIgniter\CodeIgniter->run()
#11 D:\Projects\KPS\PHP\CI4_Cores\vendor\codeigniter4\framework\system\Commands\Server\rewrite.php(47): require_once('D:\\Projects\\KPS...')
#12 {main}
CRITICAL - 2023-06-06 06:45:27 --> Unknown column 'account_data.id' in 'field list'
in SYSTEMPATH\Database\MySQLi\Connection.php on line 295.
 1 SYSTEMPATH\Database\MySQLi\Connection.php(295): mysqli->query('SELECT `account_data`.`id` AS `account_id`, `account_data`.`uuid` AS `uuid`, `account_data`.`username` AS `username`, `account_data`.`email` AS `email`, `account_data`.`authority` AS `authority`, `account_data`.`registration_data` AS `registration_data`
FROM `myu_account`
WHERE `account_data`.`uuid` = \'65ff9394-77c6-4954-ad09-4fee59c1c501\'', 0)
 2 SYSTEMPATH\Database\BaseConnection.php(692): CodeIgniter\Database\MySQLi\Connection->execute('SELECT `account_data`.`id` AS `account_id`, `account_data`.`uuid` AS `uuid`, `account_data`.`username` AS `username`, `account_data`.`email` AS `email`, `account_data`.`authority` AS `authority`, `account_data`.`registration_data` AS `registration_data`
FROM `myu_account`
WHERE `account_data`.`uuid` = \'65ff9394-77c6-4954-ad09-4fee59c1c501\'')
 3 SYSTEMPATH\Database\BaseConnection.php(606): CodeIgniter\Database\BaseConnection->simpleQuery('SELECT `account_data`.`id` AS `account_id`, `account_data`.`uuid` AS `uuid`, `account_data`.`username` AS `username`, `account_data`.`email` AS `email`, `account_data`.`authority` AS `authority`, `account_data`.`registration_data` AS `registration_data`
FROM `myu_account`
WHERE `account_data`.`uuid` = \'65ff9394-77c6-4954-ad09-4fee59c1c501\'')
 4 SYSTEMPATH\Database\BaseBuilder.php(1616): CodeIgniter\Database\BaseConnection->query('SELECT `account_data`.`id` AS `account_id`, `account_data`.`uuid` AS `uuid`, `account_data`.`username` AS `username`, `account_data`.`email` AS `email`, `account_data`.`authority` AS `authority`, `account_data`.`registration_data` AS `registration_data`
FROM `myu_account`
WHERE `account_data`.`uuid` = :account_data.uuid:', [...], false)
 5 SYSTEMPATH\Model.php(840): CodeIgniter\Database\BaseBuilder->get()
 6 APPPATH\Models\Account.php(115): CodeIgniter\Model->__call('get', [])
 7 APPPATH\Filters\Auth\Bearer.php(52): App\Models\Account->data([...])
 8 SYSTEMPATH\Filters\Filters.php(173): App\Filters\Auth\Bearer->before(Object(CodeIgniter\HTTP\IncomingRequest), null)
 9 SYSTEMPATH\CodeIgniter.php(473): CodeIgniter\Filters\Filters->run('/', 'before')
10 SYSTEMPATH\CodeIgniter.php(368): CodeIgniter\CodeIgniter->handleRequest(null, Object(Config\Cache), false)
11 FCPATH\index.php(70): CodeIgniter\CodeIgniter->run()
12 SYSTEMPATH\Commands\Server\rewrite.php(47): require_once('D:\\Projects\\KPS\\PHP\\MyUMKM\\Sub\\DapurFirdaus\\public\\index.php')
ERROR - 2023-06-06 06:45:27 --> mysqli_sql_exception: Unknown column 'account_data.id' in 'field list' in D:\Projects\KPS\PHP\CI4_Cores\vendor\codeigniter4\framework\system\Database\MySQLi\Connection.php:295
Stack trace:
#0 D:\Projects\KPS\PHP\CI4_Cores\vendor\codeigniter4\framework\system\Database\MySQLi\Connection.php(295): mysqli->query('SELECT `account...', 0)
#1 D:\Projects\KPS\PHP\CI4_Cores\vendor\codeigniter4\framework\system\Database\BaseConnection.php(692): CodeIgniter\Database\MySQLi\Connection->execute('SELECT `account...')
#2 D:\Projects\KPS\PHP\CI4_Cores\vendor\codeigniter4\framework\system\Database\BaseConnection.php(606): CodeIgniter\Database\BaseConnection->simpleQuery('SELECT `account...')
#3 D:\Projects\KPS\PHP\CI4_Cores\vendor\codeigniter4\framework\system\Database\BaseBuilder.php(1616): CodeIgniter\Database\BaseConnection->query('SELECT `account...', Array, false)
#4 D:\Projects\KPS\PHP\CI4_Cores\vendor\codeigniter4\framework\system\Model.php(840): CodeIgniter\Database\BaseBuilder->get()
#5 D:\Projects\KPS\PHP\MyUMKM\Sub\DapurFirdaus\app\Models\Account.php(115): CodeIgniter\Model->__call('get', Array)
#6 D:\Projects\KPS\PHP\MyUMKM\Sub\DapurFirdaus\app\Filters\Auth\Bearer.php(52): App\Models\Account->data(Array)
#7 D:\Projects\KPS\PHP\CI4_Cores\vendor\codeigniter4\framework\system\Filters\Filters.php(173): App\Filters\Auth\Bearer->before(Object(CodeIgniter\HTTP\IncomingRequest), NULL)
#8 D:\Projects\KPS\PHP\CI4_Cores\vendor\codeigniter4\framework\system\CodeIgniter.php(473): CodeIgniter\Filters\Filters->run('/', 'before')
#9 D:\Projects\KPS\PHP\CI4_Cores\vendor\codeigniter4\framework\system\CodeIgniter.php(368): CodeIgniter\CodeIgniter->handleRequest(NULL, Object(Config\Cache), false)
#10 D:\Projects\KPS\PHP\MyUMKM\Sub\DapurFirdaus\public\index.php(70): CodeIgniter\CodeIgniter->run()
#11 D:\Projects\KPS\PHP\CI4_Cores\vendor\codeigniter4\framework\system\Commands\Server\rewrite.php(47): require_once('D:\\Projects\\KPS...')
#12 {main}
CRITICAL - 2023-06-06 06:45:27 --> Unknown column 'account_data.id' in 'field list'
in SYSTEMPATH\Database\MySQLi\Connection.php on line 295.
 1 SYSTEMPATH\Database\MySQLi\Connection.php(295): mysqli->query('SELECT `account_data`.`id` AS `account_id`, `account_data`.`uuid` AS `uuid`, `account_data`.`username` AS `username`, `account_data`.`email` AS `email`, `account_data`.`authority` AS `authority`, `account_data`.`registration_data` AS `registration_data`
FROM `myu_account`
WHERE `account_data`.`uuid` = \'65ff9394-77c6-4954-ad09-4fee59c1c501\'', 0)
 2 SYSTEMPATH\Database\BaseConnection.php(692): CodeIgniter\Database\MySQLi\Connection->execute('SELECT `account_data`.`id` AS `account_id`, `account_data`.`uuid` AS `uuid`, `account_data`.`username` AS `username`, `account_data`.`email` AS `email`, `account_data`.`authority` AS `authority`, `account_data`.`registration_data` AS `registration_data`
FROM `myu_account`
WHERE `account_data`.`uuid` = \'65ff9394-77c6-4954-ad09-4fee59c1c501\'')
 3 SYSTEMPATH\Database\BaseConnection.php(606): CodeIgniter\Database\BaseConnection->simpleQuery('SELECT `account_data`.`id` AS `account_id`, `account_data`.`uuid` AS `uuid`, `account_data`.`username` AS `username`, `account_data`.`email` AS `email`, `account_data`.`authority` AS `authority`, `account_data`.`registration_data` AS `registration_data`
FROM `myu_account`
WHERE `account_data`.`uuid` = \'65ff9394-77c6-4954-ad09-4fee59c1c501\'')
 4 SYSTEMPATH\Database\BaseBuilder.php(1616): CodeIgniter\Database\BaseConnection->query('SELECT `account_data`.`id` AS `account_id`, `account_data`.`uuid` AS `uuid`, `account_data`.`username` AS `username`, `account_data`.`email` AS `email`, `account_data`.`authority` AS `authority`, `account_data`.`registration_data` AS `registration_data`
FROM `myu_account`
WHERE `account_data`.`uuid` = :account_data.uuid:', [...], false)
 5 SYSTEMPATH\Model.php(840): CodeIgniter\Database\BaseBuilder->get()
 6 APPPATH\Models\Account.php(115): CodeIgniter\Model->__call('get', [])
 7 APPPATH\Filters\Auth\Bearer.php(52): App\Models\Account->data([...])
 8 SYSTEMPATH\Filters\Filters.php(173): App\Filters\Auth\Bearer->before(Object(CodeIgniter\HTTP\IncomingRequest), null)
 9 SYSTEMPATH\CodeIgniter.php(473): CodeIgniter\Filters\Filters->run('/', 'before')
10 SYSTEMPATH\CodeIgniter.php(368): CodeIgniter\CodeIgniter->handleRequest(null, Object(Config\Cache), false)
11 FCPATH\index.php(70): CodeIgniter\CodeIgniter->run()
12 SYSTEMPATH\Commands\Server\rewrite.php(47): require_once('D:\\Projects\\KPS\\PHP\\MyUMKM\\Sub\\DapurFirdaus\\public\\index.php')
CRITICAL - 2023-06-06 18:35:52 --> Undefined property: CodeIgniter\HTTP\IncomingRequest::$auth
in APPPATH\Controllers\ControllerPreProcessor.php on line 209.
 1 APPPATH\Controllers\ControllerPreProcessor.php(209): CodeIgniter\Debug\Exceptions->errorHandler(2, 'Undefined property: CodeIgniter\\HTTP\\IncomingRequest::$auth', 'D:\\Projects\\KPS\\PHP\\MyUMKM\\Sub\\DapurFirdaus\\app\\Controllers\\ControllerPreProcessor.php', 209)
 2 APPPATH\Controllers\Commercial\CommercialController.php(75): App\Controllers\ControllerPreProcessor->authHandler(Object(Closure), Object(Closure), [...], 'home/index')
 3 APPPATH\Controllers\Commercial\HomePage.php(34): App\Controllers\Commercial\CommercialController->viewPage('home/index')
 4 SYSTEMPATH\CodeIgniter.php(934): App\Controllers\Commercial\HomePage->index()
 5 SYSTEMPATH\CodeIgniter.php(499): CodeIgniter\CodeIgniter->runController(Object(App\Controllers\Commercial\HomePage))
 6 SYSTEMPATH\CodeIgniter.php(368): CodeIgniter\CodeIgniter->handleRequest(null, Object(Config\Cache), false)
 7 FCPATH\index.php(70): CodeIgniter\CodeIgniter->run()
 8 SYSTEMPATH\Commands\Server\rewrite.php(47): require_once('D:\\Projects\\KPS\\PHP\\MyUMKM\\Sub\\DapurFirdaus\\public\\index.php')
CRITICAL - 2023-06-06 18:36:49 --> Undefined property: CodeIgniter\HTTP\IncomingRequest::$auth
in APPPATH\Controllers\ControllerPreProcessor.php on line 209.
 1 APPPATH\Controllers\ControllerPreProcessor.php(209): CodeIgniter\Debug\Exceptions->errorHandler(2, 'Undefined property: CodeIgniter\\HTTP\\IncomingRequest::$auth', 'D:\\Projects\\KPS\\PHP\\MyUMKM\\Sub\\DapurFirdaus\\app\\Controllers\\ControllerPreProcessor.php', 209)
 2 APPPATH\Controllers\Commercial\CommercialController.php(75): App\Controllers\ControllerPreProcessor->authHandler(Object(Closure), Object(Closure), [...], 'home/index')
 3 APPPATH\Controllers\Commercial\HomePage.php(34): App\Controllers\Commercial\CommercialController->viewPage('home/index')
 4 SYSTEMPATH\CodeIgniter.php(934): App\Controllers\Commercial\HomePage->index()
 5 SYSTEMPATH\CodeIgniter.php(499): CodeIgniter\CodeIgniter->runController(Object(App\Controllers\Commercial\HomePage))
 6 SYSTEMPATH\CodeIgniter.php(368): CodeIgniter\CodeIgniter->handleRequest(null, Object(Config\Cache), false)
 7 FCPATH\index.php(70): CodeIgniter\CodeIgniter->run()
 8 SYSTEMPATH\Commands\Server\rewrite.php(47): require_once('D:\\Projects\\KPS\\PHP\\MyUMKM\\Sub\\DapurFirdaus\\public\\index.php')
