CRITICAL - 2023-05-25 10:49:40 --> Call to undefined method App\Models\Catalog\CatalogCategory::catalogCategory
in SYSTEMPATH\Model.php on line 842.
 1 APPPATH\Controllers\Commercial\Catalog\Service.php(54): CodeIgniter\Model->__call('catalogCategory', [...])
 2 APPPATH\Controllers\Commercial\Catalog\Service.php(23): App\Controllers\Commercial\Catalog\Service->catalogCategoryData(1, 'surat-kendaraan')
 3 SYSTEMPATH\CodeIgniter.php(934): App\Controllers\Commercial\Catalog\Service->index('surat-kendaraan')
 4 SYSTEMPATH\CodeIgniter.php(499): CodeIgniter\CodeIgniter->runController(Object(App\Controllers\Commercial\Catalog\Service))
 5 SYSTEMPATH\CodeIgniter.php(368): CodeIgniter\CodeIgniter->handleRequest(null, Object(Config\Cache), false)
 6 FCPATH\index.php(67): CodeIgniter\CodeIgniter->run()
 7 SYSTEMPATH\Commands\Server\rewrite.php(47): require_once('FCPATH\\index.php')
CRITICAL - 2023-05-25 11:14:30 --> Call to undefined method App\Models\Catalog\CatalogCategory::catalogCategory
in SYSTEMPATH\Model.php on line 842.
 1 APPPATH\Controllers\Commercial\Catalog\Service.php(54): CodeIgniter\Model->__call('catalogCategory', [...])
 2 APPPATH\Controllers\Commercial\Catalog\Service.php(23): App\Controllers\Commercial\Catalog\Service->catalogCategoryData(1, 'surat-kendaraan')
 3 SYSTEMPATH\CodeIgniter.php(934): App\Controllers\Commercial\Catalog\Service->index('surat-kendaraan')
 4 SYSTEMPATH\CodeIgniter.php(499): CodeIgniter\CodeIgniter->runController(Object(App\Controllers\Commercial\Catalog\Service))
 5 SYSTEMPATH\CodeIgniter.php(368): CodeIgniter\CodeIgniter->handleRequest(null, Object(Config\Cache), false)
 6 FCPATH\index.php(67): CodeIgniter\CodeIgniter->run()
 7 SYSTEMPATH\Commands\Server\rewrite.php(47): require_once('FCPATH\\index.php')
CRITICAL - 2023-05-25 11:14:34 --> Call to undefined method App\Models\Catalog\CatalogCategory::catalogCategory
in SYSTEMPATH\Model.php on line 842.
 1 APPPATH\Controllers\Commercial\Catalog\Service.php(54): CodeIgniter\Model->__call('catalogCategory', [...])
 2 APPPATH\Controllers\Commercial\Catalog\Service.php(23): App\Controllers\Commercial\Catalog\Service->catalogCategoryData(1, 'unit-motor-honda')
 3 SYSTEMPATH\CodeIgniter.php(934): App\Controllers\Commercial\Catalog\Service->index('unit-motor-honda')
 4 SYSTEMPATH\CodeIgniter.php(499): CodeIgniter\CodeIgniter->runController(Object(App\Controllers\Commercial\Catalog\Service))
 5 SYSTEMPATH\CodeIgniter.php(368): CodeIgniter\CodeIgniter->handleRequest(null, Object(Config\Cache), false)
 6 FCPATH\index.php(67): CodeIgniter\CodeIgniter->run()
 7 SYSTEMPATH\Commands\Server\rewrite.php(47): require_once('FCPATH\\index.php')
CRITICAL - 2023-05-25 11:16:40 --> Undefined variable: catalog_data
in APPPATH\Views\_commercial\catalog\service\detail.php on line 46.
 1 APPPATH\Views\_commercial\catalog\service\detail.php(46): CodeIgniter\Debug\Exceptions->errorHandler(8, 'Undefined variable: catalog_data', 'APPPATH\\Views\\_commercial\\catalog\\service\\detail.php', 46, [...])
 2 SYSTEMPATH\View\View.php(213): include('APPPATH\\Views\\_commercial\\catalog\\service\\detail.php')
 3 SYSTEMPATH\View\View.php(216): CodeIgniter\View\View->CodeIgniter\View\{closure}()
 4 SYSTEMPATH\Common.php(1184): CodeIgniter\View\View->render('_commercial/catalog/service/detail', [], true)
 5 APPPATH\Controllers\Commercial\CommercialController.php(47): view('_commercial/catalog/service/detail', [...])
 6 APPPATH\Controllers\Commercial\Catalog\Service.php(28): App\Controllers\Commercial\CommercialController->view('catalog/service/detail', [...])
 7 SYSTEMPATH\CodeIgniter.php(934): App\Controllers\Commercial\Catalog\Service->index('unit-motor-honda')
 8 SYSTEMPATH\CodeIgniter.php(499): CodeIgniter\CodeIgniter->runController(Object(App\Controllers\Commercial\Catalog\Service))
 9 SYSTEMPATH\CodeIgniter.php(368): CodeIgniter\CodeIgniter->handleRequest(null, Object(Config\Cache), false)
10 FCPATH\index.php(67): CodeIgniter\CodeIgniter->run()
11 SYSTEMPATH\Commands\Server\rewrite.php(47): require_once('FCPATH\\index.php')
