CRITICAL - 2023-05-15 12:33:46 --> file_get_contents(D:\Projects\KPS\PHP\MyUMKM\Sub\DapurFirdaus\writable\uploads/image): failed to open stream: Permission denied
in APPPATH\Controllers\CDN\Files.php on line 50.
 1 [internal function]: CodeIgniter\Debug\Exceptions->errorHandler(2, 'file_get_contents(D:\\Projects\\KPS\\PHP\\MyUMKM\\Sub\\DapurFirdaus\\writable\\uploads/image): failed to open stream: Permission denied', 'APPPATH\\Controllers\\CDN\\Files.php', 50, [...])
 2 APPPATH\Controllers\CDN\Files.php(50): file_get_contents('ROOTPATH\\writable\\uploads\\image')
 3 SYSTEMPATH\CodeIgniter.php(934): App\Controllers\CDN\Files->index('image')
 4 SYSTEMPATH\CodeIgniter.php(499): CodeIgniter\CodeIgniter->runController(Object(App\Controllers\CDN\Files))
 5 SYSTEMPATH\CodeIgniter.php(368): CodeIgniter\CodeIgniter->handleRequest(null, Object(Config\Cache), false)
 6 FCPATH\index.php(67): CodeIgniter\CodeIgniter->run()
 7 SYSTEMPATH\Commands\Server\rewrite.php(47): require_once('FCPATH\\index.php')
CRITICAL - 2023-05-15 12:39:44 --> Undefined variable: catalog_category_data
in APPPATH\Views\_commercial\catalog\product\detail.php on line 16.
 1 APPPATH\Views\_commercial\catalog\product\detail.php(16): CodeIgniter\Debug\Exceptions->errorHandler(8, 'Undefined variable: catalog_category_data', 'APPPATH\\Views\\_commercial\\catalog\\product\\detail.php', 16, [...])
 2 SYSTEMPATH\View\View.php(213): include('APPPATH\\Views\\_commercial\\catalog\\product\\detail.php')
 3 SYSTEMPATH\View\View.php(216): CodeIgniter\View\View->CodeIgniter\View\{closure}()
 4 SYSTEMPATH\Common.php(1184): CodeIgniter\View\View->render('_commercial/catalog/product/detail', [], true)
 5 APPPATH\Controllers\Commercial\CommercialController.php(42): view('_commercial/catalog/product/detail', [...])
 6 APPPATH\Controllers\Commercial\Catalog\Product.php(57): App\Controllers\Commercial\CommercialController->view('catalog/product/detail', [...])
 7 SYSTEMPATH\CodeIgniter.php(934): App\Controllers\Commercial\Catalog\Product->catalogDetail('1')
 8 SYSTEMPATH\CodeIgniter.php(499): CodeIgniter\CodeIgniter->runController(Object(App\Controllers\Commercial\Catalog\Product))
 9 SYSTEMPATH\CodeIgniter.php(368): CodeIgniter\CodeIgniter->handleRequest(null, Object(Config\Cache), false)
10 FCPATH\index.php(67): CodeIgniter\CodeIgniter->run()
11 SYSTEMPATH\Commands\Server\rewrite.php(47): require_once('FCPATH\\index.php')
CRITICAL - 2023-05-15 12:40:19 --> Illegal string offset 'path'
in APPPATH\Views\_commercial\catalog\product\detail.php on line 24.
 1 APPPATH\Views\_commercial\catalog\product\detail.php(24): CodeIgniter\Debug\Exceptions->errorHandler(2, 'Illegal string offset \'path\'', 'APPPATH\\Views\\_commercial\\catalog\\product\\detail.php', 24, [...])
 2 SYSTEMPATH\View\View.php(213): include('APPPATH\\Views\\_commercial\\catalog\\product\\detail.php')
 3 SYSTEMPATH\View\View.php(216): CodeIgniter\View\View->CodeIgniter\View\{closure}()
 4 SYSTEMPATH\Common.php(1184): CodeIgniter\View\View->render('_commercial/catalog/product/detail', [], true)
 5 APPPATH\Controllers\Commercial\CommercialController.php(42): view('_commercial/catalog/product/detail', [...])
 6 APPPATH\Controllers\Commercial\Catalog\Product.php(57): App\Controllers\Commercial\CommercialController->view('catalog/product/detail', [...])
 7 SYSTEMPATH\CodeIgniter.php(934): App\Controllers\Commercial\Catalog\Product->catalogDetail('1')
 8 SYSTEMPATH\CodeIgniter.php(499): CodeIgniter\CodeIgniter->runController(Object(App\Controllers\Commercial\Catalog\Product))
 9 SYSTEMPATH\CodeIgniter.php(368): CodeIgniter\CodeIgniter->handleRequest(null, Object(Config\Cache), false)
10 FCPATH\index.php(67): CodeIgniter\CodeIgniter->run()
11 SYSTEMPATH\Commands\Server\rewrite.php(47): require_once('FCPATH\\index.php')
CRITICAL - 2023-05-15 12:41:17 --> Illegal string offset 'path'
in APPPATH\Views\_commercial\catalog\product\detail.php on line 24.
 1 APPPATH\Views\_commercial\catalog\product\detail.php(24): CodeIgniter\Debug\Exceptions->errorHandler(2, 'Illegal string offset \'path\'', 'APPPATH\\Views\\_commercial\\catalog\\product\\detail.php', 24, [...])
 2 SYSTEMPATH\View\View.php(213): include('APPPATH\\Views\\_commercial\\catalog\\product\\detail.php')
 3 SYSTEMPATH\View\View.php(216): CodeIgniter\View\View->CodeIgniter\View\{closure}()
 4 SYSTEMPATH\Common.php(1184): CodeIgniter\View\View->render('_commercial/catalog/product/detail', [], true)
 5 APPPATH\Controllers\Commercial\CommercialController.php(42): view('_commercial/catalog/product/detail', [...])
 6 APPPATH\Controllers\Commercial\Catalog\Product.php(57): App\Controllers\Commercial\CommercialController->view('catalog/product/detail', [...])
 7 SYSTEMPATH\CodeIgniter.php(934): App\Controllers\Commercial\Catalog\Product->catalogDetail('1')
 8 SYSTEMPATH\CodeIgniter.php(499): CodeIgniter\CodeIgniter->runController(Object(App\Controllers\Commercial\Catalog\Product))
 9 SYSTEMPATH\CodeIgniter.php(368): CodeIgniter\CodeIgniter->handleRequest(null, Object(Config\Cache), false)
10 FCPATH\index.php(67): CodeIgniter\CodeIgniter->run()
11 SYSTEMPATH\Commands\Server\rewrite.php(47): require_once('FCPATH\\index.php')
CRITICAL - 2023-05-15 12:42:04 --> Illegal string offset 'path'
in APPPATH\Views\_commercial\catalog\product\detail.php on line 24.
 1 APPPATH\Views\_commercial\catalog\product\detail.php(24): CodeIgniter\Debug\Exceptions->errorHandler(2, 'Illegal string offset \'path\'', 'APPPATH\\Views\\_commercial\\catalog\\product\\detail.php', 24, [...])
 2 SYSTEMPATH\View\View.php(213): include('APPPATH\\Views\\_commercial\\catalog\\product\\detail.php')
 3 SYSTEMPATH\View\View.php(216): CodeIgniter\View\View->CodeIgniter\View\{closure}()
 4 SYSTEMPATH\Common.php(1184): CodeIgniter\View\View->render('_commercial/catalog/product/detail', [], true)
 5 APPPATH\Controllers\Commercial\CommercialController.php(42): view('_commercial/catalog/product/detail', [...])
 6 APPPATH\Controllers\Commercial\Catalog\Product.php(59): App\Controllers\Commercial\CommercialController->view('catalog/product/detail', [...])
 7 SYSTEMPATH\CodeIgniter.php(934): App\Controllers\Commercial\Catalog\Product->catalogDetail('1')
 8 SYSTEMPATH\CodeIgniter.php(499): CodeIgniter\CodeIgniter->runController(Object(App\Controllers\Commercial\Catalog\Product))
 9 SYSTEMPATH\CodeIgniter.php(368): CodeIgniter\CodeIgniter->handleRequest(null, Object(Config\Cache), false)
10 FCPATH\index.php(67): CodeIgniter\CodeIgniter->run()
11 SYSTEMPATH\Commands\Server\rewrite.php(47): require_once('FCPATH\\index.php')
CRITICAL - 2023-05-15 12:43:02 --> file_get_contents(D:\Projects\KPS\PHP\MyUMKM\Sub\DapurFirdaus\writable\uploads/image): failed to open stream: Permission denied
in APPPATH\Controllers\CDN\Files.php on line 50.
 1 [internal function]: CodeIgniter\Debug\Exceptions->errorHandler(2, 'file_get_contents(D:\\Projects\\KPS\\PHP\\MyUMKM\\Sub\\DapurFirdaus\\writable\\uploads/image): failed to open stream: Permission denied', 'APPPATH\\Controllers\\CDN\\Files.php', 50, [...])
 2 APPPATH\Controllers\CDN\Files.php(50): file_get_contents('ROOTPATH\\writable\\uploads\\image')
 3 SYSTEMPATH\CodeIgniter.php(934): App\Controllers\CDN\Files->index('image')
 4 SYSTEMPATH\CodeIgniter.php(499): CodeIgniter\CodeIgniter->runController(Object(App\Controllers\CDN\Files))
 5 SYSTEMPATH\CodeIgniter.php(368): CodeIgniter\CodeIgniter->handleRequest(null, Object(Config\Cache), false)
 6 FCPATH\index.php(67): CodeIgniter\CodeIgniter->run()
 7 SYSTEMPATH\Commands\Server\rewrite.php(47): require_once('FCPATH\\index.php')
CRITICAL - 2023-05-15 12:44:33 --> file_get_contents(D:\Projects\KPS\PHP\MyUMKM\Sub\DapurFirdaus\writable\uploads/image): failed to open stream: Permission denied
in APPPATH\Controllers\CDN\Files.php on line 50.
 1 [internal function]: CodeIgniter\Debug\Exceptions->errorHandler(2, 'file_get_contents(D:\\Projects\\KPS\\PHP\\MyUMKM\\Sub\\DapurFirdaus\\writable\\uploads/image): failed to open stream: Permission denied', 'APPPATH\\Controllers\\CDN\\Files.php', 50, [...])
 2 APPPATH\Controllers\CDN\Files.php(50): file_get_contents('ROOTPATH\\writable\\uploads\\image')
 3 SYSTEMPATH\CodeIgniter.php(934): App\Controllers\CDN\Files->index('image')
 4 SYSTEMPATH\CodeIgniter.php(499): CodeIgniter\CodeIgniter->runController(Object(App\Controllers\CDN\Files))
 5 SYSTEMPATH\CodeIgniter.php(368): CodeIgniter\CodeIgniter->handleRequest(null, Object(Config\Cache), false)
 6 FCPATH\index.php(67): CodeIgniter\CodeIgniter->run()
 7 SYSTEMPATH\Commands\Server\rewrite.php(47): require_once('FCPATH\\index.php')
CRITICAL - 2023-05-15 12:46:33 --> Undefined index: category_id
in APPPATH\Controllers\Commercial\Catalog\Product.php on line 57.
 1 APPPATH\Controllers\Commercial\Catalog\Product.php(57): CodeIgniter\Debug\Exceptions->errorHandler(8, 'Undefined index: category_id', 'APPPATH\\Controllers\\Commercial\\Catalog\\Product.php', 57, [...])
 2 SYSTEMPATH\CodeIgniter.php(934): App\Controllers\Commercial\Catalog\Product->catalogDetail('1')
 3 SYSTEMPATH\CodeIgniter.php(499): CodeIgniter\CodeIgniter->runController(Object(App\Controllers\Commercial\Catalog\Product))
 4 SYSTEMPATH\CodeIgniter.php(368): CodeIgniter\CodeIgniter->handleRequest(null, Object(Config\Cache), false)
 5 FCPATH\index.php(67): CodeIgniter\CodeIgniter->run()
 6 SYSTEMPATH\Commands\Server\rewrite.php(47): require_once('FCPATH\\index.php')
CRITICAL - 2023-05-15 12:49:22 --> file_get_contents(D:\Projects\KPS\PHP\MyUMKM\Sub\DapurFirdaus\writable\uploads/image): failed to open stream: Permission denied
in APPPATH\Controllers\CDN\Files.php on line 50.
 1 [internal function]: CodeIgniter\Debug\Exceptions->errorHandler(2, 'file_get_contents(D:\\Projects\\KPS\\PHP\\MyUMKM\\Sub\\DapurFirdaus\\writable\\uploads/image): failed to open stream: Permission denied', 'APPPATH\\Controllers\\CDN\\Files.php', 50, [...])
 2 APPPATH\Controllers\CDN\Files.php(50): file_get_contents('ROOTPATH\\writable\\uploads\\image')
 3 SYSTEMPATH\CodeIgniter.php(934): App\Controllers\CDN\Files->index('image')
 4 SYSTEMPATH\CodeIgniter.php(499): CodeIgniter\CodeIgniter->runController(Object(App\Controllers\CDN\Files))
 5 SYSTEMPATH\CodeIgniter.php(368): CodeIgniter\CodeIgniter->handleRequest(null, Object(Config\Cache), false)
 6 FCPATH\index.php(67): CodeIgniter\CodeIgniter->run()
 7 SYSTEMPATH\Commands\Server\rewrite.php(47): require_once('FCPATH\\index.php')
CRITICAL - 2023-05-15 12:50:17 --> file_get_contents(D:\Projects\KPS\PHP\MyUMKM\Sub\DapurFirdaus\writable\uploads/image): failed to open stream: Permission denied
in APPPATH\Controllers\CDN\Files.php on line 50.
 1 [internal function]: CodeIgniter\Debug\Exceptions->errorHandler(2, 'file_get_contents(D:\\Projects\\KPS\\PHP\\MyUMKM\\Sub\\DapurFirdaus\\writable\\uploads/image): failed to open stream: Permission denied', 'APPPATH\\Controllers\\CDN\\Files.php', 50, [...])
 2 APPPATH\Controllers\CDN\Files.php(50): file_get_contents('ROOTPATH\\writable\\uploads\\image')
 3 SYSTEMPATH\CodeIgniter.php(934): App\Controllers\CDN\Files->index('image')
 4 SYSTEMPATH\CodeIgniter.php(499): CodeIgniter\CodeIgniter->runController(Object(App\Controllers\CDN\Files))
 5 SYSTEMPATH\CodeIgniter.php(368): CodeIgniter\CodeIgniter->handleRequest(null, Object(Config\Cache), false)
 6 FCPATH\index.php(67): CodeIgniter\CodeIgniter->run()
 7 SYSTEMPATH\Commands\Server\rewrite.php(47): require_once('FCPATH\\index.php')
CRITICAL - 2023-05-15 12:50:26 --> file_get_contents(D:\Projects\KPS\PHP\MyUMKM\Sub\DapurFirdaus\writable\uploads/image): failed to open stream: Permission denied
in APPPATH\Controllers\CDN\Files.php on line 50.
 1 [internal function]: CodeIgniter\Debug\Exceptions->errorHandler(2, 'file_get_contents(D:\\Projects\\KPS\\PHP\\MyUMKM\\Sub\\DapurFirdaus\\writable\\uploads/image): failed to open stream: Permission denied', 'APPPATH\\Controllers\\CDN\\Files.php', 50, [...])
 2 APPPATH\Controllers\CDN\Files.php(50): file_get_contents('ROOTPATH\\writable\\uploads\\image')
 3 SYSTEMPATH\CodeIgniter.php(934): App\Controllers\CDN\Files->index('image')
 4 SYSTEMPATH\CodeIgniter.php(499): CodeIgniter\CodeIgniter->runController(Object(App\Controllers\CDN\Files))
 5 SYSTEMPATH\CodeIgniter.php(368): CodeIgniter\CodeIgniter->handleRequest(null, Object(Config\Cache), false)
 6 FCPATH\index.php(67): CodeIgniter\CodeIgniter->run()
 7 SYSTEMPATH\Commands\Server\rewrite.php(47): require_once('FCPATH\\index.php')
CRITICAL - 2023-05-15 12:51:23 --> file_get_contents(D:\Projects\KPS\PHP\MyUMKM\Sub\DapurFirdaus\writable\uploads/image): failed to open stream: Permission denied
in APPPATH\Controllers\CDN\Files.php on line 50.
 1 [internal function]: CodeIgniter\Debug\Exceptions->errorHandler(2, 'file_get_contents(D:\\Projects\\KPS\\PHP\\MyUMKM\\Sub\\DapurFirdaus\\writable\\uploads/image): failed to open stream: Permission denied', 'APPPATH\\Controllers\\CDN\\Files.php', 50, [...])
 2 APPPATH\Controllers\CDN\Files.php(50): file_get_contents('ROOTPATH\\writable\\uploads\\image')
 3 SYSTEMPATH\CodeIgniter.php(934): App\Controllers\CDN\Files->index('image')
 4 SYSTEMPATH\CodeIgniter.php(499): CodeIgniter\CodeIgniter->runController(Object(App\Controllers\CDN\Files))
 5 SYSTEMPATH\CodeIgniter.php(368): CodeIgniter\CodeIgniter->handleRequest(null, Object(Config\Cache), false)
 6 FCPATH\index.php(67): CodeIgniter\CodeIgniter->run()
 7 SYSTEMPATH\Commands\Server\rewrite.php(47): require_once('FCPATH\\index.php')
CRITICAL - 2023-05-15 12:51:40 --> file_get_contents(D:\Projects\KPS\PHP\MyUMKM\Sub\DapurFirdaus\writable\uploads/image): failed to open stream: Permission denied
in APPPATH\Controllers\CDN\Files.php on line 50.
 1 [internal function]: CodeIgniter\Debug\Exceptions->errorHandler(2, 'file_get_contents(D:\\Projects\\KPS\\PHP\\MyUMKM\\Sub\\DapurFirdaus\\writable\\uploads/image): failed to open stream: Permission denied', 'APPPATH\\Controllers\\CDN\\Files.php', 50, [...])
 2 APPPATH\Controllers\CDN\Files.php(50): file_get_contents('ROOTPATH\\writable\\uploads\\image')
 3 SYSTEMPATH\CodeIgniter.php(934): App\Controllers\CDN\Files->index('image')
 4 SYSTEMPATH\CodeIgniter.php(499): CodeIgniter\CodeIgniter->runController(Object(App\Controllers\CDN\Files))
 5 SYSTEMPATH\CodeIgniter.php(368): CodeIgniter\CodeIgniter->handleRequest(null, Object(Config\Cache), false)
 6 FCPATH\index.php(67): CodeIgniter\CodeIgniter->run()
 7 SYSTEMPATH\Commands\Server\rewrite.php(47): require_once('FCPATH\\index.php')
CRITICAL - 2023-05-15 12:51:43 --> Undefined variable: catalog_data
in APPPATH\Views\_commercial\catalog\product\detail.php on line 16.
 1 APPPATH\Views\_commercial\catalog\product\detail.php(16): CodeIgniter\Debug\Exceptions->errorHandler(8, 'Undefined variable: catalog_data', 'APPPATH\\Views\\_commercial\\catalog\\product\\detail.php', 16, [...])
 2 SYSTEMPATH\View\View.php(213): include('APPPATH\\Views\\_commercial\\catalog\\product\\detail.php')
 3 SYSTEMPATH\View\View.php(216): CodeIgniter\View\View->CodeIgniter\View\{closure}()
 4 SYSTEMPATH\Common.php(1184): CodeIgniter\View\View->render('_commercial/catalog/product/detail', [], true)
 5 APPPATH\Controllers\Commercial\CommercialController.php(42): view('_commercial/catalog/product/detail', [...])
 6 APPPATH\Controllers\Commercial\Catalog\Product.php(32): App\Controllers\Commercial\CommercialController->view('catalog/product/detail', [...])
 7 SYSTEMPATH\CodeIgniter.php(934): App\Controllers\Commercial\Catalog\Product->index('cookies')
 8 SYSTEMPATH\CodeIgniter.php(499): CodeIgniter\CodeIgniter->runController(Object(App\Controllers\Commercial\Catalog\Product))
 9 SYSTEMPATH\CodeIgniter.php(368): CodeIgniter\CodeIgniter->handleRequest(null, Object(Config\Cache), false)
10 FCPATH\index.php(67): CodeIgniter\CodeIgniter->run()
11 SYSTEMPATH\Commands\Server\rewrite.php(47): require_once('FCPATH\\index.php')
CRITICAL - 2023-05-15 12:52:26 --> file_get_contents(D:\Projects\KPS\PHP\MyUMKM\Sub\DapurFirdaus\writable\uploads/image): failed to open stream: Permission denied
in APPPATH\Controllers\CDN\Files.php on line 50.
 1 [internal function]: CodeIgniter\Debug\Exceptions->errorHandler(2, 'file_get_contents(D:\\Projects\\KPS\\PHP\\MyUMKM\\Sub\\DapurFirdaus\\writable\\uploads/image): failed to open stream: Permission denied', 'APPPATH\\Controllers\\CDN\\Files.php', 50, [...])
 2 APPPATH\Controllers\CDN\Files.php(50): file_get_contents('ROOTPATH\\writable\\uploads\\image')
 3 SYSTEMPATH\CodeIgniter.php(934): App\Controllers\CDN\Files->index('image')
 4 SYSTEMPATH\CodeIgniter.php(499): CodeIgniter\CodeIgniter->runController(Object(App\Controllers\CDN\Files))
 5 SYSTEMPATH\CodeIgniter.php(368): CodeIgniter\CodeIgniter->handleRequest(null, Object(Config\Cache), false)
 6 FCPATH\index.php(67): CodeIgniter\CodeIgniter->run()
 7 SYSTEMPATH\Commands\Server\rewrite.php(47): require_once('FCPATH\\index.php')
CRITICAL - 2023-05-15 12:52:40 --> file_get_contents(D:\Projects\KPS\PHP\MyUMKM\Sub\DapurFirdaus\writable\uploads/image): failed to open stream: Permission denied
in APPPATH\Controllers\CDN\Files.php on line 50.
 1 [internal function]: CodeIgniter\Debug\Exceptions->errorHandler(2, 'file_get_contents(D:\\Projects\\KPS\\PHP\\MyUMKM\\Sub\\DapurFirdaus\\writable\\uploads/image): failed to open stream: Permission denied', 'APPPATH\\Controllers\\CDN\\Files.php', 50, [...])
 2 APPPATH\Controllers\CDN\Files.php(50): file_get_contents('ROOTPATH\\writable\\uploads\\image')
 3 SYSTEMPATH\CodeIgniter.php(934): App\Controllers\CDN\Files->index('image')
 4 SYSTEMPATH\CodeIgniter.php(499): CodeIgniter\CodeIgniter->runController(Object(App\Controllers\CDN\Files))
 5 SYSTEMPATH\CodeIgniter.php(368): CodeIgniter\CodeIgniter->handleRequest(null, Object(Config\Cache), false)
 6 FCPATH\index.php(67): CodeIgniter\CodeIgniter->run()
 7 SYSTEMPATH\Commands\Server\rewrite.php(47): require_once('FCPATH\\index.php')
CRITICAL - 2023-05-15 12:52:43 --> file_get_contents(D:\Projects\KPS\PHP\MyUMKM\Sub\DapurFirdaus\writable\uploads/image): failed to open stream: Permission denied
in APPPATH\Controllers\CDN\Files.php on line 50.
 1 [internal function]: CodeIgniter\Debug\Exceptions->errorHandler(2, 'file_get_contents(D:\\Projects\\KPS\\PHP\\MyUMKM\\Sub\\DapurFirdaus\\writable\\uploads/image): failed to open stream: Permission denied', 'APPPATH\\Controllers\\CDN\\Files.php', 50, [...])
 2 APPPATH\Controllers\CDN\Files.php(50): file_get_contents('ROOTPATH\\writable\\uploads\\image')
 3 SYSTEMPATH\CodeIgniter.php(934): App\Controllers\CDN\Files->index('image')
 4 SYSTEMPATH\CodeIgniter.php(499): CodeIgniter\CodeIgniter->runController(Object(App\Controllers\CDN\Files))
 5 SYSTEMPATH\CodeIgniter.php(368): CodeIgniter\CodeIgniter->handleRequest(null, Object(Config\Cache), false)
 6 FCPATH\index.php(67): CodeIgniter\CodeIgniter->run()
 7 SYSTEMPATH\Commands\Server\rewrite.php(47): require_once('FCPATH\\index.php')
CRITICAL - 2023-05-15 12:58:37 --> file_get_contents(D:\Projects\KPS\PHP\MyUMKM\Sub\DapurFirdaus\writable\uploads/image): failed to open stream: Permission denied
in APPPATH\Controllers\CDN\Files.php on line 50.
 1 [internal function]: CodeIgniter\Debug\Exceptions->errorHandler(2, 'file_get_contents(D:\\Projects\\KPS\\PHP\\MyUMKM\\Sub\\DapurFirdaus\\writable\\uploads/image): failed to open stream: Permission denied', 'APPPATH\\Controllers\\CDN\\Files.php', 50, [...])
 2 APPPATH\Controllers\CDN\Files.php(50): file_get_contents('ROOTPATH\\writable\\uploads\\image')
 3 SYSTEMPATH\CodeIgniter.php(934): App\Controllers\CDN\Files->index('image')
 4 SYSTEMPATH\CodeIgniter.php(499): CodeIgniter\CodeIgniter->runController(Object(App\Controllers\CDN\Files))
 5 SYSTEMPATH\CodeIgniter.php(368): CodeIgniter\CodeIgniter->handleRequest(null, Object(Config\Cache), false)
 6 FCPATH\index.php(67): CodeIgniter\CodeIgniter->run()
 7 SYSTEMPATH\Commands\Server\rewrite.php(47): require_once('FCPATH\\index.php')
CRITICAL - 2023-05-15 17:37:08 --> file_get_contents(D:\Projects\KPS\PHP\MyUMKM\Sub\DapurFirdaus\writable\uploads/image): failed to open stream: Permission denied
in APPPATH\Controllers\CDN\Files.php on line 50.
 1 [internal function]: CodeIgniter\Debug\Exceptions->errorHandler(2, 'file_get_contents(D:\\Projects\\KPS\\PHP\\MyUMKM\\Sub\\DapurFirdaus\\writable\\uploads/image): failed to open stream: Permission denied', 'APPPATH\\Controllers\\CDN\\Files.php', 50, [...])
 2 APPPATH\Controllers\CDN\Files.php(50): file_get_contents('ROOTPATH\\writable\\uploads\\image')
 3 SYSTEMPATH\CodeIgniter.php(934): App\Controllers\CDN\Files->index('image')
 4 SYSTEMPATH\CodeIgniter.php(499): CodeIgniter\CodeIgniter->runController(Object(App\Controllers\CDN\Files))
 5 SYSTEMPATH\CodeIgniter.php(368): CodeIgniter\CodeIgniter->handleRequest(null, Object(Config\Cache), false)
 6 FCPATH\index.php(67): CodeIgniter\CodeIgniter->run()
 7 SYSTEMPATH\Commands\Server\rewrite.php(47): require_once('FCPATH\\index.php')
