CRITICAL - 2023-06-07 09:22:16 --> Undefined property: CodeIgniter\HTTP\IncomingRequest::$auth
in APPPATH\Controllers\ControllerPreProcessor.php on line 209.
 1 APPPATH\Controllers\ControllerPreProcessor.php(209): CodeIgniter\Debug\Exceptions->errorHandler(2, 'Undefined property: CodeIgniter\\HTTP\\IncomingRequest::$auth', 'D:\\Projects\\KPS\\PHP\\MyUMKM\\Sub\\DapurFirdaus\\app\\Controllers\\ControllerPreProcessor.php', 209)
 2 APPPATH\Controllers\Commercial\CommercialController.php(75): App\Controllers\ControllerPreProcessor->authHandler(Object(Closure), Object(Closure), [...], 'home/index')
 3 APPPATH\Controllers\Commercial\HomePage.php(34): App\Controllers\Commercial\CommercialController->viewPage('home/index')
 4 SYSTEMPATH\CodeIgniter.php(934): App\Controllers\Commercial\HomePage->index()
 5 SYSTEMPATH\CodeIgniter.php(499): CodeIgniter\CodeIgniter->runController(Object(App\Controllers\Commercial\HomePage))
 6 SYSTEMPATH\CodeIgniter.php(368): CodeIgniter\CodeIgniter->handleRequest(null, Object(Config\Cache), false)
 7 FCPATH\index.php(70): CodeIgniter\CodeIgniter->run()
 8 SYSTEMPATH\Commands\Server\rewrite.php(47): require_once('D:\\Projects\\KPS\\PHP\\MyUMKM\\Sub\\DapurFirdaus\\public\\index.php')
CRITICAL - 2023-06-07 09:23:16 --> Undefined property: CodeIgniter\HTTP\IncomingRequest::$auth
in APPPATH\Controllers\ControllerPreProcessor.php on line 209.
 1 APPPATH\Controllers\ControllerPreProcessor.php(209): CodeIgniter\Debug\Exceptions->errorHandler(2, 'Undefined property: CodeIgniter\\HTTP\\IncomingRequest::$auth', 'D:\\Projects\\KPS\\PHP\\MyUMKM\\Sub\\DapurFirdaus\\app\\Controllers\\ControllerPreProcessor.php', 209)
 2 APPPATH\Controllers\Commercial\CommercialController.php(75): App\Controllers\ControllerPreProcessor->authHandler(Object(Closure), Object(Closure), [...], 'home/index')
 3 APPPATH\Controllers\Commercial\HomePage.php(34): App\Controllers\Commercial\CommercialController->viewPage('home/index')
 4 SYSTEMPATH\CodeIgniter.php(934): App\Controllers\Commercial\HomePage->index()
 5 SYSTEMPATH\CodeIgniter.php(499): CodeIgniter\CodeIgniter->runController(Object(App\Controllers\Commercial\HomePage))
 6 SYSTEMPATH\CodeIgniter.php(368): CodeIgniter\CodeIgniter->handleRequest(null, Object(Config\Cache), false)
 7 FCPATH\index.php(70): CodeIgniter\CodeIgniter->run()
 8 SYSTEMPATH\Commands\Server\rewrite.php(47): require_once('D:\\Projects\\KPS\\PHP\\MyUMKM\\Sub\\DapurFirdaus\\public\\index.php')
