WARNING - 2023-07-29 01:23:38 --> [DEPRECATED] Optional parameter $id declared before required parameter $errFunction is implicitly treated as a required parameter in APPPATH\API\V1\Catalog\Product\Category\Update.php on line 137.
 1 SYSTEMPATH\Autoloader\Autoloader.php(312): include_once('D:\\Projects\\KPS\\PHP\\CI4_Cores\\vendor\\codeigniter4\\framework\\system\\Debug\\Exceptions.php')
 2 SYSTEMPATH\Autoloader\Autoloader.php(289): CodeIgniter\Autoloader\Autoloader->includeFile('D:\\Projects\\KPS\\PHP\\MyUMKM\\Sub\\DapurFirdaus\\app\\API\\V1\\Catalog\\Product\\Category\\Update.php')
 3 SYSTEMPATH\Autoloader\Autoloader.php(267): CodeIgniter\Autoloader\Autoloader->loadInNamespace('App\\API\\V1\\Catalog\\Product\\Category\\Update')
 4 [internal function]: CodeIgniter\Autoloader\Autoloader->loadClass('App\\API\\V1\\Catalog\\Product\\Category\\Update')
 5 SYSTEMPATH\CodeIgniter.php(892): class_exists('\\App\\API\\V1\\Catalog\\Product\\Category\\Update', true)
 6 SYSTEMPATH\CodeIgniter.php(486): CodeIgniter\CodeIgniter->startController()
 7 SYSTEMPATH\CodeIgniter.php(368): CodeIgniter\CodeIgniter->handleRequest(null, Object(Config\Cache), false)
 8 FCPATH\index.php(70): CodeIgniter\CodeIgniter->run()
 9 SYSTEMPATH\Commands\Server\rewrite.php(47): require_once('D:\\Projects\\KPS\\PHP\\MyUMKM\\Sub\\DapurFirdaus\\public\\index.php')
CRITICAL - 2023-07-29 01:23:38 --> Class name must be a valid object or a string
in APPPATH\API\APIController.php on line 44.
 1 APPPATH\API\V1\Catalog\Product\Category\Update.php(43): App\API\APIController->getPayload()
 2 SYSTEMPATH\CodeIgniter.php(934): App\API\V1\Catalog\Product\Category\Update->index('MQ==')
 3 SYSTEMPATH\CodeIgniter.php(499): CodeIgniter\CodeIgniter->runController(Object(App\API\V1\Catalog\Product\Category\Update))
 4 SYSTEMPATH\CodeIgniter.php(368): CodeIgniter\CodeIgniter->handleRequest(null, Object(Config\Cache), false)
 5 FCPATH\index.php(70): CodeIgniter\CodeIgniter->run()
 6 SYSTEMPATH\Commands\Server\rewrite.php(47): require_once('D:\\Projects\\KPS\\PHP\\MyUMKM\\Sub\\DapurFirdaus\\public\\index.php')
WARNING - 2023-07-29 01:24:20 --> [DEPRECATED] Optional parameter $id declared before required parameter $errFunction is implicitly treated as a required parameter in APPPATH\API\V1\Catalog\Product\Category\Update.php on line 139.
 1 SYSTEMPATH\Autoloader\Autoloader.php(312): include_once('D:\\Projects\\KPS\\PHP\\CI4_Cores\\vendor\\codeigniter4\\framework\\system\\Debug\\Exceptions.php')
 2 SYSTEMPATH\Autoloader\Autoloader.php(289): CodeIgniter\Autoloader\Autoloader->includeFile('D:\\Projects\\KPS\\PHP\\MyUMKM\\Sub\\DapurFirdaus\\app\\API\\V1\\Catalog\\Product\\Category\\Update.php')
 3 SYSTEMPATH\Autoloader\Autoloader.php(267): CodeIgniter\Autoloader\Autoloader->loadInNamespace('App\\API\\V1\\Catalog\\Product\\Category\\Update')
 4 [internal function]: CodeIgniter\Autoloader\Autoloader->loadClass('App\\API\\V1\\Catalog\\Product\\Category\\Update')
 5 SYSTEMPATH\CodeIgniter.php(892): class_exists('\\App\\API\\V1\\Catalog\\Product\\Category\\Update', true)
 6 SYSTEMPATH\CodeIgniter.php(486): CodeIgniter\CodeIgniter->startController()
 7 SYSTEMPATH\CodeIgniter.php(368): CodeIgniter\CodeIgniter->handleRequest(null, Object(Config\Cache), false)
 8 FCPATH\index.php(70): CodeIgniter\CodeIgniter->run()
 9 SYSTEMPATH\Commands\Server\rewrite.php(47): require_once('D:\\Projects\\KPS\\PHP\\MyUMKM\\Sub\\DapurFirdaus\\public\\index.php')
WARNING - 2023-07-29 01:25:03 --> [DEPRECATED] Optional parameter $id declared before required parameter $errFunction is implicitly treated as a required parameter in APPPATH\API\V1\Catalog\Product\Category\Update.php on line 139.
 1 SYSTEMPATH\Autoloader\Autoloader.php(312): include_once('D:\\Projects\\KPS\\PHP\\CI4_Cores\\vendor\\codeigniter4\\framework\\system\\Debug\\Exceptions.php')
 2 SYSTEMPATH\Autoloader\Autoloader.php(289): CodeIgniter\Autoloader\Autoloader->includeFile('D:\\Projects\\KPS\\PHP\\MyUMKM\\Sub\\DapurFirdaus\\app\\API\\V1\\Catalog\\Product\\Category\\Update.php')
 3 SYSTEMPATH\Autoloader\Autoloader.php(267): CodeIgniter\Autoloader\Autoloader->loadInNamespace('App\\API\\V1\\Catalog\\Product\\Category\\Update')
 4 [internal function]: CodeIgniter\Autoloader\Autoloader->loadClass('App\\API\\V1\\Catalog\\Product\\Category\\Update')
 5 SYSTEMPATH\CodeIgniter.php(892): class_exists('\\App\\API\\V1\\Catalog\\Product\\Category\\Update', true)
 6 SYSTEMPATH\CodeIgniter.php(486): CodeIgniter\CodeIgniter->startController()
 7 SYSTEMPATH\CodeIgniter.php(368): CodeIgniter\CodeIgniter->handleRequest(null, Object(Config\Cache), false)
 8 FCPATH\index.php(70): CodeIgniter\CodeIgniter->run()
 9 SYSTEMPATH\Commands\Server\rewrite.php(47): require_once('D:\\Projects\\KPS\\PHP\\MyUMKM\\Sub\\DapurFirdaus\\public\\index.php')
CRITICAL - 2023-07-29 01:25:03 --> Call to a member function validationFail() on null
in APPPATH\API\V1\Catalog\Product\Category\Update.php on line 58.
 1 APPPATH\Controllers\ControllerPreProcessor.php(218): App\API\V1\Catalog\Product\Category\Update->App\API\V1\Catalog\Product\Category\{closure}([])
 2 APPPATH\API\V1\Catalog\Product\Category\Update.php(70): App\Controllers\ControllerPreProcessor->authHandler(Object(Closure), Object(Closure))
 3 SYSTEMPATH\CodeIgniter.php(934): App\API\V1\Catalog\Product\Category\Update->index('MQ==')
 4 SYSTEMPATH\CodeIgniter.php(499): CodeIgniter\CodeIgniter->runController(Object(App\API\V1\Catalog\Product\Category\Update))
 5 SYSTEMPATH\CodeIgniter.php(368): CodeIgniter\CodeIgniter->handleRequest(null, Object(Config\Cache), false)
 6 FCPATH\index.php(70): CodeIgniter\CodeIgniter->run()
 7 SYSTEMPATH\Commands\Server\rewrite.php(47): require_once('D:\\Projects\\KPS\\PHP\\MyUMKM\\Sub\\DapurFirdaus\\public\\index.php')
WARNING - 2023-07-29 01:31:41 --> [DEPRECATED] Optional parameter $id declared before required parameter $errFunction is implicitly treated as a required parameter in APPPATH\API\V1\Catalog\Product\Category\Update.php on line 143.
 1 SYSTEMPATH\Autoloader\Autoloader.php(312): include_once('D:\\Projects\\KPS\\PHP\\CI4_Cores\\vendor\\codeigniter4\\framework\\system\\Debug\\Exceptions.php')
 2 SYSTEMPATH\Autoloader\Autoloader.php(289): CodeIgniter\Autoloader\Autoloader->includeFile('D:\\Projects\\KPS\\PHP\\MyUMKM\\Sub\\DapurFirdaus\\app\\API\\V1\\Catalog\\Product\\Category\\Update.php')
 3 SYSTEMPATH\Autoloader\Autoloader.php(267): CodeIgniter\Autoloader\Autoloader->loadInNamespace('App\\API\\V1\\Catalog\\Product\\Category\\Update')
 4 [internal function]: CodeIgniter\Autoloader\Autoloader->loadClass('App\\API\\V1\\Catalog\\Product\\Category\\Update')
 5 SYSTEMPATH\CodeIgniter.php(892): class_exists('\\App\\API\\V1\\Catalog\\Product\\Category\\Update', true)
 6 SYSTEMPATH\CodeIgniter.php(486): CodeIgniter\CodeIgniter->startController()
 7 SYSTEMPATH\CodeIgniter.php(368): CodeIgniter\CodeIgniter->handleRequest(null, Object(Config\Cache), false)
 8 FCPATH\index.php(70): CodeIgniter\CodeIgniter->run()
 9 SYSTEMPATH\Commands\Server\rewrite.php(47): require_once('D:\\Projects\\KPS\\PHP\\MyUMKM\\Sub\\DapurFirdaus\\public\\index.php')
CRITICAL - 2023-07-29 01:31:41 --> Call to a member function validationSuccess() on array
in APPPATH\API\V1\Catalog\Product\Category\Update.php on line 61.
 1 APPPATH\Controllers\ControllerPreProcessor.php(218): App\API\V1\Catalog\Product\Category\Update->App\API\V1\Catalog\Product\Category\{closure}([])
 2 APPPATH\API\V1\Catalog\Product\Category\Update.php(74): App\Controllers\ControllerPreProcessor->authHandler(Object(Closure), Object(Closure))
 3 SYSTEMPATH\CodeIgniter.php(934): App\API\V1\Catalog\Product\Category\Update->index('MQ==')
 4 SYSTEMPATH\CodeIgniter.php(499): CodeIgniter\CodeIgniter->runController(Object(App\API\V1\Catalog\Product\Category\Update))
 5 SYSTEMPATH\CodeIgniter.php(368): CodeIgniter\CodeIgniter->handleRequest(null, Object(Config\Cache), false)
 6 FCPATH\index.php(70): CodeIgniter\CodeIgniter->run()
 7 SYSTEMPATH\Commands\Server\rewrite.php(47): require_once('D:\\Projects\\KPS\\PHP\\MyUMKM\\Sub\\DapurFirdaus\\public\\index.php')
WARNING - 2023-07-29 01:40:00 --> [DEPRECATED] Optional parameter $id declared before required parameter $errFunction is implicitly treated as a required parameter in APPPATH\API\V1\Catalog\Product\Category\Update.php on line 154.
 1 SYSTEMPATH\Autoloader\Autoloader.php(312): include_once('D:\\Projects\\KPS\\PHP\\CI4_Cores\\vendor\\codeigniter4\\framework\\system\\Debug\\Exceptions.php')
 2 SYSTEMPATH\Autoloader\Autoloader.php(289): CodeIgniter\Autoloader\Autoloader->includeFile('D:\\Projects\\KPS\\PHP\\MyUMKM\\Sub\\DapurFirdaus\\app\\API\\V1\\Catalog\\Product\\Category\\Update.php')
 3 SYSTEMPATH\Autoloader\Autoloader.php(267): CodeIgniter\Autoloader\Autoloader->loadInNamespace('App\\API\\V1\\Catalog\\Product\\Category\\Update')
 4 [internal function]: CodeIgniter\Autoloader\Autoloader->loadClass('App\\API\\V1\\Catalog\\Product\\Category\\Update')
 5 SYSTEMPATH\CodeIgniter.php(892): class_exists('\\App\\API\\V1\\Catalog\\Product\\Category\\Update', true)
 6 SYSTEMPATH\CodeIgniter.php(486): CodeIgniter\CodeIgniter->startController()
 7 SYSTEMPATH\CodeIgniter.php(368): CodeIgniter\CodeIgniter->handleRequest(null, Object(Config\Cache), false)
 8 FCPATH\index.php(70): CodeIgniter\CodeIgniter->run()
 9 SYSTEMPATH\Commands\Server\rewrite.php(47): require_once('D:\\Projects\\KPS\\PHP\\MyUMKM\\Sub\\DapurFirdaus\\public\\index.php')
CRITICAL - 2023-07-29 01:40:00 --> call_user_func(): Argument #1 ($callback) must be a valid callback, no array or string given
in APPPATH\API\Library\Payload.php on line 114.
 1 APPPATH\API\Library\Payload.php(114): call_user_func(null, [...])
 2 APPPATH\API\V1\Catalog\Product\Category\Update.php(82): App\API\Library\Payload->validate()
 3 APPPATH\Controllers\ControllerPreProcessor.php(218): App\API\V1\Catalog\Product\Category\Update->App\API\V1\Catalog\Product\Category\{closure}([])
 4 APPPATH\API\V1\Catalog\Product\Category\Update.php(85): App\Controllers\ControllerPreProcessor->authHandler(Object(Closure), Object(Closure))
 5 SYSTEMPATH\CodeIgniter.php(934): App\API\V1\Catalog\Product\Category\Update->index('MQ==')
 6 SYSTEMPATH\CodeIgniter.php(499): CodeIgniter\CodeIgniter->runController(Object(App\API\V1\Catalog\Product\Category\Update))
 7 SYSTEMPATH\CodeIgniter.php(368): CodeIgniter\CodeIgniter->handleRequest(null, Object(Config\Cache), false)
 8 FCPATH\index.php(70): CodeIgniter\CodeIgniter->run()
 9 SYSTEMPATH\Commands\Server\rewrite.php(47): require_once('D:\\Projects\\KPS\\PHP\\MyUMKM\\Sub\\DapurFirdaus\\public\\index.php')
WARNING - 2023-07-29 01:40:36 --> [DEPRECATED] Optional parameter $id declared before required parameter $errFunction is implicitly treated as a required parameter in APPPATH\API\V1\Catalog\Product\Category\Update.php on line 154.
 1 SYSTEMPATH\Autoloader\Autoloader.php(312): include_once('D:\\Projects\\KPS\\PHP\\CI4_Cores\\vendor\\codeigniter4\\framework\\system\\Debug\\Exceptions.php')
 2 SYSTEMPATH\Autoloader\Autoloader.php(289): CodeIgniter\Autoloader\Autoloader->includeFile('D:\\Projects\\KPS\\PHP\\MyUMKM\\Sub\\DapurFirdaus\\app\\API\\V1\\Catalog\\Product\\Category\\Update.php')
 3 SYSTEMPATH\Autoloader\Autoloader.php(267): CodeIgniter\Autoloader\Autoloader->loadInNamespace('App\\API\\V1\\Catalog\\Product\\Category\\Update')
 4 [internal function]: CodeIgniter\Autoloader\Autoloader->loadClass('App\\API\\V1\\Catalog\\Product\\Category\\Update')
 5 SYSTEMPATH\CodeIgniter.php(892): class_exists('\\App\\API\\V1\\Catalog\\Product\\Category\\Update', true)
 6 SYSTEMPATH\CodeIgniter.php(486): CodeIgniter\CodeIgniter->startController()
 7 SYSTEMPATH\CodeIgniter.php(368): CodeIgniter\CodeIgniter->handleRequest(null, Object(Config\Cache), false)
 8 FCPATH\index.php(70): CodeIgniter\CodeIgniter->run()
 9 SYSTEMPATH\Commands\Server\rewrite.php(47): require_once('D:\\Projects\\KPS\\PHP\\MyUMKM\\Sub\\DapurFirdaus\\public\\index.php')
CRITICAL - 2023-07-29 01:40:36 --> call_user_func(): Argument #1 ($callback) must be a valid callback, no array or string given
in APPPATH\API\Library\Payload.php on line 114.
 1 APPPATH\API\Library\Payload.php(114): call_user_func(null, [...])
 2 APPPATH\API\V1\Catalog\Product\Category\Update.php(82): App\API\Library\Payload->validate()
 3 APPPATH\Controllers\ControllerPreProcessor.php(218): App\API\V1\Catalog\Product\Category\Update->App\API\V1\Catalog\Product\Category\{closure}([])
 4 APPPATH\API\V1\Catalog\Product\Category\Update.php(85): App\Controllers\ControllerPreProcessor->authHandler(Object(Closure), Object(Closure))
 5 SYSTEMPATH\CodeIgniter.php(934): App\API\V1\Catalog\Product\Category\Update->index('MQ==')
 6 SYSTEMPATH\CodeIgniter.php(499): CodeIgniter\CodeIgniter->runController(Object(App\API\V1\Catalog\Product\Category\Update))
 7 SYSTEMPATH\CodeIgniter.php(368): CodeIgniter\CodeIgniter->handleRequest(null, Object(Config\Cache), false)
 8 FCPATH\index.php(70): CodeIgniter\CodeIgniter->run()
 9 SYSTEMPATH\Commands\Server\rewrite.php(47): require_once('D:\\Projects\\KPS\\PHP\\MyUMKM\\Sub\\DapurFirdaus\\public\\index.php')
WARNING - 2023-07-29 01:40:39 --> [DEPRECATED] Optional parameter $id declared before required parameter $errFunction is implicitly treated as a required parameter in APPPATH\API\V1\Catalog\Product\Category\Update.php on line 154.
 1 SYSTEMPATH\Autoloader\Autoloader.php(312): include_once('D:\\Projects\\KPS\\PHP\\CI4_Cores\\vendor\\codeigniter4\\framework\\system\\Debug\\Exceptions.php')
 2 SYSTEMPATH\Autoloader\Autoloader.php(289): CodeIgniter\Autoloader\Autoloader->includeFile('D:\\Projects\\KPS\\PHP\\MyUMKM\\Sub\\DapurFirdaus\\app\\API\\V1\\Catalog\\Product\\Category\\Update.php')
 3 SYSTEMPATH\Autoloader\Autoloader.php(267): CodeIgniter\Autoloader\Autoloader->loadInNamespace('App\\API\\V1\\Catalog\\Product\\Category\\Update')
 4 [internal function]: CodeIgniter\Autoloader\Autoloader->loadClass('App\\API\\V1\\Catalog\\Product\\Category\\Update')
 5 SYSTEMPATH\CodeIgniter.php(892): class_exists('\\App\\API\\V1\\Catalog\\Product\\Category\\Update', true)
 6 SYSTEMPATH\CodeIgniter.php(486): CodeIgniter\CodeIgniter->startController()
 7 SYSTEMPATH\CodeIgniter.php(368): CodeIgniter\CodeIgniter->handleRequest(null, Object(Config\Cache), false)
 8 FCPATH\index.php(70): CodeIgniter\CodeIgniter->run()
 9 SYSTEMPATH\Commands\Server\rewrite.php(47): require_once('D:\\Projects\\KPS\\PHP\\MyUMKM\\Sub\\DapurFirdaus\\public\\index.php')
CRITICAL - 2023-07-29 01:40:39 --> call_user_func(): Argument #1 ($callback) must be a valid callback, no array or string given
in APPPATH\API\Library\Payload.php on line 114.
 1 APPPATH\API\Library\Payload.php(114): call_user_func(null, [...])
 2 APPPATH\API\V1\Catalog\Product\Category\Update.php(82): App\API\Library\Payload->validate()
 3 APPPATH\Controllers\ControllerPreProcessor.php(218): App\API\V1\Catalog\Product\Category\Update->App\API\V1\Catalog\Product\Category\{closure}([])
 4 APPPATH\API\V1\Catalog\Product\Category\Update.php(85): App\Controllers\ControllerPreProcessor->authHandler(Object(Closure), Object(Closure))
 5 SYSTEMPATH\CodeIgniter.php(934): App\API\V1\Catalog\Product\Category\Update->index('MQ==')
 6 SYSTEMPATH\CodeIgniter.php(499): CodeIgniter\CodeIgniter->runController(Object(App\API\V1\Catalog\Product\Category\Update))
 7 SYSTEMPATH\CodeIgniter.php(368): CodeIgniter\CodeIgniter->handleRequest(null, Object(Config\Cache), false)
 8 FCPATH\index.php(70): CodeIgniter\CodeIgniter->run()
 9 SYSTEMPATH\Commands\Server\rewrite.php(47): require_once('D:\\Projects\\KPS\\PHP\\MyUMKM\\Sub\\DapurFirdaus\\public\\index.php')
WARNING - 2023-07-29 01:41:09 --> [DEPRECATED] Optional parameter $id declared before required parameter $errFunction is implicitly treated as a required parameter in APPPATH\API\V1\Catalog\Product\Category\Update.php on line 155.
 1 SYSTEMPATH\Autoloader\Autoloader.php(312): include_once('D:\\Projects\\KPS\\PHP\\CI4_Cores\\vendor\\codeigniter4\\framework\\system\\Debug\\Exceptions.php')
 2 SYSTEMPATH\Autoloader\Autoloader.php(289): CodeIgniter\Autoloader\Autoloader->includeFile('D:\\Projects\\KPS\\PHP\\MyUMKM\\Sub\\DapurFirdaus\\app\\API\\V1\\Catalog\\Product\\Category\\Update.php')
 3 SYSTEMPATH\Autoloader\Autoloader.php(267): CodeIgniter\Autoloader\Autoloader->loadInNamespace('App\\API\\V1\\Catalog\\Product\\Category\\Update')
 4 [internal function]: CodeIgniter\Autoloader\Autoloader->loadClass('App\\API\\V1\\Catalog\\Product\\Category\\Update')
 5 SYSTEMPATH\CodeIgniter.php(892): class_exists('\\App\\API\\V1\\Catalog\\Product\\Category\\Update', true)
 6 SYSTEMPATH\CodeIgniter.php(486): CodeIgniter\CodeIgniter->startController()
 7 SYSTEMPATH\CodeIgniter.php(368): CodeIgniter\CodeIgniter->handleRequest(null, Object(Config\Cache), false)
 8 FCPATH\index.php(70): CodeIgniter\CodeIgniter->run()
 9 SYSTEMPATH\Commands\Server\rewrite.php(47): require_once('D:\\Projects\\KPS\\PHP\\MyUMKM\\Sub\\DapurFirdaus\\public\\index.php')
CRITICAL - 2023-07-29 01:41:09 --> call_user_func(): Argument #1 ($callback) must be a valid callback, no array or string given
in APPPATH\API\Library\Payload.php on line 114.
 1 APPPATH\API\Library\Payload.php(114): call_user_func(null, [...])
 2 APPPATH\API\V1\Catalog\Product\Category\Update.php(70): App\API\Library\Payload->validate()
 3 APPPATH\Controllers\ControllerPreProcessor.php(218): App\API\V1\Catalog\Product\Category\Update->App\API\V1\Catalog\Product\Category\{closure}([])
 4 APPPATH\API\V1\Catalog\Product\Category\Update.php(86): App\Controllers\ControllerPreProcessor->authHandler(Object(Closure), Object(Closure))
 5 SYSTEMPATH\CodeIgniter.php(934): App\API\V1\Catalog\Product\Category\Update->index('MQ==')
 6 SYSTEMPATH\CodeIgniter.php(499): CodeIgniter\CodeIgniter->runController(Object(App\API\V1\Catalog\Product\Category\Update))
 7 SYSTEMPATH\CodeIgniter.php(368): CodeIgniter\CodeIgniter->handleRequest(null, Object(Config\Cache), false)
 8 FCPATH\index.php(70): CodeIgniter\CodeIgniter->run()
 9 SYSTEMPATH\Commands\Server\rewrite.php(47): require_once('D:\\Projects\\KPS\\PHP\\MyUMKM\\Sub\\DapurFirdaus\\public\\index.php')
WARNING - 2023-07-29 01:42:32 --> [DEPRECATED] Optional parameter $id declared before required parameter $errFunction is implicitly treated as a required parameter in APPPATH\API\V1\Catalog\Product\Category\Update.php on line 155.
 1 SYSTEMPATH\Autoloader\Autoloader.php(312): include_once('D:\\Projects\\KPS\\PHP\\CI4_Cores\\vendor\\codeigniter4\\framework\\system\\Debug\\Exceptions.php')
 2 SYSTEMPATH\Autoloader\Autoloader.php(289): CodeIgniter\Autoloader\Autoloader->includeFile('D:\\Projects\\KPS\\PHP\\MyUMKM\\Sub\\DapurFirdaus\\app\\API\\V1\\Catalog\\Product\\Category\\Update.php')
 3 SYSTEMPATH\Autoloader\Autoloader.php(267): CodeIgniter\Autoloader\Autoloader->loadInNamespace('App\\API\\V1\\Catalog\\Product\\Category\\Update')
 4 [internal function]: CodeIgniter\Autoloader\Autoloader->loadClass('App\\API\\V1\\Catalog\\Product\\Category\\Update')
 5 SYSTEMPATH\CodeIgniter.php(892): class_exists('\\App\\API\\V1\\Catalog\\Product\\Category\\Update', true)
 6 SYSTEMPATH\CodeIgniter.php(486): CodeIgniter\CodeIgniter->startController()
 7 SYSTEMPATH\CodeIgniter.php(368): CodeIgniter\CodeIgniter->handleRequest(null, Object(Config\Cache), false)
 8 FCPATH\index.php(70): CodeIgniter\CodeIgniter->run()
 9 SYSTEMPATH\Commands\Server\rewrite.php(47): require_once('D:\\Projects\\KPS\\PHP\\MyUMKM\\Sub\\DapurFirdaus\\public\\index.php')
WARNING - 2023-07-29 11:29:20 --> [DEPRECATED] Optional parameter $id declared before required parameter $errFunction is implicitly treated as a required parameter in APPPATH\API\V1\Catalog\Product\Category\Update.php on line 155.
 1 SYSTEMPATH\Autoloader\Autoloader.php(312): include_once('D:\\Projects\\KPS\\PHP\\CI4_Cores\\vendor\\codeigniter4\\framework\\system\\Debug\\Exceptions.php')
 2 SYSTEMPATH\Autoloader\Autoloader.php(289): CodeIgniter\Autoloader\Autoloader->includeFile('D:\\Projects\\KPS\\PHP\\MyUMKM\\Sub\\DapurFirdaus\\app\\API\\V1\\Catalog\\Product\\Category\\Update.php')
 3 SYSTEMPATH\Autoloader\Autoloader.php(267): CodeIgniter\Autoloader\Autoloader->loadInNamespace('App\\API\\V1\\Catalog\\Product\\Category\\Update')
 4 [internal function]: CodeIgniter\Autoloader\Autoloader->loadClass('App\\API\\V1\\Catalog\\Product\\Category\\Update')
 5 SYSTEMPATH\CodeIgniter.php(892): class_exists('\\App\\API\\V1\\Catalog\\Product\\Category\\Update', true)
 6 SYSTEMPATH\CodeIgniter.php(486): CodeIgniter\CodeIgniter->startController()
 7 SYSTEMPATH\CodeIgniter.php(368): CodeIgniter\CodeIgniter->handleRequest(null, Object(Config\Cache), false)
 8 FCPATH\index.php(70): CodeIgniter\CodeIgniter->run()
 9 SYSTEMPATH\Commands\Server\rewrite.php(47): require_once('D:\\Projects\\KPS\\PHP\\MyUMKM\\Sub\\DapurFirdaus\\public\\index.php')
CRITICAL - 2023-07-29 11:29:20 --> Trying to access array offset on value of type null
in APPPATH\API\Library\Payload.php on line 78.
 1 APPPATH\API\Library\Payload.php(78): CodeIgniter\Debug\Exceptions->errorHandler(2, 'Trying to access array offset on value of type null', 'D:\\Projects\\KPS\\PHP\\MyUMKM\\Sub\\DapurFirdaus\\app\\API\\Library\\Payload.php', 78)
 2 APPPATH\API\V1\Catalog\Product\Category\Update.php(70): App\API\Library\Payload->validate()
 3 APPPATH\Controllers\ControllerPreProcessor.php(218): App\API\V1\Catalog\Product\Category\Update->App\API\V1\Catalog\Product\Category\{closure}([])
 4 APPPATH\API\V1\Catalog\Product\Category\Update.php(86): App\Controllers\ControllerPreProcessor->authHandler(Object(Closure), Object(Closure))
 5 SYSTEMPATH\CodeIgniter.php(934): App\API\V1\Catalog\Product\Category\Update->index('MQ==')
 6 SYSTEMPATH\CodeIgniter.php(499): CodeIgniter\CodeIgniter->runController(Object(App\API\V1\Catalog\Product\Category\Update))
 7 SYSTEMPATH\CodeIgniter.php(368): CodeIgniter\CodeIgniter->handleRequest(null, Object(Config\Cache), false)
 8 FCPATH\index.php(70): CodeIgniter\CodeIgniter->run()
 9 SYSTEMPATH\Commands\Server\rewrite.php(47): require_once('D:\\Projects\\KPS\\PHP\\MyUMKM\\Sub\\DapurFirdaus\\public\\index.php')
WARNING - 2023-07-29 11:30:49 --> [DEPRECATED] Optional parameter $id declared before required parameter $errFunction is implicitly treated as a required parameter in APPPATH\API\V1\Catalog\Product\Category\Update.php on line 155.
 1 SYSTEMPATH\Autoloader\Autoloader.php(312): include_once('D:\\Projects\\KPS\\PHP\\CI4_Cores\\vendor\\codeigniter4\\framework\\system\\Debug\\Exceptions.php')
 2 SYSTEMPATH\Autoloader\Autoloader.php(289): CodeIgniter\Autoloader\Autoloader->includeFile('D:\\Projects\\KPS\\PHP\\MyUMKM\\Sub\\DapurFirdaus\\app\\API\\V1\\Catalog\\Product\\Category\\Update.php')
 3 SYSTEMPATH\Autoloader\Autoloader.php(267): CodeIgniter\Autoloader\Autoloader->loadInNamespace('App\\API\\V1\\Catalog\\Product\\Category\\Update')
 4 [internal function]: CodeIgniter\Autoloader\Autoloader->loadClass('App\\API\\V1\\Catalog\\Product\\Category\\Update')
 5 SYSTEMPATH\CodeIgniter.php(892): class_exists('\\App\\API\\V1\\Catalog\\Product\\Category\\Update', true)
 6 SYSTEMPATH\CodeIgniter.php(486): CodeIgniter\CodeIgniter->startController()
 7 SYSTEMPATH\CodeIgniter.php(368): CodeIgniter\CodeIgniter->handleRequest(null, Object(Config\Cache), false)
 8 FCPATH\index.php(70): CodeIgniter\CodeIgniter->run()
 9 SYSTEMPATH\Commands\Server\rewrite.php(47): require_once('D:\\Projects\\KPS\\PHP\\MyUMKM\\Sub\\DapurFirdaus\\public\\index.php')
CRITICAL - 2023-07-29 11:30:49 --> Trying to access array offset on value of type null
in APPPATH\API\Library\Payload.php on line 75.
 1 APPPATH\API\Library\Payload.php(75): CodeIgniter\Debug\Exceptions->errorHandler(2, 'Trying to access array offset on value of type null', 'D:\\Projects\\KPS\\PHP\\MyUMKM\\Sub\\DapurFirdaus\\app\\API\\Library\\Payload.php', 75)
 2 APPPATH\API\V1\Catalog\Product\Category\Update.php(70): App\API\Library\Payload->validate()
 3 APPPATH\Controllers\ControllerPreProcessor.php(218): App\API\V1\Catalog\Product\Category\Update->App\API\V1\Catalog\Product\Category\{closure}([])
 4 APPPATH\API\V1\Catalog\Product\Category\Update.php(86): App\Controllers\ControllerPreProcessor->authHandler(Object(Closure), Object(Closure))
 5 SYSTEMPATH\CodeIgniter.php(934): App\API\V1\Catalog\Product\Category\Update->index('MQ==')
 6 SYSTEMPATH\CodeIgniter.php(499): CodeIgniter\CodeIgniter->runController(Object(App\API\V1\Catalog\Product\Category\Update))
 7 SYSTEMPATH\CodeIgniter.php(368): CodeIgniter\CodeIgniter->handleRequest(null, Object(Config\Cache), false)
 8 FCPATH\index.php(70): CodeIgniter\CodeIgniter->run()
 9 SYSTEMPATH\Commands\Server\rewrite.php(47): require_once('D:\\Projects\\KPS\\PHP\\MyUMKM\\Sub\\DapurFirdaus\\public\\index.php')
WARNING - 2023-07-29 11:30:58 --> [DEPRECATED] Optional parameter $id declared before required parameter $errFunction is implicitly treated as a required parameter in APPPATH\API\V1\Catalog\Product\Category\Update.php on line 155.
 1 SYSTEMPATH\Autoloader\Autoloader.php(312): include_once('D:\\Projects\\KPS\\PHP\\CI4_Cores\\vendor\\codeigniter4\\framework\\system\\Debug\\Exceptions.php')
 2 SYSTEMPATH\Autoloader\Autoloader.php(289): CodeIgniter\Autoloader\Autoloader->includeFile('D:\\Projects\\KPS\\PHP\\MyUMKM\\Sub\\DapurFirdaus\\app\\API\\V1\\Catalog\\Product\\Category\\Update.php')
 3 SYSTEMPATH\Autoloader\Autoloader.php(267): CodeIgniter\Autoloader\Autoloader->loadInNamespace('App\\API\\V1\\Catalog\\Product\\Category\\Update')
 4 [internal function]: CodeIgniter\Autoloader\Autoloader->loadClass('App\\API\\V1\\Catalog\\Product\\Category\\Update')
 5 SYSTEMPATH\CodeIgniter.php(892): class_exists('\\App\\API\\V1\\Catalog\\Product\\Category\\Update', true)
 6 SYSTEMPATH\CodeIgniter.php(486): CodeIgniter\CodeIgniter->startController()
 7 SYSTEMPATH\CodeIgniter.php(368): CodeIgniter\CodeIgniter->handleRequest(null, Object(Config\Cache), false)
 8 FCPATH\index.php(70): CodeIgniter\CodeIgniter->run()
 9 SYSTEMPATH\Commands\Server\rewrite.php(47): require_once('D:\\Projects\\KPS\\PHP\\MyUMKM\\Sub\\DapurFirdaus\\public\\index.php')
WARNING - 2023-07-29 11:31:12 --> [DEPRECATED] Optional parameter $id declared before required parameter $errFunction is implicitly treated as a required parameter in APPPATH\API\V1\Catalog\Product\Category\Update.php on line 155.
 1 SYSTEMPATH\Autoloader\Autoloader.php(312): include_once('D:\\Projects\\KPS\\PHP\\CI4_Cores\\vendor\\codeigniter4\\framework\\system\\Debug\\Exceptions.php')
 2 SYSTEMPATH\Autoloader\Autoloader.php(289): CodeIgniter\Autoloader\Autoloader->includeFile('D:\\Projects\\KPS\\PHP\\MyUMKM\\Sub\\DapurFirdaus\\app\\API\\V1\\Catalog\\Product\\Category\\Update.php')
 3 SYSTEMPATH\Autoloader\Autoloader.php(267): CodeIgniter\Autoloader\Autoloader->loadInNamespace('App\\API\\V1\\Catalog\\Product\\Category\\Update')
 4 [internal function]: CodeIgniter\Autoloader\Autoloader->loadClass('App\\API\\V1\\Catalog\\Product\\Category\\Update')
 5 SYSTEMPATH\CodeIgniter.php(892): class_exists('\\App\\API\\V1\\Catalog\\Product\\Category\\Update', true)
 6 SYSTEMPATH\CodeIgniter.php(486): CodeIgniter\CodeIgniter->startController()
 7 SYSTEMPATH\CodeIgniter.php(368): CodeIgniter\CodeIgniter->handleRequest(null, Object(Config\Cache), false)
 8 FCPATH\index.php(70): CodeIgniter\CodeIgniter->run()
 9 SYSTEMPATH\Commands\Server\rewrite.php(47): require_once('D:\\Projects\\KPS\\PHP\\MyUMKM\\Sub\\DapurFirdaus\\public\\index.php')
WARNING - 2023-07-29 11:31:26 --> [DEPRECATED] Optional parameter $id declared before required parameter $errFunction is implicitly treated as a required parameter in APPPATH\API\V1\Catalog\Product\Category\Update.php on line 155.
 1 SYSTEMPATH\Autoloader\Autoloader.php(312): include_once('D:\\Projects\\KPS\\PHP\\CI4_Cores\\vendor\\codeigniter4\\framework\\system\\Debug\\Exceptions.php')
 2 SYSTEMPATH\Autoloader\Autoloader.php(289): CodeIgniter\Autoloader\Autoloader->includeFile('D:\\Projects\\KPS\\PHP\\MyUMKM\\Sub\\DapurFirdaus\\app\\API\\V1\\Catalog\\Product\\Category\\Update.php')
 3 SYSTEMPATH\Autoloader\Autoloader.php(267): CodeIgniter\Autoloader\Autoloader->loadInNamespace('App\\API\\V1\\Catalog\\Product\\Category\\Update')
 4 [internal function]: CodeIgniter\Autoloader\Autoloader->loadClass('App\\API\\V1\\Catalog\\Product\\Category\\Update')
 5 SYSTEMPATH\CodeIgniter.php(892): class_exists('\\App\\API\\V1\\Catalog\\Product\\Category\\Update', true)
 6 SYSTEMPATH\CodeIgniter.php(486): CodeIgniter\CodeIgniter->startController()
 7 SYSTEMPATH\CodeIgniter.php(368): CodeIgniter\CodeIgniter->handleRequest(null, Object(Config\Cache), false)
 8 FCPATH\index.php(70): CodeIgniter\CodeIgniter->run()
 9 SYSTEMPATH\Commands\Server\rewrite.php(47): require_once('D:\\Projects\\KPS\\PHP\\MyUMKM\\Sub\\DapurFirdaus\\public\\index.php')
WARNING - 2023-07-29 11:33:02 --> [DEPRECATED] Optional parameter $id declared before required parameter $errFunction is implicitly treated as a required parameter in APPPATH\API\V1\Catalog\Product\Category\Update.php on line 142.
 1 SYSTEMPATH\Autoloader\Autoloader.php(312): include_once('D:\\Projects\\KPS\\PHP\\CI4_Cores\\vendor\\codeigniter4\\framework\\system\\Debug\\Exceptions.php')
 2 SYSTEMPATH\Autoloader\Autoloader.php(289): CodeIgniter\Autoloader\Autoloader->includeFile('D:\\Projects\\KPS\\PHP\\MyUMKM\\Sub\\DapurFirdaus\\app\\API\\V1\\Catalog\\Product\\Category\\Update.php')
 3 SYSTEMPATH\Autoloader\Autoloader.php(267): CodeIgniter\Autoloader\Autoloader->loadInNamespace('App\\API\\V1\\Catalog\\Product\\Category\\Update')
 4 [internal function]: CodeIgniter\Autoloader\Autoloader->loadClass('App\\API\\V1\\Catalog\\Product\\Category\\Update')
 5 SYSTEMPATH\CodeIgniter.php(892): class_exists('\\App\\API\\V1\\Catalog\\Product\\Category\\Update', true)
 6 SYSTEMPATH\CodeIgniter.php(486): CodeIgniter\CodeIgniter->startController()
 7 SYSTEMPATH\CodeIgniter.php(368): CodeIgniter\CodeIgniter->handleRequest(null, Object(Config\Cache), false)
 8 FCPATH\index.php(70): CodeIgniter\CodeIgniter->run()
 9 SYSTEMPATH\Commands\Server\rewrite.php(47): require_once('D:\\Projects\\KPS\\PHP\\MyUMKM\\Sub\\DapurFirdaus\\public\\index.php')
WARNING - 2023-07-29 11:33:14 --> [DEPRECATED] Optional parameter $id declared before required parameter $errFunction is implicitly treated as a required parameter in APPPATH\API\V1\Catalog\Product\Category\Update.php on line 142.
 1 SYSTEMPATH\Autoloader\Autoloader.php(312): include_once('D:\\Projects\\KPS\\PHP\\CI4_Cores\\vendor\\codeigniter4\\framework\\system\\Debug\\Exceptions.php')
 2 SYSTEMPATH\Autoloader\Autoloader.php(289): CodeIgniter\Autoloader\Autoloader->includeFile('D:\\Projects\\KPS\\PHP\\MyUMKM\\Sub\\DapurFirdaus\\app\\API\\V1\\Catalog\\Product\\Category\\Update.php')
 3 SYSTEMPATH\Autoloader\Autoloader.php(267): CodeIgniter\Autoloader\Autoloader->loadInNamespace('App\\API\\V1\\Catalog\\Product\\Category\\Update')
 4 [internal function]: CodeIgniter\Autoloader\Autoloader->loadClass('App\\API\\V1\\Catalog\\Product\\Category\\Update')
 5 SYSTEMPATH\CodeIgniter.php(892): class_exists('\\App\\API\\V1\\Catalog\\Product\\Category\\Update', true)
 6 SYSTEMPATH\CodeIgniter.php(486): CodeIgniter\CodeIgniter->startController()
 7 SYSTEMPATH\CodeIgniter.php(368): CodeIgniter\CodeIgniter->handleRequest(null, Object(Config\Cache), false)
 8 FCPATH\index.php(70): CodeIgniter\CodeIgniter->run()
 9 SYSTEMPATH\Commands\Server\rewrite.php(47): require_once('D:\\Projects\\KPS\\PHP\\MyUMKM\\Sub\\DapurFirdaus\\public\\index.php')
WARNING - 2023-07-29 11:33:32 --> [DEPRECATED] Optional parameter $id declared before required parameter $errFunction is implicitly treated as a required parameter in APPPATH\API\V1\Catalog\Product\Category\Update.php on line 142.
 1 SYSTEMPATH\Autoloader\Autoloader.php(312): include_once('D:\\Projects\\KPS\\PHP\\CI4_Cores\\vendor\\codeigniter4\\framework\\system\\Debug\\Exceptions.php')
 2 SYSTEMPATH\Autoloader\Autoloader.php(289): CodeIgniter\Autoloader\Autoloader->includeFile('D:\\Projects\\KPS\\PHP\\MyUMKM\\Sub\\DapurFirdaus\\app\\API\\V1\\Catalog\\Product\\Category\\Update.php')
 3 SYSTEMPATH\Autoloader\Autoloader.php(267): CodeIgniter\Autoloader\Autoloader->loadInNamespace('App\\API\\V1\\Catalog\\Product\\Category\\Update')
 4 [internal function]: CodeIgniter\Autoloader\Autoloader->loadClass('App\\API\\V1\\Catalog\\Product\\Category\\Update')
 5 SYSTEMPATH\CodeIgniter.php(892): class_exists('\\App\\API\\V1\\Catalog\\Product\\Category\\Update', true)
 6 SYSTEMPATH\CodeIgniter.php(486): CodeIgniter\CodeIgniter->startController()
 7 SYSTEMPATH\CodeIgniter.php(368): CodeIgniter\CodeIgniter->handleRequest(null, Object(Config\Cache), false)
 8 FCPATH\index.php(70): CodeIgniter\CodeIgniter->run()
 9 SYSTEMPATH\Commands\Server\rewrite.php(47): require_once('D:\\Projects\\KPS\\PHP\\MyUMKM\\Sub\\DapurFirdaus\\public\\index.php')
WARNING - 2023-07-29 11:34:01 --> [DEPRECATED] Optional parameter $id declared before required parameter $errFunction is implicitly treated as a required parameter in APPPATH\API\V1\Catalog\Product\Category\Update.php on line 144.
 1 SYSTEMPATH\Autoloader\Autoloader.php(312): include_once('D:\\Projects\\KPS\\PHP\\CI4_Cores\\vendor\\codeigniter4\\framework\\system\\Debug\\Exceptions.php')
 2 SYSTEMPATH\Autoloader\Autoloader.php(289): CodeIgniter\Autoloader\Autoloader->includeFile('D:\\Projects\\KPS\\PHP\\MyUMKM\\Sub\\DapurFirdaus\\app\\API\\V1\\Catalog\\Product\\Category\\Update.php')
 3 SYSTEMPATH\Autoloader\Autoloader.php(267): CodeIgniter\Autoloader\Autoloader->loadInNamespace('App\\API\\V1\\Catalog\\Product\\Category\\Update')
 4 [internal function]: CodeIgniter\Autoloader\Autoloader->loadClass('App\\API\\V1\\Catalog\\Product\\Category\\Update')
 5 SYSTEMPATH\CodeIgniter.php(892): class_exists('\\App\\API\\V1\\Catalog\\Product\\Category\\Update', true)
 6 SYSTEMPATH\CodeIgniter.php(486): CodeIgniter\CodeIgniter->startController()
 7 SYSTEMPATH\CodeIgniter.php(368): CodeIgniter\CodeIgniter->handleRequest(null, Object(Config\Cache), false)
 8 FCPATH\index.php(70): CodeIgniter\CodeIgniter->run()
 9 SYSTEMPATH\Commands\Server\rewrite.php(47): require_once('D:\\Projects\\KPS\\PHP\\MyUMKM\\Sub\\DapurFirdaus\\public\\index.php')
WARNING - 2023-07-29 11:34:17 --> [DEPRECATED] Optional parameter $id declared before required parameter $errFunction is implicitly treated as a required parameter in APPPATH\API\V1\Catalog\Product\Category\Update.php on line 142.
 1 SYSTEMPATH\Autoloader\Autoloader.php(312): include_once('D:\\Projects\\KPS\\PHP\\CI4_Cores\\vendor\\codeigniter4\\framework\\system\\Debug\\Exceptions.php')
 2 SYSTEMPATH\Autoloader\Autoloader.php(289): CodeIgniter\Autoloader\Autoloader->includeFile('D:\\Projects\\KPS\\PHP\\MyUMKM\\Sub\\DapurFirdaus\\app\\API\\V1\\Catalog\\Product\\Category\\Update.php')
 3 SYSTEMPATH\Autoloader\Autoloader.php(267): CodeIgniter\Autoloader\Autoloader->loadInNamespace('App\\API\\V1\\Catalog\\Product\\Category\\Update')
 4 [internal function]: CodeIgniter\Autoloader\Autoloader->loadClass('App\\API\\V1\\Catalog\\Product\\Category\\Update')
 5 SYSTEMPATH\CodeIgniter.php(892): class_exists('\\App\\API\\V1\\Catalog\\Product\\Category\\Update', true)
 6 SYSTEMPATH\CodeIgniter.php(486): CodeIgniter\CodeIgniter->startController()
 7 SYSTEMPATH\CodeIgniter.php(368): CodeIgniter\CodeIgniter->handleRequest(null, Object(Config\Cache), false)
 8 FCPATH\index.php(70): CodeIgniter\CodeIgniter->run()
 9 SYSTEMPATH\Commands\Server\rewrite.php(47): require_once('D:\\Projects\\KPS\\PHP\\MyUMKM\\Sub\\DapurFirdaus\\public\\index.php')
WARNING - 2023-07-29 11:34:28 --> [DEPRECATED] Optional parameter $id declared before required parameter $errFunction is implicitly treated as a required parameter in APPPATH\API\V1\Catalog\Product\Category\Update.php on line 142.
 1 SYSTEMPATH\Autoloader\Autoloader.php(312): include_once('D:\\Projects\\KPS\\PHP\\CI4_Cores\\vendor\\codeigniter4\\framework\\system\\Debug\\Exceptions.php')
 2 SYSTEMPATH\Autoloader\Autoloader.php(289): CodeIgniter\Autoloader\Autoloader->includeFile('D:\\Projects\\KPS\\PHP\\MyUMKM\\Sub\\DapurFirdaus\\app\\API\\V1\\Catalog\\Product\\Category\\Update.php')
 3 SYSTEMPATH\Autoloader\Autoloader.php(267): CodeIgniter\Autoloader\Autoloader->loadInNamespace('App\\API\\V1\\Catalog\\Product\\Category\\Update')
 4 [internal function]: CodeIgniter\Autoloader\Autoloader->loadClass('App\\API\\V1\\Catalog\\Product\\Category\\Update')
 5 SYSTEMPATH\CodeIgniter.php(892): class_exists('\\App\\API\\V1\\Catalog\\Product\\Category\\Update', true)
 6 SYSTEMPATH\CodeIgniter.php(486): CodeIgniter\CodeIgniter->startController()
 7 SYSTEMPATH\CodeIgniter.php(368): CodeIgniter\CodeIgniter->handleRequest(null, Object(Config\Cache), false)
 8 FCPATH\index.php(70): CodeIgniter\CodeIgniter->run()
 9 SYSTEMPATH\Commands\Server\rewrite.php(47): require_once('D:\\Projects\\KPS\\PHP\\MyUMKM\\Sub\\DapurFirdaus\\public\\index.php')
WARNING - 2023-07-29 11:34:51 --> [DEPRECATED] Optional parameter $id declared before required parameter $errFunction is implicitly treated as a required parameter in APPPATH\API\V1\Catalog\Product\Category\Update.php on line 142.
 1 SYSTEMPATH\Autoloader\Autoloader.php(312): include_once('D:\\Projects\\KPS\\PHP\\CI4_Cores\\vendor\\codeigniter4\\framework\\system\\Debug\\Exceptions.php')
 2 SYSTEMPATH\Autoloader\Autoloader.php(289): CodeIgniter\Autoloader\Autoloader->includeFile('D:\\Projects\\KPS\\PHP\\MyUMKM\\Sub\\DapurFirdaus\\app\\API\\V1\\Catalog\\Product\\Category\\Update.php')
 3 SYSTEMPATH\Autoloader\Autoloader.php(267): CodeIgniter\Autoloader\Autoloader->loadInNamespace('App\\API\\V1\\Catalog\\Product\\Category\\Update')
 4 [internal function]: CodeIgniter\Autoloader\Autoloader->loadClass('App\\API\\V1\\Catalog\\Product\\Category\\Update')
 5 SYSTEMPATH\CodeIgniter.php(892): class_exists('\\App\\API\\V1\\Catalog\\Product\\Category\\Update', true)
 6 SYSTEMPATH\CodeIgniter.php(486): CodeIgniter\CodeIgniter->startController()
 7 SYSTEMPATH\CodeIgniter.php(368): CodeIgniter\CodeIgniter->handleRequest(null, Object(Config\Cache), false)
 8 FCPATH\index.php(70): CodeIgniter\CodeIgniter->run()
 9 SYSTEMPATH\Commands\Server\rewrite.php(47): require_once('D:\\Projects\\KPS\\PHP\\MyUMKM\\Sub\\DapurFirdaus\\public\\index.php')
WARNING - 2023-07-29 11:36:12 --> [DEPRECATED] Optional parameter $id declared before required parameter $errFunction is implicitly treated as a required parameter in APPPATH\API\V1\Catalog\Product\Category\Update.php on line 130.
 1 SYSTEMPATH\Autoloader\Autoloader.php(312): include_once('D:\\Projects\\KPS\\PHP\\CI4_Cores\\vendor\\codeigniter4\\framework\\system\\Debug\\Exceptions.php')
 2 SYSTEMPATH\Autoloader\Autoloader.php(289): CodeIgniter\Autoloader\Autoloader->includeFile('D:\\Projects\\KPS\\PHP\\MyUMKM\\Sub\\DapurFirdaus\\app\\API\\V1\\Catalog\\Product\\Category\\Update.php')
 3 SYSTEMPATH\Autoloader\Autoloader.php(267): CodeIgniter\Autoloader\Autoloader->loadInNamespace('App\\API\\V1\\Catalog\\Product\\Category\\Update')
 4 [internal function]: CodeIgniter\Autoloader\Autoloader->loadClass('App\\API\\V1\\Catalog\\Product\\Category\\Update')
 5 SYSTEMPATH\CodeIgniter.php(892): class_exists('\\App\\API\\V1\\Catalog\\Product\\Category\\Update', true)
 6 SYSTEMPATH\CodeIgniter.php(486): CodeIgniter\CodeIgniter->startController()
 7 SYSTEMPATH\CodeIgniter.php(368): CodeIgniter\CodeIgniter->handleRequest(null, Object(Config\Cache), false)
 8 FCPATH\index.php(70): CodeIgniter\CodeIgniter->run()
 9 SYSTEMPATH\Commands\Server\rewrite.php(47): require_once('D:\\Projects\\KPS\\PHP\\MyUMKM\\Sub\\DapurFirdaus\\public\\index.php')
CRITICAL - 2023-07-29 11:36:12 --> Access level to App\API\V1\Catalog\Product\Category\Update::checkPayload() must be public (as in class App\API\APIController)
in APPPATH\API\V1\Catalog\Product\Category\Update.php on line 56.
 1 [internal function]: CodeIgniter\Debug\Exceptions->shutdownHandler()
WARNING - 2023-07-29 11:36:57 --> [DEPRECATED] Optional parameter $id declared before required parameter $errFunction is implicitly treated as a required parameter in APPPATH\API\V1\Catalog\Product\Category\Update.php on line 130.
 1 SYSTEMPATH\Autoloader\Autoloader.php(312): include_once('D:\\Projects\\KPS\\PHP\\CI4_Cores\\vendor\\codeigniter4\\framework\\system\\Debug\\Exceptions.php')
 2 SYSTEMPATH\Autoloader\Autoloader.php(289): CodeIgniter\Autoloader\Autoloader->includeFile('D:\\Projects\\KPS\\PHP\\MyUMKM\\Sub\\DapurFirdaus\\app\\API\\V1\\Catalog\\Product\\Category\\Update.php')
 3 SYSTEMPATH\Autoloader\Autoloader.php(267): CodeIgniter\Autoloader\Autoloader->loadInNamespace('App\\API\\V1\\Catalog\\Product\\Category\\Update')
 4 [internal function]: CodeIgniter\Autoloader\Autoloader->loadClass('App\\API\\V1\\Catalog\\Product\\Category\\Update')
 5 SYSTEMPATH\CodeIgniter.php(892): class_exists('\\App\\API\\V1\\Catalog\\Product\\Category\\Update', true)
 6 SYSTEMPATH\CodeIgniter.php(486): CodeIgniter\CodeIgniter->startController()
 7 SYSTEMPATH\CodeIgniter.php(368): CodeIgniter\CodeIgniter->handleRequest(null, Object(Config\Cache), false)
 8 FCPATH\index.php(70): CodeIgniter\CodeIgniter->run()
 9 SYSTEMPATH\Commands\Server\rewrite.php(47): require_once('D:\\Projects\\KPS\\PHP\\MyUMKM\\Sub\\DapurFirdaus\\public\\index.php')
CRITICAL - 2023-07-29 11:36:58 --> Access level to App\API\V1\Catalog\Product\Category\Update::checkPayload() must be public (as in class App\API\APIController)
in APPPATH\API\V1\Catalog\Product\Category\Update.php on line 56.
 1 [internal function]: CodeIgniter\Debug\Exceptions->shutdownHandler()
WARNING - 2023-07-29 11:37:10 --> [DEPRECATED] Optional parameter $id declared before required parameter $errFunction is implicitly treated as a required parameter in APPPATH\API\V1\Catalog\Product\Category\Update.php on line 130.
 1 SYSTEMPATH\Autoloader\Autoloader.php(312): include_once('D:\\Projects\\KPS\\PHP\\CI4_Cores\\vendor\\codeigniter4\\framework\\system\\Debug\\Exceptions.php')
 2 SYSTEMPATH\Autoloader\Autoloader.php(289): CodeIgniter\Autoloader\Autoloader->includeFile('D:\\Projects\\KPS\\PHP\\MyUMKM\\Sub\\DapurFirdaus\\app\\API\\V1\\Catalog\\Product\\Category\\Update.php')
 3 SYSTEMPATH\Autoloader\Autoloader.php(267): CodeIgniter\Autoloader\Autoloader->loadInNamespace('App\\API\\V1\\Catalog\\Product\\Category\\Update')
 4 [internal function]: CodeIgniter\Autoloader\Autoloader->loadClass('App\\API\\V1\\Catalog\\Product\\Category\\Update')
 5 SYSTEMPATH\CodeIgniter.php(892): class_exists('\\App\\API\\V1\\Catalog\\Product\\Category\\Update', true)
 6 SYSTEMPATH\CodeIgniter.php(486): CodeIgniter\CodeIgniter->startController()
 7 SYSTEMPATH\CodeIgniter.php(368): CodeIgniter\CodeIgniter->handleRequest(null, Object(Config\Cache), false)
 8 FCPATH\index.php(70): CodeIgniter\CodeIgniter->run()
 9 SYSTEMPATH\Commands\Server\rewrite.php(47): require_once('D:\\Projects\\KPS\\PHP\\MyUMKM\\Sub\\DapurFirdaus\\public\\index.php')
CRITICAL - 2023-07-29 11:37:10 --> Access level to App\API\V1\Catalog\Product\Category\Update::checkPayload() must be public (as in class App\API\APIController)
in APPPATH\API\V1\Catalog\Product\Category\Update.php on line 56.
 1 [internal function]: CodeIgniter\Debug\Exceptions->shutdownHandler()
WARNING - 2023-07-29 11:37:21 --> [DEPRECATED] Optional parameter $id declared before required parameter $errFunction is implicitly treated as a required parameter in APPPATH\API\V1\Catalog\Product\Category\Update.php on line 130.
 1 SYSTEMPATH\Autoloader\Autoloader.php(312): include_once('D:\\Projects\\KPS\\PHP\\CI4_Cores\\vendor\\codeigniter4\\framework\\system\\Debug\\Exceptions.php')
 2 SYSTEMPATH\Autoloader\Autoloader.php(289): CodeIgniter\Autoloader\Autoloader->includeFile('D:\\Projects\\KPS\\PHP\\MyUMKM\\Sub\\DapurFirdaus\\app\\API\\V1\\Catalog\\Product\\Category\\Update.php')
 3 SYSTEMPATH\Autoloader\Autoloader.php(267): CodeIgniter\Autoloader\Autoloader->loadInNamespace('App\\API\\V1\\Catalog\\Product\\Category\\Update')
 4 [internal function]: CodeIgniter\Autoloader\Autoloader->loadClass('App\\API\\V1\\Catalog\\Product\\Category\\Update')
 5 SYSTEMPATH\CodeIgniter.php(892): class_exists('\\App\\API\\V1\\Catalog\\Product\\Category\\Update', true)
 6 SYSTEMPATH\CodeIgniter.php(486): CodeIgniter\CodeIgniter->startController()
 7 SYSTEMPATH\CodeIgniter.php(368): CodeIgniter\CodeIgniter->handleRequest(null, Object(Config\Cache), false)
 8 FCPATH\index.php(70): CodeIgniter\CodeIgniter->run()
 9 SYSTEMPATH\Commands\Server\rewrite.php(47): require_once('D:\\Projects\\KPS\\PHP\\MyUMKM\\Sub\\DapurFirdaus\\public\\index.php')
CRITICAL - 2023-07-29 11:37:21 --> Access level to App\API\V1\Catalog\Product\Category\Update::checkPayload() must be public (as in class App\API\APIController)
in APPPATH\API\V1\Catalog\Product\Category\Update.php on line 56.
 1 [internal function]: CodeIgniter\Debug\Exceptions->shutdownHandler()
WARNING - 2023-07-29 11:37:40 --> [DEPRECATED] Optional parameter $id declared before required parameter $errFunction is implicitly treated as a required parameter in APPPATH\API\V1\Catalog\Product\Category\Update.php on line 130.
 1 SYSTEMPATH\Autoloader\Autoloader.php(312): include_once('D:\\Projects\\KPS\\PHP\\CI4_Cores\\vendor\\codeigniter4\\framework\\system\\Debug\\Exceptions.php')
 2 SYSTEMPATH\Autoloader\Autoloader.php(289): CodeIgniter\Autoloader\Autoloader->includeFile('D:\\Projects\\KPS\\PHP\\MyUMKM\\Sub\\DapurFirdaus\\app\\API\\V1\\Catalog\\Product\\Category\\Update.php')
 3 SYSTEMPATH\Autoloader\Autoloader.php(267): CodeIgniter\Autoloader\Autoloader->loadInNamespace('App\\API\\V1\\Catalog\\Product\\Category\\Update')
 4 [internal function]: CodeIgniter\Autoloader\Autoloader->loadClass('App\\API\\V1\\Catalog\\Product\\Category\\Update')
 5 SYSTEMPATH\CodeIgniter.php(892): class_exists('\\App\\API\\V1\\Catalog\\Product\\Category\\Update', true)
 6 SYSTEMPATH\CodeIgniter.php(486): CodeIgniter\CodeIgniter->startController()
 7 SYSTEMPATH\CodeIgniter.php(368): CodeIgniter\CodeIgniter->handleRequest(null, Object(Config\Cache), false)
 8 FCPATH\index.php(70): CodeIgniter\CodeIgniter->run()
 9 SYSTEMPATH\Commands\Server\rewrite.php(47): require_once('D:\\Projects\\KPS\\PHP\\MyUMKM\\Sub\\DapurFirdaus\\public\\index.php')
CRITICAL - 2023-07-29 11:37:40 --> Declaration of App\API\V1\Catalog\Product\Category\Update::checkPayload() must be compatible with App\API\APIController::checkPayload($payload = [], $payload_opt = [])
in APPPATH\API\V1\Catalog\Product\Category\Update.php on line 56.
 1 [internal function]: CodeIgniter\Debug\Exceptions->shutdownHandler()
WARNING - 2023-07-29 11:37:57 --> [DEPRECATED] Optional parameter $id declared before required parameter $errFunction is implicitly treated as a required parameter in APPPATH\API\V1\Catalog\Product\Category\Update.php on line 130.
 1 SYSTEMPATH\Autoloader\Autoloader.php(312): include_once('D:\\Projects\\KPS\\PHP\\CI4_Cores\\vendor\\codeigniter4\\framework\\system\\Debug\\Exceptions.php')
 2 SYSTEMPATH\Autoloader\Autoloader.php(289): CodeIgniter\Autoloader\Autoloader->includeFile('D:\\Projects\\KPS\\PHP\\MyUMKM\\Sub\\DapurFirdaus\\app\\API\\V1\\Catalog\\Product\\Category\\Update.php')
 3 SYSTEMPATH\Autoloader\Autoloader.php(267): CodeIgniter\Autoloader\Autoloader->loadInNamespace('App\\API\\V1\\Catalog\\Product\\Category\\Update')
 4 [internal function]: CodeIgniter\Autoloader\Autoloader->loadClass('App\\API\\V1\\Catalog\\Product\\Category\\Update')
 5 SYSTEMPATH\CodeIgniter.php(892): class_exists('\\App\\API\\V1\\Catalog\\Product\\Category\\Update', true)
 6 SYSTEMPATH\CodeIgniter.php(486): CodeIgniter\CodeIgniter->startController()
 7 SYSTEMPATH\CodeIgniter.php(368): CodeIgniter\CodeIgniter->handleRequest(null, Object(Config\Cache), false)
 8 FCPATH\index.php(70): CodeIgniter\CodeIgniter->run()
 9 SYSTEMPATH\Commands\Server\rewrite.php(47): require_once('D:\\Projects\\KPS\\PHP\\MyUMKM\\Sub\\DapurFirdaus\\public\\index.php')
WARNING - 2023-07-29 11:39:31 --> [DEPRECATED] Optional parameter $id declared before required parameter $errFunction is implicitly treated as a required parameter in APPPATH\API\V1\Catalog\Product\Category\Update.php on line 130.
 1 SYSTEMPATH\Autoloader\Autoloader.php(312): include_once('D:\\Projects\\KPS\\PHP\\CI4_Cores\\vendor\\codeigniter4\\framework\\system\\Debug\\Exceptions.php')
 2 SYSTEMPATH\Autoloader\Autoloader.php(289): CodeIgniter\Autoloader\Autoloader->includeFile('D:\\Projects\\KPS\\PHP\\MyUMKM\\Sub\\DapurFirdaus\\app\\API\\V1\\Catalog\\Product\\Category\\Update.php')
 3 SYSTEMPATH\Autoloader\Autoloader.php(267): CodeIgniter\Autoloader\Autoloader->loadInNamespace('App\\API\\V1\\Catalog\\Product\\Category\\Update')
 4 [internal function]: CodeIgniter\Autoloader\Autoloader->loadClass('App\\API\\V1\\Catalog\\Product\\Category\\Update')
 5 SYSTEMPATH\CodeIgniter.php(892): class_exists('\\App\\API\\V1\\Catalog\\Product\\Category\\Update', true)
 6 SYSTEMPATH\CodeIgniter.php(486): CodeIgniter\CodeIgniter->startController()
 7 SYSTEMPATH\CodeIgniter.php(368): CodeIgniter\CodeIgniter->handleRequest(null, Object(Config\Cache), false)
 8 FCPATH\index.php(70): CodeIgniter\CodeIgniter->run()
 9 SYSTEMPATH\Commands\Server\rewrite.php(47): require_once('D:\\Projects\\KPS\\PHP\\MyUMKM\\Sub\\DapurFirdaus\\public\\index.php')
WARNING - 2023-07-29 13:44:29 --> [DEPRECATED] Optional parameter $id declared before required parameter $errFunction is implicitly treated as a required parameter in APPPATH\API\V1\Catalog\Product\Category\Update.php on line 130.
 1 SYSTEMPATH\Autoloader\Autoloader.php(312): include_once('D:\\Projects\\KPS\\PHP\\CI4_Cores\\vendor\\codeigniter4\\framework\\system\\Debug\\Exceptions.php')
 2 SYSTEMPATH\Autoloader\Autoloader.php(289): CodeIgniter\Autoloader\Autoloader->includeFile('D:\\Projects\\KPS\\PHP\\MyUMKM\\Sub\\DapurFirdaus\\app\\API\\V1\\Catalog\\Product\\Category\\Update.php')
 3 SYSTEMPATH\Autoloader\Autoloader.php(267): CodeIgniter\Autoloader\Autoloader->loadInNamespace('App\\API\\V1\\Catalog\\Product\\Category\\Update')
 4 [internal function]: CodeIgniter\Autoloader\Autoloader->loadClass('App\\API\\V1\\Catalog\\Product\\Category\\Update')
 5 SYSTEMPATH\CodeIgniter.php(892): class_exists('\\App\\API\\V1\\Catalog\\Product\\Category\\Update', true)
 6 SYSTEMPATH\CodeIgniter.php(486): CodeIgniter\CodeIgniter->startController()
 7 SYSTEMPATH\CodeIgniter.php(368): CodeIgniter\CodeIgniter->handleRequest(null, Object(Config\Cache), false)
 8 FCPATH\index.php(70): CodeIgniter\CodeIgniter->run()
 9 SYSTEMPATH\Commands\Server\rewrite.php(47): require_once('D:\\Projects\\KPS\\PHP\\MyUMKM\\Sub\\DapurFirdaus\\public\\index.php')
WARNING - 2023-07-29 13:46:22 --> [DEPRECATED] Optional parameter $id declared before required parameter $errFunction is implicitly treated as a required parameter in APPPATH\API\V1\Catalog\Product\Category\Update.php on line 130.
 1 SYSTEMPATH\Autoloader\Autoloader.php(312): include_once('D:\\Projects\\KPS\\PHP\\CI4_Cores\\vendor\\codeigniter4\\framework\\system\\Debug\\Exceptions.php')
 2 SYSTEMPATH\Autoloader\Autoloader.php(289): CodeIgniter\Autoloader\Autoloader->includeFile('D:\\Projects\\KPS\\PHP\\MyUMKM\\Sub\\DapurFirdaus\\app\\API\\V1\\Catalog\\Product\\Category\\Update.php')
 3 SYSTEMPATH\Autoloader\Autoloader.php(267): CodeIgniter\Autoloader\Autoloader->loadInNamespace('App\\API\\V1\\Catalog\\Product\\Category\\Update')
 4 [internal function]: CodeIgniter\Autoloader\Autoloader->loadClass('App\\API\\V1\\Catalog\\Product\\Category\\Update')
 5 SYSTEMPATH\CodeIgniter.php(892): class_exists('\\App\\API\\V1\\Catalog\\Product\\Category\\Update', true)
 6 SYSTEMPATH\CodeIgniter.php(486): CodeIgniter\CodeIgniter->startController()
 7 SYSTEMPATH\CodeIgniter.php(368): CodeIgniter\CodeIgniter->handleRequest(null, Object(Config\Cache), false)
 8 FCPATH\index.php(70): CodeIgniter\CodeIgniter->run()
 9 SYSTEMPATH\Commands\Server\rewrite.php(47): require_once('D:\\Projects\\KPS\\PHP\\MyUMKM\\Sub\\DapurFirdaus\\public\\index.php')
WARNING - 2023-07-29 13:46:51 --> [DEPRECATED] Optional parameter $id declared before required parameter $errFunction is implicitly treated as a required parameter in APPPATH\API\V1\Catalog\Product\Category\Update.php on line 130.
 1 SYSTEMPATH\Autoloader\Autoloader.php(312): include_once('D:\\Projects\\KPS\\PHP\\CI4_Cores\\vendor\\codeigniter4\\framework\\system\\Debug\\Exceptions.php')
 2 SYSTEMPATH\Autoloader\Autoloader.php(289): CodeIgniter\Autoloader\Autoloader->includeFile('D:\\Projects\\KPS\\PHP\\MyUMKM\\Sub\\DapurFirdaus\\app\\API\\V1\\Catalog\\Product\\Category\\Update.php')
 3 SYSTEMPATH\Autoloader\Autoloader.php(267): CodeIgniter\Autoloader\Autoloader->loadInNamespace('App\\API\\V1\\Catalog\\Product\\Category\\Update')
 4 [internal function]: CodeIgniter\Autoloader\Autoloader->loadClass('App\\API\\V1\\Catalog\\Product\\Category\\Update')
 5 SYSTEMPATH\CodeIgniter.php(892): class_exists('\\App\\API\\V1\\Catalog\\Product\\Category\\Update', true)
 6 SYSTEMPATH\CodeIgniter.php(486): CodeIgniter\CodeIgniter->startController()
 7 SYSTEMPATH\CodeIgniter.php(368): CodeIgniter\CodeIgniter->handleRequest(null, Object(Config\Cache), false)
 8 FCPATH\index.php(70): CodeIgniter\CodeIgniter->run()
 9 SYSTEMPATH\Commands\Server\rewrite.php(47): require_once('D:\\Projects\\KPS\\PHP\\MyUMKM\\Sub\\DapurFirdaus\\public\\index.php')
WARNING - 2023-07-29 13:46:54 --> [DEPRECATED] Optional parameter $id declared before required parameter $errFunction is implicitly treated as a required parameter in APPPATH\API\V1\Catalog\Product\Category\Update.php on line 130.
 1 SYSTEMPATH\Autoloader\Autoloader.php(312): include_once('D:\\Projects\\KPS\\PHP\\CI4_Cores\\vendor\\codeigniter4\\framework\\system\\Debug\\Exceptions.php')
 2 SYSTEMPATH\Autoloader\Autoloader.php(289): CodeIgniter\Autoloader\Autoloader->includeFile('D:\\Projects\\KPS\\PHP\\MyUMKM\\Sub\\DapurFirdaus\\app\\API\\V1\\Catalog\\Product\\Category\\Update.php')
 3 SYSTEMPATH\Autoloader\Autoloader.php(267): CodeIgniter\Autoloader\Autoloader->loadInNamespace('App\\API\\V1\\Catalog\\Product\\Category\\Update')
 4 [internal function]: CodeIgniter\Autoloader\Autoloader->loadClass('App\\API\\V1\\Catalog\\Product\\Category\\Update')
 5 SYSTEMPATH\CodeIgniter.php(892): class_exists('\\App\\API\\V1\\Catalog\\Product\\Category\\Update', true)
 6 SYSTEMPATH\CodeIgniter.php(486): CodeIgniter\CodeIgniter->startController()
 7 SYSTEMPATH\CodeIgniter.php(368): CodeIgniter\CodeIgniter->handleRequest(null, Object(Config\Cache), false)
 8 FCPATH\index.php(70): CodeIgniter\CodeIgniter->run()
 9 SYSTEMPATH\Commands\Server\rewrite.php(47): require_once('D:\\Projects\\KPS\\PHP\\MyUMKM\\Sub\\DapurFirdaus\\public\\index.php')
