CRITICAL - 2023-05-28 06:50:27 --> Call to undefined method App\Controllers\Commercial\Catalog\Product::metaData()
in APPPATH\Controllers\Commercial\Catalog\Product.php on line 23.
 1 SYSTEMPATH\CodeIgniter.php(934): App\Controllers\Commercial\Catalog\Product->index('cookies')
 2 SYSTEMPATH\CodeIgniter.php(499): CodeIgniter\CodeIgniter->runController(Object(App\Controllers\Commercial\Catalog\Product))
 3 SYSTEMPATH\CodeIgniter.php(368): CodeIgniter\CodeIgniter->handleRequest(null, Object(Config\Cache), false)
 4 FCPATH\index.php(67): CodeIgniter\CodeIgniter->run()
 5 SYSTEMPATH\Commands\Server\rewrite.php(47): require_once('FCPATH\\index.php')
CRITICAL - 2023-05-28 06:53:06 --> Call to a member function header() on array
in APPPATH\Controllers\Error.php on line 87.
 1 APPPATH\Controllers\Commercial\Catalog\Product.php(27): App\Controllers\Error->error500()
 2 APPPATH\Controllers\Commercial\Catalog\Product.php(59): App\Controllers\Commercial\Catalog\Product->tryCatch(Object(Closure))
 3 SYSTEMPATH\CodeIgniter.php(934): App\Controllers\Commercial\Catalog\Product->index('cookies')
 4 SYSTEMPATH\CodeIgniter.php(499): CodeIgniter\CodeIgniter->runController(Object(App\Controllers\Commercial\Catalog\Product))
 5 SYSTEMPATH\CodeIgniter.php(368): CodeIgniter\CodeIgniter->handleRequest(null, Object(Config\Cache), false)
 6 FCPATH\index.php(67): CodeIgniter\CodeIgniter->run()
 7 SYSTEMPATH\Commands\Server\rewrite.php(47): require_once('FCPATH\\index.php')
CRITICAL - 2023-05-28 06:55:44 --> Call to undefined method App\Controllers\Commercial\Catalog\Product::metaData()
in APPPATH\Controllers\Commercial\Catalog\Product.php on line 25.
 1 APPPATH\Controllers\Commercial\CommercialController.php(37): App\Controllers\Commercial\Catalog\Product->App\Controllers\Commercial\Catalog\{closure}()
 2 APPPATH\Controllers\Commercial\Catalog\Product.php(46): App\Controllers\Commercial\CommercialController->tryCatch(Object(Closure))
 3 SYSTEMPATH\CodeIgniter.php(934): App\Controllers\Commercial\Catalog\Product->index('cookies')
 4 SYSTEMPATH\CodeIgniter.php(499): CodeIgniter\CodeIgniter->runController(Object(App\Controllers\Commercial\Catalog\Product))
 5 SYSTEMPATH\CodeIgniter.php(368): CodeIgniter\CodeIgniter->handleRequest(null, Object(Config\Cache), false)
 6 FCPATH\index.php(67): CodeIgniter\CodeIgniter->run()
 7 SYSTEMPATH\Commands\Server\rewrite.php(47): require_once('FCPATH\\index.php')
CRITICAL - 2023-05-28 07:06:17 --> Call to undefined method App\Controllers\Commercial\Catalog\Product::metaData()
in APPPATH\Controllers\Commercial\Catalog\Product.php on line 25.
 1 APPPATH\Controllers\ControllerPreProcessor.php(138): App\Controllers\Commercial\Catalog\Product->App\Controllers\Commercial\Catalog\{closure}()
 2 APPPATH\Controllers\Commercial\Catalog\Product.php(46): App\Controllers\ControllerPreProcessor->tryCatch(Object(Closure))
 3 SYSTEMPATH\CodeIgniter.php(934): App\Controllers\Commercial\Catalog\Product->index('cookies')
 4 SYSTEMPATH\CodeIgniter.php(499): CodeIgniter\CodeIgniter->runController(Object(App\Controllers\Commercial\Catalog\Product))
 5 SYSTEMPATH\CodeIgniter.php(368): CodeIgniter\CodeIgniter->handleRequest(null, Object(Config\Cache), false)
 6 FCPATH\index.php(67): CodeIgniter\CodeIgniter->run()
 7 SYSTEMPATH\Commands\Server\rewrite.php(47): require_once('FCPATH\\index.php')
CRITICAL - 2023-05-28 07:56:55 --> Call to undefined method App\Controllers\Commercial\Catalog\Product::metaData()
in APPPATH\Controllers\Commercial\Catalog\Product.php on line 25.
 1 APPPATH\Controllers\ControllerPreProcessor.php(130): App\Controllers\Commercial\Catalog\Product->App\Controllers\Commercial\Catalog\{closure}()
 2 APPPATH\Controllers\Commercial\Catalog\Product.php(46): App\Controllers\ControllerPreProcessor->tryCatch(Object(Closure))
 3 SYSTEMPATH\CodeIgniter.php(934): App\Controllers\Commercial\Catalog\Product->index('cookies')
 4 SYSTEMPATH\CodeIgniter.php(499): CodeIgniter\CodeIgniter->runController(Object(App\Controllers\Commercial\Catalog\Product))
 5 SYSTEMPATH\CodeIgniter.php(368): CodeIgniter\CodeIgniter->handleRequest(null, Object(Config\Cache), false)
 6 FCPATH\index.php(67): CodeIgniter\CodeIgniter->run()
 7 SYSTEMPATH\Commands\Server\rewrite.php(47): require_once('FCPATH\\index.php')
CRITICAL - 2023-05-28 08:01:15 --> Invalid file: "500.php"
in SYSTEMPATH\Exceptions\FrameworkException.php on line 33.
 1 SYSTEMPATH\View\View.php(201): CodeIgniter\Exceptions\FrameworkException::forInvalidFile('500.php')
 2 SYSTEMPATH\Common.php(1184): CodeIgniter\View\View->render('500', [], true)
 3 APPPATH\Controllers\ControllerPreProcessor.php(116): view('500', [...])
 4 APPPATH\Controllers\ControllerPreProcessor.php(136): App\Controllers\ControllerPreProcessor->view('500')
 5 APPPATH\Controllers\Commercial\Catalog\Product.php(45): App\Controllers\ControllerPreProcessor->tryCatch(Object(Closure))
 6 SYSTEMPATH\CodeIgniter.php(934): App\Controllers\Commercial\Catalog\Product->index('cookies')
 7 SYSTEMPATH\CodeIgniter.php(499): CodeIgniter\CodeIgniter->runController(Object(App\Controllers\Commercial\Catalog\Product))
 8 SYSTEMPATH\CodeIgniter.php(368): CodeIgniter\CodeIgniter->handleRequest(null, Object(Config\Cache), false)
 9 FCPATH\index.php(67): CodeIgniter\CodeIgniter->run()
10 SYSTEMPATH\Commands\Server\rewrite.php(47): require_once('FCPATH\\index.php')
CRITICAL - 2023-05-28 08:17:42 --> Call to a member function header() on null
in APPPATH\Controllers\Error.php on line 127.
 1 APPPATH\Controllers\Error.php(175): App\Controllers\Error->App\Controllers\{closure}(Object(Closure), Object(Closure))
 2 APPPATH\Controllers\ControllerPreProcessor.php(134): App\Controllers\Error->error500()
 3 APPPATH\Controllers\Commercial\Catalog\Product.php(45): App\Controllers\ControllerPreProcessor->tryCatch(Object(Closure))
 4 SYSTEMPATH\CodeIgniter.php(934): App\Controllers\Commercial\Catalog\Product->index('cookies')
 5 SYSTEMPATH\CodeIgniter.php(499): CodeIgniter\CodeIgniter->runController(Object(App\Controllers\Commercial\Catalog\Product))
 6 SYSTEMPATH\CodeIgniter.php(368): CodeIgniter\CodeIgniter->handleRequest(null, Object(Config\Cache), false)
 7 FCPATH\index.php(67): CodeIgniter\CodeIgniter->run()
 8 SYSTEMPATH\Commands\Server\rewrite.php(47): require_once('FCPATH\\index.php')
CRITICAL - 2023-05-28 08:35:03 --> Call to undefined method App\Controllers\Error::error404()
in SYSTEMPATH\CodeIgniter.php on line 934.
 1 SYSTEMPATH\CodeIgniter.php(963): CodeIgniter\CodeIgniter->runController(Object(App\Controllers\Error))
 2 SYSTEMPATH\CodeIgniter.php(387): CodeIgniter\CodeIgniter->display404errors(Object(CodeIgniter\Exceptions\PageNotFoundException))
 3 FCPATH\index.php(67): CodeIgniter\CodeIgniter->run()
 4 SYSTEMPATH\Commands\Server\rewrite.php(47): require_once('FCPATH\\index.php')
CRITICAL - 2023-05-28 08:35:14 --> Call to undefined method App\Controllers\Error::error/404()
in SYSTEMPATH\CodeIgniter.php on line 934.
 1 SYSTEMPATH\CodeIgniter.php(963): CodeIgniter\CodeIgniter->runController(Object(App\Controllers\Error))
 2 SYSTEMPATH\CodeIgniter.php(387): CodeIgniter\CodeIgniter->display404errors(Object(CodeIgniter\Exceptions\PageNotFoundException))
 3 FCPATH\index.php(67): CodeIgniter\CodeIgniter->run()
 4 SYSTEMPATH\Commands\Server\rewrite.php(47): require_once('FCPATH\\index.php')
CRITICAL - 2023-05-28 08:35:37 --> Too few arguments to function App\Controllers\Error::App\Controllers\{closure}(), 0 passed in D:\Projects\KPS\PHP\MyUMKM\Sub\DapurFirdaus\app\Controllers\Error.php on line 62 and exactly 1 expected
in APPPATH\Controllers\Error.php on line 149.
 1 APPPATH\Controllers\Error.php(62): App\Controllers\Error->App\Controllers\{closure}()
 2 APPPATH\Controllers\Error.php(156): App\Controllers\Error->pushView(Object(Closure), Object(Closure))
 3 SYSTEMPATH\CodeIgniter.php(934): App\Controllers\Error->error()
 4 SYSTEMPATH\CodeIgniter.php(963): CodeIgniter\CodeIgniter->runController(Object(App\Controllers\Error))
 5 SYSTEMPATH\CodeIgniter.php(387): CodeIgniter\CodeIgniter->display404errors(Object(CodeIgniter\Exceptions\PageNotFoundException))
 6 FCPATH\index.php(67): CodeIgniter\CodeIgniter->run()
 7 SYSTEMPATH\Commands\Server\rewrite.php(47): require_once('FCPATH\\index.php')
CRITICAL - 2023-05-28 08:35:55 --> Call to undefined method App\Controllers\Error::error/$1()
in SYSTEMPATH\CodeIgniter.php on line 934.
 1 SYSTEMPATH\CodeIgniter.php(963): CodeIgniter\CodeIgniter->runController(Object(App\Controllers\Error))
 2 SYSTEMPATH\CodeIgniter.php(387): CodeIgniter\CodeIgniter->display404errors(Object(CodeIgniter\Exceptions\PageNotFoundException))
 3 FCPATH\index.php(67): CodeIgniter\CodeIgniter->run()
 4 SYSTEMPATH\Commands\Server\rewrite.php(47): require_once('FCPATH\\index.php')
CRITICAL - 2023-05-28 08:36:01 --> Too few arguments to function App\Controllers\Error::App\Controllers\{closure}(), 0 passed in D:\Projects\KPS\PHP\MyUMKM\Sub\DapurFirdaus\app\Controllers\Error.php on line 62 and exactly 1 expected
in APPPATH\Controllers\Error.php on line 149.
 1 APPPATH\Controllers\Error.php(62): App\Controllers\Error->App\Controllers\{closure}()
 2 APPPATH\Controllers\Error.php(156): App\Controllers\Error->pushView(Object(Closure), Object(Closure))
 3 SYSTEMPATH\CodeIgniter.php(934): App\Controllers\Error->error()
 4 SYSTEMPATH\CodeIgniter.php(963): CodeIgniter\CodeIgniter->runController(Object(App\Controllers\Error))
 5 SYSTEMPATH\CodeIgniter.php(387): CodeIgniter\CodeIgniter->display404errors(Object(CodeIgniter\Exceptions\PageNotFoundException))
 6 FCPATH\index.php(67): CodeIgniter\CodeIgniter->run()
 7 SYSTEMPATH\Commands\Server\rewrite.php(47): require_once('FCPATH\\index.php')
CRITICAL - 2023-05-28 08:50:44 --> syntax error, unexpected 'if' (T_IF)
in APPPATH\Controllers\Commercial\Catalog\Product.php on line 26.
 1 SYSTEMPATH\Autoloader\Autoloader.php(289): CodeIgniter\Autoloader\Autoloader->includeFile('APPPATH\\Controllers\\Commercial\\Catalog\\Product.php')
 2 SYSTEMPATH\Autoloader\Autoloader.php(267): CodeIgniter\Autoloader\Autoloader->loadInNamespace('App\\Controllers\\Commercial\\Catalog\\Product')
 3 [internal function]: CodeIgniter\Autoloader\Autoloader->loadClass('App\\Controllers\\Commercial\\Catalog\\Product')
 4 [internal function]: spl_autoload_call('App\\Controllers\\Commercial\\Catalog\\Product')
 5 SYSTEMPATH\CodeIgniter.php(892): class_exists('\\App\\Controllers\\Commercial\\Catalog\\Product', true)
 6 SYSTEMPATH\CodeIgniter.php(486): CodeIgniter\CodeIgniter->startController()
 7 SYSTEMPATH\CodeIgniter.php(368): CodeIgniter\CodeIgniter->handleRequest(null, Object(Config\Cache), false)
 8 FCPATH\index.php(67): CodeIgniter\CodeIgniter->run()
 9 SYSTEMPATH\Commands\Server\rewrite.php(47): require_once('FCPATH\\index.php')
CRITICAL - 2023-05-28 08:51:07 --> Call to undefined method App\Controllers\Commercial\Catalog\Product::metaData()
in APPPATH\Controllers\Commercial\Catalog\Product.php on line 24.
 1 APPPATH\Controllers\ControllerPreProcessor.php(138): App\Controllers\Commercial\Catalog\Product->App\Controllers\Commercial\Catalog\{closure}()
 2 APPPATH\Controllers\Commercial\Catalog\Product.php(45): App\Controllers\ControllerPreProcessor->tryCatch(Object(Closure))
 3 SYSTEMPATH\CodeIgniter.php(934): App\Controllers\Commercial\Catalog\Product->index('cookies')
 4 SYSTEMPATH\CodeIgniter.php(499): CodeIgniter\CodeIgniter->runController(Object(App\Controllers\Commercial\Catalog\Product))
 5 SYSTEMPATH\CodeIgniter.php(368): CodeIgniter\CodeIgniter->handleRequest(null, Object(Config\Cache), false)
 6 FCPATH\index.php(67): CodeIgniter\CodeIgniter->run()
 7 SYSTEMPATH\Commands\Server\rewrite.php(47): require_once('FCPATH\\index.php')
CRITICAL - 2023-05-28 08:55:21 --> Call to undefined method App\Controllers\Commercial\Catalog\Product::metaData()
in APPPATH\Controllers\Commercial\Catalog\Product.php on line 24.
 1 APPPATH\Controllers\ControllerPreProcessor.php(138): App\Controllers\Commercial\Catalog\Product->App\Controllers\Commercial\Catalog\{closure}()
 2 APPPATH\Controllers\Commercial\Catalog\Product.php(45): App\Controllers\ControllerPreProcessor->tryCatch(Object(Closure))
 3 SYSTEMPATH\CodeIgniter.php(934): App\Controllers\Commercial\Catalog\Product->index('cookies')
 4 SYSTEMPATH\CodeIgniter.php(499): CodeIgniter\CodeIgniter->runController(Object(App\Controllers\Commercial\Catalog\Product))
 5 SYSTEMPATH\CodeIgniter.php(368): CodeIgniter\CodeIgniter->handleRequest(null, Object(Config\Cache), false)
 6 FCPATH\index.php(67): CodeIgniter\CodeIgniter->run()
 7 SYSTEMPATH\Commands\Server\rewrite.php(47): require_once('FCPATH\\index.php')
CRITICAL - 2023-05-28 08:55:45 --> Call to undefined method App\Controllers\Commercial\Catalog\Product::metaData()
in APPPATH\Controllers\Commercial\Catalog\Product.php on line 24.
 1 APPPATH\Controllers\ControllerPreProcessor.php(138): App\Controllers\Commercial\Catalog\Product->App\Controllers\Commercial\Catalog\{closure}()
 2 APPPATH\Controllers\Commercial\Catalog\Product.php(45): App\Controllers\ControllerPreProcessor->tryCatch(Object(Closure))
 3 SYSTEMPATH\CodeIgniter.php(934): App\Controllers\Commercial\Catalog\Product->index('cookies')
 4 SYSTEMPATH\CodeIgniter.php(499): CodeIgniter\CodeIgniter->runController(Object(App\Controllers\Commercial\Catalog\Product))
 5 SYSTEMPATH\CodeIgniter.php(368): CodeIgniter\CodeIgniter->handleRequest(null, Object(Config\Cache), false)
 6 FCPATH\index.php(67): CodeIgniter\CodeIgniter->run()
 7 SYSTEMPATH\Commands\Server\rewrite.php(47): require_once('FCPATH\\index.php')
CRITICAL - 2023-05-28 08:59:01 --> Call to undefined method App\Controllers\Commercial\Catalog\Product::metaData()
in APPPATH\Controllers\Commercial\Catalog\Product.php on line 24.
 1 APPPATH\Controllers\ControllerPreProcessor.php(138): App\Controllers\Commercial\Catalog\Product->App\Controllers\Commercial\Catalog\{closure}()
 2 APPPATH\Controllers\Commercial\Catalog\Product.php(45): App\Controllers\ControllerPreProcessor->tryCatch(Object(Closure))
 3 SYSTEMPATH\CodeIgniter.php(934): App\Controllers\Commercial\Catalog\Product->index('cookies')
 4 SYSTEMPATH\CodeIgniter.php(499): CodeIgniter\CodeIgniter->runController(Object(App\Controllers\Commercial\Catalog\Product))
 5 SYSTEMPATH\CodeIgniter.php(368): CodeIgniter\CodeIgniter->handleRequest(null, Object(Config\Cache), false)
 6 FCPATH\index.php(67): CodeIgniter\CodeIgniter->run()
 7 SYSTEMPATH\Commands\Server\rewrite.php(47): require_once('FCPATH\\index.php')
CRITICAL - 2023-05-28 09:16:29 --> Call to undefined method App\Controllers\Commercial\Catalog\Product::metaData()
in APPPATH\Controllers\Commercial\Catalog\Product.php on line 24.
 1 APPPATH\Controllers\ControllerPreProcessor.php(142): App\Controllers\Commercial\Catalog\Product->App\Controllers\Commercial\Catalog\{closure}()
 2 APPPATH\Controllers\Commercial\Catalog\Product.php(45): App\Controllers\ControllerPreProcessor->tryCatch(Object(Closure))
 3 SYSTEMPATH\CodeIgniter.php(934): App\Controllers\Commercial\Catalog\Product->index('cookies')
 4 SYSTEMPATH\CodeIgniter.php(499): CodeIgniter\CodeIgniter->runController(Object(App\Controllers\Commercial\Catalog\Product))
 5 SYSTEMPATH\CodeIgniter.php(368): CodeIgniter\CodeIgniter->handleRequest(null, Object(Config\Cache), false)
 6 FCPATH\index.php(67): CodeIgniter\CodeIgniter->run()
 7 SYSTEMPATH\Commands\Server\rewrite.php(47): require_once('FCPATH\\index.php')
CRITICAL - 2023-05-28 09:20:52 --> Undefined variable: id
in APPPATH\Controllers\Commercial\Catalog\Product.php on line 23.
 1 APPPATH\Controllers\Commercial\Catalog\Product.php(23): CodeIgniter\Debug\Exceptions->errorHandler(8, 'Undefined variable: id', 'APPPATH\\Controllers\\Commercial\\Catalog\\Product.php', 23, [])
 2 APPPATH\Controllers\ControllerPreProcessor.php(144): App\Controllers\Commercial\Catalog\Product->App\Controllers\Commercial\Catalog\{closure}()
 3 APPPATH\Controllers\Commercial\Catalog\Product.php(42): App\Controllers\ControllerPreProcessor->tryCatch(Object(Closure))
 4 SYSTEMPATH\CodeIgniter.php(934): App\Controllers\Commercial\Catalog\Product->index('cookies')
 5 SYSTEMPATH\CodeIgniter.php(499): CodeIgniter\CodeIgniter->runController(Object(App\Controllers\Commercial\Catalog\Product))
 6 SYSTEMPATH\CodeIgniter.php(368): CodeIgniter\CodeIgniter->handleRequest(null, Object(Config\Cache), false)
 7 FCPATH\index.php(67): CodeIgniter\CodeIgniter->run()
 8 SYSTEMPATH\Commands\Server\rewrite.php(47): require_once('FCPATH\\index.php')
CRITICAL - 2023-05-28 09:25:10 --> Undefined index: function
in APPPATH\Controllers\ControllerPreProcessor.php on line 130.
 1 APPPATH\Controllers\ControllerPreProcessor.php(130): CodeIgniter\Debug\Exceptions->errorHandler(8, 'Undefined index: function', 'APPPATH\\Controllers\\ControllerPreProcessor.php', 130, [...])
 2 APPPATH\Controllers\Commercial\Catalog\Product.php(42): App\Controllers\ControllerPreProcessor->tryCatch(Object(Closure))
 3 SYSTEMPATH\CodeIgniter.php(934): App\Controllers\Commercial\Catalog\Product->index('cookies')
 4 SYSTEMPATH\CodeIgniter.php(499): CodeIgniter\CodeIgniter->runController(Object(App\Controllers\Commercial\Catalog\Product))
 5 SYSTEMPATH\CodeIgniter.php(368): CodeIgniter\CodeIgniter->handleRequest(null, Object(Config\Cache), false)
 6 FCPATH\index.php(67): CodeIgniter\CodeIgniter->run()
 7 SYSTEMPATH\Commands\Server\rewrite.php(47): require_once('FCPATH\\index.php')
CRITICAL - 2023-05-28 09:25:54 --> func_get_arg() expects exactly 1 parameter, 0 given
in APPPATH\Controllers\ControllerPreProcessor.php on line 130.
 1 [internal function]: CodeIgniter\Debug\Exceptions->errorHandler(2, 'func_get_arg() expects exactly 1 parameter, 0 given', 'APPPATH\\Controllers\\ControllerPreProcessor.php', 130, [...])
 2 APPPATH\Controllers\ControllerPreProcessor.php(130): func_get_arg()
 3 APPPATH\Controllers\Commercial\Catalog\Product.php(42): App\Controllers\ControllerPreProcessor->tryCatch(Object(Closure))
 4 SYSTEMPATH\CodeIgniter.php(934): App\Controllers\Commercial\Catalog\Product->index('cookies')
 5 SYSTEMPATH\CodeIgniter.php(499): CodeIgniter\CodeIgniter->runController(Object(App\Controllers\Commercial\Catalog\Product))
 6 SYSTEMPATH\CodeIgniter.php(368): CodeIgniter\CodeIgniter->handleRequest(null, Object(Config\Cache), false)
 7 FCPATH\index.php(67): CodeIgniter\CodeIgniter->run()
 8 SYSTEMPATH\Commands\Server\rewrite.php(47): require_once('FCPATH\\index.php')
CRITICAL - 2023-05-28 09:26:05 --> func_get_arg() expects parameter 1 to be int, string given
in APPPATH\Controllers\ControllerPreProcessor.php on line 130.
 1 [internal function]: CodeIgniter\Debug\Exceptions->errorHandler(2, 'func_get_arg() expects parameter 1 to be int, string given', 'APPPATH\\Controllers\\ControllerPreProcessor.php', 130, [...])
 2 APPPATH\Controllers\ControllerPreProcessor.php(130): func_get_arg('function')
 3 APPPATH\Controllers\Commercial\Catalog\Product.php(42): App\Controllers\ControllerPreProcessor->tryCatch(Object(Closure))
 4 SYSTEMPATH\CodeIgniter.php(934): App\Controllers\Commercial\Catalog\Product->index('cookies')
 5 SYSTEMPATH\CodeIgniter.php(499): CodeIgniter\CodeIgniter->runController(Object(App\Controllers\Commercial\Catalog\Product))
 6 SYSTEMPATH\CodeIgniter.php(368): CodeIgniter\CodeIgniter->handleRequest(null, Object(Config\Cache), false)
 7 FCPATH\index.php(67): CodeIgniter\CodeIgniter->run()
 8 SYSTEMPATH\Commands\Server\rewrite.php(47): require_once('FCPATH\\index.php')
CRITICAL - 2023-05-28 09:26:10 --> func_get_arg():  Argument 1 not passed to function
in APPPATH\Controllers\ControllerPreProcessor.php on line 130.
 1 [internal function]: CodeIgniter\Debug\Exceptions->errorHandler(2, 'func_get_arg():  Argument 1 not passed to function', 'APPPATH\\Controllers\\ControllerPreProcessor.php', 130, [...])
 2 APPPATH\Controllers\ControllerPreProcessor.php(130): func_get_arg(1)
 3 APPPATH\Controllers\Commercial\Catalog\Product.php(42): App\Controllers\ControllerPreProcessor->tryCatch(Object(Closure))
 4 SYSTEMPATH\CodeIgniter.php(934): App\Controllers\Commercial\Catalog\Product->index('cookies')
 5 SYSTEMPATH\CodeIgniter.php(499): CodeIgniter\CodeIgniter->runController(Object(App\Controllers\Commercial\Catalog\Product))
 6 SYSTEMPATH\CodeIgniter.php(368): CodeIgniter\CodeIgniter->handleRequest(null, Object(Config\Cache), false)
 7 FCPATH\index.php(67): CodeIgniter\CodeIgniter->run()
 8 SYSTEMPATH\Commands\Server\rewrite.php(47): require_once('FCPATH\\index.php')
CRITICAL - 2023-05-28 09:26:14 --> func_get_arg():  Argument 2 not passed to function
in APPPATH\Controllers\ControllerPreProcessor.php on line 130.
 1 [internal function]: CodeIgniter\Debug\Exceptions->errorHandler(2, 'func_get_arg():  Argument 2 not passed to function', 'APPPATH\\Controllers\\ControllerPreProcessor.php', 130, [...])
 2 APPPATH\Controllers\ControllerPreProcessor.php(130): func_get_arg(2)
 3 APPPATH\Controllers\Commercial\Catalog\Product.php(42): App\Controllers\ControllerPreProcessor->tryCatch(Object(Closure))
 4 SYSTEMPATH\CodeIgniter.php(934): App\Controllers\Commercial\Catalog\Product->index('cookies')
 5 SYSTEMPATH\CodeIgniter.php(499): CodeIgniter\CodeIgniter->runController(Object(App\Controllers\Commercial\Catalog\Product))
 6 SYSTEMPATH\CodeIgniter.php(368): CodeIgniter\CodeIgniter->handleRequest(null, Object(Config\Cache), false)
 7 FCPATH\index.php(67): CodeIgniter\CodeIgniter->run()
 8 SYSTEMPATH\Commands\Server\rewrite.php(47): require_once('FCPATH\\index.php')
CRITICAL - 2023-05-28 09:26:42 --> Object of class Closure could not be converted to string
in APPPATH\Controllers\ControllerPreProcessor.php on line 131.
 1 APPPATH\Controllers\ControllerPreProcessor.php(131): implode(', ', [...])
 2 APPPATH\Controllers\Commercial\Catalog\Product.php(42): App\Controllers\ControllerPreProcessor->tryCatch(Object(Closure))
 3 SYSTEMPATH\CodeIgniter.php(934): App\Controllers\Commercial\Catalog\Product->index('cookies')
 4 SYSTEMPATH\CodeIgniter.php(499): CodeIgniter\CodeIgniter->runController(Object(App\Controllers\Commercial\Catalog\Product))
 5 SYSTEMPATH\CodeIgniter.php(368): CodeIgniter\CodeIgniter->handleRequest(null, Object(Config\Cache), false)
 6 FCPATH\index.php(67): CodeIgniter\CodeIgniter->run()
 7 SYSTEMPATH\Commands\Server\rewrite.php(47): require_once('FCPATH\\index.php')
CRITICAL - 2023-05-28 09:28:15 --> Object of class Closure could not be converted to string
in APPPATH\Controllers\ControllerPreProcessor.php on line 131.
 1 APPPATH\Controllers\ControllerPreProcessor.php(131): implode(', ', [...])
 2 APPPATH\Controllers\Commercial\Catalog\Product.php(22): App\Controllers\ControllerPreProcessor->tryCatch(Object(Closure), 'cookies')
 3 SYSTEMPATH\CodeIgniter.php(934): App\Controllers\Commercial\Catalog\Product->index('cookies')
 4 SYSTEMPATH\CodeIgniter.php(499): CodeIgniter\CodeIgniter->runController(Object(App\Controllers\Commercial\Catalog\Product))
 5 SYSTEMPATH\CodeIgniter.php(368): CodeIgniter\CodeIgniter->handleRequest(null, Object(Config\Cache), false)
 6 FCPATH\index.php(67): CodeIgniter\CodeIgniter->run()
 7 SYSTEMPATH\Commands\Server\rewrite.php(47): require_once('FCPATH\\index.php')
CRITICAL - 2023-05-28 09:29:30 --> json_decode() expects parameter 1 to be string, array given
in APPPATH\Controllers\ControllerPreProcessor.php on line 130.
 1 [internal function]: CodeIgniter\Debug\Exceptions->errorHandler(2, 'json_decode() expects parameter 1 to be string, array given', 'APPPATH\\Controllers\\ControllerPreProcessor.php', 130, [...])
 2 APPPATH\Controllers\ControllerPreProcessor.php(130): json_decode([...])
 3 APPPATH\Controllers\Commercial\Catalog\Product.php(22): App\Controllers\ControllerPreProcessor->tryCatch(Object(Closure), 'cookies')
 4 SYSTEMPATH\CodeIgniter.php(934): App\Controllers\Commercial\Catalog\Product->index('cookies')
 5 SYSTEMPATH\CodeIgniter.php(499): CodeIgniter\CodeIgniter->runController(Object(App\Controllers\Commercial\Catalog\Product))
 6 SYSTEMPATH\CodeIgniter.php(368): CodeIgniter\CodeIgniter->handleRequest(null, Object(Config\Cache), false)
 7 FCPATH\index.php(67): CodeIgniter\CodeIgniter->run()
 8 SYSTEMPATH\Commands\Server\rewrite.php(47): require_once('FCPATH\\index.php')
CRITICAL - 2023-05-28 09:29:45 --> Undefined index: parameter
in APPPATH\Controllers\ControllerPreProcessor.php on line 130.
 1 APPPATH\Controllers\ControllerPreProcessor.php(130): CodeIgniter\Debug\Exceptions->errorHandler(8, 'Undefined index: parameter', 'APPPATH\\Controllers\\ControllerPreProcessor.php', 130, [...])
 2 APPPATH\Controllers\Commercial\Catalog\Product.php(22): App\Controllers\ControllerPreProcessor->tryCatch(Object(Closure), 'cookies')
 3 SYSTEMPATH\CodeIgniter.php(934): App\Controllers\Commercial\Catalog\Product->index('cookies')
 4 SYSTEMPATH\CodeIgniter.php(499): CodeIgniter\CodeIgniter->runController(Object(App\Controllers\Commercial\Catalog\Product))
 5 SYSTEMPATH\CodeIgniter.php(368): CodeIgniter\CodeIgniter->handleRequest(null, Object(Config\Cache), false)
 6 FCPATH\index.php(67): CodeIgniter\CodeIgniter->run()
 7 SYSTEMPATH\Commands\Server\rewrite.php(47): require_once('FCPATH\\index.php')
CRITICAL - 2023-05-28 09:30:18 --> Object of class Closure could not be converted to string
in APPPATH\Controllers\ControllerPreProcessor.php on line 134.
 1 APPPATH\Controllers\Commercial\Catalog\Product.php(22): App\Controllers\ControllerPreProcessor->tryCatch(Object(Closure), 'cookies')
 2 SYSTEMPATH\CodeIgniter.php(934): App\Controllers\Commercial\Catalog\Product->index('cookies')
 3 SYSTEMPATH\CodeIgniter.php(499): CodeIgniter\CodeIgniter->runController(Object(App\Controllers\Commercial\Catalog\Product))
 4 SYSTEMPATH\CodeIgniter.php(368): CodeIgniter\CodeIgniter->handleRequest(null, Object(Config\Cache), false)
 5 FCPATH\index.php(67): CodeIgniter\CodeIgniter->run()
 6 SYSTEMPATH\Commands\Server\rewrite.php(47): require_once('FCPATH\\index.php')
CRITICAL - 2023-05-28 09:53:41 --> Array to string conversion
in APPPATH\Controllers\Commercial\Catalog\Product.php on line 94.
 1 APPPATH\Controllers\Commercial\Catalog\Product.php(94): CodeIgniter\Debug\Exceptions->errorHandler(8, 'Array to string conversion', 'APPPATH\\Controllers\\Commercial\\Catalog\\Product.php', 94, [...])
 2 APPPATH\Controllers\Commercial\Catalog\Product.php(26): App\Controllers\Commercial\Catalog\Product->catalogCategoryData(1, [...])
 3 APPPATH\Controllers\ControllerPreProcessor.php(156): App\Controllers\Commercial\Catalog\Product->App\Controllers\Commercial\Catalog\{closure}([...])
 4 APPPATH\Controllers\Commercial\Catalog\Product.php(22): App\Controllers\ControllerPreProcessor->tryCatch(Object(Closure), 'cookies')
 5 SYSTEMPATH\CodeIgniter.php(934): App\Controllers\Commercial\Catalog\Product->index('cookies')
 6 SYSTEMPATH\CodeIgniter.php(499): CodeIgniter\CodeIgniter->runController(Object(App\Controllers\Commercial\Catalog\Product))
 7 SYSTEMPATH\CodeIgniter.php(368): CodeIgniter\CodeIgniter->handleRequest(null, Object(Config\Cache), false)
 8 FCPATH\index.php(67): CodeIgniter\CodeIgniter->run()
 9 SYSTEMPATH\Commands\Server\rewrite.php(47): require_once('FCPATH\\index.php')
CRITICAL - 2023-05-28 09:54:25 --> Undefined variable: init_path
in APPPATH\Views\_commercial\catalog\product\detail.php on line 1.
 1 APPPATH\Views\_commercial\catalog\product\detail.php(1): CodeIgniter\Debug\Exceptions->errorHandler(8, 'Undefined variable: init_path', 'APPPATH\\Views\\_commercial\\catalog\\product\\detail.php', 1, [...])
 2 SYSTEMPATH\View\View.php(213): include('APPPATH\\Views\\_commercial\\catalog\\product\\detail.php')
 3 SYSTEMPATH\View\View.php(216): CodeIgniter\View\View->CodeIgniter\View\{closure}()
 4 SYSTEMPATH\Common.php(1184): CodeIgniter\View\View->render('_commercial/catalog/product/detail', [], true)
 5 APPPATH\Controllers\ControllerPreProcessor.php(120): view('_commercial/catalog/product/detail', [...])
 6 APPPATH\Controllers\Commercial\CommercialController.php(52): App\Controllers\ControllerPreProcessor->view('catalog/product/detail')
 7 APPPATH\Controllers\Commercial\Catalog\Product.php(39): App\Controllers\Commercial\CommercialController->viewPage('catalog/product/detail')
 8 APPPATH\Controllers\ControllerPreProcessor.php(156): App\Controllers\Commercial\Catalog\Product->App\Controllers\Commercial\Catalog\{closure}([...])
 9 APPPATH\Controllers\Commercial\Catalog\Product.php(22): App\Controllers\ControllerPreProcessor->tryCatch(Object(Closure), 'cookies')
10 SYSTEMPATH\CodeIgniter.php(934): App\Controllers\Commercial\Catalog\Product->index('cookies')
11 SYSTEMPATH\CodeIgniter.php(499): CodeIgniter\CodeIgniter->runController(Object(App\Controllers\Commercial\Catalog\Product))
12 SYSTEMPATH\CodeIgniter.php(368): CodeIgniter\CodeIgniter->handleRequest(null, Object(Config\Cache), false)
13 FCPATH\index.php(67): CodeIgniter\CodeIgniter->run()
14 SYSTEMPATH\Commands\Server\rewrite.php(47): require_once('FCPATH\\index.php')
CRITICAL - 2023-05-28 10:06:00 --> Undefined offset: 0
in APPPATH\Controllers\Commercial\Catalog\Product\Category.php on line 41.
 1 APPPATH\Controllers\Commercial\Catalog\Product\Category.php(41): CodeIgniter\Debug\Exceptions->errorHandler(8, 'Undefined offset: 0', 'APPPATH\\Controllers\\Commercial\\Catalog\\Product\\Category.php', 41, [...])
 2 APPPATH\Controllers\ControllerPreProcessor.php(156): App\Controllers\Commercial\Catalog\Product\Category->App\Controllers\Commercial\Catalog\Product\{closure}([])
 3 APPPATH\Controllers\Commercial\Catalog\Product\Category.php(55): App\Controllers\ControllerPreProcessor->tryCatch(Object(Closure))
 4 APPPATH\Controllers\Commercial\Catalog\Product\Category.php(21): App\Controllers\Commercial\Catalog\Product\Category->catalogCategoryDetail('cookies')
 5 SYSTEMPATH\CodeIgniter.php(934): App\Controllers\Commercial\Catalog\Product\Category->index('cookies')
 6 SYSTEMPATH\CodeIgniter.php(499): CodeIgniter\CodeIgniter->runController(Object(App\Controllers\Commercial\Catalog\Product\Category))
 7 SYSTEMPATH\CodeIgniter.php(368): CodeIgniter\CodeIgniter->handleRequest(null, Object(Config\Cache), false)
 8 FCPATH\index.php(67): CodeIgniter\CodeIgniter->run()
 9 SYSTEMPATH\Commands\Server\rewrite.php(47): require_once('FCPATH\\index.php')
CRITICAL - 2023-05-28 10:08:02 --> Undefined offset: 0
in APPPATH\Controllers\Commercial\Catalog\Product\Category.php on line 41.
 1 APPPATH\Controllers\Commercial\Catalog\Product\Category.php(41): CodeIgniter\Debug\Exceptions->errorHandler(8, 'Undefined offset: 0', 'APPPATH\\Controllers\\Commercial\\Catalog\\Product\\Category.php', 41, [...])
 2 APPPATH\Controllers\ControllerPreProcessor.php(156): App\Controllers\Commercial\Catalog\Product\Category->App\Controllers\Commercial\Catalog\Product\{closure}([])
 3 APPPATH\Controllers\Commercial\Catalog\Product\Category.php(55): App\Controllers\ControllerPreProcessor->tryCatch(Object(Closure))
 4 APPPATH\Controllers\Commercial\Catalog\Product\Category.php(21): App\Controllers\Commercial\Catalog\Product\Category->catalogCategoryDetail('cookies')
 5 SYSTEMPATH\CodeIgniter.php(934): App\Controllers\Commercial\Catalog\Product\Category->index('cookies')
 6 SYSTEMPATH\CodeIgniter.php(499): CodeIgniter\CodeIgniter->runController(Object(App\Controllers\Commercial\Catalog\Product\Category))
 7 SYSTEMPATH\CodeIgniter.php(368): CodeIgniter\CodeIgniter->handleRequest(null, Object(Config\Cache), false)
 8 FCPATH\index.php(67): CodeIgniter\CodeIgniter->run()
 9 SYSTEMPATH\Commands\Server\rewrite.php(47): require_once('FCPATH\\index.php')
CRITICAL - 2023-05-28 10:08:13 --> Undefined offset: 0
in APPPATH\Controllers\Commercial\Catalog\Product\Category.php on line 43.
 1 APPPATH\Controllers\Commercial\Catalog\Product\Category.php(43): CodeIgniter\Debug\Exceptions->errorHandler(8, 'Undefined offset: 0', 'APPPATH\\Controllers\\Commercial\\Catalog\\Product\\Category.php', 43, [...])
 2 APPPATH\Controllers\ControllerPreProcessor.php(156): App\Controllers\Commercial\Catalog\Product\Category->App\Controllers\Commercial\Catalog\Product\{closure}([])
 3 APPPATH\Controllers\Commercial\Catalog\Product\Category.php(57): App\Controllers\ControllerPreProcessor->tryCatch(Object(Closure))
 4 APPPATH\Controllers\Commercial\Catalog\Product\Category.php(21): App\Controllers\Commercial\Catalog\Product\Category->catalogCategoryDetail('cookies')
 5 SYSTEMPATH\CodeIgniter.php(934): App\Controllers\Commercial\Catalog\Product\Category->index('cookies')
 6 SYSTEMPATH\CodeIgniter.php(499): CodeIgniter\CodeIgniter->runController(Object(App\Controllers\Commercial\Catalog\Product\Category))
 7 SYSTEMPATH\CodeIgniter.php(368): CodeIgniter\CodeIgniter->handleRequest(null, Object(Config\Cache), false)
 8 FCPATH\index.php(67): CodeIgniter\CodeIgniter->run()
 9 SYSTEMPATH\Commands\Server\rewrite.php(47): require_once('FCPATH\\index.php')
CRITICAL - 2023-05-28 10:08:33 --> Undefined offset: 0
in APPPATH\Controllers\Commercial\Catalog\Product\Category.php on line 43.
 1 APPPATH\Controllers\Commercial\Catalog\Product\Category.php(43): CodeIgniter\Debug\Exceptions->errorHandler(8, 'Undefined offset: 0', 'APPPATH\\Controllers\\Commercial\\Catalog\\Product\\Category.php', 43, [...])
 2 APPPATH\Controllers\ControllerPreProcessor.php(156): App\Controllers\Commercial\Catalog\Product\Category->App\Controllers\Commercial\Catalog\Product\{closure}([])
 3 APPPATH\Controllers\Commercial\Catalog\Product\Category.php(57): App\Controllers\ControllerPreProcessor->tryCatch(Object(Closure))
 4 APPPATH\Controllers\Commercial\Catalog\Product\Category.php(23): App\Controllers\Commercial\Catalog\Product\Category->catalogCategoryDetail('cookies')
 5 SYSTEMPATH\CodeIgniter.php(934): App\Controllers\Commercial\Catalog\Product\Category->index('cookies')
 6 SYSTEMPATH\CodeIgniter.php(499): CodeIgniter\CodeIgniter->runController(Object(App\Controllers\Commercial\Catalog\Product\Category))
 7 SYSTEMPATH\CodeIgniter.php(368): CodeIgniter\CodeIgniter->handleRequest(null, Object(Config\Cache), false)
 8 FCPATH\index.php(67): CodeIgniter\CodeIgniter->run()
 9 SYSTEMPATH\Commands\Server\rewrite.php(47): require_once('FCPATH\\index.php')
CRITICAL - 2023-05-28 10:08:49 --> Undefined variable: init_path
in APPPATH\Views\_commercial\catalog\product\detail.php on line 1.
 1 APPPATH\Views\_commercial\catalog\product\detail.php(1): CodeIgniter\Debug\Exceptions->errorHandler(8, 'Undefined variable: init_path', 'APPPATH\\Views\\_commercial\\catalog\\product\\detail.php', 1, [...])
 2 SYSTEMPATH\View\View.php(213): include('APPPATH\\Views\\_commercial\\catalog\\product\\detail.php')
 3 SYSTEMPATH\View\View.php(216): CodeIgniter\View\View->CodeIgniter\View\{closure}()
 4 SYSTEMPATH\Common.php(1184): CodeIgniter\View\View->render('_commercial/catalog/product/detail', [], true)
 5 APPPATH\Controllers\ControllerPreProcessor.php(120): view('_commercial/catalog/product/detail', [...])
 6 APPPATH\Controllers\Commercial\CommercialController.php(52): App\Controllers\ControllerPreProcessor->view('catalog/product/detail')
 7 APPPATH\Controllers\Commercial\Catalog\Product\Category.php(55): App\Controllers\Commercial\CommercialController->viewPage('catalog/product/detail')
 8 APPPATH\Controllers\ControllerPreProcessor.php(156): App\Controllers\Commercial\Catalog\Product\Category->App\Controllers\Commercial\Catalog\Product\{closure}([...])
 9 APPPATH\Controllers\Commercial\Catalog\Product\Category.php(40): App\Controllers\ControllerPreProcessor->tryCatch(Object(Closure), 'cookies')
10 APPPATH\Controllers\Commercial\Catalog\Product\Category.php(21): App\Controllers\Commercial\Catalog\Product\Category->catalogCategoryDetail('cookies')
11 SYSTEMPATH\CodeIgniter.php(934): App\Controllers\Commercial\Catalog\Product\Category->index('cookies')
12 SYSTEMPATH\CodeIgniter.php(499): CodeIgniter\CodeIgniter->runController(Object(App\Controllers\Commercial\Catalog\Product\Category))
13 SYSTEMPATH\CodeIgniter.php(368): CodeIgniter\CodeIgniter->handleRequest(null, Object(Config\Cache), false)
14 FCPATH\index.php(67): CodeIgniter\CodeIgniter->run()
15 SYSTEMPATH\Commands\Server\rewrite.php(47): require_once('FCPATH\\index.php')
CRITICAL - 2023-05-28 10:11:24 --> Undefined variable: init_path
in APPPATH\Views\_commercial\catalog\product\detail.php on line 1.
 1 APPPATH\Views\_commercial\catalog\product\detail.php(1): CodeIgniter\Debug\Exceptions->errorHandler(8, 'Undefined variable: init_path', 'APPPATH\\Views\\_commercial\\catalog\\product\\detail.php', 1, [...])
 2 SYSTEMPATH\View\View.php(213): include('APPPATH\\Views\\_commercial\\catalog\\product\\detail.php')
 3 SYSTEMPATH\View\View.php(216): CodeIgniter\View\View->CodeIgniter\View\{closure}()
 4 SYSTEMPATH\Common.php(1184): CodeIgniter\View\View->render('_commercial/catalog/product/detail', [], true)
 5 APPPATH\Controllers\ControllerPreProcessor.php(120): view('_commercial/catalog/product/detail', [...])
 6 APPPATH\Controllers\Commercial\CommercialController.php(52): App\Controllers\ControllerPreProcessor->view('catalog/product/detail')
 7 APPPATH\Controllers\Commercial\Catalog\Product\Category.php(55): App\Controllers\Commercial\CommercialController->viewPage('catalog/product/detail')
 8 APPPATH\Controllers\ControllerPreProcessor.php(156): App\Controllers\Commercial\Catalog\Product\Category->App\Controllers\Commercial\Catalog\Product\{closure}([...])
 9 APPPATH\Controllers\Commercial\Catalog\Product\Category.php(40): App\Controllers\ControllerPreProcessor->tryCatch(Object(Closure), 'cookies')
10 APPPATH\Controllers\Commercial\Catalog\Product\Category.php(21): App\Controllers\Commercial\Catalog\Product\Category->catalogCategoryDetail('cookies')
11 SYSTEMPATH\CodeIgniter.php(934): App\Controllers\Commercial\Catalog\Product\Category->index('cookies')
12 SYSTEMPATH\CodeIgniter.php(499): CodeIgniter\CodeIgniter->runController(Object(App\Controllers\Commercial\Catalog\Product\Category))
13 SYSTEMPATH\CodeIgniter.php(368): CodeIgniter\CodeIgniter->handleRequest(null, Object(Config\Cache), false)
14 FCPATH\index.php(67): CodeIgniter\CodeIgniter->run()
15 SYSTEMPATH\Commands\Server\rewrite.php(47): require_once('FCPATH\\index.php')
CRITICAL - 2023-05-28 10:12:13 --> Undefined variable: init_path
in APPPATH\Views\_commercial\catalog\product\detail.php on line 1.
 1 APPPATH\Views\_commercial\catalog\product\detail.php(1): CodeIgniter\Debug\Exceptions->errorHandler(8, 'Undefined variable: init_path', 'APPPATH\\Views\\_commercial\\catalog\\product\\detail.php', 1, [...])
 2 SYSTEMPATH\View\View.php(213): include('APPPATH\\Views\\_commercial\\catalog\\product\\detail.php')
 3 SYSTEMPATH\View\View.php(216): CodeIgniter\View\View->CodeIgniter\View\{closure}()
 4 SYSTEMPATH\Common.php(1184): CodeIgniter\View\View->render('_commercial/catalog/product/detail', [], true)
 5 APPPATH\Controllers\ControllerPreProcessor.php(120): view('_commercial/catalog/product/detail', [...])
 6 APPPATH\Controllers\Commercial\CommercialController.php(52): App\Controllers\ControllerPreProcessor->view('catalog/product/detail')
 7 APPPATH\Controllers\Commercial\Catalog\Product\Category.php(55): App\Controllers\Commercial\CommercialController->viewPage('catalog/product/detail')
 8 APPPATH\Controllers\ControllerPreProcessor.php(156): App\Controllers\Commercial\Catalog\Product\Category->App\Controllers\Commercial\Catalog\Product\{closure}([...])
 9 APPPATH\Controllers\Commercial\Catalog\Product\Category.php(40): App\Controllers\ControllerPreProcessor->tryCatch(Object(Closure), 'cookies')
10 APPPATH\Controllers\Commercial\Catalog\Product\Category.php(21): App\Controllers\Commercial\Catalog\Product\Category->catalogCategoryDetail('cookies')
11 SYSTEMPATH\CodeIgniter.php(934): App\Controllers\Commercial\Catalog\Product\Category->index('cookies')
12 SYSTEMPATH\CodeIgniter.php(499): CodeIgniter\CodeIgniter->runController(Object(App\Controllers\Commercial\Catalog\Product\Category))
13 SYSTEMPATH\CodeIgniter.php(368): CodeIgniter\CodeIgniter->handleRequest(null, Object(Config\Cache), false)
14 FCPATH\index.php(67): CodeIgniter\CodeIgniter->run()
15 SYSTEMPATH\Commands\Server\rewrite.php(47): require_once('FCPATH\\index.php')
CRITICAL - 2023-05-28 10:16:57 --> Undefined offset: 0
in APPPATH\Controllers\Commercial\Catalog\Product\Catalog.php on line 30.
 1 APPPATH\Controllers\Commercial\Catalog\Product\Catalog.php(30): CodeIgniter\Debug\Exceptions->errorHandler(8, 'Undefined offset: 0', 'APPPATH\\Controllers\\Commercial\\Catalog\\Product\\Catalog.php', 30, [...])
 2 APPPATH\Controllers\ControllerPreProcessor.php(156): App\Controllers\Commercial\Catalog\Product\Catalog->App\Controllers\Commercial\Catalog\Product\{closure}([])
 3 APPPATH\Controllers\Commercial\Catalog\Product\Catalog.php(44): App\Controllers\ControllerPreProcessor->tryCatch(Object(Closure))
 4 APPPATH\Controllers\Commercial\Catalog\Product\Catalog.php(20): App\Controllers\Commercial\Catalog\Product\Catalog->catalogDetail('1')
 5 SYSTEMPATH\CodeIgniter.php(934): App\Controllers\Commercial\Catalog\Product\Catalog->index('1')
 6 SYSTEMPATH\CodeIgniter.php(499): CodeIgniter\CodeIgniter->runController(Object(App\Controllers\Commercial\Catalog\Product\Catalog))
 7 SYSTEMPATH\CodeIgniter.php(368): CodeIgniter\CodeIgniter->handleRequest(null, Object(Config\Cache), false)
 8 FCPATH\index.php(67): CodeIgniter\CodeIgniter->run()
 9 SYSTEMPATH\Commands\Server\rewrite.php(47): require_once('FCPATH\\index.php')
CRITICAL - 2023-05-28 10:17:10 --> Undefined variable: init_path
in APPPATH\Views\_commercial\catalog\product\catalog_detail.php on line 1.
 1 APPPATH\Views\_commercial\catalog\product\catalog_detail.php(1): CodeIgniter\Debug\Exceptions->errorHandler(8, 'Undefined variable: init_path', 'APPPATH\\Views\\_commercial\\catalog\\product\\catalog_detail.php', 1, [...])
 2 SYSTEMPATH\View\View.php(213): include('APPPATH\\Views\\_commercial\\catalog\\product\\catalog_detail.php')
 3 SYSTEMPATH\View\View.php(216): CodeIgniter\View\View->CodeIgniter\View\{closure}()
 4 SYSTEMPATH\Common.php(1184): CodeIgniter\View\View->render('_commercial/catalog/product/catalog_detail', [], true)
 5 APPPATH\Controllers\ControllerPreProcessor.php(120): view('_commercial/catalog/product/catalog_detail', [...])
 6 APPPATH\Controllers\Commercial\CommercialController.php(52): App\Controllers\ControllerPreProcessor->view('catalog/product/catalog_detail')
 7 APPPATH\Controllers\Commercial\Catalog\Product\Catalog.php(44): App\Controllers\Commercial\CommercialController->viewPage('catalog/product/catalog_detail')
 8 APPPATH\Controllers\ControllerPreProcessor.php(156): App\Controllers\Commercial\Catalog\Product\Catalog->App\Controllers\Commercial\Catalog\Product\{closure}([...])
 9 APPPATH\Controllers\Commercial\Catalog\Product\Catalog.php(29): App\Controllers\ControllerPreProcessor->tryCatch(Object(Closure), '1')
10 APPPATH\Controllers\Commercial\Catalog\Product\Catalog.php(20): App\Controllers\Commercial\Catalog\Product\Catalog->catalogDetail('1')
11 SYSTEMPATH\CodeIgniter.php(934): App\Controllers\Commercial\Catalog\Product\Catalog->index('1')
12 SYSTEMPATH\CodeIgniter.php(499): CodeIgniter\CodeIgniter->runController(Object(App\Controllers\Commercial\Catalog\Product\Catalog))
13 SYSTEMPATH\CodeIgniter.php(368): CodeIgniter\CodeIgniter->handleRequest(null, Object(Config\Cache), false)
14 FCPATH\index.php(67): CodeIgniter\CodeIgniter->run()
15 SYSTEMPATH\Commands\Server\rewrite.php(47): require_once('FCPATH\\index.php')
CRITICAL - 2023-05-28 10:17:56 --> Undefined variable: site_name
in APPPATH\Views\_commercial\catalog\product\catalog_detail.php on line 52.
 1 APPPATH\Views\_commercial\catalog\product\catalog_detail.php(52): CodeIgniter\Debug\Exceptions->errorHandler(8, 'Undefined variable: site_name', 'APPPATH\\Views\\_commercial\\catalog\\product\\catalog_detail.php', 52, [...])
 2 SYSTEMPATH\View\View.php(213): include('APPPATH\\Views\\_commercial\\catalog\\product\\catalog_detail.php')
 3 SYSTEMPATH\View\View.php(216): CodeIgniter\View\View->CodeIgniter\View\{closure}()
 4 SYSTEMPATH\Common.php(1184): CodeIgniter\View\View->render('_commercial/catalog/product/catalog_detail', [], true)
 5 APPPATH\Controllers\ControllerPreProcessor.php(120): view('_commercial/catalog/product/catalog_detail', [...])
 6 APPPATH\Controllers\Commercial\CommercialController.php(52): App\Controllers\ControllerPreProcessor->view('catalog/product/catalog_detail')
 7 APPPATH\Controllers\Commercial\Catalog\Product\Catalog.php(44): App\Controllers\Commercial\CommercialController->viewPage('catalog/product/catalog_detail')
 8 APPPATH\Controllers\ControllerPreProcessor.php(156): App\Controllers\Commercial\Catalog\Product\Catalog->App\Controllers\Commercial\Catalog\Product\{closure}([...])
 9 APPPATH\Controllers\Commercial\Catalog\Product\Catalog.php(29): App\Controllers\ControllerPreProcessor->tryCatch(Object(Closure), '1')
10 APPPATH\Controllers\Commercial\Catalog\Product\Catalog.php(20): App\Controllers\Commercial\Catalog\Product\Catalog->catalogDetail('1')
11 SYSTEMPATH\CodeIgniter.php(934): App\Controllers\Commercial\Catalog\Product\Catalog->index('1')
12 SYSTEMPATH\CodeIgniter.php(499): CodeIgniter\CodeIgniter->runController(Object(App\Controllers\Commercial\Catalog\Product\Catalog))
13 SYSTEMPATH\CodeIgniter.php(368): CodeIgniter\CodeIgniter->handleRequest(null, Object(Config\Cache), false)
14 FCPATH\index.php(67): CodeIgniter\CodeIgniter->run()
15 SYSTEMPATH\Commands\Server\rewrite.php(47): require_once('FCPATH\\index.php')
CRITICAL - 2023-05-28 10:19:55 --> Undefined variable: current_url
in APPPATH\Views\_commercial\catalog\product\catalog_detail.php on line 54.
 1 APPPATH\Views\_commercial\catalog\product\catalog_detail.php(54): CodeIgniter\Debug\Exceptions->errorHandler(8, 'Undefined variable: current_url', 'APPPATH\\Views\\_commercial\\catalog\\product\\catalog_detail.php', 54, [...])
 2 SYSTEMPATH\View\View.php(213): include('APPPATH\\Views\\_commercial\\catalog\\product\\catalog_detail.php')
 3 SYSTEMPATH\View\View.php(216): CodeIgniter\View\View->CodeIgniter\View\{closure}()
 4 SYSTEMPATH\Common.php(1184): CodeIgniter\View\View->render('_commercial/catalog/product/catalog_detail', [], true)
 5 APPPATH\Controllers\ControllerPreProcessor.php(120): view('_commercial/catalog/product/catalog_detail', [...])
 6 APPPATH\Controllers\Commercial\CommercialController.php(55): App\Controllers\ControllerPreProcessor->view('catalog/product/catalog_detail')
 7 APPPATH\Controllers\Commercial\Catalog\Product\Catalog.php(44): App\Controllers\Commercial\CommercialController->viewPage('catalog/product/catalog_detail')
 8 APPPATH\Controllers\ControllerPreProcessor.php(156): App\Controllers\Commercial\Catalog\Product\Catalog->App\Controllers\Commercial\Catalog\Product\{closure}([...])
 9 APPPATH\Controllers\Commercial\Catalog\Product\Catalog.php(29): App\Controllers\ControllerPreProcessor->tryCatch(Object(Closure), '1')
10 APPPATH\Controllers\Commercial\Catalog\Product\Catalog.php(20): App\Controllers\Commercial\Catalog\Product\Catalog->catalogDetail('1')
11 SYSTEMPATH\CodeIgniter.php(934): App\Controllers\Commercial\Catalog\Product\Catalog->index('1')
12 SYSTEMPATH\CodeIgniter.php(499): CodeIgniter\CodeIgniter->runController(Object(App\Controllers\Commercial\Catalog\Product\Catalog))
13 SYSTEMPATH\CodeIgniter.php(368): CodeIgniter\CodeIgniter->handleRequest(null, Object(Config\Cache), false)
14 FCPATH\index.php(67): CodeIgniter\CodeIgniter->run()
15 SYSTEMPATH\Commands\Server\rewrite.php(47): require_once('FCPATH\\index.php')
