ERROR - 2023-05-21 11:45:11 --> Error connecting to the database: mysqli_sql_exception: No connection could be made because the target machine actively refused it.
 in D:\Projects\KPS\PHP\CI4_Cores\vendor\codeigniter4\framework\system\Database\MySQLi\Connection.php:174
Stack trace:
#0 D:\Projects\KPS\PHP\CI4_Cores\vendor\codeigniter4\framework\system\Database\MySQLi\Connection.php(174): mysqli->real_connect('localhost', 'root', '', 'submyu_dpfir', 3306, '', 0)
#1 D:\Projects\KPS\PHP\CI4_Cores\vendor\codeigniter4\framework\system\Database\BaseConnection.php(391): CodeIgniter\Database\MySQLi\Connection->connect(false)
#2 D:\Projects\KPS\PHP\CI4_Cores\vendor\codeigniter4\framework\system\Database\BaseConnection.php(573): CodeIgniter\Database\BaseConnection->initialize()
#3 D:\Projects\KPS\PHP\CI4_Cores\vendor\codeigniter4\framework\system\Database\BaseBuilder.php(1616): CodeIgniter\Database\BaseConnection->query('SELECT CONCAT('...', Array, false)
#4 D:\Projects\KPS\PHP\CI4_Cores\vendor\codeigniter4\framework\system\Model.php(203): CodeIgniter\Database\BaseBuilder->get()
#5 D:\Projects\KPS\PHP\CI4_Cores\vendor\codeigniter4\framework\system\BaseModel.php(557): CodeIgniter\Model->doFind(false, NULL)
#6 D:\Projects\KPS\PHP\MyUMKM\Sub\DapurFirdaus\app\Models\Catalog\CatalogCategory.php(85): CodeIgniter\BaseModel->find()
#7 D:\Projects\KPS\PHP\MyUMKM\Sub\DapurFirdaus\app\Controllers\Commercial\CommercialController.php(60): App\Models\Catalog\CatalogCategory->all(Array)
#8 D:\Projects\KPS\PHP\MyUMKM\Sub\DapurFirdaus\app\Controllers\Commercial\CommercialController.php(28): App\Controllers\Commercial\CommercialController->catCategory(1)
#9 D:\Projects\KPS\PHP\MyUMKM\Sub\DapurFirdaus\app\Controllers\Commercial\Catalog\Product.php(48): App\Controllers\Commercial\CommercialController->metaData(Object(CodeIgniter\HTTP\Response))
#10 D:\Projects\KPS\PHP\CI4_Cores\vendor\codeigniter4\framework\system\CodeIgniter.php(934): App\Controllers\Commercial\Catalog\Product->catalogDetail('1')
#11 D:\Projects\KPS\PHP\CI4_Cores\vendor\codeigniter4\framework\system\CodeIgniter.php(499): CodeIgniter\CodeIgniter->runController(Object(App\Controllers\Commercial\Catalog\Product))
#12 D:\Projects\KPS\PHP\CI4_Cores\vendor\codeigniter4\framework\system\CodeIgniter.php(368): CodeIgniter\CodeIgniter->handleRequest(NULL, Object(Config\Cache), false)
#13 D:\Projects\KPS\PHP\MyUMKM\Sub\DapurFirdaus\public\index.php(67): CodeIgniter\CodeIgniter->run()
#14 D:\Projects\KPS\PHP\CI4_Cores\vendor\codeigniter4\framework\system\Commands\Server\rewrite.php(47): require_once('D:\\Projects\\KPS...')
#15 {main}

Next CodeIgniter\Database\Exceptions\DatabaseException: No connection could be made because the target machine actively refused it.
 in D:\Projects\KPS\PHP\CI4_Cores\vendor\codeigniter4\framework\system\Database\MySQLi\Connection.php:218
Stack trace:
#0 D:\Projects\KPS\PHP\CI4_Cores\vendor\codeigniter4\framework\system\Database\BaseConnection.php(391): CodeIgniter\Database\MySQLi\Connection->connect(false)
#1 D:\Projects\KPS\PHP\CI4_Cores\vendor\codeigniter4\framework\system\Database\BaseConnection.php(573): CodeIgniter\Database\BaseConnection->initialize()
#2 D:\Projects\KPS\PHP\CI4_Cores\vendor\codeigniter4\framework\system\Database\BaseBuilder.php(1616): CodeIgniter\Database\BaseConnection->query('SELECT CONCAT('...', Array, false)
#3 D:\Projects\KPS\PHP\CI4_Cores\vendor\codeigniter4\framework\system\Model.php(203): CodeIgniter\Database\BaseBuilder->get()
#4 D:\Projects\KPS\PHP\CI4_Cores\vendor\codeigniter4\framework\system\BaseModel.php(557): CodeIgniter\Model->doFind(false, NULL)
#5 D:\Projects\KPS\PHP\MyUMKM\Sub\DapurFirdaus\app\Models\Catalog\CatalogCategory.php(85): CodeIgniter\BaseModel->find()
#6 D:\Projects\KPS\PHP\MyUMKM\Sub\DapurFirdaus\app\Controllers\Commercial\CommercialController.php(60): App\Models\Catalog\CatalogCategory->all(Array)
#7 D:\Projects\KPS\PHP\MyUMKM\Sub\DapurFirdaus\app\Controllers\Commercial\CommercialController.php(28): App\Controllers\Commercial\CommercialController->catCategory(1)
#8 D:\Projects\KPS\PHP\MyUMKM\Sub\DapurFirdaus\app\Controllers\Commercial\Catalog\Product.php(48): App\Controllers\Commercial\CommercialController->metaData(Object(CodeIgniter\HTTP\Response))
#9 D:\Projects\KPS\PHP\CI4_Cores\vendor\codeigniter4\framework\system\CodeIgniter.php(934): App\Controllers\Commercial\Catalog\Product->catalogDetail('1')
#10 D:\Projects\KPS\PHP\CI4_Cores\vendor\codeigniter4\framework\system\CodeIgniter.php(499): CodeIgniter\CodeIgniter->runController(Object(App\Controllers\Commercial\Catalog\Product))
#11 D:\Projects\KPS\PHP\CI4_Cores\vendor\codeigniter4\framework\system\CodeIgniter.php(368): CodeIgniter\CodeIgniter->handleRequest(NULL, Object(Config\Cache), false)
#12 D:\Projects\KPS\PHP\MyUMKM\Sub\DapurFirdaus\public\index.php(67): CodeIgniter\CodeIgniter->run()
#13 D:\Projects\KPS\PHP\CI4_Cores\vendor\codeigniter4\framework\system\Commands\Server\rewrite.php(47): require_once('D:\\Projects\\KPS...')
#14 {main}
CRITICAL - 2023-05-21 11:45:11 --> Unable to connect to the database.
Main connection [MySQLi]: No connection could be made because the target machine actively refused it.

in SYSTEMPATH\Database\BaseConnection.php on line 427.
 1 SYSTEMPATH\Database\BaseConnection.php(573): CodeIgniter\Database\BaseConnection->initialize()
 2 SYSTEMPATH\Database\BaseBuilder.php(1616): CodeIgniter\Database\BaseConnection->query('SELECT CONCAT(\'[\', GROUP_CONCAT(JSON_OBJECT(
                    \'category_id\', `myu_catalog_category`.`id`, \'category_name\', `myu_catalog_category`.`category_name`, \'slug\', `myu_catalog_category`.`slug`, \'description\', `myu_catalog_category`.`description`, \'image_path\', myu_catalog_category.image_path
                )), \']\') AS list, `myu_catalog_category`.`type` AS `catalog_type`
FROM `myu_catalog_category`
WHERE `myu_catalog_category`.`status` IN :myu_catalog_category.status:
GROUP BY `myu_catalog_category`.`type`', [...], false)
 3 SYSTEMPATH\Model.php(203): CodeIgniter\Database\BaseBuilder->get()
 4 SYSTEMPATH\BaseModel.php(557): CodeIgniter\Model->doFind(false, null)
 5 APPPATH\Models\Catalog\CatalogCategory.php(85): CodeIgniter\BaseModel->find()
 6 APPPATH\Controllers\Commercial\CommercialController.php(60): App\Models\Catalog\CatalogCategory->all([...])
 7 APPPATH\Controllers\Commercial\CommercialController.php(28): App\Controllers\Commercial\CommercialController->catCategory(1)
 8 APPPATH\Controllers\Commercial\Catalog\Product.php(48): App\Controllers\Commercial\CommercialController->metaData(Object(CodeIgniter\HTTP\Response))
 9 SYSTEMPATH\CodeIgniter.php(934): App\Controllers\Commercial\Catalog\Product->catalogDetail('1')
10 SYSTEMPATH\CodeIgniter.php(499): CodeIgniter\CodeIgniter->runController(Object(App\Controllers\Commercial\Catalog\Product))
11 SYSTEMPATH\CodeIgniter.php(368): CodeIgniter\CodeIgniter->handleRequest(null, Object(Config\Cache), false)
12 FCPATH\index.php(67): CodeIgniter\CodeIgniter->run()
13 SYSTEMPATH\Commands\Server\rewrite.php(47): require_once('FCPATH\\index.php')
