CRITICAL - 2023-07-10 18:29:51 --> Invalid file: "_commercialcomponents/footer.php"
in SYSTEMPATH\Exceptions\FrameworkException.php on line 33.
 1 SYSTEMPATH\View\View.php(201): CodeIgniter\Exceptions\FrameworkException::forInvalidFile('_commercialcomponents/footer.php')
 2 SYSTEMPATH\View\View.php(431): CodeIgniter\View\View->render('_commercialcomponents/footer.php', null, true)
 3 APPPATH\Views\_commercial\home\index.php(291): CodeIgniter\View\View->include('_commercialcomponents/footer.php')
 4 SYSTEMPATH\View\View.php(213): include('D:\\Projects\\KPS\\PHP\\MyUMKM\\Sub\\DapurFirdaus\\app\\Views\\_commercial\\home\\index.php')
 5 SYSTEMPATH\View\View.php(216): CodeIgniter\View\View->CodeIgniter\View\{closure}()
 6 SYSTEMPATH\Common.php(1184): CodeIgniter\View\View->render('_commercial/home/index', [], true)
 7 APPPATH\Controllers\ControllerPreProcessor.php(142): view('_commercial/home/index', [...])
 8 APPPATH\Controllers\Commercial\CommercialController.php(82): App\Controllers\ControllerPreProcessor->view('home/index')
 9 APPPATH\Controllers\ControllerPreProcessor.php(212): App\Controllers\Commercial\CommercialController->App\Controllers\Commercial\{closure}([...])
10 APPPATH\Controllers\Commercial\CommercialController.php(86): App\Controllers\ControllerPreProcessor->authHandler(Object(Closure), Object(Closure), [...], [...])
11 APPPATH\Controllers\Commercial\HomePage.php(47): App\Controllers\Commercial\CommercialController->viewPage('home/index')
12 SYSTEMPATH\CodeIgniter.php(934): App\Controllers\Commercial\HomePage->index()
13 SYSTEMPATH\CodeIgniter.php(499): CodeIgniter\CodeIgniter->runController(Object(App\Controllers\Commercial\HomePage))
14 SYSTEMPATH\CodeIgniter.php(368): CodeIgniter\CodeIgniter->handleRequest(null, Object(Config\Cache), false)
15 FCPATH\index.php(70): CodeIgniter\CodeIgniter->run()
16 SYSTEMPATH\Commands\Server\rewrite.php(47): require_once('D:\\Projects\\KPS\\PHP\\MyUMKM\\Sub\\DapurFirdaus\\public\\index.php')
CRITICAL - 2023-07-10 19:25:09 --> Invalid file: "D:\Projects\KPS\PHP\MyUMKM\Sub\DapurFirdaus\app\Config/../Views\_admin/testing.php"
in SYSTEMPATH\Exceptions\FrameworkException.php on line 33.
 1 SYSTEMPATH\View\Parser.php(119): CodeIgniter\Exceptions\FrameworkException::forInvalidFile('D:\\Projects\\KPS\\PHP\\MyUMKM\\Sub\\DapurFirdaus\\app\\Config/../Views\\_admin/testing.php')
 2 APPPATH\Controllers\Admin\Control\Uhuy.php(52): CodeIgniter\View\Parser->render('_admin/testing.php')
 3 SYSTEMPATH\CodeIgniter.php(934): App\Controllers\Admin\Control\Uhuy->index()
 4 SYSTEMPATH\CodeIgniter.php(499): CodeIgniter\CodeIgniter->runController(Object(App\Controllers\Admin\Control\Uhuy))
 5 SYSTEMPATH\CodeIgniter.php(368): CodeIgniter\CodeIgniter->handleRequest(null, Object(Config\Cache), false)
 6 FCPATH\index.php(70): CodeIgniter\CodeIgniter->run()
 7 SYSTEMPATH\Commands\Server\rewrite.php(47): require_once('D:\\Projects\\KPS\\PHP\\MyUMKM\\Sub\\DapurFirdaus\\public\\index.php')
