CRITICAL - 2023-07-12 14:51:16 --> Invalid file: "_commercialcomponents/footer.php"
in SYSTEMPATH\Exceptions\FrameworkException.php on line 33.
 1 SYSTEMPATH\View\View.php(201): CodeIgniter\Exceptions\FrameworkException::forInvalidFile('_commercialcomponents/footer.php')
 2 SYSTEMPATH\View\View.php(431): CodeIgniter\View\View->render('_commercialcomponents/footer.php', null, true)
 3 APPPATH\Views\_commercial\home\index.php(291): CodeIgniter\View\View->include('_commercialcomponents/footer.php')
 4 SYSTEMPATH\View\View.php(213): include('D:\\Projects\\KPS\\PHP\\MyUMKM\\Sub\\DapurFirdaus\\app\\Views\\_commercial\\home\\index.php')
 5 SYSTEMPATH\View\View.php(216): CodeIgniter\View\View->CodeIgniter\View\{closure}()
 6 SYSTEMPATH\Common.php(1184): CodeIgniter\View\View->render('_commercial/home/index', [], true)
 7 APPPATH\Controllers\ControllerPreProcessor.php(142): view('_commercial/home/index', [...])
 8 APPPATH\Controllers\Commercial\CommercialController.php(82): App\Controllers\ControllerPreProcessor->view('home/index')
 9 APPPATH\Controllers\ControllerPreProcessor.php(212): App\Controllers\Commercial\CommercialController->App\Controllers\Commercial\{closure}([...])
10 APPPATH\Controllers\Commercial\CommercialController.php(86): App\Controllers\ControllerPreProcessor->authHandler(Object(Closure), Object(Closure), [...], [...])
11 APPPATH\Controllers\Commercial\HomePage.php(47): App\Controllers\Commercial\CommercialController->viewPage('home/index')
12 SYSTEMPATH\CodeIgniter.php(934): App\Controllers\Commercial\HomePage->index()
13 SYSTEMPATH\CodeIgniter.php(499): CodeIgniter\CodeIgniter->runController(Object(App\Controllers\Commercial\HomePage))
14 SYSTEMPATH\CodeIgniter.php(368): CodeIgniter\CodeIgniter->handleRequest(null, Object(Config\Cache), false)
15 FCPATH\index.php(70): CodeIgniter\CodeIgniter->run()
16 SYSTEMPATH\Commands\Server\rewrite.php(47): require_once('D:\\Projects\\KPS\\PHP\\MyUMKM\\Sub\\DapurFirdaus\\public\\index.php')
WARNING - 2023-07-12 14:52:53 --> [DEPRECATED] Optional parameter $condition declared before required parameter $identifier is implicitly treated as a required parameter in APPPATH\Controllers\Commercial\Catalog\Service.php on line 88.
 1 SYSTEMPATH\Autoloader\Autoloader.php(312): include_once('D:\\Projects\\KPS\\PHP\\CI4_Cores\\vendor\\codeigniter4\\framework\\system\\Debug\\Exceptions.php')
 2 SYSTEMPATH\Autoloader\Autoloader.php(289): CodeIgniter\Autoloader\Autoloader->includeFile('D:\\Projects\\KPS\\PHP\\MyUMKM\\Sub\\DapurFirdaus\\app\\Controllers\\Commercial\\Catalog\\Service.php')
 3 SYSTEMPATH\Autoloader\Autoloader.php(267): CodeIgniter\Autoloader\Autoloader->loadInNamespace('App\\Controllers\\Commercial\\Catalog\\Service')
 4 [internal function]: CodeIgniter\Autoloader\Autoloader->loadClass('App\\Controllers\\Commercial\\Catalog\\Service')
 5 SYSTEMPATH\CodeIgniter.php(892): class_exists('\\App\\Controllers\\Commercial\\Catalog\\Service', true)
 6 SYSTEMPATH\CodeIgniter.php(486): CodeIgniter\CodeIgniter->startController()
 7 SYSTEMPATH\CodeIgniter.php(368): CodeIgniter\CodeIgniter->handleRequest(null, Object(Config\Cache), false)
 8 FCPATH\index.php(70): CodeIgniter\CodeIgniter->run()
 9 SYSTEMPATH\Commands\Server\rewrite.php(47): require_once('D:\\Projects\\KPS\\PHP\\MyUMKM\\Sub\\DapurFirdaus\\public\\index.php')
CRITICAL - 2023-07-12 14:52:53 --> Invalid file: "_commercialcomponents/navigation.php"
in SYSTEMPATH\Exceptions\FrameworkException.php on line 33.
 1 SYSTEMPATH\View\View.php(201): CodeIgniter\Exceptions\FrameworkException::forInvalidFile('_commercialcomponents/navigation.php')
 2 SYSTEMPATH\View\View.php(431): CodeIgniter\View\View->render('_commercialcomponents/navigation.php', null, true)
 3 APPPATH\Views\_commercial\catalog\service\category_detail.php(13): CodeIgniter\View\View->include('_commercialcomponents/navigation.php')
 4 SYSTEMPATH\View\View.php(213): include('D:\\Projects\\KPS\\PHP\\MyUMKM\\Sub\\DapurFirdaus\\app\\Views\\_commercial\\catalog\\service\\category_detail.php')
 5 SYSTEMPATH\View\View.php(216): CodeIgniter\View\View->CodeIgniter\View\{closure}()
 6 SYSTEMPATH\Common.php(1184): CodeIgniter\View\View->render('_commercial/catalog/service/category_detail', [], true)
 7 APPPATH\Controllers\ControllerPreProcessor.php(142): view('_commercial/catalog/service/category_detail', [...])
 8 APPPATH\Controllers\Commercial\CommercialController.php(82): App\Controllers\ControllerPreProcessor->view('catalog/service/category_detail')
 9 APPPATH\Controllers\ControllerPreProcessor.php(212): App\Controllers\Commercial\CommercialController->App\Controllers\Commercial\{closure}([...])
10 APPPATH\Controllers\Commercial\CommercialController.php(86): App\Controllers\ControllerPreProcessor->authHandler(Object(Closure), Object(Closure), [...], [...])
11 APPPATH\Controllers\Commercial\Catalog\Service.php(80): App\Controllers\Commercial\CommercialController->viewPage('catalog/service/category_detail')
12 APPPATH\Controllers\ControllerPreProcessor.php(171): App\Controllers\Commercial\Catalog\Service->App\Controllers\Commercial\Catalog\{closure}([...])
13 APPPATH\Controllers\Commercial\Catalog\Service.php(82): App\Controllers\ControllerPreProcessor->tryCatch(Object(Closure), [...])
14 APPPATH\Controllers\Commercial\Catalog\Service.php(47): App\Controllers\Commercial\Catalog\Service->catalogCategoryDetail('unit-motor-honda')
15 SYSTEMPATH\CodeIgniter.php(934): App\Controllers\Commercial\Catalog\Service->index('unit-motor-honda')
16 SYSTEMPATH\CodeIgniter.php(499): CodeIgniter\CodeIgniter->runController(Object(App\Controllers\Commercial\Catalog\Service))
17 SYSTEMPATH\CodeIgniter.php(368): CodeIgniter\CodeIgniter->handleRequest(null, Object(Config\Cache), false)
18 FCPATH\index.php(70): CodeIgniter\CodeIgniter->run()
19 SYSTEMPATH\Commands\Server\rewrite.php(47): require_once('D:\\Projects\\KPS\\PHP\\MyUMKM\\Sub\\DapurFirdaus\\public\\index.php')
WARNING - 2023-07-12 14:53:23 --> [DEPRECATED] Optional parameter $condition declared before required parameter $identifier is implicitly treated as a required parameter in APPPATH\Controllers\Commercial\Catalog\Service.php on line 88.
 1 SYSTEMPATH\Autoloader\Autoloader.php(312): include_once('D:\\Projects\\KPS\\PHP\\CI4_Cores\\vendor\\codeigniter4\\framework\\system\\Debug\\Exceptions.php')
 2 SYSTEMPATH\Autoloader\Autoloader.php(289): CodeIgniter\Autoloader\Autoloader->includeFile('D:\\Projects\\KPS\\PHP\\MyUMKM\\Sub\\DapurFirdaus\\app\\Controllers\\Commercial\\Catalog\\Service.php')
 3 SYSTEMPATH\Autoloader\Autoloader.php(267): CodeIgniter\Autoloader\Autoloader->loadInNamespace('App\\Controllers\\Commercial\\Catalog\\Service')
 4 [internal function]: CodeIgniter\Autoloader\Autoloader->loadClass('App\\Controllers\\Commercial\\Catalog\\Service')
 5 SYSTEMPATH\CodeIgniter.php(892): class_exists('\\App\\Controllers\\Commercial\\Catalog\\Service', true)
 6 SYSTEMPATH\CodeIgniter.php(486): CodeIgniter\CodeIgniter->startController()
 7 SYSTEMPATH\CodeIgniter.php(368): CodeIgniter\CodeIgniter->handleRequest(null, Object(Config\Cache), false)
 8 FCPATH\index.php(70): CodeIgniter\CodeIgniter->run()
 9 SYSTEMPATH\Commands\Server\rewrite.php(47): require_once('D:\\Projects\\KPS\\PHP\\MyUMKM\\Sub\\DapurFirdaus\\public\\index.php')
