CRITICAL - 2023-06-08 04:38:19 --> Invalid file: "_admin/portal/home.php"
in SYSTEMPATH\Exceptions\FrameworkException.php on line 33.
 1 SYSTEMPATH\View\View.php(201): CodeIgniter\Exceptions\FrameworkException::forInvalidFile('_admin/portal/home.php')
 2 SYSTEMPATH\Common.php(1184): CodeIgniter\View\View->render('_admin/portal/home', [], true)
 3 APPPATH\Controllers\ControllerPreProcessor.php(142): view('_admin/portal/home', [...])
 4 APPPATH\Controllers\Admin\AdminController.php(65): App\Controllers\ControllerPreProcessor->view('portal/home')
 5 APPPATH\Controllers\ControllerPreProcessor.php(214): App\Controllers\Admin\AdminController->App\Controllers\Admin\{closure}([...])
 6 APPPATH\Controllers\Admin\AdminController.php(70): App\Controllers\ControllerPreProcessor->authHandler(Object(Closure), null, [], 'portal/home')
 7 APPPATH\Controllers\Admin\Pages.php(30): App\Controllers\Admin\AdminController->viewPage('portal/home')
 8 SYSTEMPATH\CodeIgniter.php(934): App\Controllers\Admin\Pages->index()
 9 SYSTEMPATH\CodeIgniter.php(499): CodeIgniter\CodeIgniter->runController(Object(App\Controllers\Admin\Pages))
10 SYSTEMPATH\CodeIgniter.php(368): CodeIgniter\CodeIgniter->handleRequest(null, Object(Config\Cache), false)
11 FCPATH\index.php(70): CodeIgniter\CodeIgniter->run()
12 SYSTEMPATH\Commands\Server\rewrite.php(47): require_once('D:\\Projects\\KPS\\PHP\\MyUMKM\\Sub\\DapurFirdaus\\public\\index.php')
CRITICAL - 2023-06-08 04:38:48 --> Invalid file: "_admin/portal/home.php"
in SYSTEMPATH\Exceptions\FrameworkException.php on line 33.
 1 SYSTEMPATH\View\View.php(201): CodeIgniter\Exceptions\FrameworkException::forInvalidFile('_admin/portal/home.php')
 2 SYSTEMPATH\Common.php(1184): CodeIgniter\View\View->render('_admin/portal/home', [], true)
 3 APPPATH\Controllers\ControllerPreProcessor.php(142): view('_admin/portal/home', [...])
 4 APPPATH\Controllers\Admin\AdminController.php(67): App\Controllers\ControllerPreProcessor->view('portal/home')
 5 APPPATH\Controllers\ControllerPreProcessor.php(214): App\Controllers\Admin\AdminController->App\Controllers\Admin\{closure}([...])
 6 APPPATH\Controllers\Admin\AdminController.php(72): App\Controllers\ControllerPreProcessor->authHandler(Object(Closure), null, [], 'portal/home')
 7 APPPATH\Controllers\Admin\Pages.php(30): App\Controllers\Admin\AdminController->viewPage('portal/home')
 8 SYSTEMPATH\CodeIgniter.php(934): App\Controllers\Admin\Pages->index()
 9 SYSTEMPATH\CodeIgniter.php(499): CodeIgniter\CodeIgniter->runController(Object(App\Controllers\Admin\Pages))
10 SYSTEMPATH\CodeIgniter.php(368): CodeIgniter\CodeIgniter->handleRequest(null, Object(Config\Cache), false)
11 FCPATH\index.php(70): CodeIgniter\CodeIgniter->run()
12 SYSTEMPATH\Commands\Server\rewrite.php(47): require_once('D:\\Projects\\KPS\\PHP\\MyUMKM\\Sub\\DapurFirdaus\\public\\index.php')
CRITICAL - 2023-06-08 04:38:51 --> Invalid file: "_admin/portal/home.php"
in SYSTEMPATH\Exceptions\FrameworkException.php on line 33.
 1 SYSTEMPATH\View\View.php(201): CodeIgniter\Exceptions\FrameworkException::forInvalidFile('_admin/portal/home.php')
 2 SYSTEMPATH\Common.php(1184): CodeIgniter\View\View->render('_admin/portal/home', [], true)
 3 APPPATH\Controllers\ControllerPreProcessor.php(142): view('_admin/portal/home', [...])
 4 APPPATH\Controllers\Admin\AdminController.php(67): App\Controllers\ControllerPreProcessor->view('portal/home')
 5 APPPATH\Controllers\ControllerPreProcessor.php(214): App\Controllers\Admin\AdminController->App\Controllers\Admin\{closure}([...])
 6 APPPATH\Controllers\Admin\AdminController.php(72): App\Controllers\ControllerPreProcessor->authHandler(Object(Closure), false, [], 'portal/home')
 7 APPPATH\Controllers\Admin\Pages.php(30): App\Controllers\Admin\AdminController->viewPage('portal/home')
 8 SYSTEMPATH\CodeIgniter.php(934): App\Controllers\Admin\Pages->index()
 9 SYSTEMPATH\CodeIgniter.php(499): CodeIgniter\CodeIgniter->runController(Object(App\Controllers\Admin\Pages))
10 SYSTEMPATH\CodeIgniter.php(368): CodeIgniter\CodeIgniter->handleRequest(null, Object(Config\Cache), false)
11 FCPATH\index.php(70): CodeIgniter\CodeIgniter->run()
12 SYSTEMPATH\Commands\Server\rewrite.php(47): require_once('D:\\Projects\\KPS\\PHP\\MyUMKM\\Sub\\DapurFirdaus\\public\\index.php')
CRITICAL - 2023-06-08 04:45:27 --> Attempt to read property "status" on null
in APPPATH\Controllers\Admin\AdminController.php on line 68.
 1 APPPATH\Controllers\Admin\AdminController.php(68): CodeIgniter\Debug\Exceptions->errorHandler(2, 'Attempt to read property "status" on null', 'D:\\Projects\\KPS\\PHP\\MyUMKM\\Sub\\DapurFirdaus\\app\\Controllers\\Admin\\AdminController.php', 68)
 2 APPPATH\Controllers\Admin\Pages.php(30): App\Controllers\Admin\AdminController->viewPage('portal/home')
 3 SYSTEMPATH\CodeIgniter.php(934): App\Controllers\Admin\Pages->index()
 4 SYSTEMPATH\CodeIgniter.php(499): CodeIgniter\CodeIgniter->runController(Object(App\Controllers\Admin\Pages))
 5 SYSTEMPATH\CodeIgniter.php(368): CodeIgniter\CodeIgniter->handleRequest(null, Object(Config\Cache), false)
 6 FCPATH\index.php(70): CodeIgniter\CodeIgniter->run()
 7 SYSTEMPATH\Commands\Server\rewrite.php(47): require_once('D:\\Projects\\KPS\\PHP\\MyUMKM\\Sub\\DapurFirdaus\\public\\index.php')
CRITICAL - 2023-06-08 19:06:32 --> Undefined property: CodeIgniter\HTTP\IncomingRequest::$auth
in APPPATH\Controllers\ControllerPreProcessor.php on line 209.
 1 APPPATH\Controllers\ControllerPreProcessor.php(209): CodeIgniter\Debug\Exceptions->errorHandler(2, 'Undefined property: CodeIgniter\\HTTP\\IncomingRequest::$auth', 'D:\\Projects\\KPS\\PHP\\MyUMKM\\Sub\\DapurFirdaus\\app\\Controllers\\ControllerPreProcessor.php', 209)
 2 APPPATH\Controllers\Commercial\CommercialController.php(75): App\Controllers\ControllerPreProcessor->authHandler(Object(Closure), Object(Closure), [...], 'home/index')
 3 APPPATH\Controllers\Commercial\HomePage.php(34): App\Controllers\Commercial\CommercialController->viewPage('home/index')
 4 SYSTEMPATH\CodeIgniter.php(934): App\Controllers\Commercial\HomePage->index()
 5 SYSTEMPATH\CodeIgniter.php(499): CodeIgniter\CodeIgniter->runController(Object(App\Controllers\Commercial\HomePage))
 6 SYSTEMPATH\CodeIgniter.php(368): CodeIgniter\CodeIgniter->handleRequest(null, Object(Config\Cache), false)
 7 FCPATH\index.php(70): CodeIgniter\CodeIgniter->run()
 8 SYSTEMPATH\Commands\Server\rewrite.php(47): require_once('D:\\Projects\\KPS\\PHP\\MyUMKM\\Sub\\DapurFirdaus\\public\\index.php')
CRITICAL - 2023-06-08 19:06:32 --> Undefined property: CodeIgniter\HTTP\IncomingRequest::$auth
in APPPATH\Controllers\ControllerPreProcessor.php on line 209.
 1 APPPATH\Controllers\ControllerPreProcessor.php(209): CodeIgniter\Debug\Exceptions->errorHandler(2, 'Undefined property: CodeIgniter\\HTTP\\IncomingRequest::$auth', 'D:\\Projects\\KPS\\PHP\\MyUMKM\\Sub\\DapurFirdaus\\app\\Controllers\\ControllerPreProcessor.php', 209)
 2 APPPATH\Controllers\Commercial\CommercialController.php(75): App\Controllers\ControllerPreProcessor->authHandler(Object(Closure), Object(Closure), [...], 'home/index')
 3 APPPATH\Controllers\Commercial\HomePage.php(34): App\Controllers\Commercial\CommercialController->viewPage('home/index')
 4 SYSTEMPATH\CodeIgniter.php(934): App\Controllers\Commercial\HomePage->index()
 5 SYSTEMPATH\CodeIgniter.php(499): CodeIgniter\CodeIgniter->runController(Object(App\Controllers\Commercial\HomePage))
 6 SYSTEMPATH\CodeIgniter.php(368): CodeIgniter\CodeIgniter->handleRequest(null, Object(Config\Cache), false)
 7 FCPATH\index.php(70): CodeIgniter\CodeIgniter->run()
 8 SYSTEMPATH\Commands\Server\rewrite.php(47): require_once('D:\\Projects\\KPS\\PHP\\MyUMKM\\Sub\\DapurFirdaus\\public\\index.php')
CRITICAL - 2023-06-08 19:35:29 --> Undefined property: CodeIgniter\HTTP\IncomingRequest::$auth
in APPPATH\Controllers\ControllerPreProcessor.php on line 209.
 1 APPPATH\Controllers\ControllerPreProcessor.php(209): CodeIgniter\Debug\Exceptions->errorHandler(2, 'Undefined property: CodeIgniter\\HTTP\\IncomingRequest::$auth', 'D:\\Projects\\KPS\\PHP\\MyUMKM\\Sub\\DapurFirdaus\\app\\Controllers\\ControllerPreProcessor.php', 209)
 2 APPPATH\Controllers\Commercial\CommercialController.php(75): App\Controllers\ControllerPreProcessor->authHandler(Object(Closure), Object(Closure), [...], 'home/index')
 3 APPPATH\Controllers\Commercial\HomePage.php(34): App\Controllers\Commercial\CommercialController->viewPage('home/index')
 4 SYSTEMPATH\CodeIgniter.php(934): App\Controllers\Commercial\HomePage->index()
 5 SYSTEMPATH\CodeIgniter.php(499): CodeIgniter\CodeIgniter->runController(Object(App\Controllers\Commercial\HomePage))
 6 SYSTEMPATH\CodeIgniter.php(368): CodeIgniter\CodeIgniter->handleRequest(null, Object(Config\Cache), false)
 7 FCPATH\index.php(70): CodeIgniter\CodeIgniter->run()
 8 SYSTEMPATH\Commands\Server\rewrite.php(47): require_once('D:\\Projects\\KPS\\PHP\\MyUMKM\\Sub\\DapurFirdaus\\public\\index.php')
