CRITICAL - 2023-06-27 06:18:23 --> Call to private method App\Controllers\Admin\AdminController::__unauthorizedScheme() from scope App\Controllers\Admin\CookieTest
in APPPATH\Controllers\Admin\CookieTest.php on line 19.
 1 APPPATH\Controllers\ControllerPreProcessor.php(202): App\Controllers\Admin\CookieTest->App\Controllers\Admin\{closure}([...])
 2 APPPATH\Controllers\Admin\CookieTest.php(52): App\Controllers\ControllerPreProcessor->authHandler(Object(Closure), Object(Closure), [...])
 3 SYSTEMPATH\CodeIgniter.php(934): App\Controllers\Admin\CookieTest->index()
 4 SYSTEMPATH\CodeIgniter.php(499): CodeIgniter\CodeIgniter->runController(Object(App\Controllers\Admin\CookieTest))
 5 SYSTEMPATH\CodeIgniter.php(368): CodeIgniter\CodeIgniter->handleRequest(null, Object(Config\Cache), false)
 6 FCPATH\index.php(70): CodeIgniter\CodeIgniter->run()
 7 SYSTEMPATH\Commands\Server\rewrite.php(47): require_once('D:\\Projects\\KPS\\PHP\\MyUMKM\\Sub\\DapurFirdaus\\public\\index.php')
CRITICAL - 2023-06-27 06:19:40 --> Call to private method App\Controllers\Admin\AdminController::__unauthorizedScheme() from scope App\Controllers\Admin\CookieTest
in APPPATH\Controllers\Admin\CookieTest.php on line 21.
 1 APPPATH\Controllers\ControllerPreProcessor.php(202): App\Controllers\Admin\CookieTest->App\Controllers\Admin\{closure}([...])
 2 APPPATH\Controllers\Admin\CookieTest.php(54): App\Controllers\ControllerPreProcessor->authHandler(Object(Closure), Object(Closure), [...])
 3 SYSTEMPATH\CodeIgniter.php(934): App\Controllers\Admin\CookieTest->index()
 4 SYSTEMPATH\CodeIgniter.php(499): CodeIgniter\CodeIgniter->runController(Object(App\Controllers\Admin\CookieTest))
 5 SYSTEMPATH\CodeIgniter.php(368): CodeIgniter\CodeIgniter->handleRequest(null, Object(Config\Cache), false)
 6 FCPATH\index.php(70): CodeIgniter\CodeIgniter->run()
 7 SYSTEMPATH\Commands\Server\rewrite.php(47): require_once('D:\\Projects\\KPS\\PHP\\MyUMKM\\Sub\\DapurFirdaus\\public\\index.php')
CRITICAL - 2023-06-27 06:19:49 --> Call to private method App\Controllers\Admin\AdminController::__unauthorizedScheme() from scope App\Controllers\Admin\CookieTest
in APPPATH\Controllers\Admin\CookieTest.php on line 21.
 1 APPPATH\Controllers\ControllerPreProcessor.php(202): App\Controllers\Admin\CookieTest->App\Controllers\Admin\{closure}([...])
 2 APPPATH\Controllers\Admin\CookieTest.php(54): App\Controllers\ControllerPreProcessor->authHandler(Object(Closure), Object(Closure), [...])
 3 SYSTEMPATH\CodeIgniter.php(934): App\Controllers\Admin\CookieTest->index()
 4 SYSTEMPATH\CodeIgniter.php(499): CodeIgniter\CodeIgniter->runController(Object(App\Controllers\Admin\CookieTest))
 5 SYSTEMPATH\CodeIgniter.php(368): CodeIgniter\CodeIgniter->handleRequest(null, Object(Config\Cache), false)
 6 FCPATH\index.php(70): CodeIgniter\CodeIgniter->run()
 7 SYSTEMPATH\Commands\Server\rewrite.php(47): require_once('D:\\Projects\\KPS\\PHP\\MyUMKM\\Sub\\DapurFirdaus\\public\\index.php')
CRITICAL - 2023-06-27 06:46:40 --> Call to undefined method App\Controllers\Admin\CookieTest::preparation()
in APPPATH\Controllers\Admin\CookieTest.php on line 35.
 1 APPPATH\Controllers\ControllerPreProcessor.php(171): App\Controllers\Admin\CookieTest->App\Controllers\Admin\{closure}([...])
 2 APPPATH\Controllers\Admin\CookieTest.php(33): App\Controllers\ControllerPreProcessor->tryCatch(Object(Closure), [...])
 3 APPPATH\Controllers\Admin\CookieTest.php(19): App\Controllers\Admin\CookieTest->__unauthorizedScheme([...])
 4 APPPATH\Controllers\ControllerPreProcessor.php(202): App\Controllers\Admin\CookieTest->App\Controllers\Admin\{closure}([...])
 5 APPPATH\Controllers\Admin\CookieTest.php(53): App\Controllers\ControllerPreProcessor->authHandler(Object(Closure), Object(Closure), [...])
 6 SYSTEMPATH\CodeIgniter.php(934): App\Controllers\Admin\CookieTest->index()
 7 SYSTEMPATH\CodeIgniter.php(499): CodeIgniter\CodeIgniter->runController(Object(App\Controllers\Admin\CookieTest))
 8 SYSTEMPATH\CodeIgniter.php(368): CodeIgniter\CodeIgniter->handleRequest(null, Object(Config\Cache), false)
 9 FCPATH\index.php(70): CodeIgniter\CodeIgniter->run()
10 SYSTEMPATH\Commands\Server\rewrite.php(47): require_once('D:\\Projects\\KPS\\PHP\\MyUMKM\\Sub\\DapurFirdaus\\public\\index.php')
CRITICAL - 2023-06-27 07:03:08 --> Undefined array key "hesoyam"
in APPPATH\Controllers\Admin\CookieTest.php on line 36.
 1 APPPATH\Controllers\Admin\CookieTest.php(36): CodeIgniter\Debug\Exceptions->errorHandler(2, 'Undefined array key "hesoyam"', 'D:\\Projects\\KPS\\PHP\\MyUMKM\\Sub\\DapurFirdaus\\app\\Controllers\\Admin\\CookieTest.php', 36)
 2 APPPATH\Controllers\ControllerPreProcessor.php(171): App\Controllers\Admin\CookieTest->App\Controllers\Admin\{closure}([...])
 3 APPPATH\Controllers\Admin\CookieTest.php(33): App\Controllers\ControllerPreProcessor->tryCatch(Object(Closure), [...])
 4 APPPATH\Controllers\Admin\CookieTest.php(19): App\Controllers\Admin\CookieTest->__unauthorizedScheme([...])
 5 APPPATH\Controllers\ControllerPreProcessor.php(202): App\Controllers\Admin\CookieTest->App\Controllers\Admin\{closure}([...])
 6 APPPATH\Controllers\Admin\CookieTest.php(60): App\Controllers\ControllerPreProcessor->authHandler(Object(Closure), Object(Closure), [...])
 7 SYSTEMPATH\CodeIgniter.php(934): App\Controllers\Admin\CookieTest->index()
 8 SYSTEMPATH\CodeIgniter.php(499): CodeIgniter\CodeIgniter->runController(Object(App\Controllers\Admin\CookieTest))
 9 SYSTEMPATH\CodeIgniter.php(368): CodeIgniter\CodeIgniter->handleRequest(null, Object(Config\Cache), false)
10 FCPATH\index.php(70): CodeIgniter\CodeIgniter->run()
11 SYSTEMPATH\Commands\Server\rewrite.php(47): require_once('D:\\Projects\\KPS\\PHP\\MyUMKM\\Sub\\DapurFirdaus\\public\\index.php')
CRITICAL - 2023-06-27 09:05:29 --> setcookie(): "expires" option cannot have a year greater than 9999
in APPPATH\Controllers\Commercial\CookieTest.php on line 68.
 1 APPPATH\Controllers\Commercial\CookieTest.php(68): setcookie('hesoyam', 'hesoyam', [...])
 2 SYSTEMPATH\CodeIgniter.php(934): App\Controllers\Commercial\CookieTest->index()
 3 SYSTEMPATH\CodeIgniter.php(499): CodeIgniter\CodeIgniter->runController(Object(App\Controllers\Commercial\CookieTest))
 4 SYSTEMPATH\CodeIgniter.php(368): CodeIgniter\CodeIgniter->handleRequest(null, Object(Config\Cache), false)
 5 FCPATH\index.php(70): CodeIgniter\CodeIgniter->run()
 6 SYSTEMPATH\Commands\Server\rewrite.php(47): require_once('D:\\Projects\\KPS\\PHP\\MyUMKM\\Sub\\DapurFirdaus\\public\\index.php')
