WARNING - 2023-07-27 11:19:59 --> [DEPRECATED] Optional parameter $id declared before required parameter $errFunction is implicitly treated as a required parameter in APPPATH\API\V1\Catalog\Product\Category\Update.php on line 121.
 1 SYSTEMPATH\Autoloader\Autoloader.php(312): include_once('D:\\Projects\\KPS\\PHP\\CI4_Cores\\vendor\\codeigniter4\\framework\\system\\Debug\\Exceptions.php')
 2 SYSTEMPATH\Autoloader\Autoloader.php(289): CodeIgniter\Autoloader\Autoloader->includeFile('D:\\Projects\\KPS\\PHP\\MyUMKM\\Sub\\DapurFirdaus\\app\\API\\V1\\Catalog\\Product\\Category\\Update.php')
 3 SYSTEMPATH\Autoloader\Autoloader.php(267): CodeIgniter\Autoloader\Autoloader->loadInNamespace('App\\API\\V1\\Catalog\\Product\\Category\\Update')
 4 [internal function]: CodeIgniter\Autoloader\Autoloader->loadClass('App\\API\\V1\\Catalog\\Product\\Category\\Update')
 5 SYSTEMPATH\CodeIgniter.php(892): class_exists('\\App\\API\\V1\\Catalog\\Product\\Category\\Update', true)
 6 SYSTEMPATH\CodeIgniter.php(486): CodeIgniter\CodeIgniter->startController()
 7 SYSTEMPATH\CodeIgniter.php(368): CodeIgniter\CodeIgniter->handleRequest(null, Object(Config\Cache), false)
 8 FCPATH\index.php(70): CodeIgniter\CodeIgniter->run()
 9 SYSTEMPATH\Commands\Server\rewrite.php(47): require_once('D:\\Projects\\KPS\\PHP\\MyUMKM\\Sub\\DapurFirdaus\\public\\index.php')
WARNING - 2023-07-27 11:20:17 --> [DEPRECATED] Optional parameter $id declared before required parameter $errFunction is implicitly treated as a required parameter in APPPATH\API\V1\Catalog\Product\Category\Update.php on line 121.
 1 SYSTEMPATH\Autoloader\Autoloader.php(312): include_once('D:\\Projects\\KPS\\PHP\\CI4_Cores\\vendor\\codeigniter4\\framework\\system\\Debug\\Exceptions.php')
 2 SYSTEMPATH\Autoloader\Autoloader.php(289): CodeIgniter\Autoloader\Autoloader->includeFile('D:\\Projects\\KPS\\PHP\\MyUMKM\\Sub\\DapurFirdaus\\app\\API\\V1\\Catalog\\Product\\Category\\Update.php')
 3 SYSTEMPATH\Autoloader\Autoloader.php(267): CodeIgniter\Autoloader\Autoloader->loadInNamespace('App\\API\\V1\\Catalog\\Product\\Category\\Update')
 4 [internal function]: CodeIgniter\Autoloader\Autoloader->loadClass('App\\API\\V1\\Catalog\\Product\\Category\\Update')
 5 SYSTEMPATH\CodeIgniter.php(892): class_exists('\\App\\API\\V1\\Catalog\\Product\\Category\\Update', true)
 6 SYSTEMPATH\CodeIgniter.php(486): CodeIgniter\CodeIgniter->startController()
 7 SYSTEMPATH\CodeIgniter.php(368): CodeIgniter\CodeIgniter->handleRequest(null, Object(Config\Cache), false)
 8 FCPATH\index.php(70): CodeIgniter\CodeIgniter->run()
 9 SYSTEMPATH\Commands\Server\rewrite.php(47): require_once('D:\\Projects\\KPS\\PHP\\MyUMKM\\Sub\\DapurFirdaus\\public\\index.php')
WARNING - 2023-07-27 11:20:36 --> [DEPRECATED] Optional parameter $id declared before required parameter $errFunction is implicitly treated as a required parameter in APPPATH\API\V1\Catalog\Product\Category\Update.php on line 123.
 1 SYSTEMPATH\Autoloader\Autoloader.php(312): include_once('D:\\Projects\\KPS\\PHP\\CI4_Cores\\vendor\\codeigniter4\\framework\\system\\Debug\\Exceptions.php')
 2 SYSTEMPATH\Autoloader\Autoloader.php(289): CodeIgniter\Autoloader\Autoloader->includeFile('D:\\Projects\\KPS\\PHP\\MyUMKM\\Sub\\DapurFirdaus\\app\\API\\V1\\Catalog\\Product\\Category\\Update.php')
 3 SYSTEMPATH\Autoloader\Autoloader.php(267): CodeIgniter\Autoloader\Autoloader->loadInNamespace('App\\API\\V1\\Catalog\\Product\\Category\\Update')
 4 [internal function]: CodeIgniter\Autoloader\Autoloader->loadClass('App\\API\\V1\\Catalog\\Product\\Category\\Update')
 5 SYSTEMPATH\CodeIgniter.php(892): class_exists('\\App\\API\\V1\\Catalog\\Product\\Category\\Update', true)
 6 SYSTEMPATH\CodeIgniter.php(486): CodeIgniter\CodeIgniter->startController()
 7 SYSTEMPATH\CodeIgniter.php(368): CodeIgniter\CodeIgniter->handleRequest(null, Object(Config\Cache), false)
 8 FCPATH\index.php(70): CodeIgniter\CodeIgniter->run()
 9 SYSTEMPATH\Commands\Server\rewrite.php(47): require_once('D:\\Projects\\KPS\\PHP\\MyUMKM\\Sub\\DapurFirdaus\\public\\index.php')
WARNING - 2023-07-27 11:21:55 --> [DEPRECATED] Optional parameter $id declared before required parameter $errFunction is implicitly treated as a required parameter in APPPATH\API\V1\Catalog\Product\Category\Update.php on line 123.
 1 SYSTEMPATH\Autoloader\Autoloader.php(312): include_once('D:\\Projects\\KPS\\PHP\\CI4_Cores\\vendor\\codeigniter4\\framework\\system\\Debug\\Exceptions.php')
 2 SYSTEMPATH\Autoloader\Autoloader.php(289): CodeIgniter\Autoloader\Autoloader->includeFile('D:\\Projects\\KPS\\PHP\\MyUMKM\\Sub\\DapurFirdaus\\app\\API\\V1\\Catalog\\Product\\Category\\Update.php')
 3 SYSTEMPATH\Autoloader\Autoloader.php(267): CodeIgniter\Autoloader\Autoloader->loadInNamespace('App\\API\\V1\\Catalog\\Product\\Category\\Update')
 4 [internal function]: CodeIgniter\Autoloader\Autoloader->loadClass('App\\API\\V1\\Catalog\\Product\\Category\\Update')
 5 SYSTEMPATH\CodeIgniter.php(892): class_exists('\\App\\API\\V1\\Catalog\\Product\\Category\\Update', true)
 6 SYSTEMPATH\CodeIgniter.php(486): CodeIgniter\CodeIgniter->startController()
 7 SYSTEMPATH\CodeIgniter.php(368): CodeIgniter\CodeIgniter->handleRequest(null, Object(Config\Cache), false)
 8 FCPATH\index.php(70): CodeIgniter\CodeIgniter->run()
 9 SYSTEMPATH\Commands\Server\rewrite.php(47): require_once('D:\\Projects\\KPS\\PHP\\MyUMKM\\Sub\\DapurFirdaus\\public\\index.php')
WARNING - 2023-07-27 11:22:37 --> [DEPRECATED] Optional parameter $id declared before required parameter $errFunction is implicitly treated as a required parameter in APPPATH\API\V1\Catalog\Product\Category\Update.php on line 124.
 1 SYSTEMPATH\Autoloader\Autoloader.php(312): include_once('D:\\Projects\\KPS\\PHP\\CI4_Cores\\vendor\\codeigniter4\\framework\\system\\Debug\\Exceptions.php')
 2 SYSTEMPATH\Autoloader\Autoloader.php(289): CodeIgniter\Autoloader\Autoloader->includeFile('D:\\Projects\\KPS\\PHP\\MyUMKM\\Sub\\DapurFirdaus\\app\\API\\V1\\Catalog\\Product\\Category\\Update.php')
 3 SYSTEMPATH\Autoloader\Autoloader.php(267): CodeIgniter\Autoloader\Autoloader->loadInNamespace('App\\API\\V1\\Catalog\\Product\\Category\\Update')
 4 [internal function]: CodeIgniter\Autoloader\Autoloader->loadClass('App\\API\\V1\\Catalog\\Product\\Category\\Update')
 5 SYSTEMPATH\CodeIgniter.php(892): class_exists('\\App\\API\\V1\\Catalog\\Product\\Category\\Update', true)
 6 SYSTEMPATH\CodeIgniter.php(486): CodeIgniter\CodeIgniter->startController()
 7 SYSTEMPATH\CodeIgniter.php(368): CodeIgniter\CodeIgniter->handleRequest(null, Object(Config\Cache), false)
 8 FCPATH\index.php(70): CodeIgniter\CodeIgniter->run()
 9 SYSTEMPATH\Commands\Server\rewrite.php(47): require_once('D:\\Projects\\KPS\\PHP\\MyUMKM\\Sub\\DapurFirdaus\\public\\index.php')
WARNING - 2023-07-27 11:24:04 --> [DEPRECATED] Optional parameter $id declared before required parameter $errFunction is implicitly treated as a required parameter in APPPATH\API\V1\Catalog\Product\Category\Update.php on line 123.
 1 SYSTEMPATH\Autoloader\Autoloader.php(312): include_once('D:\\Projects\\KPS\\PHP\\CI4_Cores\\vendor\\codeigniter4\\framework\\system\\Debug\\Exceptions.php')
 2 SYSTEMPATH\Autoloader\Autoloader.php(289): CodeIgniter\Autoloader\Autoloader->includeFile('D:\\Projects\\KPS\\PHP\\MyUMKM\\Sub\\DapurFirdaus\\app\\API\\V1\\Catalog\\Product\\Category\\Update.php')
 3 SYSTEMPATH\Autoloader\Autoloader.php(267): CodeIgniter\Autoloader\Autoloader->loadInNamespace('App\\API\\V1\\Catalog\\Product\\Category\\Update')
 4 [internal function]: CodeIgniter\Autoloader\Autoloader->loadClass('App\\API\\V1\\Catalog\\Product\\Category\\Update')
 5 SYSTEMPATH\CodeIgniter.php(892): class_exists('\\App\\API\\V1\\Catalog\\Product\\Category\\Update', true)
 6 SYSTEMPATH\CodeIgniter.php(486): CodeIgniter\CodeIgniter->startController()
 7 SYSTEMPATH\CodeIgniter.php(368): CodeIgniter\CodeIgniter->handleRequest(null, Object(Config\Cache), false)
 8 FCPATH\index.php(70): CodeIgniter\CodeIgniter->run()
 9 SYSTEMPATH\Commands\Server\rewrite.php(47): require_once('D:\\Projects\\KPS\\PHP\\MyUMKM\\Sub\\DapurFirdaus\\public\\index.php')
WARNING - 2023-07-27 11:24:13 --> [DEPRECATED] Optional parameter $id declared before required parameter $errFunction is implicitly treated as a required parameter in APPPATH\API\V1\Catalog\Product\Category\Update.php on line 123.
 1 SYSTEMPATH\Autoloader\Autoloader.php(312): include_once('D:\\Projects\\KPS\\PHP\\CI4_Cores\\vendor\\codeigniter4\\framework\\system\\Debug\\Exceptions.php')
 2 SYSTEMPATH\Autoloader\Autoloader.php(289): CodeIgniter\Autoloader\Autoloader->includeFile('D:\\Projects\\KPS\\PHP\\MyUMKM\\Sub\\DapurFirdaus\\app\\API\\V1\\Catalog\\Product\\Category\\Update.php')
 3 SYSTEMPATH\Autoloader\Autoloader.php(267): CodeIgniter\Autoloader\Autoloader->loadInNamespace('App\\API\\V1\\Catalog\\Product\\Category\\Update')
 4 [internal function]: CodeIgniter\Autoloader\Autoloader->loadClass('App\\API\\V1\\Catalog\\Product\\Category\\Update')
 5 SYSTEMPATH\CodeIgniter.php(892): class_exists('\\App\\API\\V1\\Catalog\\Product\\Category\\Update', true)
 6 SYSTEMPATH\CodeIgniter.php(486): CodeIgniter\CodeIgniter->startController()
 7 SYSTEMPATH\CodeIgniter.php(368): CodeIgniter\CodeIgniter->handleRequest(null, Object(Config\Cache), false)
 8 FCPATH\index.php(70): CodeIgniter\CodeIgniter->run()
 9 SYSTEMPATH\Commands\Server\rewrite.php(47): require_once('D:\\Projects\\KPS\\PHP\\MyUMKM\\Sub\\DapurFirdaus\\public\\index.php')
WARNING - 2023-07-27 11:24:25 --> [DEPRECATED] Optional parameter $id declared before required parameter $errFunction is implicitly treated as a required parameter in APPPATH\API\V1\Catalog\Product\Category\Update.php on line 123.
 1 SYSTEMPATH\Autoloader\Autoloader.php(312): include_once('D:\\Projects\\KPS\\PHP\\CI4_Cores\\vendor\\codeigniter4\\framework\\system\\Debug\\Exceptions.php')
 2 SYSTEMPATH\Autoloader\Autoloader.php(289): CodeIgniter\Autoloader\Autoloader->includeFile('D:\\Projects\\KPS\\PHP\\MyUMKM\\Sub\\DapurFirdaus\\app\\API\\V1\\Catalog\\Product\\Category\\Update.php')
 3 SYSTEMPATH\Autoloader\Autoloader.php(267): CodeIgniter\Autoloader\Autoloader->loadInNamespace('App\\API\\V1\\Catalog\\Product\\Category\\Update')
 4 [internal function]: CodeIgniter\Autoloader\Autoloader->loadClass('App\\API\\V1\\Catalog\\Product\\Category\\Update')
 5 SYSTEMPATH\CodeIgniter.php(892): class_exists('\\App\\API\\V1\\Catalog\\Product\\Category\\Update', true)
 6 SYSTEMPATH\CodeIgniter.php(486): CodeIgniter\CodeIgniter->startController()
 7 SYSTEMPATH\CodeIgniter.php(368): CodeIgniter\CodeIgniter->handleRequest(null, Object(Config\Cache), false)
 8 FCPATH\index.php(70): CodeIgniter\CodeIgniter->run()
 9 SYSTEMPATH\Commands\Server\rewrite.php(47): require_once('D:\\Projects\\KPS\\PHP\\MyUMKM\\Sub\\DapurFirdaus\\public\\index.php')
WARNING - 2023-07-27 11:29:12 --> [DEPRECATED] Optional parameter $id declared before required parameter $errFunction is implicitly treated as a required parameter in APPPATH\API\V1\Catalog\Product\Category\Update.php on line 125.
 1 SYSTEMPATH\Autoloader\Autoloader.php(312): include_once('D:\\Projects\\KPS\\PHP\\CI4_Cores\\vendor\\codeigniter4\\framework\\system\\Debug\\Exceptions.php')
 2 SYSTEMPATH\Autoloader\Autoloader.php(289): CodeIgniter\Autoloader\Autoloader->includeFile('D:\\Projects\\KPS\\PHP\\MyUMKM\\Sub\\DapurFirdaus\\app\\API\\V1\\Catalog\\Product\\Category\\Update.php')
 3 SYSTEMPATH\Autoloader\Autoloader.php(267): CodeIgniter\Autoloader\Autoloader->loadInNamespace('App\\API\\V1\\Catalog\\Product\\Category\\Update')
 4 [internal function]: CodeIgniter\Autoloader\Autoloader->loadClass('App\\API\\V1\\Catalog\\Product\\Category\\Update')
 5 SYSTEMPATH\CodeIgniter.php(892): class_exists('\\App\\API\\V1\\Catalog\\Product\\Category\\Update', true)
 6 SYSTEMPATH\CodeIgniter.php(486): CodeIgniter\CodeIgniter->startController()
 7 SYSTEMPATH\CodeIgniter.php(368): CodeIgniter\CodeIgniter->handleRequest(null, Object(Config\Cache), false)
 8 FCPATH\index.php(70): CodeIgniter\CodeIgniter->run()
 9 SYSTEMPATH\Commands\Server\rewrite.php(47): require_once('D:\\Projects\\KPS\\PHP\\MyUMKM\\Sub\\DapurFirdaus\\public\\index.php')
CRITICAL - 2023-07-27 11:29:12 --> Undefined array key "name"
in APPPATH\API\V1\Catalog\Product\Category\Update.php on line 44.
 1 APPPATH\API\V1\Catalog\Product\Category\Update.php(44): CodeIgniter\Debug\Exceptions->errorHandler(2, 'Undefined array key "name"', 'D:\\Projects\\KPS\\PHP\\MyUMKM\\Sub\\DapurFirdaus\\app\\API\\V1\\Catalog\\Product\\Category\\Update.php', 44)
 2 SYSTEMPATH\CodeIgniter.php(934): App\API\V1\Catalog\Product\Category\Update->index('MQ==')
 3 SYSTEMPATH\CodeIgniter.php(499): CodeIgniter\CodeIgniter->runController(Object(App\API\V1\Catalog\Product\Category\Update))
 4 SYSTEMPATH\CodeIgniter.php(368): CodeIgniter\CodeIgniter->handleRequest(null, Object(Config\Cache), false)
 5 FCPATH\index.php(70): CodeIgniter\CodeIgniter->run()
 6 SYSTEMPATH\Commands\Server\rewrite.php(47): require_once('D:\\Projects\\KPS\\PHP\\MyUMKM\\Sub\\DapurFirdaus\\public\\index.php')
WARNING - 2023-07-27 11:29:20 --> [DEPRECATED] Optional parameter $id declared before required parameter $errFunction is implicitly treated as a required parameter in APPPATH\API\V1\Catalog\Product\Category\Update.php on line 125.
 1 SYSTEMPATH\Autoloader\Autoloader.php(312): include_once('D:\\Projects\\KPS\\PHP\\CI4_Cores\\vendor\\codeigniter4\\framework\\system\\Debug\\Exceptions.php')
 2 SYSTEMPATH\Autoloader\Autoloader.php(289): CodeIgniter\Autoloader\Autoloader->includeFile('D:\\Projects\\KPS\\PHP\\MyUMKM\\Sub\\DapurFirdaus\\app\\API\\V1\\Catalog\\Product\\Category\\Update.php')
 3 SYSTEMPATH\Autoloader\Autoloader.php(267): CodeIgniter\Autoloader\Autoloader->loadInNamespace('App\\API\\V1\\Catalog\\Product\\Category\\Update')
 4 [internal function]: CodeIgniter\Autoloader\Autoloader->loadClass('App\\API\\V1\\Catalog\\Product\\Category\\Update')
 5 SYSTEMPATH\CodeIgniter.php(892): class_exists('\\App\\API\\V1\\Catalog\\Product\\Category\\Update', true)
 6 SYSTEMPATH\CodeIgniter.php(486): CodeIgniter\CodeIgniter->startController()
 7 SYSTEMPATH\CodeIgniter.php(368): CodeIgniter\CodeIgniter->handleRequest(null, Object(Config\Cache), false)
 8 FCPATH\index.php(70): CodeIgniter\CodeIgniter->run()
 9 SYSTEMPATH\Commands\Server\rewrite.php(47): require_once('D:\\Projects\\KPS\\PHP\\MyUMKM\\Sub\\DapurFirdaus\\public\\index.php')
WARNING - 2023-07-27 11:30:52 --> [DEPRECATED] Optional parameter $id declared before required parameter $errFunction is implicitly treated as a required parameter in APPPATH\API\V1\Catalog\Product\Category\Update.php on line 125.
 1 SYSTEMPATH\Autoloader\Autoloader.php(312): include_once('D:\\Projects\\KPS\\PHP\\CI4_Cores\\vendor\\codeigniter4\\framework\\system\\Debug\\Exceptions.php')
 2 SYSTEMPATH\Autoloader\Autoloader.php(289): CodeIgniter\Autoloader\Autoloader->includeFile('D:\\Projects\\KPS\\PHP\\MyUMKM\\Sub\\DapurFirdaus\\app\\API\\V1\\Catalog\\Product\\Category\\Update.php')
 3 SYSTEMPATH\Autoloader\Autoloader.php(267): CodeIgniter\Autoloader\Autoloader->loadInNamespace('App\\API\\V1\\Catalog\\Product\\Category\\Update')
 4 [internal function]: CodeIgniter\Autoloader\Autoloader->loadClass('App\\API\\V1\\Catalog\\Product\\Category\\Update')
 5 SYSTEMPATH\CodeIgniter.php(892): class_exists('\\App\\API\\V1\\Catalog\\Product\\Category\\Update', true)
 6 SYSTEMPATH\CodeIgniter.php(486): CodeIgniter\CodeIgniter->startController()
 7 SYSTEMPATH\CodeIgniter.php(368): CodeIgniter\CodeIgniter->handleRequest(null, Object(Config\Cache), false)
 8 FCPATH\index.php(70): CodeIgniter\CodeIgniter->run()
 9 SYSTEMPATH\Commands\Server\rewrite.php(47): require_once('D:\\Projects\\KPS\\PHP\\MyUMKM\\Sub\\DapurFirdaus\\public\\index.php')
WARNING - 2023-07-27 11:31:14 --> [DEPRECATED] Optional parameter $id declared before required parameter $errFunction is implicitly treated as a required parameter in APPPATH\API\V1\Catalog\Product\Category\Update.php on line 125.
 1 SYSTEMPATH\Autoloader\Autoloader.php(312): include_once('D:\\Projects\\KPS\\PHP\\CI4_Cores\\vendor\\codeigniter4\\framework\\system\\Debug\\Exceptions.php')
 2 SYSTEMPATH\Autoloader\Autoloader.php(289): CodeIgniter\Autoloader\Autoloader->includeFile('D:\\Projects\\KPS\\PHP\\MyUMKM\\Sub\\DapurFirdaus\\app\\API\\V1\\Catalog\\Product\\Category\\Update.php')
 3 SYSTEMPATH\Autoloader\Autoloader.php(267): CodeIgniter\Autoloader\Autoloader->loadInNamespace('App\\API\\V1\\Catalog\\Product\\Category\\Update')
 4 [internal function]: CodeIgniter\Autoloader\Autoloader->loadClass('App\\API\\V1\\Catalog\\Product\\Category\\Update')
 5 SYSTEMPATH\CodeIgniter.php(892): class_exists('\\App\\API\\V1\\Catalog\\Product\\Category\\Update', true)
 6 SYSTEMPATH\CodeIgniter.php(486): CodeIgniter\CodeIgniter->startController()
 7 SYSTEMPATH\CodeIgniter.php(368): CodeIgniter\CodeIgniter->handleRequest(null, Object(Config\Cache), false)
 8 FCPATH\index.php(70): CodeIgniter\CodeIgniter->run()
 9 SYSTEMPATH\Commands\Server\rewrite.php(47): require_once('D:\\Projects\\KPS\\PHP\\MyUMKM\\Sub\\DapurFirdaus\\public\\index.php')
WARNING - 2023-07-27 11:31:21 --> [DEPRECATED] Optional parameter $id declared before required parameter $errFunction is implicitly treated as a required parameter in APPPATH\API\V1\Catalog\Product\Category\Update.php on line 125.
 1 SYSTEMPATH\Autoloader\Autoloader.php(312): include_once('D:\\Projects\\KPS\\PHP\\CI4_Cores\\vendor\\codeigniter4\\framework\\system\\Debug\\Exceptions.php')
 2 SYSTEMPATH\Autoloader\Autoloader.php(289): CodeIgniter\Autoloader\Autoloader->includeFile('D:\\Projects\\KPS\\PHP\\MyUMKM\\Sub\\DapurFirdaus\\app\\API\\V1\\Catalog\\Product\\Category\\Update.php')
 3 SYSTEMPATH\Autoloader\Autoloader.php(267): CodeIgniter\Autoloader\Autoloader->loadInNamespace('App\\API\\V1\\Catalog\\Product\\Category\\Update')
 4 [internal function]: CodeIgniter\Autoloader\Autoloader->loadClass('App\\API\\V1\\Catalog\\Product\\Category\\Update')
 5 SYSTEMPATH\CodeIgniter.php(892): class_exists('\\App\\API\\V1\\Catalog\\Product\\Category\\Update', true)
 6 SYSTEMPATH\CodeIgniter.php(486): CodeIgniter\CodeIgniter->startController()
 7 SYSTEMPATH\CodeIgniter.php(368): CodeIgniter\CodeIgniter->handleRequest(null, Object(Config\Cache), false)
 8 FCPATH\index.php(70): CodeIgniter\CodeIgniter->run()
 9 SYSTEMPATH\Commands\Server\rewrite.php(47): require_once('D:\\Projects\\KPS\\PHP\\MyUMKM\\Sub\\DapurFirdaus\\public\\index.php')
WARNING - 2023-07-27 11:32:24 --> [DEPRECATED] Optional parameter $id declared before required parameter $errFunction is implicitly treated as a required parameter in APPPATH\API\V1\Catalog\Product\Category\Update.php on line 126.
 1 SYSTEMPATH\Autoloader\Autoloader.php(312): include_once('D:\\Projects\\KPS\\PHP\\CI4_Cores\\vendor\\codeigniter4\\framework\\system\\Debug\\Exceptions.php')
 2 SYSTEMPATH\Autoloader\Autoloader.php(289): CodeIgniter\Autoloader\Autoloader->includeFile('D:\\Projects\\KPS\\PHP\\MyUMKM\\Sub\\DapurFirdaus\\app\\API\\V1\\Catalog\\Product\\Category\\Update.php')
 3 SYSTEMPATH\Autoloader\Autoloader.php(267): CodeIgniter\Autoloader\Autoloader->loadInNamespace('App\\API\\V1\\Catalog\\Product\\Category\\Update')
 4 [internal function]: CodeIgniter\Autoloader\Autoloader->loadClass('App\\API\\V1\\Catalog\\Product\\Category\\Update')
 5 SYSTEMPATH\CodeIgniter.php(892): class_exists('\\App\\API\\V1\\Catalog\\Product\\Category\\Update', true)
 6 SYSTEMPATH\CodeIgniter.php(486): CodeIgniter\CodeIgniter->startController()
 7 SYSTEMPATH\CodeIgniter.php(368): CodeIgniter\CodeIgniter->handleRequest(null, Object(Config\Cache), false)
 8 FCPATH\index.php(70): CodeIgniter\CodeIgniter->run()
 9 SYSTEMPATH\Commands\Server\rewrite.php(47): require_once('D:\\Projects\\KPS\\PHP\\MyUMKM\\Sub\\DapurFirdaus\\public\\index.php')
WARNING - 2023-07-27 11:55:43 --> [DEPRECATED] Optional parameter $id declared before required parameter $errFunction is implicitly treated as a required parameter in APPPATH\API\V1\Catalog\Product\Category\Update.php on line 129.
 1 SYSTEMPATH\Autoloader\Autoloader.php(312): include_once('D:\\Projects\\KPS\\PHP\\CI4_Cores\\vendor\\codeigniter4\\framework\\system\\Debug\\Exceptions.php')
 2 SYSTEMPATH\Autoloader\Autoloader.php(289): CodeIgniter\Autoloader\Autoloader->includeFile('D:\\Projects\\KPS\\PHP\\MyUMKM\\Sub\\DapurFirdaus\\app\\API\\V1\\Catalog\\Product\\Category\\Update.php')
 3 SYSTEMPATH\Autoloader\Autoloader.php(267): CodeIgniter\Autoloader\Autoloader->loadInNamespace('App\\API\\V1\\Catalog\\Product\\Category\\Update')
 4 [internal function]: CodeIgniter\Autoloader\Autoloader->loadClass('App\\API\\V1\\Catalog\\Product\\Category\\Update')
 5 SYSTEMPATH\CodeIgniter.php(892): class_exists('\\App\\API\\V1\\Catalog\\Product\\Category\\Update', true)
 6 SYSTEMPATH\CodeIgniter.php(486): CodeIgniter\CodeIgniter->startController()
 7 SYSTEMPATH\CodeIgniter.php(368): CodeIgniter\CodeIgniter->handleRequest(null, Object(Config\Cache), false)
 8 FCPATH\index.php(70): CodeIgniter\CodeIgniter->run()
 9 SYSTEMPATH\Commands\Server\rewrite.php(47): require_once('D:\\Projects\\KPS\\PHP\\MyUMKM\\Sub\\DapurFirdaus\\public\\index.php')
WARNING - 2023-07-27 11:55:56 --> [DEPRECATED] Optional parameter $id declared before required parameter $errFunction is implicitly treated as a required parameter in APPPATH\API\V1\Catalog\Product\Category\Update.php on line 129.
 1 SYSTEMPATH\Autoloader\Autoloader.php(312): include_once('D:\\Projects\\KPS\\PHP\\CI4_Cores\\vendor\\codeigniter4\\framework\\system\\Debug\\Exceptions.php')
 2 SYSTEMPATH\Autoloader\Autoloader.php(289): CodeIgniter\Autoloader\Autoloader->includeFile('D:\\Projects\\KPS\\PHP\\MyUMKM\\Sub\\DapurFirdaus\\app\\API\\V1\\Catalog\\Product\\Category\\Update.php')
 3 SYSTEMPATH\Autoloader\Autoloader.php(267): CodeIgniter\Autoloader\Autoloader->loadInNamespace('App\\API\\V1\\Catalog\\Product\\Category\\Update')
 4 [internal function]: CodeIgniter\Autoloader\Autoloader->loadClass('App\\API\\V1\\Catalog\\Product\\Category\\Update')
 5 SYSTEMPATH\CodeIgniter.php(892): class_exists('\\App\\API\\V1\\Catalog\\Product\\Category\\Update', true)
 6 SYSTEMPATH\CodeIgniter.php(486): CodeIgniter\CodeIgniter->startController()
 7 SYSTEMPATH\CodeIgniter.php(368): CodeIgniter\CodeIgniter->handleRequest(null, Object(Config\Cache), false)
 8 FCPATH\index.php(70): CodeIgniter\CodeIgniter->run()
 9 SYSTEMPATH\Commands\Server\rewrite.php(47): require_once('D:\\Projects\\KPS\\PHP\\MyUMKM\\Sub\\DapurFirdaus\\public\\index.php')
WARNING - 2023-07-27 12:06:56 --> [DEPRECATED] Optional parameter $id declared before required parameter $errFunction is implicitly treated as a required parameter in APPPATH\API\V1\Catalog\Product\Category\Insert.php on line 125.
 1 SYSTEMPATH\Autoloader\Autoloader.php(312): include_once('D:\\Projects\\KPS\\PHP\\CI4_Cores\\vendor\\codeigniter4\\framework\\system\\Debug\\Exceptions.php')
 2 SYSTEMPATH\Autoloader\Autoloader.php(289): CodeIgniter\Autoloader\Autoloader->includeFile('D:\\Projects\\KPS\\PHP\\MyUMKM\\Sub\\DapurFirdaus\\app\\API\\V1\\Catalog\\Product\\Category\\Insert.php')
 3 SYSTEMPATH\Autoloader\Autoloader.php(267): CodeIgniter\Autoloader\Autoloader->loadInNamespace('App\\API\\V1\\Catalog\\Product\\Category\\Insert')
 4 [internal function]: CodeIgniter\Autoloader\Autoloader->loadClass('App\\API\\V1\\Catalog\\Product\\Category\\Insert')
 5 SYSTEMPATH\CodeIgniter.php(892): class_exists('\\App\\API\\V1\\Catalog\\Product\\Category\\Insert', true)
 6 SYSTEMPATH\CodeIgniter.php(486): CodeIgniter\CodeIgniter->startController()
 7 SYSTEMPATH\CodeIgniter.php(368): CodeIgniter\CodeIgniter->handleRequest(null, Object(Config\Cache), false)
 8 FCPATH\index.php(70): CodeIgniter\CodeIgniter->run()
 9 SYSTEMPATH\Commands\Server\rewrite.php(47): require_once('D:\\Projects\\KPS\\PHP\\MyUMKM\\Sub\\DapurFirdaus\\public\\index.php')
WARNING - 2023-07-27 12:07:13 --> [DEPRECATED] Optional parameter $id declared before required parameter $errFunction is implicitly treated as a required parameter in APPPATH\API\V1\Catalog\Product\Category\Insert.php on line 127.
 1 SYSTEMPATH\Autoloader\Autoloader.php(312): include_once('D:\\Projects\\KPS\\PHP\\CI4_Cores\\vendor\\codeigniter4\\framework\\system\\Debug\\Exceptions.php')
 2 SYSTEMPATH\Autoloader\Autoloader.php(289): CodeIgniter\Autoloader\Autoloader->includeFile('D:\\Projects\\KPS\\PHP\\MyUMKM\\Sub\\DapurFirdaus\\app\\API\\V1\\Catalog\\Product\\Category\\Insert.php')
 3 SYSTEMPATH\Autoloader\Autoloader.php(267): CodeIgniter\Autoloader\Autoloader->loadInNamespace('App\\API\\V1\\Catalog\\Product\\Category\\Insert')
 4 [internal function]: CodeIgniter\Autoloader\Autoloader->loadClass('App\\API\\V1\\Catalog\\Product\\Category\\Insert')
 5 SYSTEMPATH\CodeIgniter.php(892): class_exists('\\App\\API\\V1\\Catalog\\Product\\Category\\Insert', true)
 6 SYSTEMPATH\CodeIgniter.php(486): CodeIgniter\CodeIgniter->startController()
 7 SYSTEMPATH\CodeIgniter.php(368): CodeIgniter\CodeIgniter->handleRequest(null, Object(Config\Cache), false)
 8 FCPATH\index.php(70): CodeIgniter\CodeIgniter->run()
 9 SYSTEMPATH\Commands\Server\rewrite.php(47): require_once('D:\\Projects\\KPS\\PHP\\MyUMKM\\Sub\\DapurFirdaus\\public\\index.php')
WARNING - 2023-07-27 12:08:06 --> [DEPRECATED] Optional parameter $id declared before required parameter $errFunction is implicitly treated as a required parameter in APPPATH\API\V1\Catalog\Product\Category\Insert.php on line 129.
 1 SYSTEMPATH\Autoloader\Autoloader.php(312): include_once('D:\\Projects\\KPS\\PHP\\CI4_Cores\\vendor\\codeigniter4\\framework\\system\\Debug\\Exceptions.php')
 2 SYSTEMPATH\Autoloader\Autoloader.php(289): CodeIgniter\Autoloader\Autoloader->includeFile('D:\\Projects\\KPS\\PHP\\MyUMKM\\Sub\\DapurFirdaus\\app\\API\\V1\\Catalog\\Product\\Category\\Insert.php')
 3 SYSTEMPATH\Autoloader\Autoloader.php(267): CodeIgniter\Autoloader\Autoloader->loadInNamespace('App\\API\\V1\\Catalog\\Product\\Category\\Insert')
 4 [internal function]: CodeIgniter\Autoloader\Autoloader->loadClass('App\\API\\V1\\Catalog\\Product\\Category\\Insert')
 5 SYSTEMPATH\CodeIgniter.php(892): class_exists('\\App\\API\\V1\\Catalog\\Product\\Category\\Insert', true)
 6 SYSTEMPATH\CodeIgniter.php(486): CodeIgniter\CodeIgniter->startController()
 7 SYSTEMPATH\CodeIgniter.php(368): CodeIgniter\CodeIgniter->handleRequest(null, Object(Config\Cache), false)
 8 FCPATH\index.php(70): CodeIgniter\CodeIgniter->run()
 9 SYSTEMPATH\Commands\Server\rewrite.php(47): require_once('D:\\Projects\\KPS\\PHP\\MyUMKM\\Sub\\DapurFirdaus\\public\\index.php')
WARNING - 2023-07-27 12:09:51 --> [DEPRECATED] Optional parameter $id declared before required parameter $errFunction is implicitly treated as a required parameter in APPPATH\API\V1\Catalog\Product\Category\Update.php on line 125.
 1 SYSTEMPATH\Autoloader\Autoloader.php(312): include_once('D:\\Projects\\KPS\\PHP\\CI4_Cores\\vendor\\codeigniter4\\framework\\system\\Debug\\Exceptions.php')
 2 SYSTEMPATH\Autoloader\Autoloader.php(289): CodeIgniter\Autoloader\Autoloader->includeFile('D:\\Projects\\KPS\\PHP\\MyUMKM\\Sub\\DapurFirdaus\\app\\API\\V1\\Catalog\\Product\\Category\\Update.php')
 3 SYSTEMPATH\Autoloader\Autoloader.php(267): CodeIgniter\Autoloader\Autoloader->loadInNamespace('App\\API\\V1\\Catalog\\Product\\Category\\Update')
 4 [internal function]: CodeIgniter\Autoloader\Autoloader->loadClass('App\\API\\V1\\Catalog\\Product\\Category\\Update')
 5 SYSTEMPATH\CodeIgniter.php(892): class_exists('\\App\\API\\V1\\Catalog\\Product\\Category\\Update', true)
 6 SYSTEMPATH\CodeIgniter.php(486): CodeIgniter\CodeIgniter->startController()
 7 SYSTEMPATH\CodeIgniter.php(368): CodeIgniter\CodeIgniter->handleRequest(null, Object(Config\Cache), false)
 8 FCPATH\index.php(70): CodeIgniter\CodeIgniter->run()
 9 SYSTEMPATH\Commands\Server\rewrite.php(47): require_once('D:\\Projects\\KPS\\PHP\\MyUMKM\\Sub\\DapurFirdaus\\public\\index.php')
WARNING - 2023-07-27 12:11:42 --> [DEPRECATED] Optional parameter $id declared before required parameter $errFunction is implicitly treated as a required parameter in APPPATH\API\V1\Catalog\Product\Category\Update.php on line 127.
 1 SYSTEMPATH\Autoloader\Autoloader.php(312): include_once('D:\\Projects\\KPS\\PHP\\CI4_Cores\\vendor\\codeigniter4\\framework\\system\\Debug\\Exceptions.php')
 2 SYSTEMPATH\Autoloader\Autoloader.php(289): CodeIgniter\Autoloader\Autoloader->includeFile('D:\\Projects\\KPS\\PHP\\MyUMKM\\Sub\\DapurFirdaus\\app\\API\\V1\\Catalog\\Product\\Category\\Update.php')
 3 SYSTEMPATH\Autoloader\Autoloader.php(267): CodeIgniter\Autoloader\Autoloader->loadInNamespace('App\\API\\V1\\Catalog\\Product\\Category\\Update')
 4 [internal function]: CodeIgniter\Autoloader\Autoloader->loadClass('App\\API\\V1\\Catalog\\Product\\Category\\Update')
 5 SYSTEMPATH\CodeIgniter.php(892): class_exists('\\App\\API\\V1\\Catalog\\Product\\Category\\Update', true)
 6 SYSTEMPATH\CodeIgniter.php(486): CodeIgniter\CodeIgniter->startController()
 7 SYSTEMPATH\CodeIgniter.php(368): CodeIgniter\CodeIgniter->handleRequest(null, Object(Config\Cache), false)
 8 FCPATH\index.php(70): CodeIgniter\CodeIgniter->run()
 9 SYSTEMPATH\Commands\Server\rewrite.php(47): require_once('D:\\Projects\\KPS\\PHP\\MyUMKM\\Sub\\DapurFirdaus\\public\\index.php')
WARNING - 2023-07-27 12:12:04 --> [DEPRECATED] Optional parameter $id declared before required parameter $errFunction is implicitly treated as a required parameter in APPPATH\API\V1\Catalog\Product\Category\Update.php on line 129.
 1 SYSTEMPATH\Autoloader\Autoloader.php(312): include_once('D:\\Projects\\KPS\\PHP\\CI4_Cores\\vendor\\codeigniter4\\framework\\system\\Debug\\Exceptions.php')
 2 SYSTEMPATH\Autoloader\Autoloader.php(289): CodeIgniter\Autoloader\Autoloader->includeFile('D:\\Projects\\KPS\\PHP\\MyUMKM\\Sub\\DapurFirdaus\\app\\API\\V1\\Catalog\\Product\\Category\\Update.php')
 3 SYSTEMPATH\Autoloader\Autoloader.php(267): CodeIgniter\Autoloader\Autoloader->loadInNamespace('App\\API\\V1\\Catalog\\Product\\Category\\Update')
 4 [internal function]: CodeIgniter\Autoloader\Autoloader->loadClass('App\\API\\V1\\Catalog\\Product\\Category\\Update')
 5 SYSTEMPATH\CodeIgniter.php(892): class_exists('\\App\\API\\V1\\Catalog\\Product\\Category\\Update', true)
 6 SYSTEMPATH\CodeIgniter.php(486): CodeIgniter\CodeIgniter->startController()
 7 SYSTEMPATH\CodeIgniter.php(368): CodeIgniter\CodeIgniter->handleRequest(null, Object(Config\Cache), false)
 8 FCPATH\index.php(70): CodeIgniter\CodeIgniter->run()
 9 SYSTEMPATH\Commands\Server\rewrite.php(47): require_once('D:\\Projects\\KPS\\PHP\\MyUMKM\\Sub\\DapurFirdaus\\public\\index.php')
CRITICAL - 2023-07-27 12:12:04 --> Array to string conversion
in APPPATH\API\V1\Catalog\Product\Category\Update.php on line 46.
 1 APPPATH\API\V1\Catalog\Product\Category\Update.php(46): CodeIgniter\Debug\Exceptions->errorHandler(2, 'Array to string conversion', 'D:\\Projects\\KPS\\PHP\\MyUMKM\\Sub\\DapurFirdaus\\app\\API\\V1\\Catalog\\Product\\Category\\Update.php', 46)
 2 SYSTEMPATH\CodeIgniter.php(934): App\API\V1\Catalog\Product\Category\Update->index('MQ==')
 3 SYSTEMPATH\CodeIgniter.php(499): CodeIgniter\CodeIgniter->runController(Object(App\API\V1\Catalog\Product\Category\Update))
 4 SYSTEMPATH\CodeIgniter.php(368): CodeIgniter\CodeIgniter->handleRequest(null, Object(Config\Cache), false)
 5 FCPATH\index.php(70): CodeIgniter\CodeIgniter->run()
 6 SYSTEMPATH\Commands\Server\rewrite.php(47): require_once('D:\\Projects\\KPS\\PHP\\MyUMKM\\Sub\\DapurFirdaus\\public\\index.php')
WARNING - 2023-07-27 12:12:29 --> [DEPRECATED] Optional parameter $id declared before required parameter $errFunction is implicitly treated as a required parameter in APPPATH\API\V1\Catalog\Product\Category\Update.php on line 129.
 1 SYSTEMPATH\Autoloader\Autoloader.php(312): include_once('D:\\Projects\\KPS\\PHP\\CI4_Cores\\vendor\\codeigniter4\\framework\\system\\Debug\\Exceptions.php')
 2 SYSTEMPATH\Autoloader\Autoloader.php(289): CodeIgniter\Autoloader\Autoloader->includeFile('D:\\Projects\\KPS\\PHP\\MyUMKM\\Sub\\DapurFirdaus\\app\\API\\V1\\Catalog\\Product\\Category\\Update.php')
 3 SYSTEMPATH\Autoloader\Autoloader.php(267): CodeIgniter\Autoloader\Autoloader->loadInNamespace('App\\API\\V1\\Catalog\\Product\\Category\\Update')
 4 [internal function]: CodeIgniter\Autoloader\Autoloader->loadClass('App\\API\\V1\\Catalog\\Product\\Category\\Update')
 5 SYSTEMPATH\CodeIgniter.php(892): class_exists('\\App\\API\\V1\\Catalog\\Product\\Category\\Update', true)
 6 SYSTEMPATH\CodeIgniter.php(486): CodeIgniter\CodeIgniter->startController()
 7 SYSTEMPATH\CodeIgniter.php(368): CodeIgniter\CodeIgniter->handleRequest(null, Object(Config\Cache), false)
 8 FCPATH\index.php(70): CodeIgniter\CodeIgniter->run()
 9 SYSTEMPATH\Commands\Server\rewrite.php(47): require_once('D:\\Projects\\KPS\\PHP\\MyUMKM\\Sub\\DapurFirdaus\\public\\index.php')
WARNING - 2023-07-27 12:13:38 --> [DEPRECATED] Optional parameter $id declared before required parameter $errFunction is implicitly treated as a required parameter in APPPATH\API\V1\Catalog\Product\Category\Update.php on line 130.
 1 SYSTEMPATH\Autoloader\Autoloader.php(312): include_once('D:\\Projects\\KPS\\PHP\\CI4_Cores\\vendor\\codeigniter4\\framework\\system\\Debug\\Exceptions.php')
 2 SYSTEMPATH\Autoloader\Autoloader.php(289): CodeIgniter\Autoloader\Autoloader->includeFile('D:\\Projects\\KPS\\PHP\\MyUMKM\\Sub\\DapurFirdaus\\app\\API\\V1\\Catalog\\Product\\Category\\Update.php')
 3 SYSTEMPATH\Autoloader\Autoloader.php(267): CodeIgniter\Autoloader\Autoloader->loadInNamespace('App\\API\\V1\\Catalog\\Product\\Category\\Update')
 4 [internal function]: CodeIgniter\Autoloader\Autoloader->loadClass('App\\API\\V1\\Catalog\\Product\\Category\\Update')
 5 SYSTEMPATH\CodeIgniter.php(892): class_exists('\\App\\API\\V1\\Catalog\\Product\\Category\\Update', true)
 6 SYSTEMPATH\CodeIgniter.php(486): CodeIgniter\CodeIgniter->startController()
 7 SYSTEMPATH\CodeIgniter.php(368): CodeIgniter\CodeIgniter->handleRequest(null, Object(Config\Cache), false)
 8 FCPATH\index.php(70): CodeIgniter\CodeIgniter->run()
 9 SYSTEMPATH\Commands\Server\rewrite.php(47): require_once('D:\\Projects\\KPS\\PHP\\MyUMKM\\Sub\\DapurFirdaus\\public\\index.php')
WARNING - 2023-07-27 12:15:53 --> [DEPRECATED] Optional parameter $id declared before required parameter $errFunction is implicitly treated as a required parameter in APPPATH\API\V1\Catalog\Product\Category\Update.php on line 150.
 1 SYSTEMPATH\Autoloader\Autoloader.php(312): include_once('D:\\Projects\\KPS\\PHP\\CI4_Cores\\vendor\\codeigniter4\\framework\\system\\Debug\\Exceptions.php')
 2 SYSTEMPATH\Autoloader\Autoloader.php(289): CodeIgniter\Autoloader\Autoloader->includeFile('D:\\Projects\\KPS\\PHP\\MyUMKM\\Sub\\DapurFirdaus\\app\\API\\V1\\Catalog\\Product\\Category\\Update.php')
 3 SYSTEMPATH\Autoloader\Autoloader.php(267): CodeIgniter\Autoloader\Autoloader->loadInNamespace('App\\API\\V1\\Catalog\\Product\\Category\\Update')
 4 [internal function]: CodeIgniter\Autoloader\Autoloader->loadClass('App\\API\\V1\\Catalog\\Product\\Category\\Update')
 5 SYSTEMPATH\CodeIgniter.php(892): class_exists('\\App\\API\\V1\\Catalog\\Product\\Category\\Update', true)
 6 SYSTEMPATH\CodeIgniter.php(486): CodeIgniter\CodeIgniter->startController()
 7 SYSTEMPATH\CodeIgniter.php(368): CodeIgniter\CodeIgniter->handleRequest(null, Object(Config\Cache), false)
 8 FCPATH\index.php(70): CodeIgniter\CodeIgniter->run()
 9 SYSTEMPATH\Commands\Server\rewrite.php(47): require_once('D:\\Projects\\KPS\\PHP\\MyUMKM\\Sub\\DapurFirdaus\\public\\index.php')
WARNING - 2023-07-27 15:06:39 --> [DEPRECATED] Optional parameter $id declared before required parameter $errFunction is implicitly treated as a required parameter in APPPATH\API\V1\Catalog\Product\Category\Update.php on line 150.
 1 SYSTEMPATH\Autoloader\Autoloader.php(312): include_once('D:\\Projects\\KPS\\PHP\\CI4_Cores\\vendor\\codeigniter4\\framework\\system\\Debug\\Exceptions.php')
 2 SYSTEMPATH\Autoloader\Autoloader.php(289): CodeIgniter\Autoloader\Autoloader->includeFile('D:\\Projects\\KPS\\PHP\\MyUMKM\\Sub\\DapurFirdaus\\app\\API\\V1\\Catalog\\Product\\Category\\Update.php')
 3 SYSTEMPATH\Autoloader\Autoloader.php(267): CodeIgniter\Autoloader\Autoloader->loadInNamespace('App\\API\\V1\\Catalog\\Product\\Category\\Update')
 4 [internal function]: CodeIgniter\Autoloader\Autoloader->loadClass('App\\API\\V1\\Catalog\\Product\\Category\\Update')
 5 SYSTEMPATH\CodeIgniter.php(892): class_exists('\\App\\API\\V1\\Catalog\\Product\\Category\\Update', true)
 6 SYSTEMPATH\CodeIgniter.php(486): CodeIgniter\CodeIgniter->startController()
 7 SYSTEMPATH\CodeIgniter.php(368): CodeIgniter\CodeIgniter->handleRequest(null, Object(Config\Cache), false)
 8 FCPATH\index.php(70): CodeIgniter\CodeIgniter->run()
 9 SYSTEMPATH\Commands\Server\rewrite.php(47): require_once('D:\\Projects\\KPS\\PHP\\MyUMKM\\Sub\\DapurFirdaus\\public\\index.php')
WARNING - 2023-07-27 15:08:36 --> [DEPRECATED] Optional parameter $id declared before required parameter $errFunction is implicitly treated as a required parameter in APPPATH\API\V1\Catalog\Product\Category\Update.php on line 152.
 1 SYSTEMPATH\Autoloader\Autoloader.php(312): include_once('D:\\Projects\\KPS\\PHP\\CI4_Cores\\vendor\\codeigniter4\\framework\\system\\Debug\\Exceptions.php')
 2 SYSTEMPATH\Autoloader\Autoloader.php(289): CodeIgniter\Autoloader\Autoloader->includeFile('D:\\Projects\\KPS\\PHP\\MyUMKM\\Sub\\DapurFirdaus\\app\\API\\V1\\Catalog\\Product\\Category\\Update.php')
 3 SYSTEMPATH\Autoloader\Autoloader.php(267): CodeIgniter\Autoloader\Autoloader->loadInNamespace('App\\API\\V1\\Catalog\\Product\\Category\\Update')
 4 [internal function]: CodeIgniter\Autoloader\Autoloader->loadClass('App\\API\\V1\\Catalog\\Product\\Category\\Update')
 5 SYSTEMPATH\CodeIgniter.php(892): class_exists('\\App\\API\\V1\\Catalog\\Product\\Category\\Update', true)
 6 SYSTEMPATH\CodeIgniter.php(486): CodeIgniter\CodeIgniter->startController()
 7 SYSTEMPATH\CodeIgniter.php(368): CodeIgniter\CodeIgniter->handleRequest(null, Object(Config\Cache), false)
 8 FCPATH\index.php(70): CodeIgniter\CodeIgniter->run()
 9 SYSTEMPATH\Commands\Server\rewrite.php(47): require_once('D:\\Projects\\KPS\\PHP\\MyUMKM\\Sub\\DapurFirdaus\\public\\index.php')
WARNING - 2023-07-27 15:23:24 --> [DEPRECATED] Optional parameter $id declared before required parameter $errFunction is implicitly treated as a required parameter in APPPATH\API\V1\Catalog\Product\Category\Update.php on line 121.
 1 SYSTEMPATH\Autoloader\Autoloader.php(312): include_once('D:\\Projects\\KPS\\PHP\\CI4_Cores\\vendor\\codeigniter4\\framework\\system\\Debug\\Exceptions.php')
 2 SYSTEMPATH\Autoloader\Autoloader.php(289): CodeIgniter\Autoloader\Autoloader->includeFile('D:\\Projects\\KPS\\PHP\\MyUMKM\\Sub\\DapurFirdaus\\app\\API\\V1\\Catalog\\Product\\Category\\Update.php')
 3 SYSTEMPATH\Autoloader\Autoloader.php(267): CodeIgniter\Autoloader\Autoloader->loadInNamespace('App\\API\\V1\\Catalog\\Product\\Category\\Update')
 4 [internal function]: CodeIgniter\Autoloader\Autoloader->loadClass('App\\API\\V1\\Catalog\\Product\\Category\\Update')
 5 SYSTEMPATH\CodeIgniter.php(892): class_exists('\\App\\API\\V1\\Catalog\\Product\\Category\\Update', true)
 6 SYSTEMPATH\CodeIgniter.php(486): CodeIgniter\CodeIgniter->startController()
 7 SYSTEMPATH\CodeIgniter.php(368): CodeIgniter\CodeIgniter->handleRequest(null, Object(Config\Cache), false)
 8 FCPATH\index.php(70): CodeIgniter\CodeIgniter->run()
 9 SYSTEMPATH\Commands\Server\rewrite.php(47): require_once('D:\\Projects\\KPS\\PHP\\MyUMKM\\Sub\\DapurFirdaus\\public\\index.php')
WARNING - 2023-07-27 15:24:58 --> [DEPRECATED] Optional parameter $id declared before required parameter $errFunction is implicitly treated as a required parameter in APPPATH\API\V1\Catalog\Product\Category\Update.php on line 121.
 1 SYSTEMPATH\Autoloader\Autoloader.php(312): include_once('D:\\Projects\\KPS\\PHP\\CI4_Cores\\vendor\\codeigniter4\\framework\\system\\Debug\\Exceptions.php')
 2 SYSTEMPATH\Autoloader\Autoloader.php(289): CodeIgniter\Autoloader\Autoloader->includeFile('D:\\Projects\\KPS\\PHP\\MyUMKM\\Sub\\DapurFirdaus\\app\\API\\V1\\Catalog\\Product\\Category\\Update.php')
 3 SYSTEMPATH\Autoloader\Autoloader.php(267): CodeIgniter\Autoloader\Autoloader->loadInNamespace('App\\API\\V1\\Catalog\\Product\\Category\\Update')
 4 [internal function]: CodeIgniter\Autoloader\Autoloader->loadClass('App\\API\\V1\\Catalog\\Product\\Category\\Update')
 5 SYSTEMPATH\CodeIgniter.php(892): class_exists('\\App\\API\\V1\\Catalog\\Product\\Category\\Update', true)
 6 SYSTEMPATH\CodeIgniter.php(486): CodeIgniter\CodeIgniter->startController()
 7 SYSTEMPATH\CodeIgniter.php(368): CodeIgniter\CodeIgniter->handleRequest(null, Object(Config\Cache), false)
 8 FCPATH\index.php(70): CodeIgniter\CodeIgniter->run()
 9 SYSTEMPATH\Commands\Server\rewrite.php(47): require_once('D:\\Projects\\KPS\\PHP\\MyUMKM\\Sub\\DapurFirdaus\\public\\index.php')
WARNING - 2023-07-27 15:25:36 --> [DEPRECATED] Optional parameter $id declared before required parameter $errFunction is implicitly treated as a required parameter in APPPATH\API\V1\Catalog\Product\Category\Update.php on line 121.
 1 SYSTEMPATH\Autoloader\Autoloader.php(312): include_once('D:\\Projects\\KPS\\PHP\\CI4_Cores\\vendor\\codeigniter4\\framework\\system\\Debug\\Exceptions.php')
 2 SYSTEMPATH\Autoloader\Autoloader.php(289): CodeIgniter\Autoloader\Autoloader->includeFile('D:\\Projects\\KPS\\PHP\\MyUMKM\\Sub\\DapurFirdaus\\app\\API\\V1\\Catalog\\Product\\Category\\Update.php')
 3 SYSTEMPATH\Autoloader\Autoloader.php(267): CodeIgniter\Autoloader\Autoloader->loadInNamespace('App\\API\\V1\\Catalog\\Product\\Category\\Update')
 4 [internal function]: CodeIgniter\Autoloader\Autoloader->loadClass('App\\API\\V1\\Catalog\\Product\\Category\\Update')
 5 SYSTEMPATH\CodeIgniter.php(892): class_exists('\\App\\API\\V1\\Catalog\\Product\\Category\\Update', true)
 6 SYSTEMPATH\CodeIgniter.php(486): CodeIgniter\CodeIgniter->startController()
 7 SYSTEMPATH\CodeIgniter.php(368): CodeIgniter\CodeIgniter->handleRequest(null, Object(Config\Cache), false)
 8 FCPATH\index.php(70): CodeIgniter\CodeIgniter->run()
 9 SYSTEMPATH\Commands\Server\rewrite.php(47): require_once('D:\\Projects\\KPS\\PHP\\MyUMKM\\Sub\\DapurFirdaus\\public\\index.php')
WARNING - 2023-07-27 15:25:49 --> [DEPRECATED] Optional parameter $id declared before required parameter $errFunction is implicitly treated as a required parameter in APPPATH\API\V1\Catalog\Product\Category\Update.php on line 121.
 1 SYSTEMPATH\Autoloader\Autoloader.php(312): include_once('D:\\Projects\\KPS\\PHP\\CI4_Cores\\vendor\\codeigniter4\\framework\\system\\Debug\\Exceptions.php')
 2 SYSTEMPATH\Autoloader\Autoloader.php(289): CodeIgniter\Autoloader\Autoloader->includeFile('D:\\Projects\\KPS\\PHP\\MyUMKM\\Sub\\DapurFirdaus\\app\\API\\V1\\Catalog\\Product\\Category\\Update.php')
 3 SYSTEMPATH\Autoloader\Autoloader.php(267): CodeIgniter\Autoloader\Autoloader->loadInNamespace('App\\API\\V1\\Catalog\\Product\\Category\\Update')
 4 [internal function]: CodeIgniter\Autoloader\Autoloader->loadClass('App\\API\\V1\\Catalog\\Product\\Category\\Update')
 5 SYSTEMPATH\CodeIgniter.php(892): class_exists('\\App\\API\\V1\\Catalog\\Product\\Category\\Update', true)
 6 SYSTEMPATH\CodeIgniter.php(486): CodeIgniter\CodeIgniter->startController()
 7 SYSTEMPATH\CodeIgniter.php(368): CodeIgniter\CodeIgniter->handleRequest(null, Object(Config\Cache), false)
 8 FCPATH\index.php(70): CodeIgniter\CodeIgniter->run()
 9 SYSTEMPATH\Commands\Server\rewrite.php(47): require_once('D:\\Projects\\KPS\\PHP\\MyUMKM\\Sub\\DapurFirdaus\\public\\index.php')
WARNING - 2023-07-27 15:26:17 --> [DEPRECATED] Optional parameter $id declared before required parameter $errFunction is implicitly treated as a required parameter in APPPATH\API\V1\Catalog\Product\Category\Update.php on line 121.
 1 SYSTEMPATH\Autoloader\Autoloader.php(312): include_once('D:\\Projects\\KPS\\PHP\\CI4_Cores\\vendor\\codeigniter4\\framework\\system\\Debug\\Exceptions.php')
 2 SYSTEMPATH\Autoloader\Autoloader.php(289): CodeIgniter\Autoloader\Autoloader->includeFile('D:\\Projects\\KPS\\PHP\\MyUMKM\\Sub\\DapurFirdaus\\app\\API\\V1\\Catalog\\Product\\Category\\Update.php')
 3 SYSTEMPATH\Autoloader\Autoloader.php(267): CodeIgniter\Autoloader\Autoloader->loadInNamespace('App\\API\\V1\\Catalog\\Product\\Category\\Update')
 4 [internal function]: CodeIgniter\Autoloader\Autoloader->loadClass('App\\API\\V1\\Catalog\\Product\\Category\\Update')
 5 SYSTEMPATH\CodeIgniter.php(892): class_exists('\\App\\API\\V1\\Catalog\\Product\\Category\\Update', true)
 6 SYSTEMPATH\CodeIgniter.php(486): CodeIgniter\CodeIgniter->startController()
 7 SYSTEMPATH\CodeIgniter.php(368): CodeIgniter\CodeIgniter->handleRequest(null, Object(Config\Cache), false)
 8 FCPATH\index.php(70): CodeIgniter\CodeIgniter->run()
 9 SYSTEMPATH\Commands\Server\rewrite.php(47): require_once('D:\\Projects\\KPS\\PHP\\MyUMKM\\Sub\\DapurFirdaus\\public\\index.php')
WARNING - 2023-07-27 18:37:08 --> [DEPRECATED] Optional parameter $id declared before required parameter $errFunction is implicitly treated as a required parameter in APPPATH\API\V1\Catalog\Product\Category\Update.php on line 119.
 1 SYSTEMPATH\Autoloader\Autoloader.php(312): include_once('D:\\Projects\\KPS\\PHP\\CI4_Cores\\vendor\\codeigniter4\\framework\\system\\Debug\\Exceptions.php')
 2 SYSTEMPATH\Autoloader\Autoloader.php(289): CodeIgniter\Autoloader\Autoloader->includeFile('D:\\Projects\\KPS\\PHP\\MyUMKM\\Sub\\DapurFirdaus\\app\\API\\V1\\Catalog\\Product\\Category\\Update.php')
 3 SYSTEMPATH\Autoloader\Autoloader.php(267): CodeIgniter\Autoloader\Autoloader->loadInNamespace('App\\API\\V1\\Catalog\\Product\\Category\\Update')
 4 [internal function]: CodeIgniter\Autoloader\Autoloader->loadClass('App\\API\\V1\\Catalog\\Product\\Category\\Update')
 5 SYSTEMPATH\CodeIgniter.php(892): class_exists('\\App\\API\\V1\\Catalog\\Product\\Category\\Update', true)
 6 SYSTEMPATH\CodeIgniter.php(486): CodeIgniter\CodeIgniter->startController()
 7 SYSTEMPATH\CodeIgniter.php(368): CodeIgniter\CodeIgniter->handleRequest(null, Object(Config\Cache), false)
 8 FCPATH\index.php(70): CodeIgniter\CodeIgniter->run()
 9 SYSTEMPATH\Commands\Server\rewrite.php(47): require_once('D:\\Projects\\KPS\\PHP\\MyUMKM\\Sub\\DapurFirdaus\\public\\index.php')
WARNING - 2023-07-27 18:37:20 --> [DEPRECATED] Optional parameter $id declared before required parameter $errFunction is implicitly treated as a required parameter in APPPATH\API\V1\Catalog\Product\Category\Update.php on line 119.
 1 SYSTEMPATH\Autoloader\Autoloader.php(312): include_once('D:\\Projects\\KPS\\PHP\\CI4_Cores\\vendor\\codeigniter4\\framework\\system\\Debug\\Exceptions.php')
 2 SYSTEMPATH\Autoloader\Autoloader.php(289): CodeIgniter\Autoloader\Autoloader->includeFile('D:\\Projects\\KPS\\PHP\\MyUMKM\\Sub\\DapurFirdaus\\app\\API\\V1\\Catalog\\Product\\Category\\Update.php')
 3 SYSTEMPATH\Autoloader\Autoloader.php(267): CodeIgniter\Autoloader\Autoloader->loadInNamespace('App\\API\\V1\\Catalog\\Product\\Category\\Update')
 4 [internal function]: CodeIgniter\Autoloader\Autoloader->loadClass('App\\API\\V1\\Catalog\\Product\\Category\\Update')
 5 SYSTEMPATH\CodeIgniter.php(892): class_exists('\\App\\API\\V1\\Catalog\\Product\\Category\\Update', true)
 6 SYSTEMPATH\CodeIgniter.php(486): CodeIgniter\CodeIgniter->startController()
 7 SYSTEMPATH\CodeIgniter.php(368): CodeIgniter\CodeIgniter->handleRequest(null, Object(Config\Cache), false)
 8 FCPATH\index.php(70): CodeIgniter\CodeIgniter->run()
 9 SYSTEMPATH\Commands\Server\rewrite.php(47): require_once('D:\\Projects\\KPS\\PHP\\MyUMKM\\Sub\\DapurFirdaus\\public\\index.php')
