ERROR - 2023-07-11 19:06:09 --> Error connecting to the database: mysqli_sql_exception: No connection could be made because the target machine actively refused it in D:\Projects\KPS\PHP\CI4_Cores\vendor\codeigniter4\framework\system\Database\MySQLi\Connection.php:174
Stack trace:
#0 D:\Projects\KPS\PHP\CI4_Cores\vendor\codeigniter4\framework\system\Database\MySQLi\Connection.php(174): mysqli->real_connect('localhost', 'root', '', 'submyu_dpfir', 3306, '', 0)
#1 D:\Projects\KPS\PHP\CI4_Cores\vendor\codeigniter4\framework\system\Database\BaseConnection.php(391): CodeIgniter\Database\MySQLi\Connection->connect(false)
#2 D:\Projects\KPS\PHP\CI4_Cores\vendor\codeigniter4\framework\system\Database\BaseConnection.php(574): CodeIgniter\Database\BaseConnection->initialize()
#3 D:\Projects\KPS\PHP\CI4_Cores\vendor\codeigniter4\framework\system\Database\BaseBuilder.php(1616): CodeIgniter\Database\BaseConnection->query('SELECT CONCAT('...', Array, false)
#4 D:\Projects\KPS\PHP\CI4_Cores\vendor\codeigniter4\framework\system\Model.php(203): CodeIgniter\Database\BaseBuilder->get()
#5 D:\Projects\KPS\PHP\CI4_Cores\vendor\codeigniter4\framework\system\BaseModel.php(557): CodeIgniter\Model->doFind(false, NULL)
#6 D:\Projects\KPS\PHP\MyUMKM\Sub\DapurFirdaus\app\Models\Catalog\CatalogCategory.php(85): CodeIgniter\BaseModel->find()
#7 D:\Projects\KPS\PHP\MyUMKM\Sub\DapurFirdaus\app\Controllers\Commercial\CommercialController.php(115): App\Models\Catalog\CatalogCategory->all(Array)
#8 D:\Projects\KPS\PHP\MyUMKM\Sub\DapurFirdaus\app\Controllers\Commercial\CommercialController.php(73): App\Controllers\Commercial\CommercialController->catCategory(1)
#9 D:\Projects\KPS\PHP\MyUMKM\Sub\DapurFirdaus\app\Controllers\Commercial\HomePage.php(47): App\Controllers\Commercial\CommercialController->viewPage('home/index')
#10 D:\Projects\KPS\PHP\CI4_Cores\vendor\codeigniter4\framework\system\CodeIgniter.php(934): App\Controllers\Commercial\HomePage->index()
#11 D:\Projects\KPS\PHP\CI4_Cores\vendor\codeigniter4\framework\system\CodeIgniter.php(499): CodeIgniter\CodeIgniter->runController(Object(App\Controllers\Commercial\HomePage))
#12 D:\Projects\KPS\PHP\CI4_Cores\vendor\codeigniter4\framework\system\CodeIgniter.php(368): CodeIgniter\CodeIgniter->handleRequest(NULL, Object(Config\Cache), false)
#13 D:\Projects\KPS\PHP\MyUMKM\Sub\DapurFirdaus\public\index.php(70): CodeIgniter\CodeIgniter->run()
#14 D:\Projects\KPS\PHP\CI4_Cores\vendor\codeigniter4\framework\system\Commands\Server\rewrite.php(47): require_once('D:\\Projects\\KPS...')
#15 {main}

Next CodeIgniter\Database\Exceptions\DatabaseException: No connection could be made because the target machine actively refused it in D:\Projects\KPS\PHP\CI4_Cores\vendor\codeigniter4\framework\system\Database\MySQLi\Connection.php:218
Stack trace:
#0 D:\Projects\KPS\PHP\CI4_Cores\vendor\codeigniter4\framework\system\Database\BaseConnection.php(391): CodeIgniter\Database\MySQLi\Connection->connect(false)
#1 D:\Projects\KPS\PHP\CI4_Cores\vendor\codeigniter4\framework\system\Database\BaseConnection.php(574): CodeIgniter\Database\BaseConnection->initialize()
#2 D:\Projects\KPS\PHP\CI4_Cores\vendor\codeigniter4\framework\system\Database\BaseBuilder.php(1616): CodeIgniter\Database\BaseConnection->query('SELECT CONCAT('...', Array, false)
#3 D:\Projects\KPS\PHP\CI4_Cores\vendor\codeigniter4\framework\system\Model.php(203): CodeIgniter\Database\BaseBuilder->get()
#4 D:\Projects\KPS\PHP\CI4_Cores\vendor\codeigniter4\framework\system\BaseModel.php(557): CodeIgniter\Model->doFind(false, NULL)
#5 D:\Projects\KPS\PHP\MyUMKM\Sub\DapurFirdaus\app\Models\Catalog\CatalogCategory.php(85): CodeIgniter\BaseModel->find()
#6 D:\Projects\KPS\PHP\MyUMKM\Sub\DapurFirdaus\app\Controllers\Commercial\CommercialController.php(115): App\Models\Catalog\CatalogCategory->all(Array)
#7 D:\Projects\KPS\PHP\MyUMKM\Sub\DapurFirdaus\app\Controllers\Commercial\CommercialController.php(73): App\Controllers\Commercial\CommercialController->catCategory(1)
#8 D:\Projects\KPS\PHP\MyUMKM\Sub\DapurFirdaus\app\Controllers\Commercial\HomePage.php(47): App\Controllers\Commercial\CommercialController->viewPage('home/index')
#9 D:\Projects\KPS\PHP\CI4_Cores\vendor\codeigniter4\framework\system\CodeIgniter.php(934): App\Controllers\Commercial\HomePage->index()
#10 D:\Projects\KPS\PHP\CI4_Cores\vendor\codeigniter4\framework\system\CodeIgniter.php(499): CodeIgniter\CodeIgniter->runController(Object(App\Controllers\Commercial\HomePage))
#11 D:\Projects\KPS\PHP\CI4_Cores\vendor\codeigniter4\framework\system\CodeIgniter.php(368): CodeIgniter\CodeIgniter->handleRequest(NULL, Object(Config\Cache), false)
#12 D:\Projects\KPS\PHP\MyUMKM\Sub\DapurFirdaus\public\index.php(70): CodeIgniter\CodeIgniter->run()
#13 D:\Projects\KPS\PHP\CI4_Cores\vendor\codeigniter4\framework\system\Commands\Server\rewrite.php(47): require_once('D:\\Projects\\KPS...')
#14 {main}
CRITICAL - 2023-07-11 19:06:09 --> Unable to connect to the database.
Main connection [MySQLi]: No connection could be made because the target machine actively refused it
in SYSTEMPATH\Database\BaseConnection.php on line 427.
 1 SYSTEMPATH\Database\BaseConnection.php(574): CodeIgniter\Database\BaseConnection->initialize()
 2 SYSTEMPATH\Database\BaseBuilder.php(1616): CodeIgniter\Database\BaseConnection->query('SELECT CONCAT(\'[\', GROUP_CONCAT(JSON_OBJECT(
                    \'category_id\', `myu_catalog_category`.`id`, \'category_name\', `myu_catalog_category`.`category_name`, \'slug\', `myu_catalog_category`.`slug`, \'description\', `myu_catalog_category`.`description`, \'image_path\', myu_catalog_category.image_path
                )), \']\') AS list, `myu_catalog_category`.`type` AS `catalog_type`
FROM `myu_catalog_category`
WHERE `myu_catalog_category`.`status` IN :myu_catalog_category.status:
GROUP BY `myu_catalog_category`.`type`', [...], false)
 3 SYSTEMPATH\Model.php(203): CodeIgniter\Database\BaseBuilder->get()
 4 SYSTEMPATH\BaseModel.php(557): CodeIgniter\Model->doFind(false, null)
 5 APPPATH\Models\Catalog\CatalogCategory.php(85): CodeIgniter\BaseModel->find()
 6 APPPATH\Controllers\Commercial\CommercialController.php(115): App\Models\Catalog\CatalogCategory->all([...])
 7 APPPATH\Controllers\Commercial\CommercialController.php(73): App\Controllers\Commercial\CommercialController->catCategory(1)
 8 APPPATH\Controllers\Commercial\HomePage.php(47): App\Controllers\Commercial\CommercialController->viewPage('home/index')
 9 SYSTEMPATH\CodeIgniter.php(934): App\Controllers\Commercial\HomePage->index()
10 SYSTEMPATH\CodeIgniter.php(499): CodeIgniter\CodeIgniter->runController(Object(App\Controllers\Commercial\HomePage))
11 SYSTEMPATH\CodeIgniter.php(368): CodeIgniter\CodeIgniter->handleRequest(null, Object(Config\Cache), false)
12 FCPATH\index.php(70): CodeIgniter\CodeIgniter->run()
13 SYSTEMPATH\Commands\Server\rewrite.php(47): require_once('D:\\Projects\\KPS\\PHP\\MyUMKM\\Sub\\DapurFirdaus\\public\\index.php')
ERROR - 2023-07-11 19:06:14 --> Error connecting to the database: mysqli_sql_exception: No connection could be made because the target machine actively refused it in D:\Projects\KPS\PHP\CI4_Cores\vendor\codeigniter4\framework\system\Database\MySQLi\Connection.php:174
Stack trace:
#0 D:\Projects\KPS\PHP\CI4_Cores\vendor\codeigniter4\framework\system\Database\MySQLi\Connection.php(174): mysqli->real_connect('localhost', 'root', '', 'submyu_dpfir', 3306, '', 0)
#1 D:\Projects\KPS\PHP\CI4_Cores\vendor\codeigniter4\framework\system\Database\BaseConnection.php(391): CodeIgniter\Database\MySQLi\Connection->connect(false)
#2 D:\Projects\KPS\PHP\CI4_Cores\vendor\codeigniter4\framework\system\Database\BaseConnection.php(574): CodeIgniter\Database\BaseConnection->initialize()
#3 D:\Projects\KPS\PHP\CI4_Cores\vendor\codeigniter4\framework\system\Database\BaseBuilder.php(1616): CodeIgniter\Database\BaseConnection->query('SELECT CONCAT('...', Array, false)
#4 D:\Projects\KPS\PHP\CI4_Cores\vendor\codeigniter4\framework\system\Model.php(203): CodeIgniter\Database\BaseBuilder->get()
#5 D:\Projects\KPS\PHP\CI4_Cores\vendor\codeigniter4\framework\system\BaseModel.php(557): CodeIgniter\Model->doFind(false, NULL)
#6 D:\Projects\KPS\PHP\MyUMKM\Sub\DapurFirdaus\app\Models\Catalog\CatalogCategory.php(85): CodeIgniter\BaseModel->find()
#7 D:\Projects\KPS\PHP\MyUMKM\Sub\DapurFirdaus\app\Controllers\Commercial\CommercialController.php(115): App\Models\Catalog\CatalogCategory->all(Array)
#8 D:\Projects\KPS\PHP\MyUMKM\Sub\DapurFirdaus\app\Controllers\Commercial\CommercialController.php(73): App\Controllers\Commercial\CommercialController->catCategory(1)
#9 D:\Projects\KPS\PHP\MyUMKM\Sub\DapurFirdaus\app\Controllers\Commercial\HomePage.php(47): App\Controllers\Commercial\CommercialController->viewPage('home/index')
#10 D:\Projects\KPS\PHP\CI4_Cores\vendor\codeigniter4\framework\system\CodeIgniter.php(934): App\Controllers\Commercial\HomePage->index()
#11 D:\Projects\KPS\PHP\CI4_Cores\vendor\codeigniter4\framework\system\CodeIgniter.php(499): CodeIgniter\CodeIgniter->runController(Object(App\Controllers\Commercial\HomePage))
#12 D:\Projects\KPS\PHP\CI4_Cores\vendor\codeigniter4\framework\system\CodeIgniter.php(368): CodeIgniter\CodeIgniter->handleRequest(NULL, Object(Config\Cache), false)
#13 D:\Projects\KPS\PHP\MyUMKM\Sub\DapurFirdaus\public\index.php(70): CodeIgniter\CodeIgniter->run()
#14 D:\Projects\KPS\PHP\CI4_Cores\vendor\codeigniter4\framework\system\Commands\Server\rewrite.php(47): require_once('D:\\Projects\\KPS...')
#15 {main}

Next CodeIgniter\Database\Exceptions\DatabaseException: No connection could be made because the target machine actively refused it in D:\Projects\KPS\PHP\CI4_Cores\vendor\codeigniter4\framework\system\Database\MySQLi\Connection.php:218
Stack trace:
#0 D:\Projects\KPS\PHP\CI4_Cores\vendor\codeigniter4\framework\system\Database\BaseConnection.php(391): CodeIgniter\Database\MySQLi\Connection->connect(false)
#1 D:\Projects\KPS\PHP\CI4_Cores\vendor\codeigniter4\framework\system\Database\BaseConnection.php(574): CodeIgniter\Database\BaseConnection->initialize()
#2 D:\Projects\KPS\PHP\CI4_Cores\vendor\codeigniter4\framework\system\Database\BaseBuilder.php(1616): CodeIgniter\Database\BaseConnection->query('SELECT CONCAT('...', Array, false)
#3 D:\Projects\KPS\PHP\CI4_Cores\vendor\codeigniter4\framework\system\Model.php(203): CodeIgniter\Database\BaseBuilder->get()
#4 D:\Projects\KPS\PHP\CI4_Cores\vendor\codeigniter4\framework\system\BaseModel.php(557): CodeIgniter\Model->doFind(false, NULL)
#5 D:\Projects\KPS\PHP\MyUMKM\Sub\DapurFirdaus\app\Models\Catalog\CatalogCategory.php(85): CodeIgniter\BaseModel->find()
#6 D:\Projects\KPS\PHP\MyUMKM\Sub\DapurFirdaus\app\Controllers\Commercial\CommercialController.php(115): App\Models\Catalog\CatalogCategory->all(Array)
#7 D:\Projects\KPS\PHP\MyUMKM\Sub\DapurFirdaus\app\Controllers\Commercial\CommercialController.php(73): App\Controllers\Commercial\CommercialController->catCategory(1)
#8 D:\Projects\KPS\PHP\MyUMKM\Sub\DapurFirdaus\app\Controllers\Commercial\HomePage.php(47): App\Controllers\Commercial\CommercialController->viewPage('home/index')
#9 D:\Projects\KPS\PHP\CI4_Cores\vendor\codeigniter4\framework\system\CodeIgniter.php(934): App\Controllers\Commercial\HomePage->index()
#10 D:\Projects\KPS\PHP\CI4_Cores\vendor\codeigniter4\framework\system\CodeIgniter.php(499): CodeIgniter\CodeIgniter->runController(Object(App\Controllers\Commercial\HomePage))
#11 D:\Projects\KPS\PHP\CI4_Cores\vendor\codeigniter4\framework\system\CodeIgniter.php(368): CodeIgniter\CodeIgniter->handleRequest(NULL, Object(Config\Cache), false)
#12 D:\Projects\KPS\PHP\MyUMKM\Sub\DapurFirdaus\public\index.php(70): CodeIgniter\CodeIgniter->run()
#13 D:\Projects\KPS\PHP\CI4_Cores\vendor\codeigniter4\framework\system\Commands\Server\rewrite.php(47): require_once('D:\\Projects\\KPS...')
#14 {main}
CRITICAL - 2023-07-11 19:06:14 --> Unable to connect to the database.
Main connection [MySQLi]: No connection could be made because the target machine actively refused it
in SYSTEMPATH\Database\BaseConnection.php on line 427.
 1 SYSTEMPATH\Database\BaseConnection.php(574): CodeIgniter\Database\BaseConnection->initialize()
 2 SYSTEMPATH\Database\BaseBuilder.php(1616): CodeIgniter\Database\BaseConnection->query('SELECT CONCAT(\'[\', GROUP_CONCAT(JSON_OBJECT(
                    \'category_id\', `myu_catalog_category`.`id`, \'category_name\', `myu_catalog_category`.`category_name`, \'slug\', `myu_catalog_category`.`slug`, \'description\', `myu_catalog_category`.`description`, \'image_path\', myu_catalog_category.image_path
                )), \']\') AS list, `myu_catalog_category`.`type` AS `catalog_type`
FROM `myu_catalog_category`
WHERE `myu_catalog_category`.`status` IN :myu_catalog_category.status:
GROUP BY `myu_catalog_category`.`type`', [...], false)
 3 SYSTEMPATH\Model.php(203): CodeIgniter\Database\BaseBuilder->get()
 4 SYSTEMPATH\BaseModel.php(557): CodeIgniter\Model->doFind(false, null)
 5 APPPATH\Models\Catalog\CatalogCategory.php(85): CodeIgniter\BaseModel->find()
 6 APPPATH\Controllers\Commercial\CommercialController.php(115): App\Models\Catalog\CatalogCategory->all([...])
 7 APPPATH\Controllers\Commercial\CommercialController.php(73): App\Controllers\Commercial\CommercialController->catCategory(1)
 8 APPPATH\Controllers\Commercial\HomePage.php(47): App\Controllers\Commercial\CommercialController->viewPage('home/index')
 9 SYSTEMPATH\CodeIgniter.php(934): App\Controllers\Commercial\HomePage->index()
10 SYSTEMPATH\CodeIgniter.php(499): CodeIgniter\CodeIgniter->runController(Object(App\Controllers\Commercial\HomePage))
11 SYSTEMPATH\CodeIgniter.php(368): CodeIgniter\CodeIgniter->handleRequest(null, Object(Config\Cache), false)
12 FCPATH\index.php(70): CodeIgniter\CodeIgniter->run()
13 SYSTEMPATH\Commands\Server\rewrite.php(47): require_once('D:\\Projects\\KPS\\PHP\\MyUMKM\\Sub\\DapurFirdaus\\public\\index.php')
ERROR - 2023-07-11 19:07:09 --> Error connecting to the database: mysqli_sql_exception: No connection could be made because the target machine actively refused it in D:\Projects\KPS\PHP\CI4_Cores\vendor\codeigniter4\framework\system\Database\MySQLi\Connection.php:174
Stack trace:
#0 D:\Projects\KPS\PHP\CI4_Cores\vendor\codeigniter4\framework\system\Database\MySQLi\Connection.php(174): mysqli->real_connect('localhost', 'root', '', 'submyu_dpfir', 3306, '', 0)
#1 D:\Projects\KPS\PHP\CI4_Cores\vendor\codeigniter4\framework\system\Database\BaseConnection.php(391): CodeIgniter\Database\MySQLi\Connection->connect(false)
#2 D:\Projects\KPS\PHP\CI4_Cores\vendor\codeigniter4\framework\system\Database\BaseConnection.php(574): CodeIgniter\Database\BaseConnection->initialize()
#3 D:\Projects\KPS\PHP\CI4_Cores\vendor\codeigniter4\framework\system\Database\BaseBuilder.php(1616): CodeIgniter\Database\BaseConnection->query('SELECT CONCAT('...', Array, false)
#4 D:\Projects\KPS\PHP\CI4_Cores\vendor\codeigniter4\framework\system\Model.php(203): CodeIgniter\Database\BaseBuilder->get()
#5 D:\Projects\KPS\PHP\CI4_Cores\vendor\codeigniter4\framework\system\BaseModel.php(557): CodeIgniter\Model->doFind(false, NULL)
#6 D:\Projects\KPS\PHP\MyUMKM\Sub\DapurFirdaus\app\Models\Catalog\CatalogCategory.php(85): CodeIgniter\BaseModel->find()
#7 D:\Projects\KPS\PHP\MyUMKM\Sub\DapurFirdaus\app\Controllers\Commercial\CommercialController.php(115): App\Models\Catalog\CatalogCategory->all(Array)
#8 D:\Projects\KPS\PHP\MyUMKM\Sub\DapurFirdaus\app\Controllers\Commercial\CommercialController.php(73): App\Controllers\Commercial\CommercialController->catCategory(1)
#9 D:\Projects\KPS\PHP\MyUMKM\Sub\DapurFirdaus\app\Controllers\Commercial\HomePage.php(47): App\Controllers\Commercial\CommercialController->viewPage('home/index')
#10 D:\Projects\KPS\PHP\CI4_Cores\vendor\codeigniter4\framework\system\CodeIgniter.php(934): App\Controllers\Commercial\HomePage->index()
#11 D:\Projects\KPS\PHP\CI4_Cores\vendor\codeigniter4\framework\system\CodeIgniter.php(499): CodeIgniter\CodeIgniter->runController(Object(App\Controllers\Commercial\HomePage))
#12 D:\Projects\KPS\PHP\CI4_Cores\vendor\codeigniter4\framework\system\CodeIgniter.php(368): CodeIgniter\CodeIgniter->handleRequest(NULL, Object(Config\Cache), false)
#13 D:\Projects\KPS\PHP\MyUMKM\Sub\DapurFirdaus\public\index.php(70): CodeIgniter\CodeIgniter->run()
#14 D:\Projects\KPS\PHP\CI4_Cores\vendor\codeigniter4\framework\system\Commands\Server\rewrite.php(47): require_once('D:\\Projects\\KPS...')
#15 {main}

Next CodeIgniter\Database\Exceptions\DatabaseException: No connection could be made because the target machine actively refused it in D:\Projects\KPS\PHP\CI4_Cores\vendor\codeigniter4\framework\system\Database\MySQLi\Connection.php:218
Stack trace:
#0 D:\Projects\KPS\PHP\CI4_Cores\vendor\codeigniter4\framework\system\Database\BaseConnection.php(391): CodeIgniter\Database\MySQLi\Connection->connect(false)
#1 D:\Projects\KPS\PHP\CI4_Cores\vendor\codeigniter4\framework\system\Database\BaseConnection.php(574): CodeIgniter\Database\BaseConnection->initialize()
#2 D:\Projects\KPS\PHP\CI4_Cores\vendor\codeigniter4\framework\system\Database\BaseBuilder.php(1616): CodeIgniter\Database\BaseConnection->query('SELECT CONCAT('...', Array, false)
#3 D:\Projects\KPS\PHP\CI4_Cores\vendor\codeigniter4\framework\system\Model.php(203): CodeIgniter\Database\BaseBuilder->get()
#4 D:\Projects\KPS\PHP\CI4_Cores\vendor\codeigniter4\framework\system\BaseModel.php(557): CodeIgniter\Model->doFind(false, NULL)
#5 D:\Projects\KPS\PHP\MyUMKM\Sub\DapurFirdaus\app\Models\Catalog\CatalogCategory.php(85): CodeIgniter\BaseModel->find()
#6 D:\Projects\KPS\PHP\MyUMKM\Sub\DapurFirdaus\app\Controllers\Commercial\CommercialController.php(115): App\Models\Catalog\CatalogCategory->all(Array)
#7 D:\Projects\KPS\PHP\MyUMKM\Sub\DapurFirdaus\app\Controllers\Commercial\CommercialController.php(73): App\Controllers\Commercial\CommercialController->catCategory(1)
#8 D:\Projects\KPS\PHP\MyUMKM\Sub\DapurFirdaus\app\Controllers\Commercial\HomePage.php(47): App\Controllers\Commercial\CommercialController->viewPage('home/index')
#9 D:\Projects\KPS\PHP\CI4_Cores\vendor\codeigniter4\framework\system\CodeIgniter.php(934): App\Controllers\Commercial\HomePage->index()
#10 D:\Projects\KPS\PHP\CI4_Cores\vendor\codeigniter4\framework\system\CodeIgniter.php(499): CodeIgniter\CodeIgniter->runController(Object(App\Controllers\Commercial\HomePage))
#11 D:\Projects\KPS\PHP\CI4_Cores\vendor\codeigniter4\framework\system\CodeIgniter.php(368): CodeIgniter\CodeIgniter->handleRequest(NULL, Object(Config\Cache), false)
#12 D:\Projects\KPS\PHP\MyUMKM\Sub\DapurFirdaus\public\index.php(70): CodeIgniter\CodeIgniter->run()
#13 D:\Projects\KPS\PHP\CI4_Cores\vendor\codeigniter4\framework\system\Commands\Server\rewrite.php(47): require_once('D:\\Projects\\KPS...')
#14 {main}
CRITICAL - 2023-07-11 19:07:09 --> Unable to connect to the database.
Main connection [MySQLi]: No connection could be made because the target machine actively refused it
in SYSTEMPATH\Database\BaseConnection.php on line 427.
 1 SYSTEMPATH\Database\BaseConnection.php(574): CodeIgniter\Database\BaseConnection->initialize()
 2 SYSTEMPATH\Database\BaseBuilder.php(1616): CodeIgniter\Database\BaseConnection->query('SELECT CONCAT(\'[\', GROUP_CONCAT(JSON_OBJECT(
                    \'category_id\', `myu_catalog_category`.`id`, \'category_name\', `myu_catalog_category`.`category_name`, \'slug\', `myu_catalog_category`.`slug`, \'description\', `myu_catalog_category`.`description`, \'image_path\', myu_catalog_category.image_path
                )), \']\') AS list, `myu_catalog_category`.`type` AS `catalog_type`
FROM `myu_catalog_category`
WHERE `myu_catalog_category`.`status` IN :myu_catalog_category.status:
GROUP BY `myu_catalog_category`.`type`', [...], false)
 3 SYSTEMPATH\Model.php(203): CodeIgniter\Database\BaseBuilder->get()
 4 SYSTEMPATH\BaseModel.php(557): CodeIgniter\Model->doFind(false, null)
 5 APPPATH\Models\Catalog\CatalogCategory.php(85): CodeIgniter\BaseModel->find()
 6 APPPATH\Controllers\Commercial\CommercialController.php(115): App\Models\Catalog\CatalogCategory->all([...])
 7 APPPATH\Controllers\Commercial\CommercialController.php(73): App\Controllers\Commercial\CommercialController->catCategory(1)
 8 APPPATH\Controllers\Commercial\HomePage.php(47): App\Controllers\Commercial\CommercialController->viewPage('home/index')
 9 SYSTEMPATH\CodeIgniter.php(934): App\Controllers\Commercial\HomePage->index()
10 SYSTEMPATH\CodeIgniter.php(499): CodeIgniter\CodeIgniter->runController(Object(App\Controllers\Commercial\HomePage))
11 SYSTEMPATH\CodeIgniter.php(368): CodeIgniter\CodeIgniter->handleRequest(null, Object(Config\Cache), false)
12 FCPATH\index.php(70): CodeIgniter\CodeIgniter->run()
13 SYSTEMPATH\Commands\Server\rewrite.php(47): require_once('D:\\Projects\\KPS\\PHP\\MyUMKM\\Sub\\DapurFirdaus\\public\\index.php')
CRITICAL - 2023-07-11 19:07:16 --> Invalid file: "_commercialcomponents/footer.php"
in SYSTEMPATH\Exceptions\FrameworkException.php on line 33.
 1 SYSTEMPATH\View\View.php(201): CodeIgniter\Exceptions\FrameworkException::forInvalidFile('_commercialcomponents/footer.php')
 2 SYSTEMPATH\View\View.php(431): CodeIgniter\View\View->render('_commercialcomponents/footer.php', null, true)
 3 APPPATH\Views\_commercial\home\index.php(291): CodeIgniter\View\View->include('_commercialcomponents/footer.php')
 4 SYSTEMPATH\View\View.php(213): include('D:\\Projects\\KPS\\PHP\\MyUMKM\\Sub\\DapurFirdaus\\app\\Views\\_commercial\\home\\index.php')
 5 SYSTEMPATH\View\View.php(216): CodeIgniter\View\View->CodeIgniter\View\{closure}()
 6 SYSTEMPATH\Common.php(1184): CodeIgniter\View\View->render('_commercial/home/index', [], true)
 7 APPPATH\Controllers\ControllerPreProcessor.php(142): view('_commercial/home/index', [...])
 8 APPPATH\Controllers\Commercial\CommercialController.php(82): App\Controllers\ControllerPreProcessor->view('home/index')
 9 APPPATH\Controllers\ControllerPreProcessor.php(212): App\Controllers\Commercial\CommercialController->App\Controllers\Commercial\{closure}([...])
10 APPPATH\Controllers\Commercial\CommercialController.php(86): App\Controllers\ControllerPreProcessor->authHandler(Object(Closure), Object(Closure), [...], [...])
11 APPPATH\Controllers\Commercial\HomePage.php(47): App\Controllers\Commercial\CommercialController->viewPage('home/index')
12 SYSTEMPATH\CodeIgniter.php(934): App\Controllers\Commercial\HomePage->index()
13 SYSTEMPATH\CodeIgniter.php(499): CodeIgniter\CodeIgniter->runController(Object(App\Controllers\Commercial\HomePage))
14 SYSTEMPATH\CodeIgniter.php(368): CodeIgniter\CodeIgniter->handleRequest(null, Object(Config\Cache), false)
15 FCPATH\index.php(70): CodeIgniter\CodeIgniter->run()
16 SYSTEMPATH\Commands\Server\rewrite.php(47): require_once('D:\\Projects\\KPS\\PHP\\MyUMKM\\Sub\\DapurFirdaus\\public\\index.php')
CRITICAL - 2023-07-11 19:10:01 --> Invalid file: "_admin/error/404.php"
in SYSTEMPATH\Exceptions\FrameworkException.php on line 33.
 1 SYSTEMPATH\View\View.php(201): CodeIgniter\Exceptions\FrameworkException::forInvalidFile('_admin/error/404.php')
 2 SYSTEMPATH\Common.php(1184): CodeIgniter\View\View->render('_admin/error/404', [], true)
 3 APPPATH\Controllers\ControllerPreProcessor.php(142): view('_admin/error/404', [...])
 4 APPPATH\Controllers\Admin\AdminController.php(95): App\Controllers\ControllerPreProcessor->view('error/404')
 5 SYSTEMPATH\CodeIgniter.php(934): App\Controllers\Admin\AdminController->error404()
 6 SYSTEMPATH\CodeIgniter.php(499): CodeIgniter\CodeIgniter->runController(Object(App\Controllers\Admin\AdminController))
 7 SYSTEMPATH\CodeIgniter.php(368): CodeIgniter\CodeIgniter->handleRequest(null, Object(Config\Cache), false)
 8 FCPATH\index.php(70): CodeIgniter\CodeIgniter->run()
 9 SYSTEMPATH\Commands\Server\rewrite.php(47): require_once('D:\\Projects\\KPS\\PHP\\MyUMKM\\Sub\\DapurFirdaus\\public\\index.php')
CRITICAL - 2023-07-11 19:12:02 --> Invalid file: "_admin/error/404.php"
in SYSTEMPATH\Exceptions\FrameworkException.php on line 33.
 1 SYSTEMPATH\View\View.php(201): CodeIgniter\Exceptions\FrameworkException::forInvalidFile('_admin/error/404.php')
 2 SYSTEMPATH\Common.php(1184): CodeIgniter\View\View->render('_admin/error/404', [], true)
 3 APPPATH\Controllers\ControllerPreProcessor.php(142): view('_admin/error/404', [...])
 4 APPPATH\Controllers\Admin\AdminController.php(95): App\Controllers\ControllerPreProcessor->view('error/404')
 5 SYSTEMPATH\CodeIgniter.php(934): App\Controllers\Admin\AdminController->error404()
 6 SYSTEMPATH\CodeIgniter.php(499): CodeIgniter\CodeIgniter->runController(Object(App\Controllers\Admin\AdminController))
 7 SYSTEMPATH\CodeIgniter.php(368): CodeIgniter\CodeIgniter->handleRequest(null, Object(Config\Cache), false)
 8 FCPATH\index.php(70): CodeIgniter\CodeIgniter->run()
CRITICAL - 2023-07-11 19:12:32 --> Invalid file: "_admin/error/404.php"
in SYSTEMPATH\Exceptions\FrameworkException.php on line 33.
 1 SYSTEMPATH\View\View.php(201): CodeIgniter\Exceptions\FrameworkException::forInvalidFile('_admin/error/404.php')
 2 SYSTEMPATH\Common.php(1184): CodeIgniter\View\View->render('_admin/error/404', [], true)
 3 APPPATH\Controllers\ControllerPreProcessor.php(142): view('_admin/error/404', [...])
 4 APPPATH\Controllers\Admin\AdminController.php(95): App\Controllers\ControllerPreProcessor->view('error/404')
 5 SYSTEMPATH\CodeIgniter.php(934): App\Controllers\Admin\AdminController->error404()
 6 SYSTEMPATH\CodeIgniter.php(499): CodeIgniter\CodeIgniter->runController(Object(App\Controllers\Admin\AdminController))
 7 SYSTEMPATH\CodeIgniter.php(368): CodeIgniter\CodeIgniter->handleRequest(null, Object(Config\Cache), false)
 8 FCPATH\index.php(70): CodeIgniter\CodeIgniter->run()
CRITICAL - 2023-07-11 19:18:57 --> Undefined variable $role
in SYSTEMPATH\View\Parser.php(458) : eval()'d code on line 1.
 1 SYSTEMPATH\View\Parser.php(458) : eval()'d code(1): CodeIgniter\Debug\Exceptions->errorHandler(2, 'Undefined variable $role', 'D:\\Projects\\KPS\\PHP\\CI4_Cores\\vendor\\codeigniter4\\framework\\system\\View\\Parser.php(458) : eval()\'d code', 1)
 2 SYSTEMPATH\View\Parser.php(458): eval()
 3 SYSTEMPATH\View\Parser.php(229): CodeIgniter\View\Parser->parseConditionals('<?php if ($role == \'admin\'): ?>
<div class="panel_container1">

    {loop_data}
    <h3>
        {name}
    </h3>
    <p>
        {description}
    </p>
    {/loop_data}

    <section class="content_container">

    </section>
</div>
<?php endif; ?>')
 4 SYSTEMPATH\View\Parser.php(128): CodeIgniter\View\Parser->parse('{if $role == \'admin\'}
<div class="panel_container1">

    {loop_data}
    <h3>
        {name}
    </h3>
    <p>
        {description}
    </p>
    {/loop_data}

    <section class="content_container">

    </section>
</div>
{endif}', [...], null)
 5 APPPATH\Controllers\Admin\Control\Uhuy.php(70): CodeIgniter\View\Parser->render('_admin/control/testing.php')
 6 SYSTEMPATH\CodeIgniter.php(934): App\Controllers\Admin\Control\Uhuy->index()
 7 SYSTEMPATH\CodeIgniter.php(499): CodeIgniter\CodeIgniter->runController(Object(App\Controllers\Admin\Control\Uhuy))
 8 SYSTEMPATH\CodeIgniter.php(368): CodeIgniter\CodeIgniter->handleRequest(null, Object(Config\Cache), false)
 9 FCPATH\index.php(70): CodeIgniter\CodeIgniter->run()
10 SYSTEMPATH\Commands\Server\rewrite.php(47): require_once('D:\\Projects\\KPS\\PHP\\MyUMKM\\Sub\\DapurFirdaus\\public\\index.php')
CRITICAL - 2023-07-11 19:19:26 --> Undefined constant "role"
in SYSTEMPATH\View\Parser.php(458) : eval()'d code on line 1.
 1 SYSTEMPATH\View\Parser.php(458): eval()
 2 SYSTEMPATH\View\Parser.php(229): CodeIgniter\View\Parser->parseConditionals('<?php if (role == \'admin\'): ?>
<div class="panel_container1">

    {loop_data}
    <h3>
        {name}
    </h3>
    <p>
        {description}
    </p>
    {/loop_data}

    <section class="content_container">

    </section>
</div>
<?php endif; ?>')
 3 SYSTEMPATH\View\Parser.php(128): CodeIgniter\View\Parser->parse('{if role == \'admin\'}
<div class="panel_container1">

    {loop_data}
    <h3>
        {name}
    </h3>
    <p>
        {description}
    </p>
    {/loop_data}

    <section class="content_container">

    </section>
</div>
{endif}', [...], null)
 4 APPPATH\Controllers\Admin\Control\Uhuy.php(71): CodeIgniter\View\Parser->render('_admin/control/testing.php')
 5 SYSTEMPATH\CodeIgniter.php(934): App\Controllers\Admin\Control\Uhuy->index()
 6 SYSTEMPATH\CodeIgniter.php(499): CodeIgniter\CodeIgniter->runController(Object(App\Controllers\Admin\Control\Uhuy))
 7 SYSTEMPATH\CodeIgniter.php(368): CodeIgniter\CodeIgniter->handleRequest(null, Object(Config\Cache), false)
 8 FCPATH\index.php(70): CodeIgniter\CodeIgniter->run()
 9 SYSTEMPATH\Commands\Server\rewrite.php(47): require_once('D:\\Projects\\KPS\\PHP\\MyUMKM\\Sub\\DapurFirdaus\\public\\index.php')
CRITICAL - 2023-07-11 19:33:15 --> Invalid file: "<div class="panel_container1">

    
    <h3>
        Judul 4
    </h3>
    <p>
        123
    </p>
    
    <h3>
        Judul 5
    </h3>
    <p>
        123
    </p>
    
    <h3>
        Judul 6
    </h3>
    <p>
        123
    </p>
    

    <section class="content_container">

    </section>
</div>
.php"
in SYSTEMPATH\Exceptions\FrameworkException.php on line 33.
 1 SYSTEMPATH\View\View.php(201): CodeIgniter\Exceptions\FrameworkException::forInvalidFile('<div class="panel_container1">

    
    <h3>
        Judul 4
    </h3>
    <p>
        123
    </p>
    
    <h3>
        Judul 5
    </h3>
    <p>
        123
    </p>
    
    <h3>
        Judul 6
    </h3>
    <p>
        123
    </p>
    

    <section class="content_container">

    </section>
</div>
.php')
 2 SYSTEMPATH\Common.php(1184): CodeIgniter\View\View->render('<div class="panel_container1">

    
    <h3>
        Judul 4
    </h3>
    <p>
        123
    </p>
    
    <h3>
        Judul 5
    </h3>
    <p>
        123
    </p>
    
    <h3>
        Judul 6
    </h3>
    <p>
        123
    </p>
    

    <section class="content_container">

    </section>
</div>
', [], true)
 3 APPPATH\Controllers\Admin\Control\Uhuy.php(87): view('<div class="panel_container1">

    
    <h3>
        Judul 4
    </h3>
    <p>
        123
    </p>
    
    <h3>
        Judul 5
    </h3>
    <p>
        123
    </p>
    
    <h3>
        Judul 6
    </h3>
    <p>
        123
    </p>
    

    <section class="content_container">

    </section>
</div>
')
 4 SYSTEMPATH\CodeIgniter.php(934): App\Controllers\Admin\Control\Uhuy->index()
 5 SYSTEMPATH\CodeIgniter.php(499): CodeIgniter\CodeIgniter->runController(Object(App\Controllers\Admin\Control\Uhuy))
 6 SYSTEMPATH\CodeIgniter.php(368): CodeIgniter\CodeIgniter->handleRequest(null, Object(Config\Cache), false)
 7 FCPATH\index.php(70): CodeIgniter\CodeIgniter->run()
 8 SYSTEMPATH\Commands\Server\rewrite.php(47): require_once('D:\\Projects\\KPS\\PHP\\MyUMKM\\Sub\\DapurFirdaus\\public\\index.php')
CRITICAL - 2023-07-11 19:33:56 --> Invalid file: "D:\Projects\KPS\PHP\MyUMKM\Sub\DapurFirdaus\app\Config/../Views\<!-- DEBUG-VIEW START 1 APPPATH\Views\_admin\control\testing.php -->
{if $role == 'admin'}
<div class="panel_container1">

    {loop_data}
    <h3>
        {name}
    </h3>
    <p>
        {description}
    </p>
    {/loop_data}

    <section class="content_container">

    </section>
</div>
{elseif $role == 'user'}
<div class="panel_container1">

    {loop_data:user}
    <h3>
        {name}
    </h3>
    <p>
        {description}
    </p>
    {/loop_data:user}

    <section class="content_container">

    </section>
</div>
{endif}
<!-- DEBUG-VIEW ENDED 1 APPPATH\Views\_admin\control\testing.php -->
"
in SYSTEMPATH\Exceptions\FrameworkException.php on line 33.
 1 SYSTEMPATH\View\Parser.php(119): CodeIgniter\Exceptions\FrameworkException::forInvalidFile('D:\\Projects\\KPS\\PHP\\MyUMKM\\Sub\\DapurFirdaus\\app\\Config/../Views\\<!-- DEBUG-VIEW START 1 APPPATH\\Views\\_admin\\control\\testing.php -->
{if $role == \'admin\'}
<div class="panel_container1">

    {loop_data}
    <h3>
        {name}
    </h3>
    <p>
        {description}
    </p>
    {/loop_data}

    <section class="content_container">

    </section>
</div>
{elseif $role == \'user\'}
<div class="panel_container1">

    {loop_data:user}
    <h3>
        {name}
    </h3>
    <p>
        {description}
    </p>
    {/loop_data:user}

    <section class="content_container">

    </section>
</div>
{endif}
<!-- DEBUG-VIEW ENDED 1 APPPATH\\Views\\_admin\\control\\testing.php -->
')
 2 APPPATH\Controllers\Admin\Control\Uhuy.php(87): CodeIgniter\View\Parser->render('<!-- DEBUG-VIEW START 1 APPPATH\\Views\\_admin\\control\\testing.php -->
{if $role == \'admin\'}
<div class="panel_container1">

    {loop_data}
    <h3>
        {name}
    </h3>
    <p>
        {description}
    </p>
    {/loop_data}

    <section class="content_container">

    </section>
</div>
{elseif $role == \'user\'}
<div class="panel_container1">

    {loop_data:user}
    <h3>
        {name}
    </h3>
    <p>
        {description}
    </p>
    {/loop_data:user}

    <section class="content_container">

    </section>
</div>
{endif}
<!-- DEBUG-VIEW ENDED 1 APPPATH\\Views\\_admin\\control\\testing.php -->
')
 3 SYSTEMPATH\CodeIgniter.php(934): App\Controllers\Admin\Control\Uhuy->index()
 4 SYSTEMPATH\CodeIgniter.php(499): CodeIgniter\CodeIgniter->runController(Object(App\Controllers\Admin\Control\Uhuy))
 5 SYSTEMPATH\CodeIgniter.php(368): CodeIgniter\CodeIgniter->handleRequest(null, Object(Config\Cache), false)
 6 FCPATH\index.php(70): CodeIgniter\CodeIgniter->run()
 7 SYSTEMPATH\Commands\Server\rewrite.php(47): require_once('D:\\Projects\\KPS\\PHP\\MyUMKM\\Sub\\DapurFirdaus\\public\\index.php')
CRITICAL - 2023-07-11 19:47:59 --> Invalid file: "sidenav.php"
in SYSTEMPATH\Exceptions\FrameworkException.php on line 33.
 1 SYSTEMPATH\View\View.php(201): CodeIgniter\Exceptions\FrameworkException::forInvalidFile('sidenav.php')
 2 SYSTEMPATH\View\View.php(431): CodeIgniter\View\View->render('sidenav', null, true)
 3 APPPATH\Views\_admin\control\testing.php(1): CodeIgniter\View\View->include('sidenav')
 4 SYSTEMPATH\View\View.php(213): include('D:\\Projects\\KPS\\PHP\\MyUMKM\\Sub\\DapurFirdaus\\app\\Views\\_admin\\control\\testing.php')
 5 SYSTEMPATH\View\View.php(216): CodeIgniter\View\View->CodeIgniter\View\{closure}()
 6 SYSTEMPATH\Common.php(1184): CodeIgniter\View\View->render('_admin/control/testing', [], true)
 7 APPPATH\Controllers\Admin\Control\Uhuy.php(86): view('_admin/control/testing')
 8 SYSTEMPATH\CodeIgniter.php(934): App\Controllers\Admin\Control\Uhuy->index()
 9 SYSTEMPATH\CodeIgniter.php(499): CodeIgniter\CodeIgniter->runController(Object(App\Controllers\Admin\Control\Uhuy))
10 SYSTEMPATH\CodeIgniter.php(368): CodeIgniter\CodeIgniter->handleRequest(null, Object(Config\Cache), false)
11 FCPATH\index.php(70): CodeIgniter\CodeIgniter->run()
12 SYSTEMPATH\Commands\Server\rewrite.php(47): require_once('D:\\Projects\\KPS\\PHP\\MyUMKM\\Sub\\DapurFirdaus\\public\\index.php')
